<?xml version="1.0" encoding="UTF-8"?>
<testsuite name="Checkout_ThankYou_YES_CTY_TC_52"
           tests="15"
           failures="1"
           errors="0"
           skipped="0"
           time="196.824">
  <properties />
            <testcase name="Step14_clickOnContinueBtn" time="10.157" classname="in.valtech.RoadScholar.test.CTY_TC_52">
                <failure type="java.lang.AssertionError"
                  message="expected [true] but found [false]"
              >
<![CDATA[java.lang.AssertionError: expected [true] but found [false]
  org.testng.Assert.fail(Assert.java:94)
  org.testng.Assert.failNotEquals(Assert.java:494)
  org.testng.Assert.assertTrue(Assert.java:42)
  org.testng.Assert.assertTrue(Assert.java:52)
  in.valtech.RoadScholar.pages.CheckOutStep2.<init>(CheckOutStep2.java:30)
  in.valtech.RoadScholar.pages.CheckOutStep1.ClickContinue(CheckOutStep1.java:115)
  in.valtech.RoadScholar.test.CTY_TC_52.Step14_clickOnContinueBtn(CTY_TC_52.java:212)
  sun.reflect.NativeMethodAccessorImpl.invoke0(Native Method)
  sun.reflect.NativeMethodAccessorImpl.invoke(NativeMethodAccessorImpl.java:57)
  sun.reflect.DelegatingMethodAccessorImpl.invoke(DelegatingMethodAccessorImpl.java:43)
  java.lang.reflect.Method.invoke(Method.java:606)
  org.testng.internal.MethodInvocationHelper.invokeMethod(MethodInvocationHelper.java:84)
  org.testng.internal.Invoker.invokeMethod(Invoker.java:714)
  org.testng.internal.Invoker.invokeTestMethod(Invoker.java:901)
  org.testng.internal.Invoker.invokeTestMethods(Invoker.java:1231)
  org.testng.internal.TestMethodWorker.invokeTestMethods(TestMethodWorker.java:127)
  org.testng.internal.TestMethodWorker.run(TestMethodWorker.java:111)
  org.testng.TestRunner.privateRun(TestRunner.java:767)
  org.testng.TestRunner.run(TestRunner.java:617)
  org.testng.SuiteRunner.runTest(SuiteRunner.java:334)
  org.testng.SuiteRunner.runSequentially(SuiteRunner.java:329)
  org.testng.SuiteRunner.privateRun(SuiteRunner.java:291)
  org.testng.SuiteRunner.run(SuiteRunner.java:240)
  org.testng.SuiteRunnerWorker.runSuite(SuiteRunnerWorker.java:52)
  org.testng.SuiteRunnerWorker.run(SuiteRunnerWorker.java:86)
  org.testng.TestNG.runSuitesSequentially(TestNG.java:1224)
  org.testng.TestNG.runSuitesLocally(TestNG.java:1149)
  org.testng.TestNG.run(TestNG.java:1057)
  org.testng.TestNG.privateMain(TestNG.java:1364)
  org.testng.TestNG.main(TestNG.java:1333)
]]>
      </failure>

          </testcase>
  
  
            <testcase name="Step04_Email" time="15.235" classname="in.valtech.RoadScholar.test.CTY_TC_52" />
                <testcase name="Step05_Passwd" time="10.172" classname="in.valtech.RoadScholar.test.CTY_TC_52" />
                <testcase name="step01_HOMEPAGE_URL" time="9.708" classname="in.valtech.RoadScholar.test.CTY_TC_52" />
                <testcase name="Step13_selectNoInterfaceRadioBtn" time="35.060" classname="in.valtech.RoadScholar.test.CTY_TC_52" />
                <testcase name="Step08_clickOnSearchButton" time="5.070" classname="in.valtech.RoadScholar.test.CTY_TC_52" />
                <testcase name="Step03_ClickOnSignInLink" time="10.129" classname="in.valtech.RoadScholar.test.CTY_TC_52" />
                <testcase name="Step09_clickOnDateAndPricesTab" time="10.638" classname="in.valtech.RoadScholar.test.CTY_TC_52" />
                <testcase name="Step07_EnterTripIdIntoSearchField" time="5.127" classname="in.valtech.RoadScholar.test.CTY_TC_52" />
                <testcase name="Step11_click" time="5.079" classname="in.valtech.RoadScholar.test.CTY_TC_52" />
                <testcase name="Step06_SignUpBtn" time="15.181" classname="in.valtech.RoadScholar.test.CTY_TC_52" />
                <testcase name="Step12_SelectDoubleRadioBtn" time="10.098" classname="in.valtech.RoadScholar.test.CTY_TC_52" />
                <testcase name="Step12_selectNoInterfaceRadioBtn" time="35.111" classname="in.valtech.RoadScholar.test.CTY_TC_52" />
                <testcase name="Step02_clickingOnCloseButton" time="10.119" classname="in.valtech.RoadScholar.test.CTY_TC_52" />
                <testcase name="Step10_clickOnSelectBtn" time="9.940" classname="in.valtech.RoadScholar.test.CTY_TC_52" />
      
</testsuite>
