<?xml version="1.0" encoding="utf-8" ?>
<!DOCTYPE html PUBLIC "-//W3C//DTD XHTML 1.0 Strict//EN"
        "http://www.w3.org/TR/xhtml1/DTD/xhtml1-strict.dtd">
<html xmlns="http://www.w3.org/1999/xhtml" xml:lang="" lang="">
<head>
  <title>Test Result Report - Checkout_Step3_YES_CS3_TC_51</title>
  <meta http-equiv="Content-Type" content="text/html;charset=utf-8" />
  <meta name="description" content="TestNG unit test results." />
  <link href="reportng.css" rel="stylesheet" type="text/css" />
    <script type="text/javascript" src="reportng.js"></script>
</head>
<body>
<h1>Checkout_Step3_YES_CS3_TC_51</h1>
<p>
  Test duration: 1093.443s
</p>



  <table class="resultsTable">
    <tr><th colspan="3" class="header failed">Failed Tests</th></tr>
          <tr>
        <td colspan="3" class="group">in.valtech.RoadScholar.test.CS3_TC_51</td>
      </tr>
            
<tr>
  <td class="method">
                  <span class="description" title="Step 29: verify name on account text box of pay by check pop up">step29_nameOnAccountTextBox</span>
      </td>
  <td class="duration">
    30.043s
  </td>
  <td class="result">
        
    
            <div class="testOutput">
                        <br /><a href="D:\RS_Automation\RS_WorkSpace\Automation\Road Scholar/screenshots/step29_nameOnAccountTextBox1476516592605.png" class="highslide" rel="highslide"> <img src="D:\RS_Automation\RS_WorkSpace\Automation\Road Scholar/screenshots/step29_nameOnAccountTextBox1476516592605.png"  alt="Highslide JS" title="Click to enlarge" hight='100' width='100'/> </a><br/>
                                <a href="D:\RS_Automation\RS_WorkSpace\Automation\Road Scholar/screenshots/step29_nameOnAccountTextBox1476516592605.png">step29_nameOnAccountTextBox1476516592605 </a><br/>
                  </div>
    

        <a href="javascript:toggleElement('exception-0', 'block')" title="Click to expand/collapse"><b>org.openqa.selenium.NoSuchElementException: no such element<br/>
&nbsp; (Session info: chrome=53.0.2785.143)<br/>
&nbsp; (Driver info: chromedriver=2.8.241075,platform=Windows NT 6.1 SP1 x86_64) (WARNING: The server did not provide any stacktrace information)<br/>
Command duration or timeout: 30.04 seconds<br/>
For documentation on this error, please visit: http://seleniumhq.org/exceptions/no_such_element.html<br/>
Build info: version: &apos;2.43.1&apos;, revision: &apos;5163bce&apos;, time: &apos;2014-09-10 16:27:33&apos;<br/>
System info: host: &apos;VDC01LDW0013&apos;, ip: &apos;192.168.155.35&apos;, os.name: &apos;Windows 7&apos;, os.arch: &apos;amd64&apos;, os.version: &apos;6.1&apos;, java.version: &apos;1.7.0_40&apos;<br/>
Session ID: b4ea3381a0652f13c971f36924cab779<br/>
Driver info: org.openqa.selenium.chrome.ChromeDriver<br/>
Capabilities [{platform=XP, acceptSslCerts=true, javascriptEnabled=true, browserName=chrome, chrome={userDataDir=C:\Users\RANI~1.KUM\AppData\Local\Temp\scoped_dir11344_11950}, rotatable=false, locationContextEnabled=true, version=53.0.2785.143, takesHeapSnapshot=true, cssSelectorsEnabled=true, databaseEnabled=false, handlesAlerts=true, browserConnectionEnabled=false, nativeEvents=true, webStorageEnabled=true, applicationCacheEnabled=false, takesScreenshot=true}]</b></a><br />
    <div class="stackTrace" id="exception-0">
              sun.reflect.GeneratedConstructorAccessor90.newInstance(Unknown Source)<br />
              sun.reflect.DelegatingConstructorAccessorImpl.newInstance(DelegatingConstructorAccessorImpl.java:45)<br />
              java.lang.reflect.Constructor.newInstance(Constructor.java:526)<br />
              org.openqa.selenium.remote.ErrorHandler.createThrowable(ErrorHandler.java:204)<br />
              org.openqa.selenium.remote.ErrorHandler.throwIfResponseFailed(ErrorHandler.java:156)<br />
              org.openqa.selenium.remote.RemoteWebDriver.execute(RemoteWebDriver.java:599)<br />
              org.openqa.selenium.remote.RemoteWebDriver.findElement(RemoteWebDriver.java:352)<br />
              org.openqa.selenium.remote.RemoteWebDriver.findElementByTagName(RemoteWebDriver.java:417)<br />
              org.openqa.selenium.By$ByTagName.findElement(By.java:330)<br />
              org.openqa.selenium.remote.RemoteWebDriver.findElement(RemoteWebDriver.java:344)<br />
              in.valtech.RoadScholar.pages.CheckOutStep3.verifyNameOnAccountTextBox(CheckOutStep3.java:746)<br />
              in.valtech.RoadScholar.test.CS3_TC_51.step29_nameOnAccountTextBox(CS3_TC_51.java:395)<br />
              sun.reflect.NativeMethodAccessorImpl.invoke0(Native Method)<br />
              sun.reflect.NativeMethodAccessorImpl.invoke(NativeMethodAccessorImpl.java:57)<br />
              sun.reflect.DelegatingMethodAccessorImpl.invoke(DelegatingMethodAccessorImpl.java:43)<br />
              java.lang.reflect.Method.invoke(Method.java:606)<br />
              org.testng.internal.MethodInvocationHelper.invokeMethod(MethodInvocationHelper.java:84)<br />
              org.testng.internal.Invoker.invokeMethod(Invoker.java:714)<br />
              org.testng.internal.Invoker.invokeTestMethod(Invoker.java:901)<br />
              org.testng.internal.Invoker.invokeTestMethods(Invoker.java:1231)<br />
              org.testng.internal.TestMethodWorker.invokeTestMethods(TestMethodWorker.java:127)<br />
              org.testng.internal.TestMethodWorker.run(TestMethodWorker.java:111)<br />
              org.testng.TestRunner.privateRun(TestRunner.java:767)<br />
              org.testng.TestRunner.run(TestRunner.java:617)<br />
              org.testng.SuiteRunner.runTest(SuiteRunner.java:334)<br />
              org.testng.SuiteRunner.runSequentially(SuiteRunner.java:329)<br />
              org.testng.SuiteRunner.privateRun(SuiteRunner.java:291)<br />
              org.testng.SuiteRunner.run(SuiteRunner.java:240)<br />
              org.testng.SuiteRunnerWorker.runSuite(SuiteRunnerWorker.java:52)<br />
              org.testng.SuiteRunnerWorker.run(SuiteRunnerWorker.java:86)<br />
              org.testng.TestNG.runSuitesSequentially(TestNG.java:1224)<br />
              org.testng.TestNG.runSuitesLocally(TestNG.java:1149)<br />
              org.testng.TestNG.run(TestNG.java:1057)<br />
              org.testng.TestNG.privateMain(TestNG.java:1364)<br />
              org.testng.TestNG.main(TestNG.java:1333)<br />
                </div>
      </td>
</tr>
<tr>
  <td class="method">
                  <span class="description" title="Step 37:verify the error message">step37_verifyErrorMessage</span>
      </td>
  <td class="duration">
    20.085s
  </td>
  <td class="result">
        
    
            <div class="testOutput">
                        <br /><a href="D:\RS_Automation\RS_WorkSpace\Automation\Road Scholar/screenshots/step37_verifyErrorMessage1476516839383.png" class="highslide" rel="highslide"> <img src="D:\RS_Automation\RS_WorkSpace\Automation\Road Scholar/screenshots/step37_verifyErrorMessage1476516839383.png"  alt="Highslide JS" title="Click to enlarge" hight='100' width='100'/> </a><br/>
                                <a href="D:\RS_Automation\RS_WorkSpace\Automation\Road Scholar/screenshots/step37_verifyErrorMessage1476516839383.png">step37_verifyErrorMessage1476516839383 </a><br/>
                  </div>
    

        <a href="javascript:toggleElement('exception-1', 'block')" title="Click to expand/collapse"><b>java.lang.AssertionError: Text&nbsp; is not matching expected [null] but found []</b></a><br />
    <div class="stackTrace" id="exception-1">
              org.testng.Assert.fail(Assert.java:94)<br />
              org.testng.Assert.failNotEquals(Assert.java:494)<br />
              org.testng.Assert.assertEquals(Assert.java:123)<br />
              org.testng.Assert.assertEquals(Assert.java:176)<br />
              in.valtech.RoadScholar.pages.CheckOutStep3.verifyError(CheckOutStep3.java:203)<br />
              in.valtech.RoadScholar.test.CS3_TC_51.step37_verifyErrorMessage(CS3_TC_51.java:491)<br />
              sun.reflect.NativeMethodAccessorImpl.invoke0(Native Method)<br />
              sun.reflect.NativeMethodAccessorImpl.invoke(NativeMethodAccessorImpl.java:57)<br />
              sun.reflect.DelegatingMethodAccessorImpl.invoke(DelegatingMethodAccessorImpl.java:43)<br />
              java.lang.reflect.Method.invoke(Method.java:606)<br />
              org.testng.internal.MethodInvocationHelper.invokeMethod(MethodInvocationHelper.java:84)<br />
              org.testng.internal.Invoker.invokeMethod(Invoker.java:714)<br />
              org.testng.internal.Invoker.invokeTestMethod(Invoker.java:901)<br />
              org.testng.internal.Invoker.invokeTestMethods(Invoker.java:1231)<br />
              org.testng.internal.TestMethodWorker.invokeTestMethods(TestMethodWorker.java:127)<br />
              org.testng.internal.TestMethodWorker.run(TestMethodWorker.java:111)<br />
              org.testng.TestRunner.privateRun(TestRunner.java:767)<br />
              org.testng.TestRunner.run(TestRunner.java:617)<br />
              org.testng.SuiteRunner.runTest(SuiteRunner.java:334)<br />
              org.testng.SuiteRunner.runSequentially(SuiteRunner.java:329)<br />
              org.testng.SuiteRunner.privateRun(SuiteRunner.java:291)<br />
              org.testng.SuiteRunner.run(SuiteRunner.java:240)<br />
              org.testng.SuiteRunnerWorker.runSuite(SuiteRunnerWorker.java:52)<br />
              org.testng.SuiteRunnerWorker.run(SuiteRunnerWorker.java:86)<br />
              org.testng.TestNG.runSuitesSequentially(TestNG.java:1224)<br />
              org.testng.TestNG.runSuitesLocally(TestNG.java:1149)<br />
              org.testng.TestNG.run(TestNG.java:1057)<br />
              org.testng.TestNG.privateMain(TestNG.java:1364)<br />
              org.testng.TestNG.main(TestNG.java:1333)<br />
                </div>
      </td>
</tr>
<tr>
  <td class="method">
                  <span class="description" title="Step 38:enter text into all mandatory fields of pay by check pop up">step38_enterTextIntoAllMandatoryFields</span>
      </td>
  <td class="duration">
    30.013s
  </td>
  <td class="result">
        
    
            <div class="testOutput">
                        <br /><a href="D:\RS_Automation\RS_WorkSpace\Automation\Road Scholar/screenshots/step38_enterTextIntoAllMandatoryFields1476516859616.png" class="highslide" rel="highslide"> <img src="D:\RS_Automation\RS_WorkSpace\Automation\Road Scholar/screenshots/step38_enterTextIntoAllMandatoryFields1476516859616.png"  alt="Highslide JS" title="Click to enlarge" hight='100' width='100'/> </a><br/>
                                <a href="D:\RS_Automation\RS_WorkSpace\Automation\Road Scholar/screenshots/step38_enterTextIntoAllMandatoryFields1476516859616.png">step38_enterTextIntoAllMandatoryFields1476516859616 </a><br/>
                  </div>
    

        <a href="javascript:toggleElement('exception-2', 'block')" title="Click to expand/collapse"><b>org.openqa.selenium.NoSuchElementException: no such element<br/>
&nbsp; (Session info: chrome=53.0.2785.143)<br/>
&nbsp; (Driver info: chromedriver=2.8.241075,platform=Windows NT 6.1 SP1 x86_64) (WARNING: The server did not provide any stacktrace information)<br/>
Command duration or timeout: 30.01 seconds<br/>
For documentation on this error, please visit: http://seleniumhq.org/exceptions/no_such_element.html<br/>
Build info: version: &apos;2.43.1&apos;, revision: &apos;5163bce&apos;, time: &apos;2014-09-10 16:27:33&apos;<br/>
System info: host: &apos;VDC01LDW0013&apos;, ip: &apos;192.168.155.35&apos;, os.name: &apos;Windows 7&apos;, os.arch: &apos;amd64&apos;, os.version: &apos;6.1&apos;, java.version: &apos;1.7.0_40&apos;<br/>
Session ID: b4ea3381a0652f13c971f36924cab779<br/>
Driver info: org.openqa.selenium.chrome.ChromeDriver<br/>
Capabilities [{platform=XP, acceptSslCerts=true, javascriptEnabled=true, browserName=chrome, chrome={userDataDir=C:\Users\RANI~1.KUM\AppData\Local\Temp\scoped_dir11344_11950}, rotatable=false, locationContextEnabled=true, version=53.0.2785.143, takesHeapSnapshot=true, cssSelectorsEnabled=true, databaseEnabled=false, handlesAlerts=true, browserConnectionEnabled=false, nativeEvents=true, webStorageEnabled=true, applicationCacheEnabled=false, takesScreenshot=true}]</b></a><br />
    <div class="stackTrace" id="exception-2">
              sun.reflect.GeneratedConstructorAccessor90.newInstance(Unknown Source)<br />
              sun.reflect.DelegatingConstructorAccessorImpl.newInstance(DelegatingConstructorAccessorImpl.java:45)<br />
              java.lang.reflect.Constructor.newInstance(Constructor.java:526)<br />
              org.openqa.selenium.remote.ErrorHandler.createThrowable(ErrorHandler.java:204)<br />
              org.openqa.selenium.remote.ErrorHandler.throwIfResponseFailed(ErrorHandler.java:156)<br />
              org.openqa.selenium.remote.RemoteWebDriver.execute(RemoteWebDriver.java:599)<br />
              org.openqa.selenium.remote.RemoteWebDriver.findElement(RemoteWebDriver.java:352)<br />
              org.openqa.selenium.remote.RemoteWebDriver.findElementByTagName(RemoteWebDriver.java:417)<br />
              org.openqa.selenium.By$ByTagName.findElement(By.java:330)<br />
              org.openqa.selenium.remote.RemoteWebDriver.findElement(RemoteWebDriver.java:344)<br />
              in.valtech.RoadScholar.pages.CheckOutStep3.enterAllMandatoryFields(CheckOutStep3.java:843)<br />
              in.valtech.RoadScholar.test.CS3_TC_51.step38_enterTextIntoAllMandatoryFields(CS3_TC_51.java:503)<br />
              sun.reflect.NativeMethodAccessorImpl.invoke0(Native Method)<br />
              sun.reflect.NativeMethodAccessorImpl.invoke(NativeMethodAccessorImpl.java:57)<br />
              sun.reflect.DelegatingMethodAccessorImpl.invoke(DelegatingMethodAccessorImpl.java:43)<br />
              java.lang.reflect.Method.invoke(Method.java:606)<br />
              org.testng.internal.MethodInvocationHelper.invokeMethod(MethodInvocationHelper.java:84)<br />
              org.testng.internal.Invoker.invokeMethod(Invoker.java:714)<br />
              org.testng.internal.Invoker.invokeTestMethod(Invoker.java:901)<br />
              org.testng.internal.Invoker.invokeTestMethods(Invoker.java:1231)<br />
              org.testng.internal.TestMethodWorker.invokeTestMethods(TestMethodWorker.java:127)<br />
              org.testng.internal.TestMethodWorker.run(TestMethodWorker.java:111)<br />
              org.testng.TestRunner.privateRun(TestRunner.java:767)<br />
              org.testng.TestRunner.run(TestRunner.java:617)<br />
              org.testng.SuiteRunner.runTest(SuiteRunner.java:334)<br />
              org.testng.SuiteRunner.runSequentially(SuiteRunner.java:329)<br />
              org.testng.SuiteRunner.privateRun(SuiteRunner.java:291)<br />
              org.testng.SuiteRunner.run(SuiteRunner.java:240)<br />
              org.testng.SuiteRunnerWorker.runSuite(SuiteRunnerWorker.java:52)<br />
              org.testng.SuiteRunnerWorker.run(SuiteRunnerWorker.java:86)<br />
              org.testng.TestNG.runSuitesSequentially(TestNG.java:1224)<br />
              org.testng.TestNG.runSuitesLocally(TestNG.java:1149)<br />
              org.testng.TestNG.run(TestNG.java:1057)<br />
              org.testng.TestNG.privateMain(TestNG.java:1364)<br />
              org.testng.TestNG.main(TestNG.java:1333)<br />
                </div>
      </td>
</tr>
      </table>


  <table class="resultsTable">
    <tr><th colspan="3" class="header passed">Passed Tests</th></tr>
          <tr>
        <td colspan="3" class="group">in.valtech.RoadScholar.test.CS3_TC_51</td>
      </tr>
            
<tr>
  <td class="method">
                  <span class="description" title="Step 2:  clicking on close button from sign in up modal">Step02_clickingOnCloseButton</span>
      </td>
  <td class="duration">
    10.099s
  </td>
  <td class="result">
        
    
            <div class="testOutput">
                        <p>Successfully clicked  on close button from sign in up modal
                                <br /><a href="D:\RS_Automation\RS_WorkSpace\Automation\Road Scholar/screenshots/Step02_clickingOnCloseButton1476515837972.png" class="highslide" rel="highslide"> <img src="D:\RS_Automation\RS_WorkSpace\Automation\Road Scholar/screenshots/Step02_clickingOnCloseButton1476515837972.png"  alt="Highslide JS" title="Click to enlarge" hight='100' width='100'/> </a><br/>
                                <a href="D:\RS_Automation\RS_WorkSpace\Automation\Road Scholar/screenshots/Step02_clickingOnCloseButton1476515837972.png">Step02_clickingOnCloseButton1476515837972 </a><br/>
                  </div>
    

      </td>
</tr>
<tr>
  <td class="method">
                  <span class="description" title="Click on sign in Link from header">Step03_ClickOnSignInLink</span>
      </td>
  <td class="duration">
    10.115s
  </td>
  <td class="result">
        
    
            <div class="testOutput">
                        <p>Successfully clicked  on sign in Link from header
                                <br /><a href="D:\RS_Automation\RS_WorkSpace\Automation\Road Scholar/screenshots/Step03_ClickOnSignInLink1476515848683.png" class="highslide" rel="highslide"> <img src="D:\RS_Automation\RS_WorkSpace\Automation\Road Scholar/screenshots/Step03_ClickOnSignInLink1476515848683.png"  alt="Highslide JS" title="Click to enlarge" hight='100' width='100'/> </a><br/>
                                <a href="D:\RS_Automation\RS_WorkSpace\Automation\Road Scholar/screenshots/Step03_ClickOnSignInLink1476515848683.png">Step03_ClickOnSignInLink1476515848683 </a><br/>
                  </div>
    

      </td>
</tr>
<tr>
  <td class="method">
                  <span class="description" title="entering mail id into the email field">Step04_Email</span>
      </td>
  <td class="duration">
    15.179s
  </td>
  <td class="result">
        
    
            <div class="testOutput">
                        <p>Successfully entered mail id into the email field
                                <br /><a href="D:\RS_Automation\RS_WorkSpace\Automation\Road Scholar/screenshots/Step04_Email1476515858941.png" class="highslide" rel="highslide"> <img src="D:\RS_Automation\RS_WorkSpace\Automation\Road Scholar/screenshots/Step04_Email1476515858941.png"  alt="Highslide JS" title="Click to enlarge" hight='100' width='100'/> </a><br/>
                                <a href="D:\RS_Automation\RS_WorkSpace\Automation\Road Scholar/screenshots/Step04_Email1476515858941.png">Step04_Email1476515858941 </a><br/>
                  </div>
    

      </td>
</tr>
<tr>
  <td class="method">
                  <span class="description" title="enter Password into the password text field">Step05_Passwd</span>
      </td>
  <td class="duration">
    10.131s
  </td>
  <td class="result">
        
    
            <div class="testOutput">
                        <p>Successfully entered password into the password text field
                                <br /><a href="D:\RS_Automation\RS_WorkSpace\Automation\Road Scholar/screenshots/Step05_Passwd1476515874262.png" class="highslide" rel="highslide"> <img src="D:\RS_Automation\RS_WorkSpace\Automation\Road Scholar/screenshots/Step05_Passwd1476515874262.png"  alt="Highslide JS" title="Click to enlarge" hight='100' width='100'/> </a><br/>
                                <a href="D:\RS_Automation\RS_WorkSpace\Automation\Road Scholar/screenshots/Step05_Passwd1476515874262.png">Step05_Passwd1476515874262 </a><br/>
                  </div>
    

      </td>
</tr>
<tr>
  <td class="method">
                  <span class="description" title="Click on Sign in Button">Step06_SignUpBtn</span>
      </td>
  <td class="duration">
    15.170s
  </td>
  <td class="result">
        
    
            <div class="testOutput">
                        <p>Successfully clicked on sign in button
                                <br /><a href="D:\RS_Automation\RS_WorkSpace\Automation\Road Scholar/screenshots/Step06_SignUpBtn1476515884523.png" class="highslide" rel="highslide"> <img src="D:\RS_Automation\RS_WorkSpace\Automation\Road Scholar/screenshots/Step06_SignUpBtn1476515884523.png"  alt="Highslide JS" title="Click to enlarge" hight='100' width='100'/> </a><br/>
                                <a href="D:\RS_Automation\RS_WorkSpace\Automation\Road Scholar/screenshots/Step06_SignUpBtn1476515884523.png">Step06_SignUpBtn1476515884523 </a><br/>
                  </div>
    

      </td>
</tr>
<tr>
  <td class="method">
                  <span class="description" title="Enter the trip id into search text field of home page">Step07_EnterTripIdIntoSearchField</span>
      </td>
  <td class="duration">
    5.126s
  </td>
  <td class="result">
        
    
            <div class="testOutput">
                        <p>Successfully entered trip id into search text field
                                <br /><a href="D:\RS_Automation\RS_WorkSpace\Automation\Road Scholar/screenshots/Step07_EnterTripIdIntoSearchField1476515900252.png" class="highslide" rel="highslide"> <img src="D:\RS_Automation\RS_WorkSpace\Automation\Road Scholar/screenshots/Step07_EnterTripIdIntoSearchField1476515900252.png"  alt="Highslide JS" title="Click to enlarge" hight='100' width='100'/> </a><br/>
                                <a href="D:\RS_Automation\RS_WorkSpace\Automation\Road Scholar/screenshots/Step07_EnterTripIdIntoSearchField1476515900252.png">Step07_EnterTripIdIntoSearchField1476515900252 </a><br/>
                  </div>
    

      </td>
</tr>
<tr>
  <td class="method">
                  <span class="description" title="click on search button">Step08_clickOnSearchButton</span>
      </td>
  <td class="duration">
    5.072s
  </td>
  <td class="result">
        
    
            <div class="testOutput">
                        <p>Successfully clicked on search button
                                <br /><a href="D:\RS_Automation\RS_WorkSpace\Automation\Road Scholar/screenshots/Step08_clickOnSearchButton1476515905941.png" class="highslide" rel="highslide"> <img src="D:\RS_Automation\RS_WorkSpace\Automation\Road Scholar/screenshots/Step08_clickOnSearchButton1476515905941.png"  alt="Highslide JS" title="Click to enlarge" hight='100' width='100'/> </a><br/>
                                <a href="D:\RS_Automation\RS_WorkSpace\Automation\Road Scholar/screenshots/Step08_clickOnSearchButton1476515905941.png">Step08_clickOnSearchButton1476515905941 </a><br/>
                  </div>
    

      </td>
</tr>
<tr>
  <td class="method">
                  <span class="description" title="Step 9: click on date and prices tab from trip detail page">Step09_clickOnDateAndPricesTab</span>
      </td>
  <td class="duration">
    10.123s
  </td>
  <td class="result">
        
    
            <div class="testOutput">
                        User is navigated to TripDatesAndPrices page 
                                <p>Successfully clicked on date and prices tab from trip detail page
                                <br /><a href="D:\RS_Automation\RS_WorkSpace\Automation\Road Scholar/screenshots/Step09_clickOnDateAndPricesTab1476515911159.png" class="highslide" rel="highslide"> <img src="D:\RS_Automation\RS_WorkSpace\Automation\Road Scholar/screenshots/Step09_clickOnDateAndPricesTab1476515911159.png"  alt="Highslide JS" title="Click to enlarge" hight='100' width='100'/> </a><br/>
                                <a href="D:\RS_Automation\RS_WorkSpace\Automation\Road Scholar/screenshots/Step09_clickOnDateAndPricesTab1476515911159.png">Step09_clickOnDateAndPricesTab1476515911159 </a><br/>
                  </div>
    

      </td>
</tr>
<tr>
  <td class="method">
                  <span class="description" title="Step 10:  click on select date button from trip date and prices pages">Step10_clickOnSelectBtn</span>
      </td>
  <td class="duration">
    9.544s
  </td>
  <td class="result">
        
    
            <div class="testOutput">
                        <p>Successfully clicked on date and prices tab from trip detail page
                                <br /><a href="D:\RS_Automation\RS_WorkSpace\Automation\Road Scholar/screenshots/Step10_clickOnSelectBtn1476515921510.png" class="highslide" rel="highslide"> <img src="D:\RS_Automation\RS_WorkSpace\Automation\Road Scholar/screenshots/Step10_clickOnSelectBtn1476515921510.png"  alt="Highslide JS" title="Click to enlarge" hight='100' width='100'/> </a><br/>
                                <a href="D:\RS_Automation\RS_WorkSpace\Automation\Road Scholar/screenshots/Step10_clickOnSelectBtn1476515921510.png">Step10_clickOnSelectBtn1476515921510 </a><br/>
                  </div>
    

      </td>
</tr>
<tr>
  <td class="method">
                  <span class="description" title="Step 11: click on single person under number of people enrolling from your household section">Step11_click</span>
      </td>
  <td class="duration">
    5.081s
  </td>
  <td class="result">
        
    
            <div class="testOutput">
                        <p>Successfully selected single person under number of people enrolling from your household section 
                                <br /><a href="D:\RS_Automation\RS_WorkSpace\Automation\Road Scholar/screenshots/Step11_click1476515931246.png" class="highslide" rel="highslide"> <img src="D:\RS_Automation\RS_WorkSpace\Automation\Road Scholar/screenshots/Step11_click1476515931246.png"  alt="Highslide JS" title="Click to enlarge" hight='100' width='100'/> </a><br/>
                                <a href="D:\RS_Automation\RS_WorkSpace\Automation\Road Scholar/screenshots/Step11_click1476515931246.png">Step11_click1476515931246 </a><br/>
                  </div>
    

      </td>
</tr>
<tr>
  <td class="method">
                  <span class="description" title="Step 12: select no interface radio button ">Step12_selectNoInterfaceRadioBtn</span>
      </td>
  <td class="duration">
    35.070s
  </td>
  <td class="result">
        
    
            <div class="testOutput">
                        <p>Successfully selected no interface radio button
                                <br /><a href="D:\RS_Automation\RS_WorkSpace\Automation\Road Scholar/screenshots/Step12_selectNoInterfaceRadioBtn1476515936515.png" class="highslide" rel="highslide"> <img src="D:\RS_Automation\RS_WorkSpace\Automation\Road Scholar/screenshots/Step12_selectNoInterfaceRadioBtn1476515936515.png"  alt="Highslide JS" title="Click to enlarge" hight='100' width='100'/> </a><br/>
                                <a href="D:\RS_Automation\RS_WorkSpace\Automation\Road Scholar/screenshots/Step12_selectNoInterfaceRadioBtn1476515936515.png">Step12_selectNoInterfaceRadioBtn1476515936515 </a><br/>
                  </div>
    

      </td>
</tr>
<tr>
  <td class="method">
                  <span class="description" title="Step 13: select single radio button ">Step13_SelectDoubleRadioBtn</span>
      </td>
  <td class="duration">
    10.106s
  </td>
  <td class="result">
        
    
            <div class="testOutput">
                        <p>Successfully selected single radio button
                                <br /><a href="D:\RS_Automation\RS_WorkSpace\Automation\Road Scholar/screenshots/Step13_SelectDoubleRadioBtn1476515971769.png" class="highslide" rel="highslide"> <img src="D:\RS_Automation\RS_WorkSpace\Automation\Road Scholar/screenshots/Step13_SelectDoubleRadioBtn1476515971769.png"  alt="Highslide JS" title="Click to enlarge" hight='100' width='100'/> </a><br/>
                                <a href="D:\RS_Automation\RS_WorkSpace\Automation\Road Scholar/screenshots/Step13_SelectDoubleRadioBtn1476515971769.png">Step13_SelectDoubleRadioBtn1476515971769 </a><br/>
                  </div>
    

      </td>
</tr>
<tr>
  <td class="method">
                  <span class="description" title="Step 14: click on continue button">Step14_clickOnContinueBtn</span>
      </td>
  <td class="duration">
    15.121s
  </td>
  <td class="result">
        
    
            <div class="testOutput">
                        <p>Successfully clicked on continue button
                                <br /><a href="D:\RS_Automation\RS_WorkSpace\Automation\Road Scholar/screenshots/Step14_clickOnContinueBtn1476515982054.png" class="highslide" rel="highslide"> <img src="D:\RS_Automation\RS_WorkSpace\Automation\Road Scholar/screenshots/Step14_clickOnContinueBtn1476515982054.png"  alt="Highslide JS" title="Click to enlarge" hight='100' width='100'/> </a><br/>
                                <a href="D:\RS_Automation\RS_WorkSpace\Automation\Road Scholar/screenshots/Step14_clickOnContinueBtn1476515982054.png">Step14_clickOnContinueBtn1476515982054 </a><br/>
                  </div>
    

      </td>
</tr>
<tr>
  <td class="method">
                  <span class="description" title="Step 15:  Enter the text into the first name text field">Step15_EnterValueFirstName</span>
      </td>
  <td class="duration">
    41.126s
  </td>
  <td class="result">
        
    
            <div class="testOutput">
                        <p>Element to type data is not present
                                <p>Successfully entered text into first name text field
                                <br /><a href="D:\RS_Automation\RS_WorkSpace\Automation\Road Scholar/screenshots/Step15_EnterValueFirstName1476515997334.png" class="highslide" rel="highslide"> <img src="D:\RS_Automation\RS_WorkSpace\Automation\Road Scholar/screenshots/Step15_EnterValueFirstName1476515997334.png"  alt="Highslide JS" title="Click to enlarge" hight='100' width='100'/> </a><br/>
                                <a href="D:\RS_Automation\RS_WorkSpace\Automation\Road Scholar/screenshots/Step15_EnterValueFirstName1476515997334.png">Step15_EnterValueFirstName1476515997334 </a><br/>
                  </div>
    

      </td>
</tr>
<tr>
  <td class="method">
                  <span class="description" title="Step 16:  Enter the text into the last name text field">Step16_enterValueLastName</span>
      </td>
  <td class="duration">
    40.171s
  </td>
  <td class="result">
        
    
            <div class="testOutput">
                        <p>Element to type data is not present
                                <p>Successfully entered text into last name text field
                                <br /><a href="D:\RS_Automation\RS_WorkSpace\Automation\Road Scholar/screenshots/Step16_enterValueLastName1476516038627.png" class="highslide" rel="highslide"> <img src="D:\RS_Automation\RS_WorkSpace\Automation\Road Scholar/screenshots/Step16_enterValueLastName1476516038627.png"  alt="Highslide JS" title="Click to enlarge" hight='100' width='100'/> </a><br/>
                                <a href="D:\RS_Automation\RS_WorkSpace\Automation\Road Scholar/screenshots/Step16_enterValueLastName1476516038627.png">Step16_enterValueLastName1476516038627 </a><br/>
                  </div>
    

      </td>
</tr>
<tr>
  <td class="method">
                  <span class="description" title="Step 17:  Enter the text into the Address  text field">Step17_enterValueAddress</span>
      </td>
  <td class="duration">
    40.140s
  </td>
  <td class="result">
        
    
            <div class="testOutput">
                        <p>Element to type data is not present
                                <p>Successfully entered text into Address text field
                                <br /><a href="D:\RS_Automation\RS_WorkSpace\Automation\Road Scholar/screenshots/Step17_enterValueAddress1476516078983.png" class="highslide" rel="highslide"> <img src="D:\RS_Automation\RS_WorkSpace\Automation\Road Scholar/screenshots/Step17_enterValueAddress1476516078983.png"  alt="Highslide JS" title="Click to enlarge" hight='100' width='100'/> </a><br/>
                                <a href="D:\RS_Automation\RS_WorkSpace\Automation\Road Scholar/screenshots/Step17_enterValueAddress1476516078983.png">Step17_enterValueAddress1476516078983 </a><br/>
                  </div>
    

      </td>
</tr>
<tr>
  <td class="method">
                  <span class="description" title="Step 18:  Enter the text into the City text field">Step18_enterCity</span>
      </td>
  <td class="duration">
    40.099s
  </td>
  <td class="result">
        
    
            <div class="testOutput">
                        <p>Element to type data is not present
                                <p>Successfully entered text into City text field
                                <br /><a href="D:\RS_Automation\RS_WorkSpace\Automation\Road Scholar/screenshots/Step18_enterCity1476516119286.png" class="highslide" rel="highslide"> <img src="D:\RS_Automation\RS_WorkSpace\Automation\Road Scholar/screenshots/Step18_enterCity1476516119286.png"  alt="Highslide JS" title="Click to enlarge" hight='100' width='100'/> </a><br/>
                                <a href="D:\RS_Automation\RS_WorkSpace\Automation\Road Scholar/screenshots/Step18_enterCity1476516119286.png">Step18_enterCity1476516119286 </a><br/>
                  </div>
    

      </td>
</tr>
<tr>
  <td class="method">
                  <span class="description" title="Step 19:  Enter the text into the phone number text field">Step19_enterPhoneNumber</span>
      </td>
  <td class="duration">
    40.127s
  </td>
  <td class="result">
        
    
            <div class="testOutput">
                        <p>Element to type data is not present
                                <p>Successfully entered text into phone number text field
                                <br /><a href="D:\RS_Automation\RS_WorkSpace\Automation\Road Scholar/screenshots/Step19_enterPhoneNumber1476516159575.png" class="highslide" rel="highslide"> <img src="D:\RS_Automation\RS_WorkSpace\Automation\Road Scholar/screenshots/Step19_enterPhoneNumber1476516159575.png"  alt="Highslide JS" title="Click to enlarge" hight='100' width='100'/> </a><br/>
                                <a href="D:\RS_Automation\RS_WorkSpace\Automation\Road Scholar/screenshots/Step19_enterPhoneNumber1476516159575.png">Step19_enterPhoneNumber1476516159575 </a><br/>
                  </div>
    

      </td>
</tr>
<tr>
  <td class="method">
                  <span class="description" title="Step 20:  Enter the text into the zip code text field">Step19_enterZipCode</span>
      </td>
  <td class="duration">
    40.125s
  </td>
  <td class="result">
        
    
            <div class="testOutput">
                        <p>Element to type data is not present
                                <p>Successfully entered text zip code field 
                                <br /><a href="D:\RS_Automation\RS_WorkSpace\Automation\Road Scholar/screenshots/Step19_enterZipCode1476516199900.png" class="highslide" rel="highslide"> <img src="D:\RS_Automation\RS_WorkSpace\Automation\Road Scholar/screenshots/Step19_enterZipCode1476516199900.png"  alt="Highslide JS" title="Click to enlarge" hight='100' width='100'/> </a><br/>
                                <a href="D:\RS_Automation\RS_WorkSpace\Automation\Road Scholar/screenshots/Step19_enterZipCode1476516199900.png">Step19_enterZipCode1476516199900 </a><br/>
                  </div>
    

      </td>
</tr>
<tr>
  <td class="method">
                  <span class="description" title="Step 21: select the country from drop down">Step21_selectCountry1</span>
      </td>
  <td class="duration">
    70.161s
  </td>
  <td class="result">
        
    
            <div class="testOutput">
                        <p>Successfully country selected from country drop down
                                <br /><a href="D:\RS_Automation\RS_WorkSpace\Automation\Road Scholar/screenshots/Step21_selectCountry11476516240216.png" class="highslide" rel="highslide"> <img src="D:\RS_Automation\RS_WorkSpace\Automation\Road Scholar/screenshots/Step21_selectCountry11476516240216.png"  alt="Highslide JS" title="Click to enlarge" hight='100' width='100'/> </a><br/>
                                <a href="D:\RS_Automation\RS_WorkSpace\Automation\Road Scholar/screenshots/Step21_selectCountry11476516240216.png">Step21_selectCountry11476516240216 </a><br/>
                  </div>
    

      </td>
</tr>
<tr>
  <td class="method">
                  <span class="description" title="Step 22: select state drop down">Step22_selectStateDropDown</span>
      </td>
  <td class="duration">
    70.183s
  </td>
  <td class="result">
        
    
            <div class="testOutput">
                        <p>Successfully selected state drop down
                                <br /><a href="D:\RS_Automation\RS_WorkSpace\Automation\Road Scholar/screenshots/Step22_selectStateDropDown1476516310501.png" class="highslide" rel="highslide"> <img src="D:\RS_Automation\RS_WorkSpace\Automation\Road Scholar/screenshots/Step22_selectStateDropDown1476516310501.png"  alt="Highslide JS" title="Click to enlarge" hight='100' width='100'/> </a><br/>
                                <a href="D:\RS_Automation\RS_WorkSpace\Automation\Road Scholar/screenshots/Step22_selectStateDropDown1476516310501.png">Step22_selectStateDropDown1476516310501 </a><br/>
                  </div>
    

      </td>
</tr>
<tr>
  <td class="method">
                  <span class="description" title="Step 23:  Click on continue button">Step23_clickOnContinueBtn</span>
      </td>
  <td class="duration">
    40.079s
  </td>
  <td class="result">
        
    
            <div class="testOutput">
                        <p>Successfully clicked on continue button
                                <br /><a href="D:\RS_Automation\RS_WorkSpace\Automation\Road Scholar/screenshots/Step23_clickOnContinueBtn1476516380855.png" class="highslide" rel="highslide"> <img src="D:\RS_Automation\RS_WorkSpace\Automation\Road Scholar/screenshots/Step23_clickOnContinueBtn1476516380855.png"  alt="Highslide JS" title="Click to enlarge" hight='100' width='100'/> </a><br/>
                                <a href="D:\RS_Automation\RS_WorkSpace\Automation\Road Scholar/screenshots/Step23_clickOnContinueBtn1476516380855.png">Step23_clickOnContinueBtn1476516380855 </a><br/>
                  </div>
    

      </td>
</tr>
<tr>
  <td class="method">
                  <span class="description" title="step 1:  Open browser,Navigate to the RS URL">step01_HOMEPAGE_URL</span>
      </td>
  <td class="duration">
    10.820s
  </td>
  <td class="result">
        
    
            <div class="testOutput">
                        Page Title:Home
                                <p>Successfully navigated to application URL
                                <br /><a href="D:\RS_Automation\RS_WorkSpace\Automation\Road Scholar/screenshots/step01_HOMEPAGE_URL1476515826628.png" class="highslide" rel="highslide"> <img src="D:\RS_Automation\RS_WorkSpace\Automation\Road Scholar/screenshots/step01_HOMEPAGE_URL1476515826628.png"  alt="Highslide JS" title="Click to enlarge" hight='100' width='100'/> </a><br/>
                                <a href="D:\RS_Automation\RS_WorkSpace\Automation\Road Scholar/screenshots/step01_HOMEPAGE_URL1476515826628.png">step01_HOMEPAGE_URL1476515826628 </a><br/>
                  </div>
    

      </td>
</tr>
<tr>
  <td class="method">
                  <span class="description" title="Step 24: click on $10 Radio button under make a donation section">step24_clickOn$10RadioButton</span>
      </td>
  <td class="duration">
    30.083s
  </td>
  <td class="result">
        
    
            <div class="testOutput">
                        <p>Successfully clicked on $10 Radio button under make a donation section
                                <br /><a href="D:\RS_Automation\RS_WorkSpace\Automation\Road Scholar/screenshots/step24_clickOn$10RadioButton1476516421100.png" class="highslide" rel="highslide"> <img src="D:\RS_Automation\RS_WorkSpace\Automation\Road Scholar/screenshots/step24_clickOn$10RadioButton1476516421100.png"  alt="Highslide JS" title="Click to enlarge" hight='100' width='100'/> </a><br/>
                                <a href="D:\RS_Automation\RS_WorkSpace\Automation\Road Scholar/screenshots/step24_clickOn$10RadioButton1476516421100.png">step24_clickOn$10RadioButton1476516421100 </a><br/>
                  </div>
    

      </td>
</tr>
<tr>
  <td class="method">
                  <span class="description" title="Step 25: clicks on the View terms and condition link of chekout step3 page">step25_clickOn$10RadioButton</span>
      </td>
  <td class="duration">
    30.088s
  </td>
  <td class="result">
        
    
            <div class="testOutput">
                        <p>Successfully clicked on the View terms and condition link of chekout step3 page
                                <br /><a href="D:\RS_Automation\RS_WorkSpace\Automation\Road Scholar/screenshots/step25_clickOn$10RadioButton1476516451334.png" class="highslide" rel="highslide"> <img src="D:\RS_Automation\RS_WorkSpace\Automation\Road Scholar/screenshots/step25_clickOn$10RadioButton1476516451334.png"  alt="Highslide JS" title="Click to enlarge" hight='100' width='100'/> </a><br/>
                                <a href="D:\RS_Automation\RS_WorkSpace\Automation\Road Scholar/screenshots/step25_clickOn$10RadioButton1476516451334.png">step25_clickOn$10RadioButton1476516451334 </a><br/>
                  </div>
    

      </td>
</tr>
<tr>
  <td class="method">
                  <span class="description" title="Step 26: clicks on okay button from pop up">step26_clickOnOkayButton</span>
      </td>
  <td class="duration">
    35.077s
  </td>
  <td class="result">
        
    
            <div class="testOutput">
                        <p>Successfully clicked on the okay button
                                <br /><a href="D:\RS_Automation\RS_WorkSpace\Automation\Road Scholar/screenshots/step26_clickOnOkayButton1476516481583.png" class="highslide" rel="highslide"> <img src="D:\RS_Automation\RS_WorkSpace\Automation\Road Scholar/screenshots/step26_clickOnOkayButton1476516481583.png"  alt="Highslide JS" title="Click to enlarge" hight='100' width='100'/> </a><br/>
                                <a href="D:\RS_Automation\RS_WorkSpace\Automation\Road Scholar/screenshots/step26_clickOnOkayButton1476516481583.png">step26_clickOnOkayButton1476516481583 </a><br/>
                  </div>
    

      </td>
</tr>
<tr>
  <td class="method">
                  <span class="description" title="Step 27: clicks on i accept radio button under terms and condition section">step27_clickIAcceptButton</span>
      </td>
  <td class="duration">
    40.309s
  </td>
  <td class="result">
        
    
            <div class="testOutput">
                        <p>Successfully clicked on i accept button
                                <br /><a href="D:\RS_Automation\RS_WorkSpace\Automation\Road Scholar/screenshots/step27_clickIAcceptButton1476516516855.png" class="highslide" rel="highslide"> <img src="D:\RS_Automation\RS_WorkSpace\Automation\Road Scholar/screenshots/step27_clickIAcceptButton1476516516855.png"  alt="Highslide JS" title="Click to enlarge" hight='100' width='100'/> </a><br/>
                                <a href="D:\RS_Automation\RS_WorkSpace\Automation\Road Scholar/screenshots/step27_clickIAcceptButton1476516516855.png">step27_clickIAcceptButton1476516516855 </a><br/>
                  </div>
    

      </td>
</tr>
<tr>
  <td class="method">
                  <span class="description" title="Step 28: clicks on pay by check radio button">step28_clickPayByCheckRadioButton</span>
      </td>
  <td class="duration">
    35.095s
  </td>
  <td class="result">
        
    
            <div class="testOutput">
                        <p>Successfully clicked on pay by check radio button
                                <br /><a href="D:\RS_Automation\RS_WorkSpace\Automation\Road Scholar/screenshots/step28_clickPayByCheckRadioButton1476516557339.png" class="highslide" rel="highslide"> <img src="D:\RS_Automation\RS_WorkSpace\Automation\Road Scholar/screenshots/step28_clickPayByCheckRadioButton1476516557339.png"  alt="Highslide JS" title="Click to enlarge" hight='100' width='100'/> </a><br/>
                                <a href="D:\RS_Automation\RS_WorkSpace\Automation\Road Scholar/screenshots/step28_clickPayByCheckRadioButton1476516557339.png">step28_clickPayByCheckRadioButton1476516557339 </a><br/>
                  </div>
    

      </td>
</tr>
<tr>
  <td class="method">
                  <span class="description" title="Step 30: verify account type text box of pay by check pop up">step30_AccountTypeTextBox</span>
      </td>
  <td class="duration">
    30.049s
  </td>
  <td class="result">
        
    
            <div class="testOutput">
                        <p>Successfully verified account type text box of pay by check pop up
                                <br /><a href="D:\RS_Automation\RS_WorkSpace\Automation\Road Scholar/screenshots/step30_AccountTypeTextBox1476516622842.png" class="highslide" rel="highslide"> <img src="D:\RS_Automation\RS_WorkSpace\Automation\Road Scholar/screenshots/step30_AccountTypeTextBox1476516622842.png"  alt="Highslide JS" title="Click to enlarge" hight='100' width='100'/> </a><br/>
                                <a href="D:\RS_Automation\RS_WorkSpace\Automation\Road Scholar/screenshots/step30_AccountTypeTextBox1476516622842.png">step30_AccountTypeTextBox1476516622842 </a><br/>
                  </div>
    

      </td>
</tr>
<tr>
  <td class="method">
                  <span class="description" title="Step 31: verify routing number text box of pay by check pop up">step31_routingNumberTextBox</span>
      </td>
  <td class="duration">
    30.044s
  </td>
  <td class="result">
        
    
            <div class="testOutput">
                        <p>Successfully verified routing number text box of pay by check pop up
                                <br /><a href="D:\RS_Automation\RS_WorkSpace\Automation\Road Scholar/screenshots/step31_routingNumberTextBox1476516653016.png" class="highslide" rel="highslide"> <img src="D:\RS_Automation\RS_WorkSpace\Automation\Road Scholar/screenshots/step31_routingNumberTextBox1476516653016.png"  alt="Highslide JS" title="Click to enlarge" hight='100' width='100'/> </a><br/>
                                <a href="D:\RS_Automation\RS_WorkSpace\Automation\Road Scholar/screenshots/step31_routingNumberTextBox1476516653016.png">step31_routingNumberTextBox1476516653016 </a><br/>
                  </div>
    

      </td>
</tr>
<tr>
  <td class="method">
                  <span class="description" title="Step 32: verify Account number text box of pay by check pop up">step32_AccountNumberTextBox</span>
      </td>
  <td class="duration">
    30.046s
  </td>
  <td class="result">
        
    
            <div class="testOutput">
                        <p>Successfully verified  Account number text box of pay by check pop up
                                <br /><a href="D:\RS_Automation\RS_WorkSpace\Automation\Road Scholar/screenshots/step32_AccountNumberTextBox1476516683227.png" class="highslide" rel="highslide"> <img src="D:\RS_Automation\RS_WorkSpace\Automation\Road Scholar/screenshots/step32_AccountNumberTextBox1476516683227.png"  alt="Highslide JS" title="Click to enlarge" hight='100' width='100'/> </a><br/>
                                <a href="D:\RS_Automation\RS_WorkSpace\Automation\Road Scholar/screenshots/step32_AccountNumberTextBox1476516683227.png">step32_AccountNumberTextBox1476516683227 </a><br/>
                  </div>
    

      </td>
</tr>
<tr>
  <td class="method">
                  <span class="description" title="Step 33: verify Bank name text box of pay by check pop up">step33_BankNameTextBox</span>
      </td>
  <td class="duration">
    30.038s
  </td>
  <td class="result">
        
    
            <div class="testOutput">
                        <p>Successfully verified  Bank name text box of pay by check pop up
                                <br /><a href="D:\RS_Automation\RS_WorkSpace\Automation\Road Scholar/screenshots/step33_BankNameTextBox1476516713422.png" class="highslide" rel="highslide"> <img src="D:\RS_Automation\RS_WorkSpace\Automation\Road Scholar/screenshots/step33_BankNameTextBox1476516713422.png"  alt="Highslide JS" title="Click to enlarge" hight='100' width='100'/> </a><br/>
                                <a href="D:\RS_Automation\RS_WorkSpace\Automation\Road Scholar/screenshots/step33_BankNameTextBox1476516713422.png">step33_BankNameTextBox1476516713422 </a><br/>
                  </div>
    

      </td>
</tr>
<tr>
  <td class="method">
                  <span class="description" title="Step 34: verify amount text box of pay by check pop up">step34_AmountTextBox</span>
      </td>
  <td class="duration">
    30.035s
  </td>
  <td class="result">
        
    
            <div class="testOutput">
                        <p>Successfully verified  amount text box of pay by check pop up
                                <br /><a href="D:\RS_Automation\RS_WorkSpace\Automation\Road Scholar/screenshots/step34_AmountTextBox1476516743605.png" class="highslide" rel="highslide"> <img src="D:\RS_Automation\RS_WorkSpace\Automation\Road Scholar/screenshots/step34_AmountTextBox1476516743605.png"  alt="Highslide JS" title="Click to enlarge" hight='100' width='100'/> </a><br/>
                                <a href="D:\RS_Automation\RS_WorkSpace\Automation\Road Scholar/screenshots/step34_AmountTextBox1476516743605.png">step34_AmountTextBox1476516743605 </a><br/>
                  </div>
    

      </td>
</tr>
<tr>
  <td class="method">
                  <span class="description" title="Step 35: verify complete button of pay by check pop up">step35_completeButton</span>
      </td>
  <td class="duration">
    30.068s
  </td>
  <td class="result">
        
    
            <div class="testOutput">
                        <p>Successfully verified  complete button of pay by check pop up
                                <br /><a href="D:\RS_Automation\RS_WorkSpace\Automation\Road Scholar/screenshots/step35_completeButton1476516773814.png" class="highslide" rel="highslide"> <img src="D:\RS_Automation\RS_WorkSpace\Automation\Road Scholar/screenshots/step35_completeButton1476516773814.png"  alt="Highslide JS" title="Click to enlarge" hight='100' width='100'/> </a><br/>
                                <a href="D:\RS_Automation\RS_WorkSpace\Automation\Road Scholar/screenshots/step35_completeButton1476516773814.png">step35_completeButton1476516773814 </a><br/>
                  </div>
    

      </td>
</tr>
<tr>
  <td class="method">
                  <span class="description" title="Step 36: click on complete button of pay by check pop up">step36_clcickOnCompleteButton</span>
      </td>
  <td class="duration">
    35.084s
  </td>
  <td class="result">
        
    
            <div class="testOutput">
                        <p>Successfully clicked on complete button of pay by check pop up
                                <br /><a href="D:\RS_Automation\RS_WorkSpace\Automation\Road Scholar/screenshots/step36_clcickOnCompleteButton1476516804105.png" class="highslide" rel="highslide"> <img src="D:\RS_Automation\RS_WorkSpace\Automation\Road Scholar/screenshots/step36_clcickOnCompleteButton1476516804105.png"  alt="Highslide JS" title="Click to enlarge" hight='100' width='100'/> </a><br/>
                                <a href="D:\RS_Automation\RS_WorkSpace\Automation\Road Scholar/screenshots/step36_clcickOnCompleteButton1476516804105.png">step36_clcickOnCompleteButton1476516804105 </a><br/>
                  </div>
    

      </td>
</tr>
<tr>
  <td class="method">
                  <span class="description" title="Step 39: click on complete button of pay by check pop up">step39_clcickOnCompleteButton</span>
      </td>
  <td class="duration">
    35.081s
  </td>
  <td class="result">
        
    
            <div class="testOutput">
                        <p>Successfully clicked on complete button of pay by check pop up
                                <br /><a href="D:\RS_Automation\RS_WorkSpace\Automation\Road Scholar/screenshots/step39_clcickOnCompleteButton1476516889857.png" class="highslide" rel="highslide"> <img src="D:\RS_Automation\RS_WorkSpace\Automation\Road Scholar/screenshots/step39_clcickOnCompleteButton1476516889857.png"  alt="Highslide JS" title="Click to enlarge" hight='100' width='100'/> </a><br/>
                                <a href="D:\RS_Automation\RS_WorkSpace\Automation\Road Scholar/screenshots/step39_clcickOnCompleteButton1476516889857.png">step39_clcickOnCompleteButton1476516889857 </a><br/>
                  </div>
    

      </td>
</tr>
      </table>
  
</body>
</html>
