<?xml version="1.0" encoding="UTF-8"?>
<testsuite name="Checkout_Step2_YES_CS2_TC_42"
           tests="68"
           failures="2"
           errors="0"
           skipped="59"
           time="118.067">
  <properties />
            <testcase name="step08_clickOnContinueBtn" time="10.147" classname="in.valtech.RoadScholar.test.CS2_TC_42">
                <failure type="java.lang.AssertionError"
                  message="expected [true] but found [false]"
              >
<![CDATA[java.lang.AssertionError: expected [true] but found [false]
  org.testng.Assert.fail(Assert.java:94)
  org.testng.Assert.failNotEquals(Assert.java:494)
  org.testng.Assert.assertTrue(Assert.java:42)
  org.testng.Assert.assertTrue(Assert.java:52)
  in.valtech.RoadScholar.pages.CheckOutStep2.<init>(CheckOutStep2.java:29)
  in.valtech.RoadScholar.pages.CheckOutStep1.ClickContinue(CheckOutStep1.java:115)
  in.valtech.RoadScholar.test.CS2_TC_42.step08_clickOnContinueBtn(CS2_TC_42.java:121)
  sun.reflect.NativeMethodAccessorImpl.invoke0(Native Method)
  sun.reflect.NativeMethodAccessorImpl.invoke(NativeMethodAccessorImpl.java:57)
  sun.reflect.DelegatingMethodAccessorImpl.invoke(DelegatingMethodAccessorImpl.java:43)
  java.lang.reflect.Method.invoke(Method.java:606)
  org.testng.internal.MethodInvocationHelper.invokeMethod(MethodInvocationHelper.java:84)
  org.testng.internal.Invoker.invokeMethod(Invoker.java:714)
  org.testng.internal.Invoker.invokeTestMethod(Invoker.java:901)
  org.testng.internal.Invoker.invokeTestMethods(Invoker.java:1231)
  org.testng.internal.TestMethodWorker.invokeTestMethods(TestMethodWorker.java:127)
  org.testng.internal.TestMethodWorker.run(TestMethodWorker.java:111)
  org.testng.TestRunner.privateRun(TestRunner.java:767)
  org.testng.TestRunner.run(TestRunner.java:617)
  org.testng.SuiteRunner.runTest(SuiteRunner.java:334)
  org.testng.SuiteRunner.runSequentially(SuiteRunner.java:329)
  org.testng.SuiteRunner.privateRun(SuiteRunner.java:291)
  org.testng.SuiteRunner.run(SuiteRunner.java:240)
  org.testng.SuiteRunnerWorker.runSuite(SuiteRunnerWorker.java:52)
  org.testng.SuiteRunnerWorker.run(SuiteRunnerWorker.java:86)
  org.testng.TestNG.runSuitesSequentially(TestNG.java:1224)
  org.testng.TestNG.runSuitesLocally(TestNG.java:1149)
  org.testng.TestNG.run(TestNG.java:1057)
  org.testng.TestNG.privateMain(TestNG.java:1364)
  org.testng.TestNG.main(TestNG.java:1333)
]]>
      </failure>

          </testcase>
            <testcase name="step09_Email" time="30.034" classname="in.valtech.RoadScholar.test.CS2_TC_42">
                <failure type="java.lang.IllegalStateException"
                  message="This is not the RS login page"
              >
<![CDATA[java.lang.IllegalStateException: This is not the RS login page
  in.valtech.RoadScholar.pages.Login.<init>(Login.java:21)
  in.valtech.RoadScholar.test.CS2_TC_42.step09_Email(CS2_TC_42.java:134)
  sun.reflect.NativeMethodAccessorImpl.invoke0(Native Method)
  sun.reflect.NativeMethodAccessorImpl.invoke(NativeMethodAccessorImpl.java:57)
  sun.reflect.DelegatingMethodAccessorImpl.invoke(DelegatingMethodAccessorImpl.java:43)
  java.lang.reflect.Method.invoke(Method.java:606)
  org.testng.internal.MethodInvocationHelper.invokeMethod(MethodInvocationHelper.java:84)
  org.testng.internal.Invoker.invokeMethod(Invoker.java:714)
  org.testng.internal.Invoker.invokeTestMethod(Invoker.java:901)
  org.testng.internal.Invoker.invokeTestMethods(Invoker.java:1231)
  org.testng.internal.TestMethodWorker.invokeTestMethods(TestMethodWorker.java:127)
  org.testng.internal.TestMethodWorker.run(TestMethodWorker.java:111)
  org.testng.TestRunner.privateRun(TestRunner.java:767)
  org.testng.TestRunner.run(TestRunner.java:617)
  org.testng.SuiteRunner.runTest(SuiteRunner.java:334)
  org.testng.SuiteRunner.runSequentially(SuiteRunner.java:329)
  org.testng.SuiteRunner.privateRun(SuiteRunner.java:291)
  org.testng.SuiteRunner.run(SuiteRunner.java:240)
  org.testng.SuiteRunnerWorker.runSuite(SuiteRunnerWorker.java:52)
  org.testng.SuiteRunnerWorker.run(SuiteRunnerWorker.java:86)
  org.testng.TestNG.runSuitesSequentially(TestNG.java:1224)
  org.testng.TestNG.runSuitesLocally(TestNG.java:1149)
  org.testng.TestNG.run(TestNG.java:1057)
  org.testng.TestNG.privateMain(TestNG.java:1364)
  org.testng.TestNG.main(TestNG.java:1333)
]]>
      </failure>

          </testcase>
  
            <testcase name="methodLevelSetup" time="0.0" classname="in.valtech.RoadScholar.test.CS2_TC_42">
          <skipped />
    </testcase>
            <testcase name="methodLevelTearDown" time="0.0" classname="in.valtech.RoadScholar.test.CS2_TC_42">
          <skipped />
    </testcase>
            <testcase name="methodLevelTearDown" time="0.0" classname="in.valtech.RoadScholar.test.CS2_TC_42">
          <skipped />
    </testcase>
            <testcase name="methodLevelTearDown" time="0.0" classname="in.valtech.RoadScholar.test.CS2_TC_42">
          <skipped />
    </testcase>
            <testcase name="classLevelTearDown" time="0.0" classname="in.valtech.RoadScholar.test.CS2_TC_42">
          <skipped />
    </testcase>
            <testcase name="methodLevelSetup" time="0.0" classname="in.valtech.RoadScholar.test.CS2_TC_42">
          <skipped />
    </testcase>
            <testcase name="methodLevelSetup" time="0.0" classname="in.valtech.RoadScholar.test.CS2_TC_42">
          <skipped />
    </testcase>
            <testcase name="methodLevelSetup" time="0.0" classname="in.valtech.RoadScholar.test.CS2_TC_42">
          <skipped />
    </testcase>
            <testcase name="methodLevelSetup" time="0.0" classname="in.valtech.RoadScholar.test.CS2_TC_42">
          <skipped />
    </testcase>
            <testcase name="methodLevelTearDown" time="0.0" classname="in.valtech.RoadScholar.test.CS2_TC_42">
          <skipped />
    </testcase>
            <testcase name="methodLevelSetup" time="0.0" classname="in.valtech.RoadScholar.test.CS2_TC_42">
          <skipped />
    </testcase>
            <testcase name="methodLevelSetup" time="0.0" classname="in.valtech.RoadScholar.test.CS2_TC_42">
          <skipped />
    </testcase>
            <testcase name="methodLevelSetup" time="0.0" classname="in.valtech.RoadScholar.test.CS2_TC_42">
          <skipped />
    </testcase>
            <testcase name="methodLevelTearDown" time="0.0" classname="in.valtech.RoadScholar.test.CS2_TC_42">
          <skipped />
    </testcase>
            <testcase name="methodLevelTearDown" time="0.0" classname="in.valtech.RoadScholar.test.CS2_TC_42">
          <skipped />
    </testcase>
            <testcase name="methodLevelTearDown" time="0.0" classname="in.valtech.RoadScholar.test.CS2_TC_42">
          <skipped />
    </testcase>
            <testcase name="methodLevelTearDown" time="0.0" classname="in.valtech.RoadScholar.test.CS2_TC_42">
          <skipped />
    </testcase>
            <testcase name="methodLevelSetup" time="0.0" classname="in.valtech.RoadScholar.test.CS2_TC_42">
          <skipped />
    </testcase>
            <testcase name="methodLevelSetup" time="0.0" classname="in.valtech.RoadScholar.test.CS2_TC_42">
          <skipped />
    </testcase>
            <testcase name="methodLevelSetup" time="0.0" classname="in.valtech.RoadScholar.test.CS2_TC_42">
          <skipped />
    </testcase>
            <testcase name="methodLevelTearDown" time="0.0" classname="in.valtech.RoadScholar.test.CS2_TC_42">
          <skipped />
    </testcase>
            <testcase name="methodLevelTearDown" time="0.0" classname="in.valtech.RoadScholar.test.CS2_TC_42">
          <skipped />
    </testcase>
            <testcase name="methodLevelSetup" time="0.0" classname="in.valtech.RoadScholar.test.CS2_TC_42">
          <skipped />
    </testcase>
            <testcase name="methodLevelTearDown" time="0.0" classname="in.valtech.RoadScholar.test.CS2_TC_42">
          <skipped />
    </testcase>
            <testcase name="methodLevelTearDown" time="0.0" classname="in.valtech.RoadScholar.test.CS2_TC_42">
          <skipped />
    </testcase>
            <testcase name="methodLevelSetup" time="0.0" classname="in.valtech.RoadScholar.test.CS2_TC_42">
          <skipped />
    </testcase>
            <testcase name="methodLevelTearDown" time="0.0" classname="in.valtech.RoadScholar.test.CS2_TC_42">
          <skipped />
    </testcase>
            <testcase name="methodLevelTearDown" time="0.0" classname="in.valtech.RoadScholar.test.CS2_TC_42">
          <skipped />
    </testcase>
            <testcase name="methodLevelTearDown" time="0.0" classname="in.valtech.RoadScholar.test.CS2_TC_42">
          <skipped />
    </testcase>
            <testcase name="methodLevelSetup" time="0.0" classname="in.valtech.RoadScholar.test.CS2_TC_42">
          <skipped />
    </testcase>
            <testcase name="methodLevelTearDown" time="0.0" classname="in.valtech.RoadScholar.test.CS2_TC_42">
          <skipped />
    </testcase>
            <testcase name="methodLevelTearDown" time="0.0" classname="in.valtech.RoadScholar.test.CS2_TC_42">
          <skipped />
    </testcase>
            <testcase name="methodLevelSetup" time="0.0" classname="in.valtech.RoadScholar.test.CS2_TC_42">
          <skipped />
    </testcase>
            <testcase name="methodLevelSetup" time="0.0" classname="in.valtech.RoadScholar.test.CS2_TC_42">
          <skipped />
    </testcase>
            <testcase name="methodLevelTearDown" time="0.0" classname="in.valtech.RoadScholar.test.CS2_TC_42">
          <skipped />
    </testcase>
            <testcase name="methodLevelSetup" time="0.0" classname="in.valtech.RoadScholar.test.CS2_TC_42">
          <skipped />
    </testcase>
            <testcase name="methodLevelTearDown" time="0.0" classname="in.valtech.RoadScholar.test.CS2_TC_42">
          <skipped />
    </testcase>
            <testcase name="methodLevelTearDown" time="0.0" classname="in.valtech.RoadScholar.test.CS2_TC_42">
          <skipped />
    </testcase>
            <testcase name="methodLevelSetup" time="0.0" classname="in.valtech.RoadScholar.test.CS2_TC_42">
          <skipped />
    </testcase>
            <testcase name="methodLevelSetup" time="0.0" classname="in.valtech.RoadScholar.test.CS2_TC_42">
          <skipped />
    </testcase>
            <testcase name="step10_Passwd" time="0.0" classname="in.valtech.RoadScholar.test.CS2_TC_42">
          <skipped />
    </testcase>
            <testcase name="step19_verifyZipCodeField" time="0.0" classname="in.valtech.RoadScholar.test.CS2_TC_42">
          <skipped />
    </testcase>
            <testcase name="step21_verifyCountryDropDowwn" time="0.0" classname="in.valtech.RoadScholar.test.CS2_TC_42">
          <skipped />
    </testcase>
            <testcase name="step13_verifyYourDetailsTab" time="0.0" classname="in.valtech.RoadScholar.test.CS2_TC_42">
          <skipped />
    </testcase>
            <testcase name="step26_verifyPriceOverviewSection" time="0.0" classname="in.valtech.RoadScholar.test.CS2_TC_42">
          <skipped />
    </testcase>
            <testcase name="step22_verifyStateDropDowwn" time="0.0" classname="in.valtech.RoadScholar.test.CS2_TC_42">
          <skipped />
    </testcase>
            <testcase name="step27_verifyBackButton" time="0.0" classname="in.valtech.RoadScholar.test.CS2_TC_42">
          <skipped />
    </testcase>
            <testcase name="step20_verifyPhoneNumberField" time="0.0" classname="in.valtech.RoadScholar.test.CS2_TC_42">
          <skipped />
    </testcase>
            <testcase name="step16_verifyLastNameTextField" time="0.0" classname="in.valtech.RoadScholar.test.CS2_TC_42">
          <skipped />
    </testcase>
            <testcase name="step14_verifyContactInformationSection" time="0.0" classname="in.valtech.RoadScholar.test.CS2_TC_42">
          <skipped />
    </testcase>
            <testcase name="step18_verifyCityField" time="0.0" classname="in.valtech.RoadScholar.test.CS2_TC_42">
          <skipped />
    </testcase>
            <testcase name="step28_verifyContinueButton" time="0.0" classname="in.valtech.RoadScholar.test.CS2_TC_42">
          <skipped />
    </testcase>
            <testcase name="step12_verifyYourDetailsTab" time="0.0" classname="in.valtech.RoadScholar.test.CS2_TC_42">
          <skipped />
    </testcase>
            <testcase name="step23_verifyOrderSummarySection" time="0.0" classname="in.valtech.RoadScholar.test.CS2_TC_42">
          <skipped />
    </testcase>
            <testcase name="step15_verifyFirstNameTextField" time="0.0" classname="in.valtech.RoadScholar.test.CS2_TC_42">
          <skipped />
    </testcase>
            <testcase name="step24_verifyOrderSummaryContinueBtn" time="0.0" classname="in.valtech.RoadScholar.test.CS2_TC_42">
          <skipped />
    </testcase>
            <testcase name="step17_verifyAddressTextField" time="0.0" classname="in.valtech.RoadScholar.test.CS2_TC_42">
          <skipped />
    </testcase>
            <testcase name="step25_verifyTalkToUsSection" time="0.0" classname="in.valtech.RoadScholar.test.CS2_TC_42">
          <skipped />
    </testcase>
            <testcase name="step11_SignUpBtn" time="0.0" classname="in.valtech.RoadScholar.test.CS2_TC_42">
          <skipped />
    </testcase>
  
            <testcase name="step04_clickOnDateAndPricesTab" time="15.290" classname="in.valtech.RoadScholar.test.CS2_TC_42" />
                <testcase name="step07_SelectDoubleRadioBtn" time="10.102" classname="in.valtech.RoadScholar.test.CS2_TC_42" />
                <testcase name="step03_clickOnTripCard" time="15.393" classname="in.valtech.RoadScholar.test.CS2_TC_42" />
                <testcase name="step06_click" time="5.100" classname="in.valtech.RoadScholar.test.CS2_TC_42" />
                <testcase name="step02_clickingOnClose" time="10.123" classname="in.valtech.RoadScholar.test.CS2_TC_42" />
                <testcase name="step05_clickOnSelectBtn" time="10.156" classname="in.valtech.RoadScholar.test.CS2_TC_42" />
                <testcase name="Step01_HOMEPAGE_URL" time="11.719" classname="in.valtech.RoadScholar.test.CS2_TC_42" />
      
</testsuite>
