<?xml version="1.0" encoding="UTF-8"?>
<testsuite name="Personal Information Page_YES_PIP_TC_27"
           tests="11"
           failures="2"
           errors="0"
           skipped="0"
           time="114.850">
  <properties />
            <testcase name="Step09_EnterPwd" time="0.010" classname="in.valtech.RoadScholar.test.PIP_TC_27">
                <failure type="java.lang.NullPointerException"
                  message="(null)"
              >
<![CDATA[java.lang.NullPointerException
  in.valtech.RoadScholar.pages.ChangePassword.EnterPwd(ChangePassword.java:116)
  in.valtech.RoadScholar.test.PIP_TC_27.Step09_EnterPwd(PIP_TC_27.java:136)
  sun.reflect.NativeMethodAccessorImpl.invoke0(Native Method)
  sun.reflect.NativeMethodAccessorImpl.invoke(NativeMethodAccessorImpl.java:57)
  sun.reflect.DelegatingMethodAccessorImpl.invoke(DelegatingMethodAccessorImpl.java:43)
  java.lang.reflect.Method.invoke(Method.java:606)
  org.testng.internal.MethodInvocationHelper.invokeMethod(MethodInvocationHelper.java:84)
  org.testng.internal.Invoker.invokeMethod(Invoker.java:714)
  org.testng.internal.Invoker.invokeTestMethod(Invoker.java:901)
  org.testng.internal.Invoker.invokeTestMethods(Invoker.java:1231)
  org.testng.internal.TestMethodWorker.invokeTestMethods(TestMethodWorker.java:127)
  org.testng.internal.TestMethodWorker.run(TestMethodWorker.java:111)
  org.testng.TestRunner.privateRun(TestRunner.java:767)
  org.testng.TestRunner.run(TestRunner.java:617)
  org.testng.SuiteRunner.runTest(SuiteRunner.java:334)
  org.testng.SuiteRunner.runSequentially(SuiteRunner.java:329)
  org.testng.SuiteRunner.privateRun(SuiteRunner.java:291)
  org.testng.SuiteRunner.run(SuiteRunner.java:240)
  org.testng.SuiteRunnerWorker.runSuite(SuiteRunnerWorker.java:52)
  org.testng.SuiteRunnerWorker.run(SuiteRunnerWorker.java:86)
  org.testng.TestNG.runSuitesSequentially(TestNG.java:1224)
  org.testng.TestNG.runSuitesLocally(TestNG.java:1149)
  org.testng.TestNG.run(TestNG.java:1057)
  org.testng.TestNG.privateMain(TestNG.java:1364)
  org.testng.TestNG.main(TestNG.java:1333)
]]>
      </failure>

          </testcase>
            <testcase name="Step10_ReType_Pwd" time="0.010" classname="in.valtech.RoadScholar.test.PIP_TC_27">
                <failure type="java.lang.NullPointerException"
                  message="(null)"
              >
<![CDATA[java.lang.NullPointerException
  in.valtech.RoadScholar.pages.ChangePassword.EnterReTypePwd(ChangePassword.java:138)
  in.valtech.RoadScholar.test.PIP_TC_27.Step10_ReType_Pwd(PIP_TC_27.java:145)
  sun.reflect.NativeMethodAccessorImpl.invoke0(Native Method)
  sun.reflect.NativeMethodAccessorImpl.invoke(NativeMethodAccessorImpl.java:57)
  sun.reflect.DelegatingMethodAccessorImpl.invoke(DelegatingMethodAccessorImpl.java:43)
  java.lang.reflect.Method.invoke(Method.java:606)
  org.testng.internal.MethodInvocationHelper.invokeMethod(MethodInvocationHelper.java:84)
  org.testng.internal.Invoker.invokeMethod(Invoker.java:714)
  org.testng.internal.Invoker.invokeTestMethod(Invoker.java:901)
  org.testng.internal.Invoker.invokeTestMethods(Invoker.java:1231)
  org.testng.internal.TestMethodWorker.invokeTestMethods(TestMethodWorker.java:127)
  org.testng.internal.TestMethodWorker.run(TestMethodWorker.java:111)
  org.testng.TestRunner.privateRun(TestRunner.java:767)
  org.testng.TestRunner.run(TestRunner.java:617)
  org.testng.SuiteRunner.runTest(SuiteRunner.java:334)
  org.testng.SuiteRunner.runSequentially(SuiteRunner.java:329)
  org.testng.SuiteRunner.privateRun(SuiteRunner.java:291)
  org.testng.SuiteRunner.run(SuiteRunner.java:240)
  org.testng.SuiteRunnerWorker.runSuite(SuiteRunnerWorker.java:52)
  org.testng.SuiteRunnerWorker.run(SuiteRunnerWorker.java:86)
  org.testng.TestNG.runSuitesSequentially(TestNG.java:1224)
  org.testng.TestNG.runSuitesLocally(TestNG.java:1149)
  org.testng.TestNG.run(TestNG.java:1057)
  org.testng.TestNG.privateMain(TestNG.java:1364)
  org.testng.TestNG.main(TestNG.java:1333)
]]>
      </failure>

          </testcase>
  
  
            <testcase name="Step04_Email" time="15.183" classname="in.valtech.RoadScholar.test.PIP_TC_27" />
                <testcase name="Step07_ClickOnPIP" time="11.239" classname="in.valtech.RoadScholar.test.PIP_TC_27" />
                <testcase name="Step05_Passwd" time="10.148" classname="in.valtech.RoadScholar.test.PIP_TC_27" />
                <testcase name="Step11_ClickOnSave" time="10.100" classname="in.valtech.RoadScholar.test.PIP_TC_27" />
                <testcase name="Step01_HOMEPAGE_URL" time="12.475" classname="in.valtech.RoadScholar.test.PIP_TC_27" />
                <testcase name="Step03_ClickOnSignInLink" time="10.126" classname="in.valtech.RoadScholar.test.PIP_TC_27" />
                <testcase name="Step06_SignUpBtn" time="15.201" classname="in.valtech.RoadScholar.test.PIP_TC_27" />
                <testcase name="Step02_CloseSinUp" time="20.141" classname="in.valtech.RoadScholar.test.PIP_TC_27" />
                <testcase name="Step08_ClickOnChangePWD" time="10.217" classname="in.valtech.RoadScholar.test.PIP_TC_27" />
      
</testsuite>
