<?xml version="1.0" encoding="UTF-8"?>
<testsuite name="Checkout_ThankYou_YES_CTY_TC_52"
           tests="88"
           failures="1"
           errors="0"
           skipped="56"
           time="376.513">
  <properties />
            <testcase name="step31_verifyTitle" time="31.182" classname="in.valtech.RoadScholar.test.CTY_TC_52">
                <failure type="java.lang.IllegalStateException"
                  message="This is not the faq page"
              >
<![CDATA[java.lang.IllegalStateException: This is not the faq page
  in.valtech.RoadScholar.pages.CheckOutThankYou.<init>(CheckOutThankYou.java:32)
  in.valtech.RoadScholar.test.CTY_TC_52.step31_verifyTitle(CTY_TC_52.java:426)
  sun.reflect.NativeMethodAccessorImpl.invoke0(Native Method)
  sun.reflect.NativeMethodAccessorImpl.invoke(NativeMethodAccessorImpl.java:57)
  sun.reflect.DelegatingMethodAccessorImpl.invoke(DelegatingMethodAccessorImpl.java:43)
  java.lang.reflect.Method.invoke(Method.java:606)
  org.testng.internal.MethodInvocationHelper.invokeMethod(MethodInvocationHelper.java:84)
  org.testng.internal.Invoker.invokeMethod(Invoker.java:714)
  org.testng.internal.Invoker.invokeTestMethod(Invoker.java:901)
  org.testng.internal.Invoker.invokeTestMethods(Invoker.java:1231)
  org.testng.internal.TestMethodWorker.invokeTestMethods(TestMethodWorker.java:127)
  org.testng.internal.TestMethodWorker.run(TestMethodWorker.java:111)
  org.testng.TestRunner.privateRun(TestRunner.java:767)
  org.testng.TestRunner.run(TestRunner.java:617)
  org.testng.SuiteRunner.runTest(SuiteRunner.java:334)
  org.testng.SuiteRunner.runSequentially(SuiteRunner.java:329)
  org.testng.SuiteRunner.privateRun(SuiteRunner.java:291)
  org.testng.SuiteRunner.run(SuiteRunner.java:240)
  org.testng.SuiteRunnerWorker.runSuite(SuiteRunnerWorker.java:52)
  org.testng.SuiteRunnerWorker.run(SuiteRunnerWorker.java:86)
  org.testng.TestNG.runSuitesSequentially(TestNG.java:1224)
  org.testng.TestNG.runSuitesLocally(TestNG.java:1149)
  org.testng.TestNG.run(TestNG.java:1057)
  org.testng.TestNG.privateMain(TestNG.java:1364)
  org.testng.TestNG.main(TestNG.java:1333)
]]>
      </failure>

          </testcase>
  
            <testcase name="methodLevelTearDown" time="0.0" classname="in.valtech.RoadScholar.test.CTY_TC_52">
          <skipped />
    </testcase>
            <testcase name="methodLevelTearDown" time="0.0" classname="in.valtech.RoadScholar.test.CTY_TC_52">
          <skipped />
    </testcase>
            <testcase name="methodLevelTearDown" time="0.0" classname="in.valtech.RoadScholar.test.CTY_TC_52">
          <skipped />
    </testcase>
            <testcase name="methodLevelSetup" time="0.0" classname="in.valtech.RoadScholar.test.CTY_TC_52">
          <skipped />
    </testcase>
            <testcase name="methodLevelSetup" time="0.0" classname="in.valtech.RoadScholar.test.CTY_TC_52">
          <skipped />
    </testcase>
            <testcase name="methodLevelTearDown" time="0.0" classname="in.valtech.RoadScholar.test.CTY_TC_52">
          <skipped />
    </testcase>
            <testcase name="methodLevelSetup" time="0.0" classname="in.valtech.RoadScholar.test.CTY_TC_52">
          <skipped />
    </testcase>
            <testcase name="methodLevelSetup" time="0.0" classname="in.valtech.RoadScholar.test.CTY_TC_52">
          <skipped />
    </testcase>
            <testcase name="methodLevelSetup" time="0.0" classname="in.valtech.RoadScholar.test.CTY_TC_52">
          <skipped />
    </testcase>
            <testcase name="methodLevelTearDown" time="0.0" classname="in.valtech.RoadScholar.test.CTY_TC_52">
          <skipped />
    </testcase>
            <testcase name="methodLevelTearDown" time="0.0" classname="in.valtech.RoadScholar.test.CTY_TC_52">
          <skipped />
    </testcase>
            <testcase name="methodLevelSetup" time="0.0" classname="in.valtech.RoadScholar.test.CTY_TC_52">
          <skipped />
    </testcase>
            <testcase name="methodLevelSetup" time="0.0" classname="in.valtech.RoadScholar.test.CTY_TC_52">
          <skipped />
    </testcase>
            <testcase name="methodLevelTearDown" time="0.0" classname="in.valtech.RoadScholar.test.CTY_TC_52">
          <skipped />
    </testcase>
            <testcase name="methodLevelSetup" time="0.0" classname="in.valtech.RoadScholar.test.CTY_TC_52">
          <skipped />
    </testcase>
            <testcase name="methodLevelTearDown" time="0.0" classname="in.valtech.RoadScholar.test.CTY_TC_52">
          <skipped />
    </testcase>
            <testcase name="methodLevelSetup" time="0.0" classname="in.valtech.RoadScholar.test.CTY_TC_52">
          <skipped />
    </testcase>
            <testcase name="methodLevelSetup" time="0.0" classname="in.valtech.RoadScholar.test.CTY_TC_52">
          <skipped />
    </testcase>
            <testcase name="methodLevelSetup" time="0.0" classname="in.valtech.RoadScholar.test.CTY_TC_52">
          <skipped />
    </testcase>
            <testcase name="methodLevelTearDown" time="0.0" classname="in.valtech.RoadScholar.test.CTY_TC_52">
          <skipped />
    </testcase>
            <testcase name="methodLevelTearDown" time="0.0" classname="in.valtech.RoadScholar.test.CTY_TC_52">
          <skipped />
    </testcase>
            <testcase name="methodLevelSetup" time="0.0" classname="in.valtech.RoadScholar.test.CTY_TC_52">
          <skipped />
    </testcase>
            <testcase name="methodLevelTearDown" time="0.0" classname="in.valtech.RoadScholar.test.CTY_TC_52">
          <skipped />
    </testcase>
            <testcase name="methodLevelSetup" time="0.0" classname="in.valtech.RoadScholar.test.CTY_TC_52">
          <skipped />
    </testcase>
            <testcase name="methodLevelTearDown" time="0.0" classname="in.valtech.RoadScholar.test.CTY_TC_52">
          <skipped />
    </testcase>
            <testcase name="methodLevelSetup" time="0.0" classname="in.valtech.RoadScholar.test.CTY_TC_52">
          <skipped />
    </testcase>
            <testcase name="methodLevelTearDown" time="0.0" classname="in.valtech.RoadScholar.test.CTY_TC_52">
          <skipped />
    </testcase>
            <testcase name="methodLevelSetup" time="0.0" classname="in.valtech.RoadScholar.test.CTY_TC_52">
          <skipped />
    </testcase>
            <testcase name="methodLevelSetup" time="0.0" classname="in.valtech.RoadScholar.test.CTY_TC_52">
          <skipped />
    </testcase>
            <testcase name="methodLevelTearDown" time="0.0" classname="in.valtech.RoadScholar.test.CTY_TC_52">
          <skipped />
    </testcase>
            <testcase name="methodLevelSetup" time="0.0" classname="in.valtech.RoadScholar.test.CTY_TC_52">
          <skipped />
    </testcase>
            <testcase name="methodLevelTearDown" time="0.0" classname="in.valtech.RoadScholar.test.CTY_TC_52">
          <skipped />
    </testcase>
            <testcase name="classLevelTearDown" time="0.0" classname="in.valtech.RoadScholar.test.CTY_TC_52">
          <skipped />
    </testcase>
            <testcase name="methodLevelTearDown" time="0.0" classname="in.valtech.RoadScholar.test.CTY_TC_52">
          <skipped />
    </testcase>
            <testcase name="methodLevelTearDown" time="0.0" classname="in.valtech.RoadScholar.test.CTY_TC_52">
          <skipped />
    </testcase>
            <testcase name="methodLevelTearDown" time="0.0" classname="in.valtech.RoadScholar.test.CTY_TC_52">
          <skipped />
    </testcase>
            <testcase name="methodLevelTearDown" time="0.0" classname="in.valtech.RoadScholar.test.CTY_TC_52">
          <skipped />
    </testcase>
            <testcase name="methodLevelSetup" time="0.0" classname="in.valtech.RoadScholar.test.CTY_TC_52">
          <skipped />
    </testcase>
            <testcase name="step49_verifyValueOfProgramDate" time="0.0" classname="in.valtech.RoadScholar.test.CTY_TC_52">
          <skipped />
    </testcase>
            <testcase name="step48_verifyValueOfProgramNumber" time="0.0" classname="in.valtech.RoadScholar.test.CTY_TC_52">
          <skipped />
    </testcase>
            <testcase name="step32_verifyDescription" time="0.0" classname="in.valtech.RoadScholar.test.CTY_TC_52">
          <skipped />
    </testcase>
            <testcase name="step41_verifyWithAGift" time="0.0" classname="in.valtech.RoadScholar.test.CTY_TC_52">
          <skipped />
    </testcase>
            <testcase name="step46_verifyValueOfOrderName" time="0.0" classname="in.valtech.RoadScholar.test.CTY_TC_52">
          <skipped />
    </testcase>
            <testcase name="step38_verifyAccommodation" time="0.0" classname="in.valtech.RoadScholar.test.CTY_TC_52">
          <skipped />
    </testcase>
            <testcase name="step45_verifyValueOfOrderNumber" time="0.0" classname="in.valtech.RoadScholar.test.CTY_TC_52">
          <skipped />
    </testcase>
            <testcase name="step37_verifyProgramDates" time="0.0" classname="in.valtech.RoadScholar.test.CTY_TC_52">
          <skipped />
    </testcase>
            <testcase name="step33_verifyPeopleTravelling" time="0.0" classname="in.valtech.RoadScholar.test.CTY_TC_52">
          <skipped />
    </testcase>
            <testcase name="step35_verifyordernumber" time="0.0" classname="in.valtech.RoadScholar.test.CTY_TC_52">
          <skipped />
    </testcase>
            <testcase name="step44_verifyLearnMoreLink" time="0.0" classname="in.valtech.RoadScholar.test.CTY_TC_52">
          <skipped />
    </testcase>
            <testcase name="step39_verifyActivityLevel" time="0.0" classname="in.valtech.RoadScholar.test.CTY_TC_52">
          <skipped />
    </testcase>
            <testcase name="step47_verifyValueOfProgramName" time="0.0" classname="in.valtech.RoadScholar.test.CTY_TC_52">
          <skipped />
    </testcase>
            <testcase name="step36_verifyProgramNumber" time="0.0" classname="in.valtech.RoadScholar.test.CTY_TC_52">
          <skipped />
    </testcase>
            <testcase name="step42_verifyRemainingBalance" time="0.0" classname="in.valtech.RoadScholar.test.CTY_TC_52">
          <skipped />
    </testcase>
            <testcase name="step34_verifyordernumber" time="0.0" classname="in.valtech.RoadScholar.test.CTY_TC_52">
          <skipped />
    </testcase>
            <testcase name="step43_verifyCancellationPolicyLink" time="0.0" classname="in.valtech.RoadScholar.test.CTY_TC_52">
          <skipped />
    </testcase>
            <testcase name="step40_verifyTotalPrice" time="0.0" classname="in.valtech.RoadScholar.test.CTY_TC_52">
          <skipped />
    </testcase>
  
            <testcase name="Step08_clickOnSearchButton" time="5.072" classname="in.valtech.RoadScholar.test.CTY_TC_52" />
                <testcase name="Step21_selectCountry1" time="10.193" classname="in.valtech.RoadScholar.test.CTY_TC_52" />
                <testcase name="step24_clickOn$10RadioButton" time="0.065" classname="in.valtech.RoadScholar.test.CTY_TC_52" />
                <testcase name="Step17_enterValueAddress" time="10.132" classname="in.valtech.RoadScholar.test.CTY_TC_52" />
                <testcase name="Step04_Email" time="15.230" classname="in.valtech.RoadScholar.test.CTY_TC_52" />
                <testcase name="Step05_Passwd" time="10.174" classname="in.valtech.RoadScholar.test.CTY_TC_52" />
                <testcase name="Step09_clickOnDateAndPricesTab" time="10.709" classname="in.valtech.RoadScholar.test.CTY_TC_52" />
                <testcase name="Step18_enterCity" time="10.139" classname="in.valtech.RoadScholar.test.CTY_TC_52" />
                <testcase name="Step14_clickOnContinueBtn" time="20.158" classname="in.valtech.RoadScholar.test.CTY_TC_52" />
                <testcase name="step29_enterTextIntoAllMandatoryFields" time="15.460" classname="in.valtech.RoadScholar.test.CTY_TC_52" />
                <testcase name="Step07_EnterTripIdIntoSearchField" time="5.126" classname="in.valtech.RoadScholar.test.CTY_TC_52" />
                <testcase name="step25_clickOn$10RadioButton" time="0.083" classname="in.valtech.RoadScholar.test.CTY_TC_52" />
                <testcase name="step27_clickIAcceptButton" time="10.113" classname="in.valtech.RoadScholar.test.CTY_TC_52" />
                <testcase name="Step12_SelectDoubleRadioBtn" time="10.093" classname="in.valtech.RoadScholar.test.CTY_TC_52" />
                <testcase name="Step06_SignUpBtn" time="15.207" classname="in.valtech.RoadScholar.test.CTY_TC_52" />
                <testcase name="step26_clickOnOkayButton" time="5.074" classname="in.valtech.RoadScholar.test.CTY_TC_52" />
                <testcase name="Step16_enterValueLastName" time="10.121" classname="in.valtech.RoadScholar.test.CTY_TC_52" />
                <testcase name="Step15_EnterValueFirstName" time="11.192" classname="in.valtech.RoadScholar.test.CTY_TC_52" />
                <testcase name="Step19_enterZipCode" time="10.120" classname="in.valtech.RoadScholar.test.CTY_TC_52" />
                <testcase name="Step11_click" time="5.081" classname="in.valtech.RoadScholar.test.CTY_TC_52" />
                <testcase name="Step13_selectNoInterfaceRadioBtn" time="35.129" classname="in.valtech.RoadScholar.test.CTY_TC_52" />
                <testcase name="Step02_clickingOnCloseButton" time="10.104" classname="in.valtech.RoadScholar.test.CTY_TC_52" />
                <testcase name="step28_clickPayByCheckRadioButton" time="5.054" classname="in.valtech.RoadScholar.test.CTY_TC_52" />
                <testcase name="Step10_clickOnSelectBtn" time="13.113" classname="in.valtech.RoadScholar.test.CTY_TC_52" />
                <testcase name="Step03_ClickOnSignInLink" time="10.125" classname="in.valtech.RoadScholar.test.CTY_TC_52" />
                <testcase name="Step22_selectStateDropDown" time="10.214" classname="in.valtech.RoadScholar.test.CTY_TC_52" />
                <testcase name="step01_HOMEPAGE_URL" time="11.655" classname="in.valtech.RoadScholar.test.CTY_TC_52" />
                <testcase name="step30_clcickOnCompleteButton" time="5.091" classname="in.valtech.RoadScholar.test.CTY_TC_52" />
                <testcase name="Step12_selectNoInterfaceRadioBtn" time="35.069" classname="in.valtech.RoadScholar.test.CTY_TC_52" />
                <testcase name="Step19_enterPhoneNumber" time="10.141" classname="in.valtech.RoadScholar.test.CTY_TC_52" />
                <testcase name="Step23_clickOnContinueBtn" time="10.092" classname="in.valtech.RoadScholar.test.CTY_TC_52" />
      
</testsuite>
