<?xml version="1.0" encoding="UTF-8"?>
<testsuite name="Checkout_Step2_YES_CS2_TC_42"
           tests="29"
           failures="1"
           errors="0"
           skipped="0"
           time="261.673">
  <properties />
            <testcase name="step09_clickOnContinueBtn" time="45.114" classname="in.valtech.RoadScholar.test.CS2_TC_42">
                <failure type="org.openqa.selenium.NoSuchElementException"
                  message="no such element
  (Session info: chrome=53.0.2785.143)
  (Driver info: chromedriver=2.8.241075,platform=Windows NT 6.1 SP1 x86_64) (WARNING: The server did not provide any stacktrace information)
Command duration or timeout: 30.03 seconds
For documentation on this error, please visit: http://seleniumhq.org/exceptions/no_such_element.html
Build info: version: &apos;2.43.1&apos;, revision: &apos;5163bce&apos;, time: &apos;2014-09-10 16:27:33&apos;
System info: host: &apos;VDC01LDW0013&apos;, ip: &apos;192.168.155.35&apos;, os.name: &apos;Windows 7&apos;, os.arch: &apos;amd64&apos;, os.version: &apos;6.1&apos;, java.version: &apos;1.7.0_40&apos;
Session ID: 62bc7410f5215dd2c20e25aa754624ea
Driver info: org.openqa.selenium.chrome.ChromeDriver
Capabilities [{platform=XP, acceptSslCerts=true, javascriptEnabled=true, browserName=chrome, chrome={userDataDir=C:\Users\RANI~1.KUM\AppData\Local\Temp\scoped_dir19528_2976}, rotatable=false, locationContextEnabled=true, version=53.0.2785.143, takesHeapSnapshot=true, cssSelectorsEnabled=true, databaseEnabled=false, handlesAlerts=true, browserConnectionEnabled=false, nativeEvents=true, webStorageEnabled=true, applicationCacheEnabled=false, takesScreenshot=true}]"
              >
<![CDATA[org.openqa.selenium.NoSuchElementException: no such element
  (Session info: chrome=53.0.2785.143)
  (Driver info: chromedriver=2.8.241075,platform=Windows NT 6.1 SP1 x86_64) (WARNING: The server did not provide any stacktrace information)
Command duration or timeout: 30.03 seconds
For documentation on this error, please visit: http://seleniumhq.org/exceptions/no_such_element.html
Build info: version: '2.43.1', revision: '5163bce', time: '2014-09-10 16:27:33'
System info: host: 'VDC01LDW0013', ip: '192.168.155.35', os.name: 'Windows 7', os.arch: 'amd64', os.version: '6.1', java.version: '1.7.0_40'
Session ID: 62bc7410f5215dd2c20e25aa754624ea
Driver info: org.openqa.selenium.chrome.ChromeDriver
Capabilities [{platform=XP, acceptSslCerts=true, javascriptEnabled=true, browserName=chrome, chrome={userDataDir=C:\Users\RANI~1.KUM\AppData\Local\Temp\scoped_dir19528_2976}, rotatable=false, locationContextEnabled=true, version=53.0.2785.143, takesHeapSnapshot=true, cssSelectorsEnabled=true, databaseEnabled=false, handlesAlerts=true, browserConnectionEnabled=false, nativeEvents=true, webStorageEnabled=true, applicationCacheEnabled=false, takesScreenshot=true}]
  sun.reflect.NativeConstructorAccessorImpl.newInstance0(Native Method)
  sun.reflect.NativeConstructorAccessorImpl.newInstance(NativeConstructorAccessorImpl.java:57)
  sun.reflect.DelegatingConstructorAccessorImpl.newInstance(DelegatingConstructorAccessorImpl.java:45)
  java.lang.reflect.Constructor.newInstance(Constructor.java:526)
  org.openqa.selenium.remote.ErrorHandler.createThrowable(ErrorHandler.java:204)
  org.openqa.selenium.remote.ErrorHandler.throwIfResponseFailed(ErrorHandler.java:156)
  org.openqa.selenium.remote.RemoteWebDriver.execute(RemoteWebDriver.java:599)
  org.openqa.selenium.remote.RemoteWebDriver.findElement(RemoteWebDriver.java:352)
  org.openqa.selenium.remote.RemoteWebDriver.findElementByXPath(RemoteWebDriver.java:449)
  org.openqa.selenium.By$ByXPath.findElement(By.java:357)
  org.openqa.selenium.remote.RemoteWebDriver.findElement(RemoteWebDriver.java:344)
  in.valtech.RoadScholar.pages.CheckOutStep2.<init>(CheckOutStep2.java:29)
  in.valtech.RoadScholar.pages.CheckOutStep1.ClickContinue(CheckOutStep1.java:115)
  in.valtech.RoadScholar.test.CS2_TC_42.step09_clickOnContinueBtn(CS2_TC_42.java:133)
  sun.reflect.NativeMethodAccessorImpl.invoke0(Native Method)
  sun.reflect.NativeMethodAccessorImpl.invoke(NativeMethodAccessorImpl.java:57)
  sun.reflect.DelegatingMethodAccessorImpl.invoke(DelegatingMethodAccessorImpl.java:43)
  java.lang.reflect.Method.invoke(Method.java:606)
  org.testng.internal.MethodInvocationHelper.invokeMethod(MethodInvocationHelper.java:84)
  org.testng.internal.Invoker.invokeMethod(Invoker.java:714)
  org.testng.internal.Invoker.invokeTestMethod(Invoker.java:901)
  org.testng.internal.Invoker.invokeTestMethods(Invoker.java:1231)
  org.testng.internal.TestMethodWorker.invokeTestMethods(TestMethodWorker.java:127)
  org.testng.internal.TestMethodWorker.run(TestMethodWorker.java:111)
  org.testng.TestRunner.privateRun(TestRunner.java:767)
  org.testng.TestRunner.run(TestRunner.java:617)
  org.testng.SuiteRunner.runTest(SuiteRunner.java:334)
  org.testng.SuiteRunner.runSequentially(SuiteRunner.java:329)
  org.testng.SuiteRunner.privateRun(SuiteRunner.java:291)
  org.testng.SuiteRunner.run(SuiteRunner.java:240)
  org.testng.SuiteRunnerWorker.runSuite(SuiteRunnerWorker.java:52)
  org.testng.SuiteRunnerWorker.run(SuiteRunnerWorker.java:86)
  org.testng.TestNG.runSuitesSequentially(TestNG.java:1224)
  org.testng.TestNG.runSuitesLocally(TestNG.java:1149)
  org.testng.TestNG.run(TestNG.java:1057)
  org.testng.TestNG.privateMain(TestNG.java:1364)
  org.testng.TestNG.main(TestNG.java:1333)
]]>
      </failure>

          </testcase>
  
  
            <testcase name="step11_Passwd" time="10.142" classname="in.valtech.RoadScholar.test.CS2_TC_42" />
                <testcase name="step03_clickOnTripCard" time="15.304" classname="in.valtech.RoadScholar.test.CS2_TC_42" />
                <testcase name="step15_verifyContactInformationSection" time="5.039" classname="in.valtech.RoadScholar.test.CS2_TC_42" />
                <testcase name="step23_verifyStateDropDowwn" time="5.053" classname="in.valtech.RoadScholar.test.CS2_TC_42" />
                <testcase name="step19_verifyCityField" time="5.051" classname="in.valtech.RoadScholar.test.CS2_TC_42" />
                <testcase name="step13_verifyYourDetailsTab" time="5.077" classname="in.valtech.RoadScholar.test.CS2_TC_42" />
                <testcase name="step21_verifyCountryDropDowwn" time="5.051" classname="in.valtech.RoadScholar.test.CS2_TC_42" />
                <testcase name="step25_verifyOrderSummaryContinueBtn" time="5.038" classname="in.valtech.RoadScholar.test.CS2_TC_42" />
                <testcase name="Step01_HOMEPAGE_URL" time="10.065" classname="in.valtech.RoadScholar.test.CS2_TC_42" />
                <testcase name="step04_clickOnDateAndPricesTab" time="15.346" classname="in.valtech.RoadScholar.test.CS2_TC_42" />
                <testcase name="step20_verifyZipCodeField" time="5.049" classname="in.valtech.RoadScholar.test.CS2_TC_42" />
                <testcase name="step26_verifyTalkToUsSection" time="5.039" classname="in.valtech.RoadScholar.test.CS2_TC_42" />
                <testcase name="step05_clickOnSelectBtn" time="10.187" classname="in.valtech.RoadScholar.test.CS2_TC_42" />
                <testcase name="step02_clickingOnClose" time="10.098" classname="in.valtech.RoadScholar.test.CS2_TC_42" />
                <testcase name="step21_verifyPhoneNumberField" time="5.053" classname="in.valtech.RoadScholar.test.CS2_TC_42" />
                <testcase name="step29_verifyContinueButton" time="5.053" classname="in.valtech.RoadScholar.test.CS2_TC_42" />
                <testcase name="step06_click" time="5.098" classname="in.valtech.RoadScholar.test.CS2_TC_42" />
                <testcase name="Step08_selectNoInterfaceRadioBtn" time="5.098" classname="in.valtech.RoadScholar.test.CS2_TC_42" />
                <testcase name="step07_SelectDoubleRadioBtn" time="10.105" classname="in.valtech.RoadScholar.test.CS2_TC_42" />
                <testcase name="step28_verifyBackButton" time="5.052" classname="in.valtech.RoadScholar.test.CS2_TC_42" />
                <testcase name="step14_verifypreference" time="5.055" classname="in.valtech.RoadScholar.test.CS2_TC_42" />
                <testcase name="step27_verifyPriceOverviewSection" time="5.052" classname="in.valtech.RoadScholar.test.CS2_TC_42" />
                <testcase name="step11_SignUpBtn" time="24.072" classname="in.valtech.RoadScholar.test.CS2_TC_42" />
                <testcase name="step18_verifyAddressTextField" time="5.053" classname="in.valtech.RoadScholar.test.CS2_TC_42" />
                <testcase name="step24_verifyOrderSummarySection" time="5.038" classname="in.valtech.RoadScholar.test.CS2_TC_42" />
                <testcase name="step10_Email" time="15.186" classname="in.valtech.RoadScholar.test.CS2_TC_42" />
                <testcase name="step17_verifyLastNameTextField" time="5.052" classname="in.valtech.RoadScholar.test.CS2_TC_42" />
                <testcase name="step16_verifyFirstNameTextField" time="5.053" classname="in.valtech.RoadScholar.test.CS2_TC_42" />
      
</testsuite>
