<?xml version="1.0" encoding="UTF-8"?>
<testsuite name="Personal Information Page_YES_PIP_TC_24"
           tests="18"
           failures="1"
           errors="0"
           skipped="17"
           time="30.092">
  <properties />
            <testcase name="step07_ClickOnPersonalInformationLink" time="30.090" classname="in.valtech.RoadScholar.test.PIP_TC_24">
                <failure type="java.lang.IllegalStateException"
                  message="This is not the RS home page"
              >
<![CDATA[java.lang.IllegalStateException: This is not the RS home page
  in.valtech.RoadScholar.pages.HomePage.<init>(HomePage.java:46)
  in.valtech.RoadScholar.test.PIP_TC_24.step07_ClickOnPersonalInformationLink(PIP_TC_24.java:100)
  sun.reflect.NativeMethodAccessorImpl.invoke0(Native Method)
  sun.reflect.NativeMethodAccessorImpl.invoke(NativeMethodAccessorImpl.java:57)
  sun.reflect.DelegatingMethodAccessorImpl.invoke(DelegatingMethodAccessorImpl.java:43)
  java.lang.reflect.Method.invoke(Method.java:606)
  org.testng.internal.MethodInvocationHelper.invokeMethod(MethodInvocationHelper.java:84)
  org.testng.internal.Invoker.invokeMethod(Invoker.java:714)
  org.testng.internal.Invoker.invokeTestMethod(Invoker.java:901)
  org.testng.internal.Invoker.invokeTestMethods(Invoker.java:1231)
  org.testng.internal.TestMethodWorker.invokeTestMethods(TestMethodWorker.java:127)
  org.testng.internal.TestMethodWorker.run(TestMethodWorker.java:111)
  org.testng.TestRunner.privateRun(TestRunner.java:767)
  org.testng.TestRunner.run(TestRunner.java:617)
  org.testng.SuiteRunner.runTest(SuiteRunner.java:334)
  org.testng.SuiteRunner.runSequentially(SuiteRunner.java:329)
  org.testng.SuiteRunner.privateRun(SuiteRunner.java:291)
  org.testng.SuiteRunner.run(SuiteRunner.java:240)
  org.testng.SuiteRunnerWorker.runSuite(SuiteRunnerWorker.java:52)
  org.testng.SuiteRunnerWorker.run(SuiteRunnerWorker.java:86)
  org.testng.TestNG.runSuitesSequentially(TestNG.java:1224)
  org.testng.TestNG.runSuitesLocally(TestNG.java:1149)
  org.testng.TestNG.run(TestNG.java:1057)
  org.testng.TestNG.privateMain(TestNG.java:1364)
  org.testng.TestNG.main(TestNG.java:1333)
]]>
      </failure>

          </testcase>
  
            <testcase name="methodLevelTearDown" time="0.0" classname="in.valtech.RoadScholar.test.PIP_TC_24">
          <skipped />
    </testcase>
            <testcase name="methodLevelSetup" time="0.0" classname="in.valtech.RoadScholar.test.PIP_TC_24">
          <skipped />
    </testcase>
            <testcase name="methodLevelSetup" time="0.0" classname="in.valtech.RoadScholar.test.PIP_TC_24">
          <skipped />
    </testcase>
            <testcase name="methodLevelTearDown" time="0.0" classname="in.valtech.RoadScholar.test.PIP_TC_24">
          <skipped />
    </testcase>
            <testcase name="methodLevelSetup" time="0.0" classname="in.valtech.RoadScholar.test.PIP_TC_24">
          <skipped />
    </testcase>
            <testcase name="methodLevelSetup" time="0.0" classname="in.valtech.RoadScholar.test.PIP_TC_24">
          <skipped />
    </testcase>
            <testcase name="methodLevelTearDown" time="0.0" classname="in.valtech.RoadScholar.test.PIP_TC_24">
          <skipped />
    </testcase>
            <testcase name="methodLevelTearDown" time="0.0" classname="in.valtech.RoadScholar.test.PIP_TC_24">
          <skipped />
    </testcase>
            <testcase name="methodLevelSetup" time="0.0" classname="in.valtech.RoadScholar.test.PIP_TC_24">
          <skipped />
    </testcase>
            <testcase name="methodLevelTearDown" time="0.0" classname="in.valtech.RoadScholar.test.PIP_TC_24">
          <skipped />
    </testcase>
            <testcase name="classLevelTearDown" time="0.0" classname="in.valtech.RoadScholar.test.PIP_TC_24">
          <skipped />
    </testcase>
            <testcase name="methodLevelTearDown" time="0.0" classname="in.valtech.RoadScholar.test.PIP_TC_24">
          <skipped />
    </testcase>
            <testcase name="step11_ClcikOnSaveButton" time="0.0" classname="in.valtech.RoadScholar.test.PIP_TC_24">
          <skipped />
    </testcase>
            <testcase name="step10_enteringValueToMiddleNameField" time="0.0" classname="in.valtech.RoadScholar.test.PIP_TC_24">
          <skipped />
    </testcase>
            <testcase name="step12_verifySuccessMessage" time="0.0" classname="in.valtech.RoadScholar.test.PIP_TC_24">
          <skipped />
    </testcase>
            <testcase name="step09_ClearMiddleNameField" time="0.0" classname="in.valtech.RoadScholar.test.PIP_TC_24">
          <skipped />
    </testcase>
            <testcase name="step08_VerifyDefaultUserName" time="0.0" classname="in.valtech.RoadScholar.test.PIP_TC_24">
          <skipped />
    </testcase>
  
  
</testsuite>
