<?xml version="1.0" encoding="utf-8" ?>
<!DOCTYPE html PUBLIC "-//W3C//DTD XHTML 1.0 Strict//EN"
        "http://www.w3.org/TR/xhtml1/DTD/xhtml1-strict.dtd">
<html xmlns="http://www.w3.org/1999/xhtml" xml:lang="" lang="">
<head>
  <title>Test Result Report - Checkout_Step3_YES_CS3_TC_51</title>
  <meta http-equiv="Content-Type" content="text/html;charset=utf-8" />
  <meta name="description" content="TestNG unit test results." />
  <link href="reportng.css" rel="stylesheet" type="text/css" />
    <script type="text/javascript" src="reportng.js"></script>
</head>
<body>
<h1>Checkout_Step3_YES_CS3_TC_51</h1>
<p>
  Test duration: 98.283s
</p>



  <table class="resultsTable">
    <tr><th colspan="3" class="header failed">Failed Tests</th></tr>
          <tr>
        <td colspan="3" class="group">in.valtech.RoadScholar.test.CS3_TC_51</td>
      </tr>
            
<tr>
  <td class="method">
                  <span class="description" title="Step 10:  click on select date button from trip date and prices pages">Step10_clickOnSelectBtn</span>
      </td>
  <td class="duration">
    5.058s
  </td>
  <td class="result">
        
    
            <div class="testOutput">
                        <br /><a href="D:\RS_Automation\RS_WorkSpace\Automation\Road Scholar/screenshots/Step10_clickOnSelectBtn1476273937107.png" class="highslide" rel="highslide"> <img src="D:\RS_Automation\RS_WorkSpace\Automation\Road Scholar/screenshots/Step10_clickOnSelectBtn1476273937107.png"  alt="Highslide JS" title="Click to enlarge" hight='100' width='100'/> </a><br/>
                                <a href="D:\RS_Automation\RS_WorkSpace\Automation\Road Scholar/screenshots/Step10_clickOnSelectBtn1476273937107.png">Step10_clickOnSelectBtn1476273937107 </a><br/>
                  </div>
    

        <a href="javascript:toggleElement('exception-0', 'block')" title="Click to expand/collapse"><b>java.lang.IllegalArgumentException: Cannot find elements when the XPath expression is null.</b></a><br />
    <div class="stackTrace" id="exception-0">
              org.openqa.selenium.By.xpath(By.java:112)<br />
              in.valtech.RoadScholar.pages.CheckOutStep1.&lt;init&gt;(CheckOutStep1.java:62)<br />
              in.valtech.RoadScholar.pages.TripDatesAndPrices.clickOnSelectDateBtn(TripDatesAndPrices.java:54)<br />
              in.valtech.RoadScholar.test.CS3_TC_51.Step10_clickOnSelectBtn(CS3_TC_51.java:149)<br />
              sun.reflect.NativeMethodAccessorImpl.invoke0(Native Method)<br />
              sun.reflect.NativeMethodAccessorImpl.invoke(NativeMethodAccessorImpl.java:57)<br />
              sun.reflect.DelegatingMethodAccessorImpl.invoke(DelegatingMethodAccessorImpl.java:43)<br />
              java.lang.reflect.Method.invoke(Method.java:606)<br />
              org.testng.internal.MethodInvocationHelper.invokeMethod(MethodInvocationHelper.java:84)<br />
              org.testng.internal.Invoker.invokeMethod(Invoker.java:714)<br />
              org.testng.internal.Invoker.invokeTestMethod(Invoker.java:901)<br />
              org.testng.internal.Invoker.invokeTestMethods(Invoker.java:1231)<br />
              org.testng.internal.TestMethodWorker.invokeTestMethods(TestMethodWorker.java:127)<br />
              org.testng.internal.TestMethodWorker.run(TestMethodWorker.java:111)<br />
              org.testng.TestRunner.privateRun(TestRunner.java:767)<br />
              org.testng.TestRunner.run(TestRunner.java:617)<br />
              org.testng.SuiteRunner.runTest(SuiteRunner.java:334)<br />
              org.testng.SuiteRunner.runSequentially(SuiteRunner.java:329)<br />
              org.testng.SuiteRunner.privateRun(SuiteRunner.java:291)<br />
              org.testng.SuiteRunner.run(SuiteRunner.java:240)<br />
              org.testng.SuiteRunnerWorker.runSuite(SuiteRunnerWorker.java:52)<br />
              org.testng.SuiteRunnerWorker.run(SuiteRunnerWorker.java:86)<br />
              org.testng.TestNG.runSuitesSequentially(TestNG.java:1224)<br />
              org.testng.TestNG.runSuitesLocally(TestNG.java:1149)<br />
              org.testng.TestNG.run(TestNG.java:1057)<br />
              org.testng.TestNG.privateMain(TestNG.java:1364)<br />
              org.testng.TestNG.main(TestNG.java:1333)<br />
                </div>
      </td>
</tr>
<tr>
  <td class="method">
                  <span class="description" title="Step 11: click on single person under number of people enrolling from your household section">Step11_click</span>
      </td>
  <td class="duration">
    0.000s
  </td>
  <td class="result">
        
    
            <div class="testOutput">
                        <br /><a href="D:\RS_Automation\RS_WorkSpace\Automation\Road Scholar/screenshots/Step11_click1476273942307.png" class="highslide" rel="highslide"> <img src="D:\RS_Automation\RS_WorkSpace\Automation\Road Scholar/screenshots/Step11_click1476273942307.png"  alt="Highslide JS" title="Click to enlarge" hight='100' width='100'/> </a><br/>
                                <a href="D:\RS_Automation\RS_WorkSpace\Automation\Road Scholar/screenshots/Step11_click1476273942307.png">Step11_click1476273942307 </a><br/>
                  </div>
    

        <a href="javascript:toggleElement('exception-1', 'block')" title="Click to expand/collapse"><b>java.lang.IllegalArgumentException: Cannot find elements when the XPath expression is null.</b></a><br />
    <div class="stackTrace" id="exception-1">
              org.openqa.selenium.By.xpath(By.java:112)<br />
              in.valtech.RoadScholar.pages.CheckOutStep1.&lt;init&gt;(CheckOutStep1.java:62)<br />
              in.valtech.RoadScholar.test.CS3_TC_51.Step11_click(CS3_TC_51.java:162)<br />
              sun.reflect.NativeMethodAccessorImpl.invoke0(Native Method)<br />
              sun.reflect.NativeMethodAccessorImpl.invoke(NativeMethodAccessorImpl.java:57)<br />
              sun.reflect.DelegatingMethodAccessorImpl.invoke(DelegatingMethodAccessorImpl.java:43)<br />
              java.lang.reflect.Method.invoke(Method.java:606)<br />
              org.testng.internal.MethodInvocationHelper.invokeMethod(MethodInvocationHelper.java:84)<br />
              org.testng.internal.Invoker.invokeMethod(Invoker.java:714)<br />
              org.testng.internal.Invoker.invokeTestMethod(Invoker.java:901)<br />
              org.testng.internal.Invoker.invokeTestMethods(Invoker.java:1231)<br />
              org.testng.internal.TestMethodWorker.invokeTestMethods(TestMethodWorker.java:127)<br />
              org.testng.internal.TestMethodWorker.run(TestMethodWorker.java:111)<br />
              org.testng.TestRunner.privateRun(TestRunner.java:767)<br />
              org.testng.TestRunner.run(TestRunner.java:617)<br />
              org.testng.SuiteRunner.runTest(SuiteRunner.java:334)<br />
              org.testng.SuiteRunner.runSequentially(SuiteRunner.java:329)<br />
              org.testng.SuiteRunner.privateRun(SuiteRunner.java:291)<br />
              org.testng.SuiteRunner.run(SuiteRunner.java:240)<br />
              org.testng.SuiteRunnerWorker.runSuite(SuiteRunnerWorker.java:52)<br />
              org.testng.SuiteRunnerWorker.run(SuiteRunnerWorker.java:86)<br />
              org.testng.TestNG.runSuitesSequentially(TestNG.java:1224)<br />
              org.testng.TestNG.runSuitesLocally(TestNG.java:1149)<br />
              org.testng.TestNG.run(TestNG.java:1057)<br />
              org.testng.TestNG.privateMain(TestNG.java:1364)<br />
              org.testng.TestNG.main(TestNG.java:1333)<br />
                </div>
      </td>
</tr>
<tr>
  <td class="method">
                  <span class="description" title="Step 12: select single radio button ">Step12_SelectDoubleRadioBtn</span>
      </td>
  <td class="duration">
    0.000s
  </td>
  <td class="result">
        
    
            <div class="testOutput">
                        <br /><a href="D:\RS_Automation\RS_WorkSpace\Automation\Road Scholar/screenshots/Step12_SelectDoubleRadioBtn1476273942426.png" class="highslide" rel="highslide"> <img src="D:\RS_Automation\RS_WorkSpace\Automation\Road Scholar/screenshots/Step12_SelectDoubleRadioBtn1476273942426.png"  alt="Highslide JS" title="Click to enlarge" hight='100' width='100'/> </a><br/>
                                <a href="D:\RS_Automation\RS_WorkSpace\Automation\Road Scholar/screenshots/Step12_SelectDoubleRadioBtn1476273942426.png">Step12_SelectDoubleRadioBtn1476273942426 </a><br/>
                  </div>
    

        <a href="javascript:toggleElement('exception-2', 'block')" title="Click to expand/collapse"><b>java.lang.IllegalArgumentException: Cannot find elements when the XPath expression is null.</b></a><br />
    <div class="stackTrace" id="exception-2">
              org.openqa.selenium.By.xpath(By.java:112)<br />
              in.valtech.RoadScholar.pages.CheckOutStep1.&lt;init&gt;(CheckOutStep1.java:62)<br />
              in.valtech.RoadScholar.test.CS3_TC_51.Step12_SelectDoubleRadioBtn(CS3_TC_51.java:175)<br />
              sun.reflect.NativeMethodAccessorImpl.invoke0(Native Method)<br />
              sun.reflect.NativeMethodAccessorImpl.invoke(NativeMethodAccessorImpl.java:57)<br />
              sun.reflect.DelegatingMethodAccessorImpl.invoke(DelegatingMethodAccessorImpl.java:43)<br />
              java.lang.reflect.Method.invoke(Method.java:606)<br />
              org.testng.internal.MethodInvocationHelper.invokeMethod(MethodInvocationHelper.java:84)<br />
              org.testng.internal.Invoker.invokeMethod(Invoker.java:714)<br />
              org.testng.internal.Invoker.invokeTestMethod(Invoker.java:901)<br />
              org.testng.internal.Invoker.invokeTestMethods(Invoker.java:1231)<br />
              org.testng.internal.TestMethodWorker.invokeTestMethods(TestMethodWorker.java:127)<br />
              org.testng.internal.TestMethodWorker.run(TestMethodWorker.java:111)<br />
              org.testng.TestRunner.privateRun(TestRunner.java:767)<br />
              org.testng.TestRunner.run(TestRunner.java:617)<br />
              org.testng.SuiteRunner.runTest(SuiteRunner.java:334)<br />
              org.testng.SuiteRunner.runSequentially(SuiteRunner.java:329)<br />
              org.testng.SuiteRunner.privateRun(SuiteRunner.java:291)<br />
              org.testng.SuiteRunner.run(SuiteRunner.java:240)<br />
              org.testng.SuiteRunnerWorker.runSuite(SuiteRunnerWorker.java:52)<br />
              org.testng.SuiteRunnerWorker.run(SuiteRunnerWorker.java:86)<br />
              org.testng.TestNG.runSuitesSequentially(TestNG.java:1224)<br />
              org.testng.TestNG.runSuitesLocally(TestNG.java:1149)<br />
              org.testng.TestNG.run(TestNG.java:1057)<br />
              org.testng.TestNG.privateMain(TestNG.java:1364)<br />
              org.testng.TestNG.main(TestNG.java:1333)<br />
                </div>
      </td>
</tr>
<tr>
  <td class="method">
                  <span class="description" title="Step 13: select no interface radio button ">Step13_selectNoInterfaceRadioBtn</span>
      </td>
  <td class="duration">
    0.000s
  </td>
  <td class="result">
        
    
            <div class="testOutput">
                        <br /><a href="D:\RS_Automation\RS_WorkSpace\Automation\Road Scholar/screenshots/Step13_selectNoInterfaceRadioBtn1476273942546.png" class="highslide" rel="highslide"> <img src="D:\RS_Automation\RS_WorkSpace\Automation\Road Scholar/screenshots/Step13_selectNoInterfaceRadioBtn1476273942546.png"  alt="Highslide JS" title="Click to enlarge" hight='100' width='100'/> </a><br/>
                                <a href="D:\RS_Automation\RS_WorkSpace\Automation\Road Scholar/screenshots/Step13_selectNoInterfaceRadioBtn1476273942546.png">Step13_selectNoInterfaceRadioBtn1476273942546 </a><br/>
                  </div>
    

        <a href="javascript:toggleElement('exception-3', 'block')" title="Click to expand/collapse"><b>java.lang.IllegalArgumentException: Cannot find elements when the XPath expression is null.</b></a><br />
    <div class="stackTrace" id="exception-3">
              org.openqa.selenium.By.xpath(By.java:112)<br />
              in.valtech.RoadScholar.pages.CheckOutStep1.&lt;init&gt;(CheckOutStep1.java:62)<br />
              in.valtech.RoadScholar.test.CS3_TC_51.Step13_selectNoInterfaceRadioBtn(CS3_TC_51.java:189)<br />
              sun.reflect.NativeMethodAccessorImpl.invoke0(Native Method)<br />
              sun.reflect.NativeMethodAccessorImpl.invoke(NativeMethodAccessorImpl.java:57)<br />
              sun.reflect.DelegatingMethodAccessorImpl.invoke(DelegatingMethodAccessorImpl.java:43)<br />
              java.lang.reflect.Method.invoke(Method.java:606)<br />
              org.testng.internal.MethodInvocationHelper.invokeMethod(MethodInvocationHelper.java:84)<br />
              org.testng.internal.Invoker.invokeMethod(Invoker.java:714)<br />
              org.testng.internal.Invoker.invokeTestMethod(Invoker.java:901)<br />
              org.testng.internal.Invoker.invokeTestMethods(Invoker.java:1231)<br />
              org.testng.internal.TestMethodWorker.invokeTestMethods(TestMethodWorker.java:127)<br />
              org.testng.internal.TestMethodWorker.run(TestMethodWorker.java:111)<br />
              org.testng.TestRunner.privateRun(TestRunner.java:767)<br />
              org.testng.TestRunner.run(TestRunner.java:617)<br />
              org.testng.SuiteRunner.runTest(SuiteRunner.java:334)<br />
              org.testng.SuiteRunner.runSequentially(SuiteRunner.java:329)<br />
              org.testng.SuiteRunner.privateRun(SuiteRunner.java:291)<br />
              org.testng.SuiteRunner.run(SuiteRunner.java:240)<br />
              org.testng.SuiteRunnerWorker.runSuite(SuiteRunnerWorker.java:52)<br />
              org.testng.SuiteRunnerWorker.run(SuiteRunnerWorker.java:86)<br />
              org.testng.TestNG.runSuitesSequentially(TestNG.java:1224)<br />
              org.testng.TestNG.runSuitesLocally(TestNG.java:1149)<br />
              org.testng.TestNG.run(TestNG.java:1057)<br />
              org.testng.TestNG.privateMain(TestNG.java:1364)<br />
              org.testng.TestNG.main(TestNG.java:1333)<br />
                </div>
      </td>
</tr>
<tr>
  <td class="method">
                  <span class="description" title="Step 14: click on continue button">Step14_clickOnContinueBtn</span>
      </td>
  <td class="duration">
    0.000s
  </td>
  <td class="result">
        
    
            <div class="testOutput">
                        <br /><a href="D:\RS_Automation\RS_WorkSpace\Automation\Road Scholar/screenshots/Step14_clickOnContinueBtn1476273942776.png" class="highslide" rel="highslide"> <img src="D:\RS_Automation\RS_WorkSpace\Automation\Road Scholar/screenshots/Step14_clickOnContinueBtn1476273942776.png"  alt="Highslide JS" title="Click to enlarge" hight='100' width='100'/> </a><br/>
                                <a href="D:\RS_Automation\RS_WorkSpace\Automation\Road Scholar/screenshots/Step14_clickOnContinueBtn1476273942776.png">Step14_clickOnContinueBtn1476273942776 </a><br/>
                  </div>
    

        <a href="javascript:toggleElement('exception-4', 'block')" title="Click to expand/collapse"><b>java.lang.IllegalArgumentException: Cannot find elements when the XPath expression is null.</b></a><br />
    <div class="stackTrace" id="exception-4">
              org.openqa.selenium.By.xpath(By.java:112)<br />
              in.valtech.RoadScholar.pages.CheckOutStep1.&lt;init&gt;(CheckOutStep1.java:62)<br />
              in.valtech.RoadScholar.test.CS3_TC_51.Step14_clickOnContinueBtn(CS3_TC_51.java:202)<br />
              sun.reflect.NativeMethodAccessorImpl.invoke0(Native Method)<br />
              sun.reflect.NativeMethodAccessorImpl.invoke(NativeMethodAccessorImpl.java:57)<br />
              sun.reflect.DelegatingMethodAccessorImpl.invoke(DelegatingMethodAccessorImpl.java:43)<br />
              java.lang.reflect.Method.invoke(Method.java:606)<br />
              org.testng.internal.MethodInvocationHelper.invokeMethod(MethodInvocationHelper.java:84)<br />
              org.testng.internal.Invoker.invokeMethod(Invoker.java:714)<br />
              org.testng.internal.Invoker.invokeTestMethod(Invoker.java:901)<br />
              org.testng.internal.Invoker.invokeTestMethods(Invoker.java:1231)<br />
              org.testng.internal.TestMethodWorker.invokeTestMethods(TestMethodWorker.java:127)<br />
              org.testng.internal.TestMethodWorker.run(TestMethodWorker.java:111)<br />
              org.testng.TestRunner.privateRun(TestRunner.java:767)<br />
              org.testng.TestRunner.run(TestRunner.java:617)<br />
              org.testng.SuiteRunner.runTest(SuiteRunner.java:334)<br />
              org.testng.SuiteRunner.runSequentially(SuiteRunner.java:329)<br />
              org.testng.SuiteRunner.privateRun(SuiteRunner.java:291)<br />
              org.testng.SuiteRunner.run(SuiteRunner.java:240)<br />
              org.testng.SuiteRunnerWorker.runSuite(SuiteRunnerWorker.java:52)<br />
              org.testng.SuiteRunnerWorker.run(SuiteRunnerWorker.java:86)<br />
              org.testng.TestNG.runSuitesSequentially(TestNG.java:1224)<br />
              org.testng.TestNG.runSuitesLocally(TestNG.java:1149)<br />
              org.testng.TestNG.run(TestNG.java:1057)<br />
              org.testng.TestNG.privateMain(TestNG.java:1364)<br />
              org.testng.TestNG.main(TestNG.java:1333)<br />
                </div>
      </td>
</tr>
<tr>
  <td class="method">
                  <span class="description" title="Step 15:  Enter the text into the first name text field">Step15_EnterValueFirstName</span>
      </td>
  <td class="duration">
    0.009s
  </td>
  <td class="result">
        
    
            <div class="testOutput">
                        <br /><a href="D:\RS_Automation\RS_WorkSpace\Automation\Road Scholar/screenshots/Step15_EnterValueFirstName1476273942950.png" class="highslide" rel="highslide"> <img src="D:\RS_Automation\RS_WorkSpace\Automation\Road Scholar/screenshots/Step15_EnterValueFirstName1476273942950.png"  alt="Highslide JS" title="Click to enlarge" hight='100' width='100'/> </a><br/>
                                <a href="D:\RS_Automation\RS_WorkSpace\Automation\Road Scholar/screenshots/Step15_EnterValueFirstName1476273942950.png">Step15_EnterValueFirstName1476273942950 </a><br/>
                  </div>
    

        <a href="javascript:toggleElement('exception-5', 'block')" title="Click to expand/collapse"><b>java.lang.NullPointerException</b></a><br />
    <div class="stackTrace" id="exception-5">
              java.lang.String.contentEquals(String.java:1031)<br />
              in.valtech.RoadScholar.pages.CheckOutStep2.&lt;init&gt;(CheckOutStep2.java:27)<br />
              in.valtech.RoadScholar.test.CS3_TC_51.Step15_EnterValueFirstName(CS3_TC_51.java:216)<br />
              sun.reflect.NativeMethodAccessorImpl.invoke0(Native Method)<br />
              sun.reflect.NativeMethodAccessorImpl.invoke(NativeMethodAccessorImpl.java:57)<br />
              sun.reflect.DelegatingMethodAccessorImpl.invoke(DelegatingMethodAccessorImpl.java:43)<br />
              java.lang.reflect.Method.invoke(Method.java:606)<br />
              org.testng.internal.MethodInvocationHelper.invokeMethod(MethodInvocationHelper.java:84)<br />
              org.testng.internal.Invoker.invokeMethod(Invoker.java:714)<br />
              org.testng.internal.Invoker.invokeTestMethod(Invoker.java:901)<br />
              org.testng.internal.Invoker.invokeTestMethods(Invoker.java:1231)<br />
              org.testng.internal.TestMethodWorker.invokeTestMethods(TestMethodWorker.java:127)<br />
              org.testng.internal.TestMethodWorker.run(TestMethodWorker.java:111)<br />
              org.testng.TestRunner.privateRun(TestRunner.java:767)<br />
              org.testng.TestRunner.run(TestRunner.java:617)<br />
              org.testng.SuiteRunner.runTest(SuiteRunner.java:334)<br />
              org.testng.SuiteRunner.runSequentially(SuiteRunner.java:329)<br />
              org.testng.SuiteRunner.privateRun(SuiteRunner.java:291)<br />
              org.testng.SuiteRunner.run(SuiteRunner.java:240)<br />
              org.testng.SuiteRunnerWorker.runSuite(SuiteRunnerWorker.java:52)<br />
              org.testng.SuiteRunnerWorker.run(SuiteRunnerWorker.java:86)<br />
              org.testng.TestNG.runSuitesSequentially(TestNG.java:1224)<br />
              org.testng.TestNG.runSuitesLocally(TestNG.java:1149)<br />
              org.testng.TestNG.run(TestNG.java:1057)<br />
              org.testng.TestNG.privateMain(TestNG.java:1364)<br />
              org.testng.TestNG.main(TestNG.java:1333)<br />
                </div>
      </td>
</tr>
<tr>
  <td class="method">
                  <span class="description" title="Step 16:  Enter the text into the last name text field">Step16_enterValueLastName</span>
      </td>
  <td class="duration">
    0.008s
  </td>
  <td class="result">
        
    
            <div class="testOutput">
                        <br /><a href="D:\RS_Automation\RS_WorkSpace\Automation\Road Scholar/screenshots/Step16_enterValueLastName1476273943105.png" class="highslide" rel="highslide"> <img src="D:\RS_Automation\RS_WorkSpace\Automation\Road Scholar/screenshots/Step16_enterValueLastName1476273943105.png"  alt="Highslide JS" title="Click to enlarge" hight='100' width='100'/> </a><br/>
                                <a href="D:\RS_Automation\RS_WorkSpace\Automation\Road Scholar/screenshots/Step16_enterValueLastName1476273943105.png">Step16_enterValueLastName1476273943105 </a><br/>
                  </div>
    

        <a href="javascript:toggleElement('exception-6', 'block')" title="Click to expand/collapse"><b>java.lang.NullPointerException</b></a><br />
    <div class="stackTrace" id="exception-6">
              java.lang.String.contentEquals(String.java:1031)<br />
              in.valtech.RoadScholar.pages.CheckOutStep2.&lt;init&gt;(CheckOutStep2.java:27)<br />
              in.valtech.RoadScholar.test.CS3_TC_51.Step16_enterValueLastName(CS3_TC_51.java:229)<br />
              sun.reflect.NativeMethodAccessorImpl.invoke0(Native Method)<br />
              sun.reflect.NativeMethodAccessorImpl.invoke(NativeMethodAccessorImpl.java:57)<br />
              sun.reflect.DelegatingMethodAccessorImpl.invoke(DelegatingMethodAccessorImpl.java:43)<br />
              java.lang.reflect.Method.invoke(Method.java:606)<br />
              org.testng.internal.MethodInvocationHelper.invokeMethod(MethodInvocationHelper.java:84)<br />
              org.testng.internal.Invoker.invokeMethod(Invoker.java:714)<br />
              org.testng.internal.Invoker.invokeTestMethod(Invoker.java:901)<br />
              org.testng.internal.Invoker.invokeTestMethods(Invoker.java:1231)<br />
              org.testng.internal.TestMethodWorker.invokeTestMethods(TestMethodWorker.java:127)<br />
              org.testng.internal.TestMethodWorker.run(TestMethodWorker.java:111)<br />
              org.testng.TestRunner.privateRun(TestRunner.java:767)<br />
              org.testng.TestRunner.run(TestRunner.java:617)<br />
              org.testng.SuiteRunner.runTest(SuiteRunner.java:334)<br />
              org.testng.SuiteRunner.runSequentially(SuiteRunner.java:329)<br />
              org.testng.SuiteRunner.privateRun(SuiteRunner.java:291)<br />
              org.testng.SuiteRunner.run(SuiteRunner.java:240)<br />
              org.testng.SuiteRunnerWorker.runSuite(SuiteRunnerWorker.java:52)<br />
              org.testng.SuiteRunnerWorker.run(SuiteRunnerWorker.java:86)<br />
              org.testng.TestNG.runSuitesSequentially(TestNG.java:1224)<br />
              org.testng.TestNG.runSuitesLocally(TestNG.java:1149)<br />
              org.testng.TestNG.run(TestNG.java:1057)<br />
              org.testng.TestNG.privateMain(TestNG.java:1364)<br />
              org.testng.TestNG.main(TestNG.java:1333)<br />
                </div>
      </td>
</tr>
<tr>
  <td class="method">
                  <span class="description" title="Step 17:  Enter the text into the Address  text field">Step17_enterValueAddress</span>
      </td>
  <td class="duration">
    0.006s
  </td>
  <td class="result">
        
    
            <div class="testOutput">
                        <br /><a href="D:\RS_Automation\RS_WorkSpace\Automation\Road Scholar/screenshots/Step17_enterValueAddress1476273943264.png" class="highslide" rel="highslide"> <img src="D:\RS_Automation\RS_WorkSpace\Automation\Road Scholar/screenshots/Step17_enterValueAddress1476273943264.png"  alt="Highslide JS" title="Click to enlarge" hight='100' width='100'/> </a><br/>
                                <a href="D:\RS_Automation\RS_WorkSpace\Automation\Road Scholar/screenshots/Step17_enterValueAddress1476273943264.png">Step17_enterValueAddress1476273943264 </a><br/>
                  </div>
    

        <a href="javascript:toggleElement('exception-7', 'block')" title="Click to expand/collapse"><b>java.lang.NullPointerException</b></a><br />
    <div class="stackTrace" id="exception-7">
              java.lang.String.contentEquals(String.java:1031)<br />
              in.valtech.RoadScholar.pages.CheckOutStep2.&lt;init&gt;(CheckOutStep2.java:27)<br />
              in.valtech.RoadScholar.test.CS3_TC_51.Step17_enterValueAddress(CS3_TC_51.java:242)<br />
              sun.reflect.NativeMethodAccessorImpl.invoke0(Native Method)<br />
              sun.reflect.NativeMethodAccessorImpl.invoke(NativeMethodAccessorImpl.java:57)<br />
              sun.reflect.DelegatingMethodAccessorImpl.invoke(DelegatingMethodAccessorImpl.java:43)<br />
              java.lang.reflect.Method.invoke(Method.java:606)<br />
              org.testng.internal.MethodInvocationHelper.invokeMethod(MethodInvocationHelper.java:84)<br />
              org.testng.internal.Invoker.invokeMethod(Invoker.java:714)<br />
              org.testng.internal.Invoker.invokeTestMethod(Invoker.java:901)<br />
              org.testng.internal.Invoker.invokeTestMethods(Invoker.java:1231)<br />
              org.testng.internal.TestMethodWorker.invokeTestMethods(TestMethodWorker.java:127)<br />
              org.testng.internal.TestMethodWorker.run(TestMethodWorker.java:111)<br />
              org.testng.TestRunner.privateRun(TestRunner.java:767)<br />
              org.testng.TestRunner.run(TestRunner.java:617)<br />
              org.testng.SuiteRunner.runTest(SuiteRunner.java:334)<br />
              org.testng.SuiteRunner.runSequentially(SuiteRunner.java:329)<br />
              org.testng.SuiteRunner.privateRun(SuiteRunner.java:291)<br />
              org.testng.SuiteRunner.run(SuiteRunner.java:240)<br />
              org.testng.SuiteRunnerWorker.runSuite(SuiteRunnerWorker.java:52)<br />
              org.testng.SuiteRunnerWorker.run(SuiteRunnerWorker.java:86)<br />
              org.testng.TestNG.runSuitesSequentially(TestNG.java:1224)<br />
              org.testng.TestNG.runSuitesLocally(TestNG.java:1149)<br />
              org.testng.TestNG.run(TestNG.java:1057)<br />
              org.testng.TestNG.privateMain(TestNG.java:1364)<br />
              org.testng.TestNG.main(TestNG.java:1333)<br />
                </div>
      </td>
</tr>
<tr>
  <td class="method">
                  <span class="description" title="Step 18:  Enter the text into the City text field">Step18_enterCity</span>
      </td>
  <td class="duration">
    0.007s
  </td>
  <td class="result">
        
    
            <div class="testOutput">
                        <br /><a href="D:\RS_Automation\RS_WorkSpace\Automation\Road Scholar/screenshots/Step18_enterCity1476273943430.png" class="highslide" rel="highslide"> <img src="D:\RS_Automation\RS_WorkSpace\Automation\Road Scholar/screenshots/Step18_enterCity1476273943430.png"  alt="Highslide JS" title="Click to enlarge" hight='100' width='100'/> </a><br/>
                                <a href="D:\RS_Automation\RS_WorkSpace\Automation\Road Scholar/screenshots/Step18_enterCity1476273943430.png">Step18_enterCity1476273943430 </a><br/>
                  </div>
    

        <a href="javascript:toggleElement('exception-8', 'block')" title="Click to expand/collapse"><b>java.lang.NullPointerException</b></a><br />
    <div class="stackTrace" id="exception-8">
              java.lang.String.contentEquals(String.java:1031)<br />
              in.valtech.RoadScholar.pages.CheckOutStep2.&lt;init&gt;(CheckOutStep2.java:27)<br />
              in.valtech.RoadScholar.test.CS3_TC_51.Step18_enterCity(CS3_TC_51.java:255)<br />
              sun.reflect.NativeMethodAccessorImpl.invoke0(Native Method)<br />
              sun.reflect.NativeMethodAccessorImpl.invoke(NativeMethodAccessorImpl.java:57)<br />
              sun.reflect.DelegatingMethodAccessorImpl.invoke(DelegatingMethodAccessorImpl.java:43)<br />
              java.lang.reflect.Method.invoke(Method.java:606)<br />
              org.testng.internal.MethodInvocationHelper.invokeMethod(MethodInvocationHelper.java:84)<br />
              org.testng.internal.Invoker.invokeMethod(Invoker.java:714)<br />
              org.testng.internal.Invoker.invokeTestMethod(Invoker.java:901)<br />
              org.testng.internal.Invoker.invokeTestMethods(Invoker.java:1231)<br />
              org.testng.internal.TestMethodWorker.invokeTestMethods(TestMethodWorker.java:127)<br />
              org.testng.internal.TestMethodWorker.run(TestMethodWorker.java:111)<br />
              org.testng.TestRunner.privateRun(TestRunner.java:767)<br />
              org.testng.TestRunner.run(TestRunner.java:617)<br />
              org.testng.SuiteRunner.runTest(SuiteRunner.java:334)<br />
              org.testng.SuiteRunner.runSequentially(SuiteRunner.java:329)<br />
              org.testng.SuiteRunner.privateRun(SuiteRunner.java:291)<br />
              org.testng.SuiteRunner.run(SuiteRunner.java:240)<br />
              org.testng.SuiteRunnerWorker.runSuite(SuiteRunnerWorker.java:52)<br />
              org.testng.SuiteRunnerWorker.run(SuiteRunnerWorker.java:86)<br />
              org.testng.TestNG.runSuitesSequentially(TestNG.java:1224)<br />
              org.testng.TestNG.runSuitesLocally(TestNG.java:1149)<br />
              org.testng.TestNG.run(TestNG.java:1057)<br />
              org.testng.TestNG.privateMain(TestNG.java:1364)<br />
              org.testng.TestNG.main(TestNG.java:1333)<br />
                </div>
      </td>
</tr>
<tr>
  <td class="method">
                  <span class="description" title="Step 19:  Enter the text into the phone number text field">Step19_enterPhoneNumber</span>
      </td>
  <td class="duration">
    0.006s
  </td>
  <td class="result">
        
    
            <div class="testOutput">
                        <br /><a href="D:\RS_Automation\RS_WorkSpace\Automation\Road Scholar/screenshots/Step19_enterPhoneNumber1476273943563.png" class="highslide" rel="highslide"> <img src="D:\RS_Automation\RS_WorkSpace\Automation\Road Scholar/screenshots/Step19_enterPhoneNumber1476273943563.png"  alt="Highslide JS" title="Click to enlarge" hight='100' width='100'/> </a><br/>
                                <a href="D:\RS_Automation\RS_WorkSpace\Automation\Road Scholar/screenshots/Step19_enterPhoneNumber1476273943563.png">Step19_enterPhoneNumber1476273943563 </a><br/>
                  </div>
    

        <a href="javascript:toggleElement('exception-9', 'block')" title="Click to expand/collapse"><b>java.lang.NullPointerException</b></a><br />
    <div class="stackTrace" id="exception-9">
              java.lang.String.contentEquals(String.java:1031)<br />
              in.valtech.RoadScholar.pages.CheckOutStep2.&lt;init&gt;(CheckOutStep2.java:27)<br />
              in.valtech.RoadScholar.test.CS3_TC_51.Step19_enterPhoneNumber(CS3_TC_51.java:268)<br />
              sun.reflect.NativeMethodAccessorImpl.invoke0(Native Method)<br />
              sun.reflect.NativeMethodAccessorImpl.invoke(NativeMethodAccessorImpl.java:57)<br />
              sun.reflect.DelegatingMethodAccessorImpl.invoke(DelegatingMethodAccessorImpl.java:43)<br />
              java.lang.reflect.Method.invoke(Method.java:606)<br />
              org.testng.internal.MethodInvocationHelper.invokeMethod(MethodInvocationHelper.java:84)<br />
              org.testng.internal.Invoker.invokeMethod(Invoker.java:714)<br />
              org.testng.internal.Invoker.invokeTestMethod(Invoker.java:901)<br />
              org.testng.internal.Invoker.invokeTestMethods(Invoker.java:1231)<br />
              org.testng.internal.TestMethodWorker.invokeTestMethods(TestMethodWorker.java:127)<br />
              org.testng.internal.TestMethodWorker.run(TestMethodWorker.java:111)<br />
              org.testng.TestRunner.privateRun(TestRunner.java:767)<br />
              org.testng.TestRunner.run(TestRunner.java:617)<br />
              org.testng.SuiteRunner.runTest(SuiteRunner.java:334)<br />
              org.testng.SuiteRunner.runSequentially(SuiteRunner.java:329)<br />
              org.testng.SuiteRunner.privateRun(SuiteRunner.java:291)<br />
              org.testng.SuiteRunner.run(SuiteRunner.java:240)<br />
              org.testng.SuiteRunnerWorker.runSuite(SuiteRunnerWorker.java:52)<br />
              org.testng.SuiteRunnerWorker.run(SuiteRunnerWorker.java:86)<br />
              org.testng.TestNG.runSuitesSequentially(TestNG.java:1224)<br />
              org.testng.TestNG.runSuitesLocally(TestNG.java:1149)<br />
              org.testng.TestNG.run(TestNG.java:1057)<br />
              org.testng.TestNG.privateMain(TestNG.java:1364)<br />
              org.testng.TestNG.main(TestNG.java:1333)<br />
                </div>
      </td>
</tr>
<tr>
  <td class="method">
                  <span class="description" title="Step 20:  Enter the text into the zip code text field">Step19_enterZipCode</span>
      </td>
  <td class="duration">
    0.006s
  </td>
  <td class="result">
        
    
            <div class="testOutput">
                        <br /><a href="D:\RS_Automation\RS_WorkSpace\Automation\Road Scholar/screenshots/Step19_enterZipCode1476273943696.png" class="highslide" rel="highslide"> <img src="D:\RS_Automation\RS_WorkSpace\Automation\Road Scholar/screenshots/Step19_enterZipCode1476273943696.png"  alt="Highslide JS" title="Click to enlarge" hight='100' width='100'/> </a><br/>
                                <a href="D:\RS_Automation\RS_WorkSpace\Automation\Road Scholar/screenshots/Step19_enterZipCode1476273943696.png">Step19_enterZipCode1476273943696 </a><br/>
                  </div>
    

        <a href="javascript:toggleElement('exception-10', 'block')" title="Click to expand/collapse"><b>java.lang.NullPointerException</b></a><br />
    <div class="stackTrace" id="exception-10">
              java.lang.String.contentEquals(String.java:1031)<br />
              in.valtech.RoadScholar.pages.CheckOutStep2.&lt;init&gt;(CheckOutStep2.java:27)<br />
              in.valtech.RoadScholar.test.CS3_TC_51.Step19_enterZipCode(CS3_TC_51.java:281)<br />
              sun.reflect.NativeMethodAccessorImpl.invoke0(Native Method)<br />
              sun.reflect.NativeMethodAccessorImpl.invoke(NativeMethodAccessorImpl.java:57)<br />
              sun.reflect.DelegatingMethodAccessorImpl.invoke(DelegatingMethodAccessorImpl.java:43)<br />
              java.lang.reflect.Method.invoke(Method.java:606)<br />
              org.testng.internal.MethodInvocationHelper.invokeMethod(MethodInvocationHelper.java:84)<br />
              org.testng.internal.Invoker.invokeMethod(Invoker.java:714)<br />
              org.testng.internal.Invoker.invokeTestMethod(Invoker.java:901)<br />
              org.testng.internal.Invoker.invokeTestMethods(Invoker.java:1231)<br />
              org.testng.internal.TestMethodWorker.invokeTestMethods(TestMethodWorker.java:127)<br />
              org.testng.internal.TestMethodWorker.run(TestMethodWorker.java:111)<br />
              org.testng.TestRunner.privateRun(TestRunner.java:767)<br />
              org.testng.TestRunner.run(TestRunner.java:617)<br />
              org.testng.SuiteRunner.runTest(SuiteRunner.java:334)<br />
              org.testng.SuiteRunner.runSequentially(SuiteRunner.java:329)<br />
              org.testng.SuiteRunner.privateRun(SuiteRunner.java:291)<br />
              org.testng.SuiteRunner.run(SuiteRunner.java:240)<br />
              org.testng.SuiteRunnerWorker.runSuite(SuiteRunnerWorker.java:52)<br />
              org.testng.SuiteRunnerWorker.run(SuiteRunnerWorker.java:86)<br />
              org.testng.TestNG.runSuitesSequentially(TestNG.java:1224)<br />
              org.testng.TestNG.runSuitesLocally(TestNG.java:1149)<br />
              org.testng.TestNG.run(TestNG.java:1057)<br />
              org.testng.TestNG.privateMain(TestNG.java:1364)<br />
              org.testng.TestNG.main(TestNG.java:1333)<br />
                </div>
      </td>
</tr>
<tr>
  <td class="method">
                  <span class="description" title="Step 21: select the country from drop down">Step21_selectCountry1</span>
      </td>
  <td class="duration">
    0.006s
  </td>
  <td class="result">
        
    
            <div class="testOutput">
                        <br /><a href="D:\RS_Automation\RS_WorkSpace\Automation\Road Scholar/screenshots/Step21_selectCountry11476273943828.png" class="highslide" rel="highslide"> <img src="D:\RS_Automation\RS_WorkSpace\Automation\Road Scholar/screenshots/Step21_selectCountry11476273943828.png"  alt="Highslide JS" title="Click to enlarge" hight='100' width='100'/> </a><br/>
                                <a href="D:\RS_Automation\RS_WorkSpace\Automation\Road Scholar/screenshots/Step21_selectCountry11476273943828.png">Step21_selectCountry11476273943828 </a><br/>
                  </div>
    

        <a href="javascript:toggleElement('exception-11', 'block')" title="Click to expand/collapse"><b>java.lang.NullPointerException</b></a><br />
    <div class="stackTrace" id="exception-11">
              java.lang.String.contentEquals(String.java:1031)<br />
              in.valtech.RoadScholar.pages.CheckOutStep2.&lt;init&gt;(CheckOutStep2.java:27)<br />
              in.valtech.RoadScholar.test.CS3_TC_51.Step21_selectCountry1(CS3_TC_51.java:294)<br />
              sun.reflect.NativeMethodAccessorImpl.invoke0(Native Method)<br />
              sun.reflect.NativeMethodAccessorImpl.invoke(NativeMethodAccessorImpl.java:57)<br />
              sun.reflect.DelegatingMethodAccessorImpl.invoke(DelegatingMethodAccessorImpl.java:43)<br />
              java.lang.reflect.Method.invoke(Method.java:606)<br />
              org.testng.internal.MethodInvocationHelper.invokeMethod(MethodInvocationHelper.java:84)<br />
              org.testng.internal.Invoker.invokeMethod(Invoker.java:714)<br />
              org.testng.internal.Invoker.invokeTestMethod(Invoker.java:901)<br />
              org.testng.internal.Invoker.invokeTestMethods(Invoker.java:1231)<br />
              org.testng.internal.TestMethodWorker.invokeTestMethods(TestMethodWorker.java:127)<br />
              org.testng.internal.TestMethodWorker.run(TestMethodWorker.java:111)<br />
              org.testng.TestRunner.privateRun(TestRunner.java:767)<br />
              org.testng.TestRunner.run(TestRunner.java:617)<br />
              org.testng.SuiteRunner.runTest(SuiteRunner.java:334)<br />
              org.testng.SuiteRunner.runSequentially(SuiteRunner.java:329)<br />
              org.testng.SuiteRunner.privateRun(SuiteRunner.java:291)<br />
              org.testng.SuiteRunner.run(SuiteRunner.java:240)<br />
              org.testng.SuiteRunnerWorker.runSuite(SuiteRunnerWorker.java:52)<br />
              org.testng.SuiteRunnerWorker.run(SuiteRunnerWorker.java:86)<br />
              org.testng.TestNG.runSuitesSequentially(TestNG.java:1224)<br />
              org.testng.TestNG.runSuitesLocally(TestNG.java:1149)<br />
              org.testng.TestNG.run(TestNG.java:1057)<br />
              org.testng.TestNG.privateMain(TestNG.java:1364)<br />
              org.testng.TestNG.main(TestNG.java:1333)<br />
                </div>
      </td>
</tr>
<tr>
  <td class="method">
                  <span class="description" title="Step 22: select state drop down">Step22_selectStateDropDown</span>
      </td>
  <td class="duration">
    0.006s
  </td>
  <td class="result">
        
    
            <div class="testOutput">
                        <br /><a href="D:\RS_Automation\RS_WorkSpace\Automation\Road Scholar/screenshots/Step22_selectStateDropDown1476273943965.png" class="highslide" rel="highslide"> <img src="D:\RS_Automation\RS_WorkSpace\Automation\Road Scholar/screenshots/Step22_selectStateDropDown1476273943965.png"  alt="Highslide JS" title="Click to enlarge" hight='100' width='100'/> </a><br/>
                                <a href="D:\RS_Automation\RS_WorkSpace\Automation\Road Scholar/screenshots/Step22_selectStateDropDown1476273943965.png">Step22_selectStateDropDown1476273943965 </a><br/>
                  </div>
    

        <a href="javascript:toggleElement('exception-12', 'block')" title="Click to expand/collapse"><b>java.lang.NullPointerException</b></a><br />
    <div class="stackTrace" id="exception-12">
              java.lang.String.contentEquals(String.java:1031)<br />
              in.valtech.RoadScholar.pages.CheckOutStep2.&lt;init&gt;(CheckOutStep2.java:27)<br />
              in.valtech.RoadScholar.test.CS3_TC_51.Step22_selectStateDropDown(CS3_TC_51.java:306)<br />
              sun.reflect.NativeMethodAccessorImpl.invoke0(Native Method)<br />
              sun.reflect.NativeMethodAccessorImpl.invoke(NativeMethodAccessorImpl.java:57)<br />
              sun.reflect.DelegatingMethodAccessorImpl.invoke(DelegatingMethodAccessorImpl.java:43)<br />
              java.lang.reflect.Method.invoke(Method.java:606)<br />
              org.testng.internal.MethodInvocationHelper.invokeMethod(MethodInvocationHelper.java:84)<br />
              org.testng.internal.Invoker.invokeMethod(Invoker.java:714)<br />
              org.testng.internal.Invoker.invokeTestMethod(Invoker.java:901)<br />
              org.testng.internal.Invoker.invokeTestMethods(Invoker.java:1231)<br />
              org.testng.internal.TestMethodWorker.invokeTestMethods(TestMethodWorker.java:127)<br />
              org.testng.internal.TestMethodWorker.run(TestMethodWorker.java:111)<br />
              org.testng.TestRunner.privateRun(TestRunner.java:767)<br />
              org.testng.TestRunner.run(TestRunner.java:617)<br />
              org.testng.SuiteRunner.runTest(SuiteRunner.java:334)<br />
              org.testng.SuiteRunner.runSequentially(SuiteRunner.java:329)<br />
              org.testng.SuiteRunner.privateRun(SuiteRunner.java:291)<br />
              org.testng.SuiteRunner.run(SuiteRunner.java:240)<br />
              org.testng.SuiteRunnerWorker.runSuite(SuiteRunnerWorker.java:52)<br />
              org.testng.SuiteRunnerWorker.run(SuiteRunnerWorker.java:86)<br />
              org.testng.TestNG.runSuitesSequentially(TestNG.java:1224)<br />
              org.testng.TestNG.runSuitesLocally(TestNG.java:1149)<br />
              org.testng.TestNG.run(TestNG.java:1057)<br />
              org.testng.TestNG.privateMain(TestNG.java:1364)<br />
              org.testng.TestNG.main(TestNG.java:1333)<br />
                </div>
      </td>
</tr>
<tr>
  <td class="method">
                  <span class="description" title="Step 23:  Click on continue button">Step23_clickOnContinueBtn</span>
      </td>
  <td class="duration">
    0.006s
  </td>
  <td class="result">
        
    
            <div class="testOutput">
                        <br /><a href="D:\RS_Automation\RS_WorkSpace\Automation\Road Scholar/screenshots/Step23_clickOnContinueBtn1476273944099.png" class="highslide" rel="highslide"> <img src="D:\RS_Automation\RS_WorkSpace\Automation\Road Scholar/screenshots/Step23_clickOnContinueBtn1476273944099.png"  alt="Highslide JS" title="Click to enlarge" hight='100' width='100'/> </a><br/>
                                <a href="D:\RS_Automation\RS_WorkSpace\Automation\Road Scholar/screenshots/Step23_clickOnContinueBtn1476273944099.png">Step23_clickOnContinueBtn1476273944099 </a><br/>
                  </div>
    

        <a href="javascript:toggleElement('exception-13', 'block')" title="Click to expand/collapse"><b>java.lang.NullPointerException</b></a><br />
    <div class="stackTrace" id="exception-13">
              java.lang.String.contentEquals(String.java:1031)<br />
              in.valtech.RoadScholar.pages.CheckOutStep2.&lt;init&gt;(CheckOutStep2.java:27)<br />
              in.valtech.RoadScholar.test.CS3_TC_51.Step23_clickOnContinueBtn(CS3_TC_51.java:319)<br />
              sun.reflect.NativeMethodAccessorImpl.invoke0(Native Method)<br />
              sun.reflect.NativeMethodAccessorImpl.invoke(NativeMethodAccessorImpl.java:57)<br />
              sun.reflect.DelegatingMethodAccessorImpl.invoke(DelegatingMethodAccessorImpl.java:43)<br />
              java.lang.reflect.Method.invoke(Method.java:606)<br />
              org.testng.internal.MethodInvocationHelper.invokeMethod(MethodInvocationHelper.java:84)<br />
              org.testng.internal.Invoker.invokeMethod(Invoker.java:714)<br />
              org.testng.internal.Invoker.invokeTestMethod(Invoker.java:901)<br />
              org.testng.internal.Invoker.invokeTestMethods(Invoker.java:1231)<br />
              org.testng.internal.TestMethodWorker.invokeTestMethods(TestMethodWorker.java:127)<br />
              org.testng.internal.TestMethodWorker.run(TestMethodWorker.java:111)<br />
              org.testng.TestRunner.privateRun(TestRunner.java:767)<br />
              org.testng.TestRunner.run(TestRunner.java:617)<br />
              org.testng.SuiteRunner.runTest(SuiteRunner.java:334)<br />
              org.testng.SuiteRunner.runSequentially(SuiteRunner.java:329)<br />
              org.testng.SuiteRunner.privateRun(SuiteRunner.java:291)<br />
              org.testng.SuiteRunner.run(SuiteRunner.java:240)<br />
              org.testng.SuiteRunnerWorker.runSuite(SuiteRunnerWorker.java:52)<br />
              org.testng.SuiteRunnerWorker.run(SuiteRunnerWorker.java:86)<br />
              org.testng.TestNG.runSuitesSequentially(TestNG.java:1224)<br />
              org.testng.TestNG.runSuitesLocally(TestNG.java:1149)<br />
              org.testng.TestNG.run(TestNG.java:1057)<br />
              org.testng.TestNG.privateMain(TestNG.java:1364)<br />
              org.testng.TestNG.main(TestNG.java:1333)<br />
                </div>
      </td>
</tr>
<tr>
  <td class="method">
                  <span class="description" title="Step 24: click on $10 Radio button under make a donation section">step24_clickOn$10RadioButton</span>
      </td>
  <td class="duration">
    0.007s
  </td>
  <td class="result">
        
    
            <div class="testOutput">
                        <br /><a href="D:\RS_Automation\RS_WorkSpace\Automation\Road Scholar/screenshots/step24_clickOn$10RadioButton1476273944231.png" class="highslide" rel="highslide"> <img src="D:\RS_Automation\RS_WorkSpace\Automation\Road Scholar/screenshots/step24_clickOn$10RadioButton1476273944231.png"  alt="Highslide JS" title="Click to enlarge" hight='100' width='100'/> </a><br/>
                                <a href="D:\RS_Automation\RS_WorkSpace\Automation\Road Scholar/screenshots/step24_clickOn$10RadioButton1476273944231.png">step24_clickOn$10RadioButton1476273944231 </a><br/>
                  </div>
    

        <a href="javascript:toggleElement('exception-14', 'block')" title="Click to expand/collapse"><b>java.lang.NullPointerException</b></a><br />
    <div class="stackTrace" id="exception-14">
              java.lang.String.contentEquals(String.java:1031)<br />
              in.valtech.RoadScholar.pages.CheckOutStep3.&lt;init&gt;(CheckOutStep3.java:25)<br />
              in.valtech.RoadScholar.test.CS3_TC_51.step24_clickOn$10RadioButton(CS3_TC_51.java:332)<br />
              sun.reflect.NativeMethodAccessorImpl.invoke0(Native Method)<br />
              sun.reflect.NativeMethodAccessorImpl.invoke(NativeMethodAccessorImpl.java:57)<br />
              sun.reflect.DelegatingMethodAccessorImpl.invoke(DelegatingMethodAccessorImpl.java:43)<br />
              java.lang.reflect.Method.invoke(Method.java:606)<br />
              org.testng.internal.MethodInvocationHelper.invokeMethod(MethodInvocationHelper.java:84)<br />
              org.testng.internal.Invoker.invokeMethod(Invoker.java:714)<br />
              org.testng.internal.Invoker.invokeTestMethod(Invoker.java:901)<br />
              org.testng.internal.Invoker.invokeTestMethods(Invoker.java:1231)<br />
              org.testng.internal.TestMethodWorker.invokeTestMethods(TestMethodWorker.java:127)<br />
              org.testng.internal.TestMethodWorker.run(TestMethodWorker.java:111)<br />
              org.testng.TestRunner.privateRun(TestRunner.java:767)<br />
              org.testng.TestRunner.run(TestRunner.java:617)<br />
              org.testng.SuiteRunner.runTest(SuiteRunner.java:334)<br />
              org.testng.SuiteRunner.runSequentially(SuiteRunner.java:329)<br />
              org.testng.SuiteRunner.privateRun(SuiteRunner.java:291)<br />
              org.testng.SuiteRunner.run(SuiteRunner.java:240)<br />
              org.testng.SuiteRunnerWorker.runSuite(SuiteRunnerWorker.java:52)<br />
              org.testng.SuiteRunnerWorker.run(SuiteRunnerWorker.java:86)<br />
              org.testng.TestNG.runSuitesSequentially(TestNG.java:1224)<br />
              org.testng.TestNG.runSuitesLocally(TestNG.java:1149)<br />
              org.testng.TestNG.run(TestNG.java:1057)<br />
              org.testng.TestNG.privateMain(TestNG.java:1364)<br />
              org.testng.TestNG.main(TestNG.java:1333)<br />
                </div>
      </td>
</tr>
<tr>
  <td class="method">
                  <span class="description" title="Step 25: clicks on the View terms and condition link of chekout step3 page">step25_clickOn$10RadioButton</span>
      </td>
  <td class="duration">
    0.007s
  </td>
  <td class="result">
        
    
            <div class="testOutput">
                        <br /><a href="D:\RS_Automation\RS_WorkSpace\Automation\Road Scholar/screenshots/step25_clickOn$10RadioButton1476273944365.png" class="highslide" rel="highslide"> <img src="D:\RS_Automation\RS_WorkSpace\Automation\Road Scholar/screenshots/step25_clickOn$10RadioButton1476273944365.png"  alt="Highslide JS" title="Click to enlarge" hight='100' width='100'/> </a><br/>
                                <a href="D:\RS_Automation\RS_WorkSpace\Automation\Road Scholar/screenshots/step25_clickOn$10RadioButton1476273944365.png">step25_clickOn$10RadioButton1476273944365 </a><br/>
                  </div>
    

        <a href="javascript:toggleElement('exception-15', 'block')" title="Click to expand/collapse"><b>java.lang.NullPointerException</b></a><br />
    <div class="stackTrace" id="exception-15">
              java.lang.String.contentEquals(String.java:1031)<br />
              in.valtech.RoadScholar.pages.CheckOutStep3.&lt;init&gt;(CheckOutStep3.java:25)<br />
              in.valtech.RoadScholar.test.CS3_TC_51.step25_clickOn$10RadioButton(CS3_TC_51.java:344)<br />
              sun.reflect.NativeMethodAccessorImpl.invoke0(Native Method)<br />
              sun.reflect.NativeMethodAccessorImpl.invoke(NativeMethodAccessorImpl.java:57)<br />
              sun.reflect.DelegatingMethodAccessorImpl.invoke(DelegatingMethodAccessorImpl.java:43)<br />
              java.lang.reflect.Method.invoke(Method.java:606)<br />
              org.testng.internal.MethodInvocationHelper.invokeMethod(MethodInvocationHelper.java:84)<br />
              org.testng.internal.Invoker.invokeMethod(Invoker.java:714)<br />
              org.testng.internal.Invoker.invokeTestMethod(Invoker.java:901)<br />
              org.testng.internal.Invoker.invokeTestMethods(Invoker.java:1231)<br />
              org.testng.internal.TestMethodWorker.invokeTestMethods(TestMethodWorker.java:127)<br />
              org.testng.internal.TestMethodWorker.run(TestMethodWorker.java:111)<br />
              org.testng.TestRunner.privateRun(TestRunner.java:767)<br />
              org.testng.TestRunner.run(TestRunner.java:617)<br />
              org.testng.SuiteRunner.runTest(SuiteRunner.java:334)<br />
              org.testng.SuiteRunner.runSequentially(SuiteRunner.java:329)<br />
              org.testng.SuiteRunner.privateRun(SuiteRunner.java:291)<br />
              org.testng.SuiteRunner.run(SuiteRunner.java:240)<br />
              org.testng.SuiteRunnerWorker.runSuite(SuiteRunnerWorker.java:52)<br />
              org.testng.SuiteRunnerWorker.run(SuiteRunnerWorker.java:86)<br />
              org.testng.TestNG.runSuitesSequentially(TestNG.java:1224)<br />
              org.testng.TestNG.runSuitesLocally(TestNG.java:1149)<br />
              org.testng.TestNG.run(TestNG.java:1057)<br />
              org.testng.TestNG.privateMain(TestNG.java:1364)<br />
              org.testng.TestNG.main(TestNG.java:1333)<br />
                </div>
      </td>
</tr>
<tr>
  <td class="method">
                  <span class="description" title="Step 26: clicks on okay button from pop up">step26_clickOnOkayButton</span>
      </td>
  <td class="duration">
    0.007s
  </td>
  <td class="result">
        
    
            <div class="testOutput">
                        <br /><a href="D:\RS_Automation\RS_WorkSpace\Automation\Road Scholar/screenshots/step26_clickOnOkayButton1476273944503.png" class="highslide" rel="highslide"> <img src="D:\RS_Automation\RS_WorkSpace\Automation\Road Scholar/screenshots/step26_clickOnOkayButton1476273944503.png"  alt="Highslide JS" title="Click to enlarge" hight='100' width='100'/> </a><br/>
                                <a href="D:\RS_Automation\RS_WorkSpace\Automation\Road Scholar/screenshots/step26_clickOnOkayButton1476273944503.png">step26_clickOnOkayButton1476273944503 </a><br/>
                  </div>
    

        <a href="javascript:toggleElement('exception-16', 'block')" title="Click to expand/collapse"><b>java.lang.NullPointerException</b></a><br />
    <div class="stackTrace" id="exception-16">
              java.lang.String.contentEquals(String.java:1031)<br />
              in.valtech.RoadScholar.pages.CheckOutStep3.&lt;init&gt;(CheckOutStep3.java:25)<br />
              in.valtech.RoadScholar.test.CS3_TC_51.step26_clickOnOkayButton(CS3_TC_51.java:356)<br />
              sun.reflect.NativeMethodAccessorImpl.invoke0(Native Method)<br />
              sun.reflect.NativeMethodAccessorImpl.invoke(NativeMethodAccessorImpl.java:57)<br />
              sun.reflect.DelegatingMethodAccessorImpl.invoke(DelegatingMethodAccessorImpl.java:43)<br />
              java.lang.reflect.Method.invoke(Method.java:606)<br />
              org.testng.internal.MethodInvocationHelper.invokeMethod(MethodInvocationHelper.java:84)<br />
              org.testng.internal.Invoker.invokeMethod(Invoker.java:714)<br />
              org.testng.internal.Invoker.invokeTestMethod(Invoker.java:901)<br />
              org.testng.internal.Invoker.invokeTestMethods(Invoker.java:1231)<br />
              org.testng.internal.TestMethodWorker.invokeTestMethods(TestMethodWorker.java:127)<br />
              org.testng.internal.TestMethodWorker.run(TestMethodWorker.java:111)<br />
              org.testng.TestRunner.privateRun(TestRunner.java:767)<br />
              org.testng.TestRunner.run(TestRunner.java:617)<br />
              org.testng.SuiteRunner.runTest(SuiteRunner.java:334)<br />
              org.testng.SuiteRunner.runSequentially(SuiteRunner.java:329)<br />
              org.testng.SuiteRunner.privateRun(SuiteRunner.java:291)<br />
              org.testng.SuiteRunner.run(SuiteRunner.java:240)<br />
              org.testng.SuiteRunnerWorker.runSuite(SuiteRunnerWorker.java:52)<br />
              org.testng.SuiteRunnerWorker.run(SuiteRunnerWorker.java:86)<br />
              org.testng.TestNG.runSuitesSequentially(TestNG.java:1224)<br />
              org.testng.TestNG.runSuitesLocally(TestNG.java:1149)<br />
              org.testng.TestNG.run(TestNG.java:1057)<br />
              org.testng.TestNG.privateMain(TestNG.java:1364)<br />
              org.testng.TestNG.main(TestNG.java:1333)<br />
                </div>
      </td>
</tr>
<tr>
  <td class="method">
                  <span class="description" title="Step 27: clicks on i accept radio button under terms and condition section">step27_clickIAcceptButton</span>
      </td>
  <td class="duration">
    0.006s
  </td>
  <td class="result">
        
    
            <div class="testOutput">
                        <br /><a href="D:\RS_Automation\RS_WorkSpace\Automation\Road Scholar/screenshots/step27_clickIAcceptButton1476273944636.png" class="highslide" rel="highslide"> <img src="D:\RS_Automation\RS_WorkSpace\Automation\Road Scholar/screenshots/step27_clickIAcceptButton1476273944636.png"  alt="Highslide JS" title="Click to enlarge" hight='100' width='100'/> </a><br/>
                                <a href="D:\RS_Automation\RS_WorkSpace\Automation\Road Scholar/screenshots/step27_clickIAcceptButton1476273944636.png">step27_clickIAcceptButton1476273944636 </a><br/>
                  </div>
    

        <a href="javascript:toggleElement('exception-17', 'block')" title="Click to expand/collapse"><b>java.lang.NullPointerException</b></a><br />
    <div class="stackTrace" id="exception-17">
              java.lang.String.contentEquals(String.java:1031)<br />
              in.valtech.RoadScholar.pages.CheckOutStep3.&lt;init&gt;(CheckOutStep3.java:25)<br />
              in.valtech.RoadScholar.test.CS3_TC_51.step27_clickIAcceptButton(CS3_TC_51.java:368)<br />
              sun.reflect.NativeMethodAccessorImpl.invoke0(Native Method)<br />
              sun.reflect.NativeMethodAccessorImpl.invoke(NativeMethodAccessorImpl.java:57)<br />
              sun.reflect.DelegatingMethodAccessorImpl.invoke(DelegatingMethodAccessorImpl.java:43)<br />
              java.lang.reflect.Method.invoke(Method.java:606)<br />
              org.testng.internal.MethodInvocationHelper.invokeMethod(MethodInvocationHelper.java:84)<br />
              org.testng.internal.Invoker.invokeMethod(Invoker.java:714)<br />
              org.testng.internal.Invoker.invokeTestMethod(Invoker.java:901)<br />
              org.testng.internal.Invoker.invokeTestMethods(Invoker.java:1231)<br />
              org.testng.internal.TestMethodWorker.invokeTestMethods(TestMethodWorker.java:127)<br />
              org.testng.internal.TestMethodWorker.run(TestMethodWorker.java:111)<br />
              org.testng.TestRunner.privateRun(TestRunner.java:767)<br />
              org.testng.TestRunner.run(TestRunner.java:617)<br />
              org.testng.SuiteRunner.runTest(SuiteRunner.java:334)<br />
              org.testng.SuiteRunner.runSequentially(SuiteRunner.java:329)<br />
              org.testng.SuiteRunner.privateRun(SuiteRunner.java:291)<br />
              org.testng.SuiteRunner.run(SuiteRunner.java:240)<br />
              org.testng.SuiteRunnerWorker.runSuite(SuiteRunnerWorker.java:52)<br />
              org.testng.SuiteRunnerWorker.run(SuiteRunnerWorker.java:86)<br />
              org.testng.TestNG.runSuitesSequentially(TestNG.java:1224)<br />
              org.testng.TestNG.runSuitesLocally(TestNG.java:1149)<br />
              org.testng.TestNG.run(TestNG.java:1057)<br />
              org.testng.TestNG.privateMain(TestNG.java:1364)<br />
              org.testng.TestNG.main(TestNG.java:1333)<br />
                </div>
      </td>
</tr>
<tr>
  <td class="method">
                  <span class="description" title="Step 28: clicks on pay by check radio button">step28_clickPayByCheckRadioButton</span>
      </td>
  <td class="duration">
    0.006s
  </td>
  <td class="result">
        
    
            <div class="testOutput">
                        <br /><a href="D:\RS_Automation\RS_WorkSpace\Automation\Road Scholar/screenshots/step28_clickPayByCheckRadioButton1476273944769.png" class="highslide" rel="highslide"> <img src="D:\RS_Automation\RS_WorkSpace\Automation\Road Scholar/screenshots/step28_clickPayByCheckRadioButton1476273944769.png"  alt="Highslide JS" title="Click to enlarge" hight='100' width='100'/> </a><br/>
                                <a href="D:\RS_Automation\RS_WorkSpace\Automation\Road Scholar/screenshots/step28_clickPayByCheckRadioButton1476273944769.png">step28_clickPayByCheckRadioButton1476273944769 </a><br/>
                  </div>
    

        <a href="javascript:toggleElement('exception-18', 'block')" title="Click to expand/collapse"><b>java.lang.NullPointerException</b></a><br />
    <div class="stackTrace" id="exception-18">
              java.lang.String.contentEquals(String.java:1031)<br />
              in.valtech.RoadScholar.pages.CheckOutStep3.&lt;init&gt;(CheckOutStep3.java:25)<br />
              in.valtech.RoadScholar.test.CS3_TC_51.step28_clickPayByCheckRadioButton(CS3_TC_51.java:380)<br />
              sun.reflect.NativeMethodAccessorImpl.invoke0(Native Method)<br />
              sun.reflect.NativeMethodAccessorImpl.invoke(NativeMethodAccessorImpl.java:57)<br />
              sun.reflect.DelegatingMethodAccessorImpl.invoke(DelegatingMethodAccessorImpl.java:43)<br />
              java.lang.reflect.Method.invoke(Method.java:606)<br />
              org.testng.internal.MethodInvocationHelper.invokeMethod(MethodInvocationHelper.java:84)<br />
              org.testng.internal.Invoker.invokeMethod(Invoker.java:714)<br />
              org.testng.internal.Invoker.invokeTestMethod(Invoker.java:901)<br />
              org.testng.internal.Invoker.invokeTestMethods(Invoker.java:1231)<br />
              org.testng.internal.TestMethodWorker.invokeTestMethods(TestMethodWorker.java:127)<br />
              org.testng.internal.TestMethodWorker.run(TestMethodWorker.java:111)<br />
              org.testng.TestRunner.privateRun(TestRunner.java:767)<br />
              org.testng.TestRunner.run(TestRunner.java:617)<br />
              org.testng.SuiteRunner.runTest(SuiteRunner.java:334)<br />
              org.testng.SuiteRunner.runSequentially(SuiteRunner.java:329)<br />
              org.testng.SuiteRunner.privateRun(SuiteRunner.java:291)<br />
              org.testng.SuiteRunner.run(SuiteRunner.java:240)<br />
              org.testng.SuiteRunnerWorker.runSuite(SuiteRunnerWorker.java:52)<br />
              org.testng.SuiteRunnerWorker.run(SuiteRunnerWorker.java:86)<br />
              org.testng.TestNG.runSuitesSequentially(TestNG.java:1224)<br />
              org.testng.TestNG.runSuitesLocally(TestNG.java:1149)<br />
              org.testng.TestNG.run(TestNG.java:1057)<br />
              org.testng.TestNG.privateMain(TestNG.java:1364)<br />
              org.testng.TestNG.main(TestNG.java:1333)<br />
                </div>
      </td>
</tr>
<tr>
  <td class="method">
                  <span class="description" title="Step 29: verify name on account text box of pay by check pop up">step29_nameOnAccountTextBox</span>
      </td>
  <td class="duration">
    0.006s
  </td>
  <td class="result">
        
    
            <div class="testOutput">
                        <br /><a href="D:\RS_Automation\RS_WorkSpace\Automation\Road Scholar/screenshots/step29_nameOnAccountTextBox1476273944902.png" class="highslide" rel="highslide"> <img src="D:\RS_Automation\RS_WorkSpace\Automation\Road Scholar/screenshots/step29_nameOnAccountTextBox1476273944902.png"  alt="Highslide JS" title="Click to enlarge" hight='100' width='100'/> </a><br/>
                                <a href="D:\RS_Automation\RS_WorkSpace\Automation\Road Scholar/screenshots/step29_nameOnAccountTextBox1476273944902.png">step29_nameOnAccountTextBox1476273944902 </a><br/>
                  </div>
    

        <a href="javascript:toggleElement('exception-19', 'block')" title="Click to expand/collapse"><b>java.lang.NullPointerException</b></a><br />
    <div class="stackTrace" id="exception-19">
              java.lang.String.contentEquals(String.java:1031)<br />
              in.valtech.RoadScholar.pages.CheckOutStep3.&lt;init&gt;(CheckOutStep3.java:25)<br />
              in.valtech.RoadScholar.test.CS3_TC_51.step29_nameOnAccountTextBox(CS3_TC_51.java:393)<br />
              sun.reflect.NativeMethodAccessorImpl.invoke0(Native Method)<br />
              sun.reflect.NativeMethodAccessorImpl.invoke(NativeMethodAccessorImpl.java:57)<br />
              sun.reflect.DelegatingMethodAccessorImpl.invoke(DelegatingMethodAccessorImpl.java:43)<br />
              java.lang.reflect.Method.invoke(Method.java:606)<br />
              org.testng.internal.MethodInvocationHelper.invokeMethod(MethodInvocationHelper.java:84)<br />
              org.testng.internal.Invoker.invokeMethod(Invoker.java:714)<br />
              org.testng.internal.Invoker.invokeTestMethod(Invoker.java:901)<br />
              org.testng.internal.Invoker.invokeTestMethods(Invoker.java:1231)<br />
              org.testng.internal.TestMethodWorker.invokeTestMethods(TestMethodWorker.java:127)<br />
              org.testng.internal.TestMethodWorker.run(TestMethodWorker.java:111)<br />
              org.testng.TestRunner.privateRun(TestRunner.java:767)<br />
              org.testng.TestRunner.run(TestRunner.java:617)<br />
              org.testng.SuiteRunner.runTest(SuiteRunner.java:334)<br />
              org.testng.SuiteRunner.runSequentially(SuiteRunner.java:329)<br />
              org.testng.SuiteRunner.privateRun(SuiteRunner.java:291)<br />
              org.testng.SuiteRunner.run(SuiteRunner.java:240)<br />
              org.testng.SuiteRunnerWorker.runSuite(SuiteRunnerWorker.java:52)<br />
              org.testng.SuiteRunnerWorker.run(SuiteRunnerWorker.java:86)<br />
              org.testng.TestNG.runSuitesSequentially(TestNG.java:1224)<br />
              org.testng.TestNG.runSuitesLocally(TestNG.java:1149)<br />
              org.testng.TestNG.run(TestNG.java:1057)<br />
              org.testng.TestNG.privateMain(TestNG.java:1364)<br />
              org.testng.TestNG.main(TestNG.java:1333)<br />
                </div>
      </td>
</tr>
<tr>
  <td class="method">
                  <span class="description" title="Step 30: verify account type text box of pay by check pop up">step30_AccountTypeTextBox</span>
      </td>
  <td class="duration">
    0.006s
  </td>
  <td class="result">
        
    
            <div class="testOutput">
                        <br /><a href="D:\RS_Automation\RS_WorkSpace\Automation\Road Scholar/screenshots/step30_AccountTypeTextBox1476273945034.png" class="highslide" rel="highslide"> <img src="D:\RS_Automation\RS_WorkSpace\Automation\Road Scholar/screenshots/step30_AccountTypeTextBox1476273945034.png"  alt="Highslide JS" title="Click to enlarge" hight='100' width='100'/> </a><br/>
                                <a href="D:\RS_Automation\RS_WorkSpace\Automation\Road Scholar/screenshots/step30_AccountTypeTextBox1476273945034.png">step30_AccountTypeTextBox1476273945034 </a><br/>
                  </div>
    

        <a href="javascript:toggleElement('exception-20', 'block')" title="Click to expand/collapse"><b>java.lang.NullPointerException</b></a><br />
    <div class="stackTrace" id="exception-20">
              java.lang.String.contentEquals(String.java:1031)<br />
              in.valtech.RoadScholar.pages.CheckOutStep3.&lt;init&gt;(CheckOutStep3.java:25)<br />
              in.valtech.RoadScholar.test.CS3_TC_51.step30_AccountTypeTextBox(CS3_TC_51.java:405)<br />
              sun.reflect.NativeMethodAccessorImpl.invoke0(Native Method)<br />
              sun.reflect.NativeMethodAccessorImpl.invoke(NativeMethodAccessorImpl.java:57)<br />
              sun.reflect.DelegatingMethodAccessorImpl.invoke(DelegatingMethodAccessorImpl.java:43)<br />
              java.lang.reflect.Method.invoke(Method.java:606)<br />
              org.testng.internal.MethodInvocationHelper.invokeMethod(MethodInvocationHelper.java:84)<br />
              org.testng.internal.Invoker.invokeMethod(Invoker.java:714)<br />
              org.testng.internal.Invoker.invokeTestMethod(Invoker.java:901)<br />
              org.testng.internal.Invoker.invokeTestMethods(Invoker.java:1231)<br />
              org.testng.internal.TestMethodWorker.invokeTestMethods(TestMethodWorker.java:127)<br />
              org.testng.internal.TestMethodWorker.run(TestMethodWorker.java:111)<br />
              org.testng.TestRunner.privateRun(TestRunner.java:767)<br />
              org.testng.TestRunner.run(TestRunner.java:617)<br />
              org.testng.SuiteRunner.runTest(SuiteRunner.java:334)<br />
              org.testng.SuiteRunner.runSequentially(SuiteRunner.java:329)<br />
              org.testng.SuiteRunner.privateRun(SuiteRunner.java:291)<br />
              org.testng.SuiteRunner.run(SuiteRunner.java:240)<br />
              org.testng.SuiteRunnerWorker.runSuite(SuiteRunnerWorker.java:52)<br />
              org.testng.SuiteRunnerWorker.run(SuiteRunnerWorker.java:86)<br />
              org.testng.TestNG.runSuitesSequentially(TestNG.java:1224)<br />
              org.testng.TestNG.runSuitesLocally(TestNG.java:1149)<br />
              org.testng.TestNG.run(TestNG.java:1057)<br />
              org.testng.TestNG.privateMain(TestNG.java:1364)<br />
              org.testng.TestNG.main(TestNG.java:1333)<br />
                </div>
      </td>
</tr>
<tr>
  <td class="method">
                  <span class="description" title="Step 31: verify routing number text box of pay by check pop up">step31_routingNumberTextBox</span>
      </td>
  <td class="duration">
    0.005s
  </td>
  <td class="result">
        
    
            <div class="testOutput">
                        <br /><a href="D:\RS_Automation\RS_WorkSpace\Automation\Road Scholar/screenshots/step31_routingNumberTextBox1476273945166.png" class="highslide" rel="highslide"> <img src="D:\RS_Automation\RS_WorkSpace\Automation\Road Scholar/screenshots/step31_routingNumberTextBox1476273945166.png"  alt="Highslide JS" title="Click to enlarge" hight='100' width='100'/> </a><br/>
                                <a href="D:\RS_Automation\RS_WorkSpace\Automation\Road Scholar/screenshots/step31_routingNumberTextBox1476273945166.png">step31_routingNumberTextBox1476273945166 </a><br/>
                  </div>
    

        <a href="javascript:toggleElement('exception-21', 'block')" title="Click to expand/collapse"><b>java.lang.NullPointerException</b></a><br />
    <div class="stackTrace" id="exception-21">
              java.lang.String.contentEquals(String.java:1031)<br />
              in.valtech.RoadScholar.pages.CheckOutStep3.&lt;init&gt;(CheckOutStep3.java:25)<br />
              in.valtech.RoadScholar.test.CS3_TC_51.step31_routingNumberTextBox(CS3_TC_51.java:417)<br />
              sun.reflect.NativeMethodAccessorImpl.invoke0(Native Method)<br />
              sun.reflect.NativeMethodAccessorImpl.invoke(NativeMethodAccessorImpl.java:57)<br />
              sun.reflect.DelegatingMethodAccessorImpl.invoke(DelegatingMethodAccessorImpl.java:43)<br />
              java.lang.reflect.Method.invoke(Method.java:606)<br />
              org.testng.internal.MethodInvocationHelper.invokeMethod(MethodInvocationHelper.java:84)<br />
              org.testng.internal.Invoker.invokeMethod(Invoker.java:714)<br />
              org.testng.internal.Invoker.invokeTestMethod(Invoker.java:901)<br />
              org.testng.internal.Invoker.invokeTestMethods(Invoker.java:1231)<br />
              org.testng.internal.TestMethodWorker.invokeTestMethods(TestMethodWorker.java:127)<br />
              org.testng.internal.TestMethodWorker.run(TestMethodWorker.java:111)<br />
              org.testng.TestRunner.privateRun(TestRunner.java:767)<br />
              org.testng.TestRunner.run(TestRunner.java:617)<br />
              org.testng.SuiteRunner.runTest(SuiteRunner.java:334)<br />
              org.testng.SuiteRunner.runSequentially(SuiteRunner.java:329)<br />
              org.testng.SuiteRunner.privateRun(SuiteRunner.java:291)<br />
              org.testng.SuiteRunner.run(SuiteRunner.java:240)<br />
              org.testng.SuiteRunnerWorker.runSuite(SuiteRunnerWorker.java:52)<br />
              org.testng.SuiteRunnerWorker.run(SuiteRunnerWorker.java:86)<br />
              org.testng.TestNG.runSuitesSequentially(TestNG.java:1224)<br />
              org.testng.TestNG.runSuitesLocally(TestNG.java:1149)<br />
              org.testng.TestNG.run(TestNG.java:1057)<br />
              org.testng.TestNG.privateMain(TestNG.java:1364)<br />
              org.testng.TestNG.main(TestNG.java:1333)<br />
                </div>
      </td>
</tr>
<tr>
  <td class="method">
                  <span class="description" title="Step 32: verify Account number text box of pay by check pop up">step32_AccountNumberTextBox</span>
      </td>
  <td class="duration">
    0.006s
  </td>
  <td class="result">
        
    
            <div class="testOutput">
                        <br /><a href="D:\RS_Automation\RS_WorkSpace\Automation\Road Scholar/screenshots/step32_AccountNumberTextBox1476273945297.png" class="highslide" rel="highslide"> <img src="D:\RS_Automation\RS_WorkSpace\Automation\Road Scholar/screenshots/step32_AccountNumberTextBox1476273945297.png"  alt="Highslide JS" title="Click to enlarge" hight='100' width='100'/> </a><br/>
                                <a href="D:\RS_Automation\RS_WorkSpace\Automation\Road Scholar/screenshots/step32_AccountNumberTextBox1476273945297.png">step32_AccountNumberTextBox1476273945297 </a><br/>
                  </div>
    

        <a href="javascript:toggleElement('exception-22', 'block')" title="Click to expand/collapse"><b>java.lang.NullPointerException</b></a><br />
    <div class="stackTrace" id="exception-22">
              java.lang.String.contentEquals(String.java:1031)<br />
              in.valtech.RoadScholar.pages.CheckOutStep3.&lt;init&gt;(CheckOutStep3.java:25)<br />
              in.valtech.RoadScholar.test.CS3_TC_51.step32_AccountNumberTextBox(CS3_TC_51.java:429)<br />
              sun.reflect.NativeMethodAccessorImpl.invoke0(Native Method)<br />
              sun.reflect.NativeMethodAccessorImpl.invoke(NativeMethodAccessorImpl.java:57)<br />
              sun.reflect.DelegatingMethodAccessorImpl.invoke(DelegatingMethodAccessorImpl.java:43)<br />
              java.lang.reflect.Method.invoke(Method.java:606)<br />
              org.testng.internal.MethodInvocationHelper.invokeMethod(MethodInvocationHelper.java:84)<br />
              org.testng.internal.Invoker.invokeMethod(Invoker.java:714)<br />
              org.testng.internal.Invoker.invokeTestMethod(Invoker.java:901)<br />
              org.testng.internal.Invoker.invokeTestMethods(Invoker.java:1231)<br />
              org.testng.internal.TestMethodWorker.invokeTestMethods(TestMethodWorker.java:127)<br />
              org.testng.internal.TestMethodWorker.run(TestMethodWorker.java:111)<br />
              org.testng.TestRunner.privateRun(TestRunner.java:767)<br />
              org.testng.TestRunner.run(TestRunner.java:617)<br />
              org.testng.SuiteRunner.runTest(SuiteRunner.java:334)<br />
              org.testng.SuiteRunner.runSequentially(SuiteRunner.java:329)<br />
              org.testng.SuiteRunner.privateRun(SuiteRunner.java:291)<br />
              org.testng.SuiteRunner.run(SuiteRunner.java:240)<br />
              org.testng.SuiteRunnerWorker.runSuite(SuiteRunnerWorker.java:52)<br />
              org.testng.SuiteRunnerWorker.run(SuiteRunnerWorker.java:86)<br />
              org.testng.TestNG.runSuitesSequentially(TestNG.java:1224)<br />
              org.testng.TestNG.runSuitesLocally(TestNG.java:1149)<br />
              org.testng.TestNG.run(TestNG.java:1057)<br />
              org.testng.TestNG.privateMain(TestNG.java:1364)<br />
              org.testng.TestNG.main(TestNG.java:1333)<br />
                </div>
      </td>
</tr>
<tr>
  <td class="method">
                  <span class="description" title="Step 33: verify Bank name text box of pay by check pop up">step33_BankNameTextBox</span>
      </td>
  <td class="duration">
    0.006s
  </td>
  <td class="result">
        
    
            <div class="testOutput">
                        <br /><a href="D:\RS_Automation\RS_WorkSpace\Automation\Road Scholar/screenshots/step33_BankNameTextBox1476273945429.png" class="highslide" rel="highslide"> <img src="D:\RS_Automation\RS_WorkSpace\Automation\Road Scholar/screenshots/step33_BankNameTextBox1476273945429.png"  alt="Highslide JS" title="Click to enlarge" hight='100' width='100'/> </a><br/>
                                <a href="D:\RS_Automation\RS_WorkSpace\Automation\Road Scholar/screenshots/step33_BankNameTextBox1476273945429.png">step33_BankNameTextBox1476273945429 </a><br/>
                  </div>
    

        <a href="javascript:toggleElement('exception-23', 'block')" title="Click to expand/collapse"><b>java.lang.NullPointerException</b></a><br />
    <div class="stackTrace" id="exception-23">
              java.lang.String.contentEquals(String.java:1031)<br />
              in.valtech.RoadScholar.pages.CheckOutStep3.&lt;init&gt;(CheckOutStep3.java:25)<br />
              in.valtech.RoadScholar.test.CS3_TC_51.step33_BankNameTextBox(CS3_TC_51.java:441)<br />
              sun.reflect.NativeMethodAccessorImpl.invoke0(Native Method)<br />
              sun.reflect.NativeMethodAccessorImpl.invoke(NativeMethodAccessorImpl.java:57)<br />
              sun.reflect.DelegatingMethodAccessorImpl.invoke(DelegatingMethodAccessorImpl.java:43)<br />
              java.lang.reflect.Method.invoke(Method.java:606)<br />
              org.testng.internal.MethodInvocationHelper.invokeMethod(MethodInvocationHelper.java:84)<br />
              org.testng.internal.Invoker.invokeMethod(Invoker.java:714)<br />
              org.testng.internal.Invoker.invokeTestMethod(Invoker.java:901)<br />
              org.testng.internal.Invoker.invokeTestMethods(Invoker.java:1231)<br />
              org.testng.internal.TestMethodWorker.invokeTestMethods(TestMethodWorker.java:127)<br />
              org.testng.internal.TestMethodWorker.run(TestMethodWorker.java:111)<br />
              org.testng.TestRunner.privateRun(TestRunner.java:767)<br />
              org.testng.TestRunner.run(TestRunner.java:617)<br />
              org.testng.SuiteRunner.runTest(SuiteRunner.java:334)<br />
              org.testng.SuiteRunner.runSequentially(SuiteRunner.java:329)<br />
              org.testng.SuiteRunner.privateRun(SuiteRunner.java:291)<br />
              org.testng.SuiteRunner.run(SuiteRunner.java:240)<br />
              org.testng.SuiteRunnerWorker.runSuite(SuiteRunnerWorker.java:52)<br />
              org.testng.SuiteRunnerWorker.run(SuiteRunnerWorker.java:86)<br />
              org.testng.TestNG.runSuitesSequentially(TestNG.java:1224)<br />
              org.testng.TestNG.runSuitesLocally(TestNG.java:1149)<br />
              org.testng.TestNG.run(TestNG.java:1057)<br />
              org.testng.TestNG.privateMain(TestNG.java:1364)<br />
              org.testng.TestNG.main(TestNG.java:1333)<br />
                </div>
      </td>
</tr>
<tr>
  <td class="method">
                  <span class="description" title="Step 34: verify amount text box of pay by check pop up">step34_AmountTextBox</span>
      </td>
  <td class="duration">
    0.007s
  </td>
  <td class="result">
        
    
            <div class="testOutput">
                        <br /><a href="D:\RS_Automation\RS_WorkSpace\Automation\Road Scholar/screenshots/step34_AmountTextBox1476273945562.png" class="highslide" rel="highslide"> <img src="D:\RS_Automation\RS_WorkSpace\Automation\Road Scholar/screenshots/step34_AmountTextBox1476273945562.png"  alt="Highslide JS" title="Click to enlarge" hight='100' width='100'/> </a><br/>
                                <a href="D:\RS_Automation\RS_WorkSpace\Automation\Road Scholar/screenshots/step34_AmountTextBox1476273945562.png">step34_AmountTextBox1476273945562 </a><br/>
                  </div>
    

        <a href="javascript:toggleElement('exception-24', 'block')" title="Click to expand/collapse"><b>java.lang.NullPointerException</b></a><br />
    <div class="stackTrace" id="exception-24">
              java.lang.String.contentEquals(String.java:1031)<br />
              in.valtech.RoadScholar.pages.CheckOutStep3.&lt;init&gt;(CheckOutStep3.java:25)<br />
              in.valtech.RoadScholar.test.CS3_TC_51.step34_AmountTextBox(CS3_TC_51.java:453)<br />
              sun.reflect.NativeMethodAccessorImpl.invoke0(Native Method)<br />
              sun.reflect.NativeMethodAccessorImpl.invoke(NativeMethodAccessorImpl.java:57)<br />
              sun.reflect.DelegatingMethodAccessorImpl.invoke(DelegatingMethodAccessorImpl.java:43)<br />
              java.lang.reflect.Method.invoke(Method.java:606)<br />
              org.testng.internal.MethodInvocationHelper.invokeMethod(MethodInvocationHelper.java:84)<br />
              org.testng.internal.Invoker.invokeMethod(Invoker.java:714)<br />
              org.testng.internal.Invoker.invokeTestMethod(Invoker.java:901)<br />
              org.testng.internal.Invoker.invokeTestMethods(Invoker.java:1231)<br />
              org.testng.internal.TestMethodWorker.invokeTestMethods(TestMethodWorker.java:127)<br />
              org.testng.internal.TestMethodWorker.run(TestMethodWorker.java:111)<br />
              org.testng.TestRunner.privateRun(TestRunner.java:767)<br />
              org.testng.TestRunner.run(TestRunner.java:617)<br />
              org.testng.SuiteRunner.runTest(SuiteRunner.java:334)<br />
              org.testng.SuiteRunner.runSequentially(SuiteRunner.java:329)<br />
              org.testng.SuiteRunner.privateRun(SuiteRunner.java:291)<br />
              org.testng.SuiteRunner.run(SuiteRunner.java:240)<br />
              org.testng.SuiteRunnerWorker.runSuite(SuiteRunnerWorker.java:52)<br />
              org.testng.SuiteRunnerWorker.run(SuiteRunnerWorker.java:86)<br />
              org.testng.TestNG.runSuitesSequentially(TestNG.java:1224)<br />
              org.testng.TestNG.runSuitesLocally(TestNG.java:1149)<br />
              org.testng.TestNG.run(TestNG.java:1057)<br />
              org.testng.TestNG.privateMain(TestNG.java:1364)<br />
              org.testng.TestNG.main(TestNG.java:1333)<br />
                </div>
      </td>
</tr>
<tr>
  <td class="method">
                  <span class="description" title="Step 35: verify complete button of pay by check pop up">step35_completeButton</span>
      </td>
  <td class="duration">
    0.007s
  </td>
  <td class="result">
        
    
            <div class="testOutput">
                        <br /><a href="D:\RS_Automation\RS_WorkSpace\Automation\Road Scholar/screenshots/step35_completeButton1476273945698.png" class="highslide" rel="highslide"> <img src="D:\RS_Automation\RS_WorkSpace\Automation\Road Scholar/screenshots/step35_completeButton1476273945698.png"  alt="Highslide JS" title="Click to enlarge" hight='100' width='100'/> </a><br/>
                                <a href="D:\RS_Automation\RS_WorkSpace\Automation\Road Scholar/screenshots/step35_completeButton1476273945698.png">step35_completeButton1476273945698 </a><br/>
                  </div>
    

        <a href="javascript:toggleElement('exception-25', 'block')" title="Click to expand/collapse"><b>java.lang.NullPointerException</b></a><br />
    <div class="stackTrace" id="exception-25">
              java.lang.String.contentEquals(String.java:1031)<br />
              in.valtech.RoadScholar.pages.CheckOutStep3.&lt;init&gt;(CheckOutStep3.java:25)<br />
              in.valtech.RoadScholar.test.CS3_TC_51.step35_completeButton(CS3_TC_51.java:465)<br />
              sun.reflect.NativeMethodAccessorImpl.invoke0(Native Method)<br />
              sun.reflect.NativeMethodAccessorImpl.invoke(NativeMethodAccessorImpl.java:57)<br />
              sun.reflect.DelegatingMethodAccessorImpl.invoke(DelegatingMethodAccessorImpl.java:43)<br />
              java.lang.reflect.Method.invoke(Method.java:606)<br />
              org.testng.internal.MethodInvocationHelper.invokeMethod(MethodInvocationHelper.java:84)<br />
              org.testng.internal.Invoker.invokeMethod(Invoker.java:714)<br />
              org.testng.internal.Invoker.invokeTestMethod(Invoker.java:901)<br />
              org.testng.internal.Invoker.invokeTestMethods(Invoker.java:1231)<br />
              org.testng.internal.TestMethodWorker.invokeTestMethods(TestMethodWorker.java:127)<br />
              org.testng.internal.TestMethodWorker.run(TestMethodWorker.java:111)<br />
              org.testng.TestRunner.privateRun(TestRunner.java:767)<br />
              org.testng.TestRunner.run(TestRunner.java:617)<br />
              org.testng.SuiteRunner.runTest(SuiteRunner.java:334)<br />
              org.testng.SuiteRunner.runSequentially(SuiteRunner.java:329)<br />
              org.testng.SuiteRunner.privateRun(SuiteRunner.java:291)<br />
              org.testng.SuiteRunner.run(SuiteRunner.java:240)<br />
              org.testng.SuiteRunnerWorker.runSuite(SuiteRunnerWorker.java:52)<br />
              org.testng.SuiteRunnerWorker.run(SuiteRunnerWorker.java:86)<br />
              org.testng.TestNG.runSuitesSequentially(TestNG.java:1224)<br />
              org.testng.TestNG.runSuitesLocally(TestNG.java:1149)<br />
              org.testng.TestNG.run(TestNG.java:1057)<br />
              org.testng.TestNG.privateMain(TestNG.java:1364)<br />
              org.testng.TestNG.main(TestNG.java:1333)<br />
                </div>
      </td>
</tr>
<tr>
  <td class="method">
                  <span class="description" title="Step 36: click on complete button of pay by check pop up">step36_clcickOnCompleteButton</span>
      </td>
  <td class="duration">
    0.017s
  </td>
  <td class="result">
        
    
            <div class="testOutput">
                        <br /><a href="D:\RS_Automation\RS_WorkSpace\Automation\Road Scholar/screenshots/step36_clcickOnCompleteButton1476273945832.png" class="highslide" rel="highslide"> <img src="D:\RS_Automation\RS_WorkSpace\Automation\Road Scholar/screenshots/step36_clcickOnCompleteButton1476273945832.png"  alt="Highslide JS" title="Click to enlarge" hight='100' width='100'/> </a><br/>
                                <a href="D:\RS_Automation\RS_WorkSpace\Automation\Road Scholar/screenshots/step36_clcickOnCompleteButton1476273945832.png">step36_clcickOnCompleteButton1476273945832 </a><br/>
                  </div>
    

        <a href="javascript:toggleElement('exception-26', 'block')" title="Click to expand/collapse"><b>java.lang.NullPointerException</b></a><br />
    <div class="stackTrace" id="exception-26">
              java.lang.String.contentEquals(String.java:1031)<br />
              in.valtech.RoadScholar.pages.CheckOutStep3.&lt;init&gt;(CheckOutStep3.java:25)<br />
              in.valtech.RoadScholar.test.CS3_TC_51.step36_clcickOnCompleteButton(CS3_TC_51.java:477)<br />
              sun.reflect.NativeMethodAccessorImpl.invoke0(Native Method)<br />
              sun.reflect.NativeMethodAccessorImpl.invoke(NativeMethodAccessorImpl.java:57)<br />
              sun.reflect.DelegatingMethodAccessorImpl.invoke(DelegatingMethodAccessorImpl.java:43)<br />
              java.lang.reflect.Method.invoke(Method.java:606)<br />
              org.testng.internal.MethodInvocationHelper.invokeMethod(MethodInvocationHelper.java:84)<br />
              org.testng.internal.Invoker.invokeMethod(Invoker.java:714)<br />
              org.testng.internal.Invoker.invokeTestMethod(Invoker.java:901)<br />
              org.testng.internal.Invoker.invokeTestMethods(Invoker.java:1231)<br />
              org.testng.internal.TestMethodWorker.invokeTestMethods(TestMethodWorker.java:127)<br />
              org.testng.internal.TestMethodWorker.run(TestMethodWorker.java:111)<br />
              org.testng.TestRunner.privateRun(TestRunner.java:767)<br />
              org.testng.TestRunner.run(TestRunner.java:617)<br />
              org.testng.SuiteRunner.runTest(SuiteRunner.java:334)<br />
              org.testng.SuiteRunner.runSequentially(SuiteRunner.java:329)<br />
              org.testng.SuiteRunner.privateRun(SuiteRunner.java:291)<br />
              org.testng.SuiteRunner.run(SuiteRunner.java:240)<br />
              org.testng.SuiteRunnerWorker.runSuite(SuiteRunnerWorker.java:52)<br />
              org.testng.SuiteRunnerWorker.run(SuiteRunnerWorker.java:86)<br />
              org.testng.TestNG.runSuitesSequentially(TestNG.java:1224)<br />
              org.testng.TestNG.runSuitesLocally(TestNG.java:1149)<br />
              org.testng.TestNG.run(TestNG.java:1057)<br />
              org.testng.TestNG.privateMain(TestNG.java:1364)<br />
              org.testng.TestNG.main(TestNG.java:1333)<br />
                </div>
      </td>
</tr>
<tr>
  <td class="method">
                  <span class="description" title="Step 37:verify the error message">step37_verifyErrorMessage</span>
      </td>
  <td class="duration">
    0.006s
  </td>
  <td class="result">
        
    
            <div class="testOutput">
                        <br /><a href="D:\RS_Automation\RS_WorkSpace\Automation\Road Scholar/screenshots/step37_verifyErrorMessage1476273945979.png" class="highslide" rel="highslide"> <img src="D:\RS_Automation\RS_WorkSpace\Automation\Road Scholar/screenshots/step37_verifyErrorMessage1476273945979.png"  alt="Highslide JS" title="Click to enlarge" hight='100' width='100'/> </a><br/>
                                <a href="D:\RS_Automation\RS_WorkSpace\Automation\Road Scholar/screenshots/step37_verifyErrorMessage1476273945979.png">step37_verifyErrorMessage1476273945979 </a><br/>
                  </div>
    

        <a href="javascript:toggleElement('exception-27', 'block')" title="Click to expand/collapse"><b>java.lang.NullPointerException</b></a><br />
    <div class="stackTrace" id="exception-27">
              java.lang.String.contentEquals(String.java:1031)<br />
              in.valtech.RoadScholar.pages.CheckOutStep3.&lt;init&gt;(CheckOutStep3.java:25)<br />
              in.valtech.RoadScholar.test.CS3_TC_51.step37_verifyErrorMessage(CS3_TC_51.java:489)<br />
              sun.reflect.NativeMethodAccessorImpl.invoke0(Native Method)<br />
              sun.reflect.NativeMethodAccessorImpl.invoke(NativeMethodAccessorImpl.java:57)<br />
              sun.reflect.DelegatingMethodAccessorImpl.invoke(DelegatingMethodAccessorImpl.java:43)<br />
              java.lang.reflect.Method.invoke(Method.java:606)<br />
              org.testng.internal.MethodInvocationHelper.invokeMethod(MethodInvocationHelper.java:84)<br />
              org.testng.internal.Invoker.invokeMethod(Invoker.java:714)<br />
              org.testng.internal.Invoker.invokeTestMethod(Invoker.java:901)<br />
              org.testng.internal.Invoker.invokeTestMethods(Invoker.java:1231)<br />
              org.testng.internal.TestMethodWorker.invokeTestMethods(TestMethodWorker.java:127)<br />
              org.testng.internal.TestMethodWorker.run(TestMethodWorker.java:111)<br />
              org.testng.TestRunner.privateRun(TestRunner.java:767)<br />
              org.testng.TestRunner.run(TestRunner.java:617)<br />
              org.testng.SuiteRunner.runTest(SuiteRunner.java:334)<br />
              org.testng.SuiteRunner.runSequentially(SuiteRunner.java:329)<br />
              org.testng.SuiteRunner.privateRun(SuiteRunner.java:291)<br />
              org.testng.SuiteRunner.run(SuiteRunner.java:240)<br />
              org.testng.SuiteRunnerWorker.runSuite(SuiteRunnerWorker.java:52)<br />
              org.testng.SuiteRunnerWorker.run(SuiteRunnerWorker.java:86)<br />
              org.testng.TestNG.runSuitesSequentially(TestNG.java:1224)<br />
              org.testng.TestNG.runSuitesLocally(TestNG.java:1149)<br />
              org.testng.TestNG.run(TestNG.java:1057)<br />
              org.testng.TestNG.privateMain(TestNG.java:1364)<br />
              org.testng.TestNG.main(TestNG.java:1333)<br />
                </div>
      </td>
</tr>
<tr>
  <td class="method">
                  <span class="description" title="Step 38:enter text into all mandatory fields of pay by check pop up">step38_enterTextIntoAllMandatoryFields</span>
      </td>
  <td class="duration">
    0.007s
  </td>
  <td class="result">
        
    
            <div class="testOutput">
                        <br /><a href="D:\RS_Automation\RS_WorkSpace\Automation\Road Scholar/screenshots/step38_enterTextIntoAllMandatoryFields1476273946113.png" class="highslide" rel="highslide"> <img src="D:\RS_Automation\RS_WorkSpace\Automation\Road Scholar/screenshots/step38_enterTextIntoAllMandatoryFields1476273946113.png"  alt="Highslide JS" title="Click to enlarge" hight='100' width='100'/> </a><br/>
                                <a href="D:\RS_Automation\RS_WorkSpace\Automation\Road Scholar/screenshots/step38_enterTextIntoAllMandatoryFields1476273946113.png">step38_enterTextIntoAllMandatoryFields1476273946113 </a><br/>
                  </div>
    

        <a href="javascript:toggleElement('exception-28', 'block')" title="Click to expand/collapse"><b>java.lang.NullPointerException</b></a><br />
    <div class="stackTrace" id="exception-28">
              java.lang.String.contentEquals(String.java:1031)<br />
              in.valtech.RoadScholar.pages.CheckOutStep3.&lt;init&gt;(CheckOutStep3.java:25)<br />
              in.valtech.RoadScholar.test.CS3_TC_51.step38_enterTextIntoAllMandatoryFields(CS3_TC_51.java:501)<br />
              sun.reflect.NativeMethodAccessorImpl.invoke0(Native Method)<br />
              sun.reflect.NativeMethodAccessorImpl.invoke(NativeMethodAccessorImpl.java:57)<br />
              sun.reflect.DelegatingMethodAccessorImpl.invoke(DelegatingMethodAccessorImpl.java:43)<br />
              java.lang.reflect.Method.invoke(Method.java:606)<br />
              org.testng.internal.MethodInvocationHelper.invokeMethod(MethodInvocationHelper.java:84)<br />
              org.testng.internal.Invoker.invokeMethod(Invoker.java:714)<br />
              org.testng.internal.Invoker.invokeTestMethod(Invoker.java:901)<br />
              org.testng.internal.Invoker.invokeTestMethods(Invoker.java:1231)<br />
              org.testng.internal.TestMethodWorker.invokeTestMethods(TestMethodWorker.java:127)<br />
              org.testng.internal.TestMethodWorker.run(TestMethodWorker.java:111)<br />
              org.testng.TestRunner.privateRun(TestRunner.java:767)<br />
              org.testng.TestRunner.run(TestRunner.java:617)<br />
              org.testng.SuiteRunner.runTest(SuiteRunner.java:334)<br />
              org.testng.SuiteRunner.runSequentially(SuiteRunner.java:329)<br />
              org.testng.SuiteRunner.privateRun(SuiteRunner.java:291)<br />
              org.testng.SuiteRunner.run(SuiteRunner.java:240)<br />
              org.testng.SuiteRunnerWorker.runSuite(SuiteRunnerWorker.java:52)<br />
              org.testng.SuiteRunnerWorker.run(SuiteRunnerWorker.java:86)<br />
              org.testng.TestNG.runSuitesSequentially(TestNG.java:1224)<br />
              org.testng.TestNG.runSuitesLocally(TestNG.java:1149)<br />
              org.testng.TestNG.run(TestNG.java:1057)<br />
              org.testng.TestNG.privateMain(TestNG.java:1364)<br />
              org.testng.TestNG.main(TestNG.java:1333)<br />
                </div>
      </td>
</tr>
<tr>
  <td class="method">
                  <span class="description" title="Step 39: click on complete button of pay by check pop up">step39_clcickOnCompleteButton</span>
      </td>
  <td class="duration">
    0.006s
  </td>
  <td class="result">
        
    
            <div class="testOutput">
                        <br /><a href="D:\RS_Automation\RS_WorkSpace\Automation\Road Scholar/screenshots/step39_clcickOnCompleteButton1476273946246.png" class="highslide" rel="highslide"> <img src="D:\RS_Automation\RS_WorkSpace\Automation\Road Scholar/screenshots/step39_clcickOnCompleteButton1476273946246.png"  alt="Highslide JS" title="Click to enlarge" hight='100' width='100'/> </a><br/>
                                <a href="D:\RS_Automation\RS_WorkSpace\Automation\Road Scholar/screenshots/step39_clcickOnCompleteButton1476273946246.png">step39_clcickOnCompleteButton1476273946246 </a><br/>
                  </div>
    

        <a href="javascript:toggleElement('exception-29', 'block')" title="Click to expand/collapse"><b>java.lang.NullPointerException</b></a><br />
    <div class="stackTrace" id="exception-29">
              java.lang.String.contentEquals(String.java:1031)<br />
              in.valtech.RoadScholar.pages.CheckOutStep3.&lt;init&gt;(CheckOutStep3.java:25)<br />
              in.valtech.RoadScholar.test.CS3_TC_51.step39_clcickOnCompleteButton(CS3_TC_51.java:513)<br />
              sun.reflect.NativeMethodAccessorImpl.invoke0(Native Method)<br />
              sun.reflect.NativeMethodAccessorImpl.invoke(NativeMethodAccessorImpl.java:57)<br />
              sun.reflect.DelegatingMethodAccessorImpl.invoke(DelegatingMethodAccessorImpl.java:43)<br />
              java.lang.reflect.Method.invoke(Method.java:606)<br />
              org.testng.internal.MethodInvocationHelper.invokeMethod(MethodInvocationHelper.java:84)<br />
              org.testng.internal.Invoker.invokeMethod(Invoker.java:714)<br />
              org.testng.internal.Invoker.invokeTestMethod(Invoker.java:901)<br />
              org.testng.internal.Invoker.invokeTestMethods(Invoker.java:1231)<br />
              org.testng.internal.TestMethodWorker.invokeTestMethods(TestMethodWorker.java:127)<br />
              org.testng.internal.TestMethodWorker.run(TestMethodWorker.java:111)<br />
              org.testng.TestRunner.privateRun(TestRunner.java:767)<br />
              org.testng.TestRunner.run(TestRunner.java:617)<br />
              org.testng.SuiteRunner.runTest(SuiteRunner.java:334)<br />
              org.testng.SuiteRunner.runSequentially(SuiteRunner.java:329)<br />
              org.testng.SuiteRunner.privateRun(SuiteRunner.java:291)<br />
              org.testng.SuiteRunner.run(SuiteRunner.java:240)<br />
              org.testng.SuiteRunnerWorker.runSuite(SuiteRunnerWorker.java:52)<br />
              org.testng.SuiteRunnerWorker.run(SuiteRunnerWorker.java:86)<br />
              org.testng.TestNG.runSuitesSequentially(TestNG.java:1224)<br />
              org.testng.TestNG.runSuitesLocally(TestNG.java:1149)<br />
              org.testng.TestNG.run(TestNG.java:1057)<br />
              org.testng.TestNG.privateMain(TestNG.java:1364)<br />
              org.testng.TestNG.main(TestNG.java:1333)<br />
                </div>
      </td>
</tr>
      </table>


  <table class="resultsTable">
    <tr><th colspan="3" class="header passed">Passed Tests</th></tr>
          <tr>
        <td colspan="3" class="group">in.valtech.RoadScholar.test.CS3_TC_51</td>
      </tr>
            
<tr>
  <td class="method">
                  <span class="description" title="Step 2:  clicking on close button from sign in up modal">Step02_clickingOnCloseButton</span>
      </td>
  <td class="duration">
    10.099s
  </td>
  <td class="result">
        
    
            <div class="testOutput">
                        <p>Successfully clicked  on close button from sign in up modal
                                <br /><a href="D:\RS_Automation\RS_WorkSpace\Automation\Road Scholar/screenshots/Step02_clickingOnCloseButton1476273853638.png" class="highslide" rel="highslide"> <img src="D:\RS_Automation\RS_WorkSpace\Automation\Road Scholar/screenshots/Step02_clickingOnCloseButton1476273853638.png"  alt="Highslide JS" title="Click to enlarge" hight='100' width='100'/> </a><br/>
                                <a href="D:\RS_Automation\RS_WorkSpace\Automation\Road Scholar/screenshots/Step02_clickingOnCloseButton1476273853638.png">Step02_clickingOnCloseButton1476273853638 </a><br/>
                  </div>
    

      </td>
</tr>
<tr>
  <td class="method">
                  <span class="description" title="Click on sign in Link from header">Step03_ClickOnSignInLink</span>
      </td>
  <td class="duration">
    10.117s
  </td>
  <td class="result">
        
    
            <div class="testOutput">
                        <p>Successfully clicked  on sign in Link from header
                                <br /><a href="D:\RS_Automation\RS_WorkSpace\Automation\Road Scholar/screenshots/Step03_ClickOnSignInLink1476273864274.png" class="highslide" rel="highslide"> <img src="D:\RS_Automation\RS_WorkSpace\Automation\Road Scholar/screenshots/Step03_ClickOnSignInLink1476273864274.png"  alt="Highslide JS" title="Click to enlarge" hight='100' width='100'/> </a><br/>
                                <a href="D:\RS_Automation\RS_WorkSpace\Automation\Road Scholar/screenshots/Step03_ClickOnSignInLink1476273864274.png">Step03_ClickOnSignInLink1476273864274 </a><br/>
                  </div>
    

      </td>
</tr>
<tr>
  <td class="method">
                  <span class="description" title="entering mail id into the email field">Step04_Email</span>
      </td>
  <td class="duration">
    15.214s
  </td>
  <td class="result">
        
    
            <div class="testOutput">
                        <p>Successfully entered mail id into the email field
                                <br /><a href="D:\RS_Automation\RS_WorkSpace\Automation\Road Scholar/screenshots/Step04_Email1476273874539.png" class="highslide" rel="highslide"> <img src="D:\RS_Automation\RS_WorkSpace\Automation\Road Scholar/screenshots/Step04_Email1476273874539.png"  alt="Highslide JS" title="Click to enlarge" hight='100' width='100'/> </a><br/>
                                <a href="D:\RS_Automation\RS_WorkSpace\Automation\Road Scholar/screenshots/Step04_Email1476273874539.png">Step04_Email1476273874539 </a><br/>
                  </div>
    

      </td>
</tr>
<tr>
  <td class="method">
                  <span class="description" title="enter Password into the password text field">Step05_Passwd</span>
      </td>
  <td class="duration">
    10.104s
  </td>
  <td class="result">
        
    
            <div class="testOutput">
                        <p>Successfully entered password into the password text field
                                <br /><a href="D:\RS_Automation\RS_WorkSpace\Automation\Road Scholar/screenshots/Step05_Passwd1476273889885.png" class="highslide" rel="highslide"> <img src="D:\RS_Automation\RS_WorkSpace\Automation\Road Scholar/screenshots/Step05_Passwd1476273889885.png"  alt="Highslide JS" title="Click to enlarge" hight='100' width='100'/> </a><br/>
                                <a href="D:\RS_Automation\RS_WorkSpace\Automation\Road Scholar/screenshots/Step05_Passwd1476273889885.png">Step05_Passwd1476273889885 </a><br/>
                  </div>
    

      </td>
</tr>
<tr>
  <td class="method">
                  <span class="description" title="Click on Sign in Button">Step06_SignUpBtn</span>
      </td>
  <td class="duration">
    15.115s
  </td>
  <td class="result">
        
    
            <div class="testOutput">
                        <p>Successfully clicked on sign in button
                                <br /><a href="D:\RS_Automation\RS_WorkSpace\Automation\Road Scholar/screenshots/Step06_SignUpBtn1476273900142.png" class="highslide" rel="highslide"> <img src="D:\RS_Automation\RS_WorkSpace\Automation\Road Scholar/screenshots/Step06_SignUpBtn1476273900142.png"  alt="Highslide JS" title="Click to enlarge" hight='100' width='100'/> </a><br/>
                                <a href="D:\RS_Automation\RS_WorkSpace\Automation\Road Scholar/screenshots/Step06_SignUpBtn1476273900142.png">Step06_SignUpBtn1476273900142 </a><br/>
                  </div>
    

      </td>
</tr>
<tr>
  <td class="method">
                  <span class="description" title="Enter the trip id into search text field of home page">Step07_EnterTripIdIntoSearchField</span>
      </td>
  <td class="duration">
    5.123s
  </td>
  <td class="result">
        
    
            <div class="testOutput">
                        <p>Successfully entered trip id into search text field
                                <br /><a href="D:\RS_Automation\RS_WorkSpace\Automation\Road Scholar/screenshots/Step07_EnterTripIdIntoSearchField1476273915806.png" class="highslide" rel="highslide"> <img src="D:\RS_Automation\RS_WorkSpace\Automation\Road Scholar/screenshots/Step07_EnterTripIdIntoSearchField1476273915806.png"  alt="Highslide JS" title="Click to enlarge" hight='100' width='100'/> </a><br/>
                                <a href="D:\RS_Automation\RS_WorkSpace\Automation\Road Scholar/screenshots/Step07_EnterTripIdIntoSearchField1476273915806.png">Step07_EnterTripIdIntoSearchField1476273915806 </a><br/>
                  </div>
    

      </td>
</tr>
<tr>
  <td class="method">
                  <span class="description" title="click on search button">Step08_clickOnSearchButton</span>
      </td>
  <td class="duration">
    5.071s
  </td>
  <td class="result">
        
    
            <div class="testOutput">
                        <p>Successfully clicked on search button
                                <br /><a href="D:\RS_Automation\RS_WorkSpace\Automation\Road Scholar/screenshots/Step08_clickOnSearchButton1476273921468.png" class="highslide" rel="highslide"> <img src="D:\RS_Automation\RS_WorkSpace\Automation\Road Scholar/screenshots/Step08_clickOnSearchButton1476273921468.png"  alt="Highslide JS" title="Click to enlarge" hight='100' width='100'/> </a><br/>
                                <a href="D:\RS_Automation\RS_WorkSpace\Automation\Road Scholar/screenshots/Step08_clickOnSearchButton1476273921468.png">Step08_clickOnSearchButton1476273921468 </a><br/>
                  </div>
    

      </td>
</tr>
<tr>
  <td class="method">
                  <span class="description" title="Step 9: click on date and prices tab from trip detail page">Step09_clickOnDateAndPricesTab</span>
      </td>
  <td class="duration">
    10.262s
  </td>
  <td class="result">
        
    
            <div class="testOutput">
                        User is navigated to TripDatesAndPrices page 
                                <p>Successfully clicked on date and prices tab from trip detail page
                                <br /><a href="D:\RS_Automation\RS_WorkSpace\Automation\Road Scholar/screenshots/Step09_clickOnDateAndPricesTab1476273926693.png" class="highslide" rel="highslide"> <img src="D:\RS_Automation\RS_WorkSpace\Automation\Road Scholar/screenshots/Step09_clickOnDateAndPricesTab1476273926693.png"  alt="Highslide JS" title="Click to enlarge" hight='100' width='100'/> </a><br/>
                                <a href="D:\RS_Automation\RS_WorkSpace\Automation\Road Scholar/screenshots/Step09_clickOnDateAndPricesTab1476273926693.png">Step09_clickOnDateAndPricesTab1476273926693 </a><br/>
                  </div>
    

      </td>
</tr>
<tr>
  <td class="method">
                  <span class="description" title="step 1:  Open browser,Navigate to the RS URL">step01_HOMEPAGE_URL</span>
      </td>
  <td class="duration">
    8.458s
  </td>
  <td class="result">
        
    
            <div class="testOutput">
                        Page Title:Home
                                <p>Successfully navigated to application URL
                                <br /><a href="D:\RS_Automation\RS_WorkSpace\Automation\Road Scholar/screenshots/step01_HOMEPAGE_URL1476273844643.png" class="highslide" rel="highslide"> <img src="D:\RS_Automation\RS_WorkSpace\Automation\Road Scholar/screenshots/step01_HOMEPAGE_URL1476273844643.png"  alt="Highslide JS" title="Click to enlarge" hight='100' width='100'/> </a><br/>
                                <a href="D:\RS_Automation\RS_WorkSpace\Automation\Road Scholar/screenshots/step01_HOMEPAGE_URL1476273844643.png">step01_HOMEPAGE_URL1476273844643 </a><br/>
                  </div>
    

      </td>
</tr>
      </table>
  
</body>
</html>
