<?xml version="1.0" encoding="utf-8" ?>
<!DOCTYPE html PUBLIC "-//W3C//DTD XHTML 1.0 Strict//EN"
        "http://www.w3.org/TR/xhtml1/DTD/xhtml1-strict.dtd">
<html xmlns="http://www.w3.org/1999/xhtml" xml:lang="" lang="">
<head>
  <title>Test Result Report - Checkout_Step2_CS2_TC_42_CS2_TC_42</title>
  <meta http-equiv="Content-Type" content="text/html;charset=utf-8" />
  <meta name="description" content="TestNG unit test results." />
  <link href="reportng.css" rel="stylesheet" type="text/css" />
    <script type="text/javascript" src="reportng.js"></script>
</head>
<body>
<h1>Checkout_Step2_CS2_TC_42_CS2_TC_42</h1>
<p>
  Test duration: 154.222s
</p>



  <table class="resultsTable">
    <tr><th colspan="3" class="header failed">Failed Tests</th></tr>
          <tr>
        <td colspan="3" class="group">in.valtech.RoadScholar.test.CS2_TC_42</td>
      </tr>
            
<tr>
  <td class="method">
                  <span class="description" title="Step 8: select no interface radio button ">Step08_selectNoInterfaceRadioBtn</span>
      </td>
  <td class="duration">
    0.000s
  </td>
  <td class="result">
        
    
            <div class="testOutput">
                        <br /><a href="D:\RS_Automation\RS_WorkSpace\Automation\Road Scholar/screenshots/Step08_selectNoInterfaceRadioBtn1476793351628.png" class="highslide" rel="highslide"> <img src="D:\RS_Automation\RS_WorkSpace\Automation\Road Scholar/screenshots/Step08_selectNoInterfaceRadioBtn1476793351628.png"  alt="Highslide JS" title="Click to enlarge" hight='100' width='100'/> </a><br/>
                                <a href="D:\RS_Automation\RS_WorkSpace\Automation\Road Scholar/screenshots/Step08_selectNoInterfaceRadioBtn1476793351628.png">Step08_selectNoInterfaceRadioBtn1476793351628 </a><br/>
                  </div>
    

        <a href="javascript:toggleElement('exception-0', 'block')" title="Click to expand/collapse"><b>java.lang.IllegalArgumentException: Cannot find elements when the XPath expression is null.</b></a><br />
    <div class="stackTrace" id="exception-0">
              org.openqa.selenium.By.xpath(By.java:112)<br />
              in.valtech.RoadScholar.pages.CheckOutStep1.&lt;init&gt;(CheckOutStep1.java:65)<br />
              in.valtech.RoadScholar.test.CS2_TC_42.Step08_selectNoInterfaceRadioBtn(CS2_TC_42.java:119)<br />
              sun.reflect.NativeMethodAccessorImpl.invoke0(Native Method)<br />
              sun.reflect.NativeMethodAccessorImpl.invoke(NativeMethodAccessorImpl.java:57)<br />
              sun.reflect.DelegatingMethodAccessorImpl.invoke(DelegatingMethodAccessorImpl.java:43)<br />
              java.lang.reflect.Method.invoke(Method.java:606)<br />
              org.testng.internal.MethodInvocationHelper.invokeMethod(MethodInvocationHelper.java:84)<br />
              org.testng.internal.Invoker.invokeMethod(Invoker.java:714)<br />
              org.testng.internal.Invoker.invokeTestMethod(Invoker.java:901)<br />
              org.testng.internal.Invoker.invokeTestMethods(Invoker.java:1231)<br />
              org.testng.internal.TestMethodWorker.invokeTestMethods(TestMethodWorker.java:127)<br />
              org.testng.internal.TestMethodWorker.run(TestMethodWorker.java:111)<br />
              org.testng.TestRunner.privateRun(TestRunner.java:767)<br />
              org.testng.TestRunner.run(TestRunner.java:617)<br />
              org.testng.SuiteRunner.runTest(SuiteRunner.java:334)<br />
              org.testng.SuiteRunner.runSequentially(SuiteRunner.java:329)<br />
              org.testng.SuiteRunner.privateRun(SuiteRunner.java:291)<br />
              org.testng.SuiteRunner.run(SuiteRunner.java:240)<br />
              org.testng.SuiteRunnerWorker.runSuite(SuiteRunnerWorker.java:52)<br />
              org.testng.SuiteRunnerWorker.run(SuiteRunnerWorker.java:86)<br />
              org.testng.TestNG.runSuitesSequentially(TestNG.java:1224)<br />
              org.testng.TestNG.runSuitesLocally(TestNG.java:1149)<br />
              org.testng.TestNG.run(TestNG.java:1057)<br />
              org.testng.TestNG.privateMain(TestNG.java:1364)<br />
              org.testng.TestNG.main(TestNG.java:1333)<br />
                </div>
      </td>
</tr>
<tr>
  <td class="method">
                  <span class="description" title="Step 3:  Click on trip card from home page">step03_clickOnTripCard</span>
      </td>
  <td class="duration">
    30.050s
  </td>
  <td class="result">
        
    
            <div class="testOutput">
                        <br /><a href="D:\RS_Automation\RS_WorkSpace\Automation\Road Scholar/screenshots/step03_clickOnTripCard1476793255610.png" class="highslide" rel="highslide"> <img src="D:\RS_Automation\RS_WorkSpace\Automation\Road Scholar/screenshots/step03_clickOnTripCard1476793255610.png"  alt="Highslide JS" title="Click to enlarge" hight='100' width='100'/> </a><br/>
                                <a href="D:\RS_Automation\RS_WorkSpace\Automation\Road Scholar/screenshots/step03_clickOnTripCard1476793255610.png">step03_clickOnTripCard1476793255610 </a><br/>
                  </div>
    

        <a href="javascript:toggleElement('exception-1', 'block')" title="Click to expand/collapse"><b>java.lang.IllegalArgumentException: n must be positive</b></a><br />
    <div class="stackTrace" id="exception-1">
              java.util.Random.nextInt(Random.java:300)<br />
              in.valtech.RoadScholar.pages.HomePage.clickOnTripCard(HomePage.java:651)<br />
              in.valtech.RoadScholar.test.CS2_TC_42.step03_clickOnTripCard(CS2_TC_42.java:54)<br />
              sun.reflect.NativeMethodAccessorImpl.invoke0(Native Method)<br />
              sun.reflect.NativeMethodAccessorImpl.invoke(NativeMethodAccessorImpl.java:57)<br />
              sun.reflect.DelegatingMethodAccessorImpl.invoke(DelegatingMethodAccessorImpl.java:43)<br />
              java.lang.reflect.Method.invoke(Method.java:606)<br />
              org.testng.internal.MethodInvocationHelper.invokeMethod(MethodInvocationHelper.java:84)<br />
              org.testng.internal.Invoker.invokeMethod(Invoker.java:714)<br />
              org.testng.internal.Invoker.invokeTestMethod(Invoker.java:901)<br />
              org.testng.internal.Invoker.invokeTestMethods(Invoker.java:1231)<br />
              org.testng.internal.TestMethodWorker.invokeTestMethods(TestMethodWorker.java:127)<br />
              org.testng.internal.TestMethodWorker.run(TestMethodWorker.java:111)<br />
              org.testng.TestRunner.privateRun(TestRunner.java:767)<br />
              org.testng.TestRunner.run(TestRunner.java:617)<br />
              org.testng.SuiteRunner.runTest(SuiteRunner.java:334)<br />
              org.testng.SuiteRunner.runSequentially(SuiteRunner.java:329)<br />
              org.testng.SuiteRunner.privateRun(SuiteRunner.java:291)<br />
              org.testng.SuiteRunner.run(SuiteRunner.java:240)<br />
              org.testng.SuiteRunnerWorker.runSuite(SuiteRunnerWorker.java:52)<br />
              org.testng.SuiteRunnerWorker.run(SuiteRunnerWorker.java:86)<br />
              org.testng.TestNG.runSuitesSequentially(TestNG.java:1224)<br />
              org.testng.TestNG.runSuitesLocally(TestNG.java:1149)<br />
              org.testng.TestNG.run(TestNG.java:1057)<br />
              org.testng.TestNG.privateMain(TestNG.java:1364)<br />
              org.testng.TestNG.main(TestNG.java:1333)<br />
                </div>
      </td>
</tr>
<tr>
  <td class="method">
                  <span class="description" title="Step 4:  click on date and prices tab from trip detail page">step04_clickOnDateAndPricesTab</span>
      </td>
  <td class="duration">
    35.060s
  </td>
  <td class="result">
        
    
            <div class="testOutput">
                        <br /><a href="D:\RS_Automation\RS_WorkSpace\Automation\Road Scholar/screenshots/step04_clickOnDateAndPricesTab1476793285857.png" class="highslide" rel="highslide"> <img src="D:\RS_Automation\RS_WorkSpace\Automation\Road Scholar/screenshots/step04_clickOnDateAndPricesTab1476793285857.png"  alt="Highslide JS" title="Click to enlarge" hight='100' width='100'/> </a><br/>
                                <a href="D:\RS_Automation\RS_WorkSpace\Automation\Road Scholar/screenshots/step04_clickOnDateAndPricesTab1476793285857.png">step04_clickOnDateAndPricesTab1476793285857 </a><br/>
                  </div>
    

        <a href="javascript:toggleElement('exception-2', 'block')" title="Click to expand/collapse"><b>org.openqa.selenium.NoSuchElementException: no such element<br/>
&nbsp; (Session info: chrome=53.0.2785.143)<br/>
&nbsp; (Driver info: chromedriver=2.8.241075,platform=Windows NT 6.1 SP1 x86_64) (WARNING: The server did not provide any stacktrace information)<br/>
Command duration or timeout: 30.04 seconds<br/>
For documentation on this error, please visit: http://seleniumhq.org/exceptions/no_such_element.html<br/>
Build info: version: &apos;2.43.1&apos;, revision: &apos;5163bce&apos;, time: &apos;2014-09-10 16:27:33&apos;<br/>
System info: host: &apos;VDC01LDW0013&apos;, ip: &apos;192.168.155.35&apos;, os.name: &apos;Windows 7&apos;, os.arch: &apos;amd64&apos;, os.version: &apos;6.1&apos;, java.version: &apos;1.7.0_40&apos;<br/>
Session ID: 2c5002e6fdb71a712b5b30320e35402e<br/>
Driver info: org.openqa.selenium.chrome.ChromeDriver<br/>
Capabilities [{platform=XP, acceptSslCerts=true, javascriptEnabled=true, browserName=chrome, chrome={userDataDir=C:\Users\RANI~1.KUM\AppData\Local\Temp\scoped_dir15700_1027}, rotatable=false, locationContextEnabled=true, version=53.0.2785.143, takesHeapSnapshot=true, cssSelectorsEnabled=true, databaseEnabled=false, handlesAlerts=true, browserConnectionEnabled=false, nativeEvents=true, webStorageEnabled=true, applicationCacheEnabled=false, takesScreenshot=true}]</b></a><br />
    <div class="stackTrace" id="exception-2">
              sun.reflect.NativeConstructorAccessorImpl.newInstance0(Native Method)<br />
              sun.reflect.NativeConstructorAccessorImpl.newInstance(NativeConstructorAccessorImpl.java:57)<br />
              sun.reflect.DelegatingConstructorAccessorImpl.newInstance(DelegatingConstructorAccessorImpl.java:45)<br />
              java.lang.reflect.Constructor.newInstance(Constructor.java:526)<br />
              org.openqa.selenium.remote.ErrorHandler.createThrowable(ErrorHandler.java:204)<br />
              org.openqa.selenium.remote.ErrorHandler.throwIfResponseFailed(ErrorHandler.java:156)<br />
              org.openqa.selenium.remote.RemoteWebDriver.execute(RemoteWebDriver.java:599)<br />
              org.openqa.selenium.remote.RemoteWebDriver.findElement(RemoteWebDriver.java:352)<br />
              org.openqa.selenium.remote.RemoteWebDriver.findElementByXPath(RemoteWebDriver.java:449)<br />
              org.openqa.selenium.By$ByXPath.findElement(By.java:357)<br />
              org.openqa.selenium.remote.RemoteWebDriver.findElement(RemoteWebDriver.java:344)<br />
              in.valtech.RoadScholar.pages.TripDetailPage.&lt;init&gt;(TripDetailPage.java:27)<br />
              in.valtech.RoadScholar.test.CS2_TC_42.step04_clickOnDateAndPricesTab(CS2_TC_42.java:67)<br />
              sun.reflect.NativeMethodAccessorImpl.invoke0(Native Method)<br />
              sun.reflect.NativeMethodAccessorImpl.invoke(NativeMethodAccessorImpl.java:57)<br />
              sun.reflect.DelegatingMethodAccessorImpl.invoke(DelegatingMethodAccessorImpl.java:43)<br />
              java.lang.reflect.Method.invoke(Method.java:606)<br />
              org.testng.internal.MethodInvocationHelper.invokeMethod(MethodInvocationHelper.java:84)<br />
              org.testng.internal.Invoker.invokeMethod(Invoker.java:714)<br />
              org.testng.internal.Invoker.invokeTestMethod(Invoker.java:901)<br />
              org.testng.internal.Invoker.invokeTestMethods(Invoker.java:1231)<br />
              org.testng.internal.TestMethodWorker.invokeTestMethods(TestMethodWorker.java:127)<br />
              org.testng.internal.TestMethodWorker.run(TestMethodWorker.java:111)<br />
              org.testng.TestRunner.privateRun(TestRunner.java:767)<br />
              org.testng.TestRunner.run(TestRunner.java:617)<br />
              org.testng.SuiteRunner.runTest(SuiteRunner.java:334)<br />
              org.testng.SuiteRunner.runSequentially(SuiteRunner.java:329)<br />
              org.testng.SuiteRunner.privateRun(SuiteRunner.java:291)<br />
              org.testng.SuiteRunner.run(SuiteRunner.java:240)<br />
              org.testng.SuiteRunnerWorker.runSuite(SuiteRunnerWorker.java:52)<br />
              org.testng.SuiteRunnerWorker.run(SuiteRunnerWorker.java:86)<br />
              org.testng.TestNG.runSuitesSequentially(TestNG.java:1224)<br />
              org.testng.TestNG.runSuitesLocally(TestNG.java:1149)<br />
              org.testng.TestNG.run(TestNG.java:1057)<br />
              org.testng.TestNG.privateMain(TestNG.java:1364)<br />
              org.testng.TestNG.main(TestNG.java:1333)<br />
                </div>
      </td>
</tr>
<tr>
  <td class="method">
                  <span class="description" title="Step 5:  click on select date button from trip date and prices pages">step05_clickOnSelectBtn</span>
      </td>
  <td class="duration">
    30.040s
  </td>
  <td class="result">
        
    
            <div class="testOutput">
                        <br /><a href="D:\RS_Automation\RS_WorkSpace\Automation\Road Scholar/screenshots/step05_clickOnSelectBtn1476793321093.png" class="highslide" rel="highslide"> <img src="D:\RS_Automation\RS_WorkSpace\Automation\Road Scholar/screenshots/step05_clickOnSelectBtn1476793321093.png"  alt="Highslide JS" title="Click to enlarge" hight='100' width='100'/> </a><br/>
                                <a href="D:\RS_Automation\RS_WorkSpace\Automation\Road Scholar/screenshots/step05_clickOnSelectBtn1476793321093.png">step05_clickOnSelectBtn1476793321093 </a><br/>
                  </div>
    

        <a href="javascript:toggleElement('exception-3', 'block')" title="Click to expand/collapse"><b>org.openqa.selenium.NoSuchElementException: no such element<br/>
&nbsp; (Session info: chrome=53.0.2785.143)<br/>
&nbsp; (Driver info: chromedriver=2.8.241075,platform=Windows NT 6.1 SP1 x86_64) (WARNING: The server did not provide any stacktrace information)<br/>
Command duration or timeout: 30.04 seconds<br/>
For documentation on this error, please visit: http://seleniumhq.org/exceptions/no_such_element.html<br/>
Build info: version: &apos;2.43.1&apos;, revision: &apos;5163bce&apos;, time: &apos;2014-09-10 16:27:33&apos;<br/>
System info: host: &apos;VDC01LDW0013&apos;, ip: &apos;192.168.155.35&apos;, os.name: &apos;Windows 7&apos;, os.arch: &apos;amd64&apos;, os.version: &apos;6.1&apos;, java.version: &apos;1.7.0_40&apos;<br/>
Session ID: 2c5002e6fdb71a712b5b30320e35402e<br/>
Driver info: org.openqa.selenium.chrome.ChromeDriver<br/>
Capabilities [{platform=XP, acceptSslCerts=true, javascriptEnabled=true, browserName=chrome, chrome={userDataDir=C:\Users\RANI~1.KUM\AppData\Local\Temp\scoped_dir15700_1027}, rotatable=false, locationContextEnabled=true, version=53.0.2785.143, takesHeapSnapshot=true, cssSelectorsEnabled=true, databaseEnabled=false, handlesAlerts=true, browserConnectionEnabled=false, nativeEvents=true, webStorageEnabled=true, applicationCacheEnabled=false, takesScreenshot=true}]</b></a><br />
    <div class="stackTrace" id="exception-3">
              sun.reflect.NativeConstructorAccessorImpl.newInstance0(Native Method)<br />
              sun.reflect.NativeConstructorAccessorImpl.newInstance(NativeConstructorAccessorImpl.java:57)<br />
              sun.reflect.DelegatingConstructorAccessorImpl.newInstance(DelegatingConstructorAccessorImpl.java:45)<br />
              java.lang.reflect.Constructor.newInstance(Constructor.java:526)<br />
              org.openqa.selenium.remote.ErrorHandler.createThrowable(ErrorHandler.java:204)<br />
              org.openqa.selenium.remote.ErrorHandler.throwIfResponseFailed(ErrorHandler.java:156)<br />
              org.openqa.selenium.remote.RemoteWebDriver.execute(RemoteWebDriver.java:599)<br />
              org.openqa.selenium.remote.RemoteWebDriver.findElement(RemoteWebDriver.java:352)<br />
              org.openqa.selenium.remote.RemoteWebDriver.findElementByXPath(RemoteWebDriver.java:449)<br />
              org.openqa.selenium.By$ByXPath.findElement(By.java:357)<br />
              org.openqa.selenium.remote.RemoteWebDriver.findElement(RemoteWebDriver.java:344)<br />
              in.valtech.RoadScholar.pages.TripDatesAndPrices.&lt;init&gt;(TripDatesAndPrices.java:24)<br />
              in.valtech.RoadScholar.test.CS2_TC_42.step05_clickOnSelectBtn(CS2_TC_42.java:80)<br />
              sun.reflect.NativeMethodAccessorImpl.invoke0(Native Method)<br />
              sun.reflect.NativeMethodAccessorImpl.invoke(NativeMethodAccessorImpl.java:57)<br />
              sun.reflect.DelegatingMethodAccessorImpl.invoke(DelegatingMethodAccessorImpl.java:43)<br />
              java.lang.reflect.Method.invoke(Method.java:606)<br />
              org.testng.internal.MethodInvocationHelper.invokeMethod(MethodInvocationHelper.java:84)<br />
              org.testng.internal.Invoker.invokeMethod(Invoker.java:714)<br />
              org.testng.internal.Invoker.invokeTestMethod(Invoker.java:901)<br />
              org.testng.internal.Invoker.invokeTestMethods(Invoker.java:1231)<br />
              org.testng.internal.TestMethodWorker.invokeTestMethods(TestMethodWorker.java:127)<br />
              org.testng.internal.TestMethodWorker.run(TestMethodWorker.java:111)<br />
              org.testng.TestRunner.privateRun(TestRunner.java:767)<br />
              org.testng.TestRunner.run(TestRunner.java:617)<br />
              org.testng.SuiteRunner.runTest(SuiteRunner.java:334)<br />
              org.testng.SuiteRunner.runSequentially(SuiteRunner.java:329)<br />
              org.testng.SuiteRunner.privateRun(SuiteRunner.java:291)<br />
              org.testng.SuiteRunner.run(SuiteRunner.java:240)<br />
              org.testng.SuiteRunnerWorker.runSuite(SuiteRunnerWorker.java:52)<br />
              org.testng.SuiteRunnerWorker.run(SuiteRunnerWorker.java:86)<br />
              org.testng.TestNG.runSuitesSequentially(TestNG.java:1224)<br />
              org.testng.TestNG.runSuitesLocally(TestNG.java:1149)<br />
              org.testng.TestNG.run(TestNG.java:1057)<br />
              org.testng.TestNG.privateMain(TestNG.java:1364)<br />
              org.testng.TestNG.main(TestNG.java:1333)<br />
                </div>
      </td>
</tr>
<tr>
  <td class="method">
                  <span class="description" title="Step 6: click on single person under number of people enrolling from your household section">step06_click</span>
      </td>
  <td class="duration">
    0.000s
  </td>
  <td class="result">
        
    
            <div class="testOutput">
                        <br /><a href="D:\RS_Automation\RS_WorkSpace\Automation\Road Scholar/screenshots/step06_click1476793351313.png" class="highslide" rel="highslide"> <img src="D:\RS_Automation\RS_WorkSpace\Automation\Road Scholar/screenshots/step06_click1476793351313.png"  alt="Highslide JS" title="Click to enlarge" hight='100' width='100'/> </a><br/>
                                <a href="D:\RS_Automation\RS_WorkSpace\Automation\Road Scholar/screenshots/step06_click1476793351313.png">step06_click1476793351313 </a><br/>
                  </div>
    

        <a href="javascript:toggleElement('exception-4', 'block')" title="Click to expand/collapse"><b>java.lang.IllegalArgumentException: Cannot find elements when the XPath expression is null.</b></a><br />
    <div class="stackTrace" id="exception-4">
              org.openqa.selenium.By.xpath(By.java:112)<br />
              in.valtech.RoadScholar.pages.CheckOutStep1.&lt;init&gt;(CheckOutStep1.java:65)<br />
              in.valtech.RoadScholar.test.CS2_TC_42.step06_click(CS2_TC_42.java:93)<br />
              sun.reflect.NativeMethodAccessorImpl.invoke0(Native Method)<br />
              sun.reflect.NativeMethodAccessorImpl.invoke(NativeMethodAccessorImpl.java:57)<br />
              sun.reflect.DelegatingMethodAccessorImpl.invoke(DelegatingMethodAccessorImpl.java:43)<br />
              java.lang.reflect.Method.invoke(Method.java:606)<br />
              org.testng.internal.MethodInvocationHelper.invokeMethod(MethodInvocationHelper.java:84)<br />
              org.testng.internal.Invoker.invokeMethod(Invoker.java:714)<br />
              org.testng.internal.Invoker.invokeTestMethod(Invoker.java:901)<br />
              org.testng.internal.Invoker.invokeTestMethods(Invoker.java:1231)<br />
              org.testng.internal.TestMethodWorker.invokeTestMethods(TestMethodWorker.java:127)<br />
              org.testng.internal.TestMethodWorker.run(TestMethodWorker.java:111)<br />
              org.testng.TestRunner.privateRun(TestRunner.java:767)<br />
              org.testng.TestRunner.run(TestRunner.java:617)<br />
              org.testng.SuiteRunner.runTest(SuiteRunner.java:334)<br />
              org.testng.SuiteRunner.runSequentially(SuiteRunner.java:329)<br />
              org.testng.SuiteRunner.privateRun(SuiteRunner.java:291)<br />
              org.testng.SuiteRunner.run(SuiteRunner.java:240)<br />
              org.testng.SuiteRunnerWorker.runSuite(SuiteRunnerWorker.java:52)<br />
              org.testng.SuiteRunnerWorker.run(SuiteRunnerWorker.java:86)<br />
              org.testng.TestNG.runSuitesSequentially(TestNG.java:1224)<br />
              org.testng.TestNG.runSuitesLocally(TestNG.java:1149)<br />
              org.testng.TestNG.run(TestNG.java:1057)<br />
              org.testng.TestNG.privateMain(TestNG.java:1364)<br />
              org.testng.TestNG.main(TestNG.java:1333)<br />
                </div>
      </td>
</tr>
<tr>
  <td class="method">
                  <span class="description" title="Step 7: select single radio button ">step07_SelectDoubleRadioBtn</span>
      </td>
  <td class="duration">
    0.000s
  </td>
  <td class="result">
        
    
            <div class="testOutput">
                        <br /><a href="D:\RS_Automation\RS_WorkSpace\Automation\Road Scholar/screenshots/step07_SelectDoubleRadioBtn1476793351475.png" class="highslide" rel="highslide"> <img src="D:\RS_Automation\RS_WorkSpace\Automation\Road Scholar/screenshots/step07_SelectDoubleRadioBtn1476793351475.png"  alt="Highslide JS" title="Click to enlarge" hight='100' width='100'/> </a><br/>
                                <a href="D:\RS_Automation\RS_WorkSpace\Automation\Road Scholar/screenshots/step07_SelectDoubleRadioBtn1476793351475.png">step07_SelectDoubleRadioBtn1476793351475 </a><br/>
                  </div>
    

        <a href="javascript:toggleElement('exception-5', 'block')" title="Click to expand/collapse"><b>java.lang.IllegalArgumentException: Cannot find elements when the XPath expression is null.</b></a><br />
    <div class="stackTrace" id="exception-5">
              org.openqa.selenium.By.xpath(By.java:112)<br />
              in.valtech.RoadScholar.pages.CheckOutStep1.&lt;init&gt;(CheckOutStep1.java:65)<br />
              in.valtech.RoadScholar.test.CS2_TC_42.step07_SelectDoubleRadioBtn(CS2_TC_42.java:106)<br />
              sun.reflect.NativeMethodAccessorImpl.invoke0(Native Method)<br />
              sun.reflect.NativeMethodAccessorImpl.invoke(NativeMethodAccessorImpl.java:57)<br />
              sun.reflect.DelegatingMethodAccessorImpl.invoke(DelegatingMethodAccessorImpl.java:43)<br />
              java.lang.reflect.Method.invoke(Method.java:606)<br />
              org.testng.internal.MethodInvocationHelper.invokeMethod(MethodInvocationHelper.java:84)<br />
              org.testng.internal.Invoker.invokeMethod(Invoker.java:714)<br />
              org.testng.internal.Invoker.invokeTestMethod(Invoker.java:901)<br />
              org.testng.internal.Invoker.invokeTestMethods(Invoker.java:1231)<br />
              org.testng.internal.TestMethodWorker.invokeTestMethods(TestMethodWorker.java:127)<br />
              org.testng.internal.TestMethodWorker.run(TestMethodWorker.java:111)<br />
              org.testng.TestRunner.privateRun(TestRunner.java:767)<br />
              org.testng.TestRunner.run(TestRunner.java:617)<br />
              org.testng.SuiteRunner.runTest(SuiteRunner.java:334)<br />
              org.testng.SuiteRunner.runSequentially(SuiteRunner.java:329)<br />
              org.testng.SuiteRunner.privateRun(SuiteRunner.java:291)<br />
              org.testng.SuiteRunner.run(SuiteRunner.java:240)<br />
              org.testng.SuiteRunnerWorker.runSuite(SuiteRunnerWorker.java:52)<br />
              org.testng.SuiteRunnerWorker.run(SuiteRunnerWorker.java:86)<br />
              org.testng.TestNG.runSuitesSequentially(TestNG.java:1224)<br />
              org.testng.TestNG.runSuitesLocally(TestNG.java:1149)<br />
              org.testng.TestNG.run(TestNG.java:1057)<br />
              org.testng.TestNG.privateMain(TestNG.java:1364)<br />
              org.testng.TestNG.main(TestNG.java:1333)<br />
                </div>
      </td>
</tr>
<tr>
  <td class="method">
                  <span class="description" title="Step 9: click on continue button">step09_clickOnContinueBtn</span>
      </td>
  <td class="duration">
    0.000s
  </td>
  <td class="result">
        
    
            <div class="testOutput">
                        <br /><a href="D:\RS_Automation\RS_WorkSpace\Automation\Road Scholar/screenshots/step09_clickOnContinueBtn1476793351782.png" class="highslide" rel="highslide"> <img src="D:\RS_Automation\RS_WorkSpace\Automation\Road Scholar/screenshots/step09_clickOnContinueBtn1476793351782.png"  alt="Highslide JS" title="Click to enlarge" hight='100' width='100'/> </a><br/>
                                <a href="D:\RS_Automation\RS_WorkSpace\Automation\Road Scholar/screenshots/step09_clickOnContinueBtn1476793351782.png">step09_clickOnContinueBtn1476793351782 </a><br/>
                  </div>
    

        <a href="javascript:toggleElement('exception-6', 'block')" title="Click to expand/collapse"><b>java.lang.IllegalArgumentException: Cannot find elements when the XPath expression is null.</b></a><br />
    <div class="stackTrace" id="exception-6">
              org.openqa.selenium.By.xpath(By.java:112)<br />
              in.valtech.RoadScholar.pages.CheckOutStep1.&lt;init&gt;(CheckOutStep1.java:65)<br />
              in.valtech.RoadScholar.test.CS2_TC_42.step09_clickOnContinueBtn(CS2_TC_42.java:132)<br />
              sun.reflect.NativeMethodAccessorImpl.invoke0(Native Method)<br />
              sun.reflect.NativeMethodAccessorImpl.invoke(NativeMethodAccessorImpl.java:57)<br />
              sun.reflect.DelegatingMethodAccessorImpl.invoke(DelegatingMethodAccessorImpl.java:43)<br />
              java.lang.reflect.Method.invoke(Method.java:606)<br />
              org.testng.internal.MethodInvocationHelper.invokeMethod(MethodInvocationHelper.java:84)<br />
              org.testng.internal.Invoker.invokeMethod(Invoker.java:714)<br />
              org.testng.internal.Invoker.invokeTestMethod(Invoker.java:901)<br />
              org.testng.internal.Invoker.invokeTestMethods(Invoker.java:1231)<br />
              org.testng.internal.TestMethodWorker.invokeTestMethods(TestMethodWorker.java:127)<br />
              org.testng.internal.TestMethodWorker.run(TestMethodWorker.java:111)<br />
              org.testng.TestRunner.privateRun(TestRunner.java:767)<br />
              org.testng.TestRunner.run(TestRunner.java:617)<br />
              org.testng.SuiteRunner.runTest(SuiteRunner.java:334)<br />
              org.testng.SuiteRunner.runSequentially(SuiteRunner.java:329)<br />
              org.testng.SuiteRunner.privateRun(SuiteRunner.java:291)<br />
              org.testng.SuiteRunner.run(SuiteRunner.java:240)<br />
              org.testng.SuiteRunnerWorker.runSuite(SuiteRunnerWorker.java:52)<br />
              org.testng.SuiteRunnerWorker.run(SuiteRunnerWorker.java:86)<br />
              org.testng.TestNG.runSuitesSequentially(TestNG.java:1224)<br />
              org.testng.TestNG.runSuitesLocally(TestNG.java:1149)<br />
              org.testng.TestNG.run(TestNG.java:1057)<br />
              org.testng.TestNG.privateMain(TestNG.java:1364)<br />
              org.testng.TestNG.main(TestNG.java:1333)<br />
                </div>
      </td>
</tr>
<tr>
  <td class="method">
                  <span class="description" title="entering mail id into the email field">step10_Email</span>
      </td>
  <td class="duration">
    30.035s
  </td>
  <td class="result">
        
    
            <div class="testOutput">
                        <br /><a href="D:\RS_Automation\RS_WorkSpace\Automation\Road Scholar/screenshots/step10_Email1476793351967 .png" class="highslide" rel="highslide"> <img src="D:\RS_Automation\RS_WorkSpace\Automation\Road Scholar/screenshots/step10_Email1476793351967 .png" alt="Highslide JS" title="Click to enlarge" hight='100' width='100' /> </a><br/>
                                <a href="D:\RS_Automation\RS_WorkSpace\Automation\Road Scholar/screenshots/step10_Email1476793351967.png">step10_Email1476793351967 </a><br/>
                                THROWABLE: java.lang.IllegalStateException: This is not the RS login page
                  </div>
    

        <a href="javascript:toggleElement('exception-7', 'block')" title="Click to expand/collapse"><b>java.lang.IllegalStateException: This is not the RS login page</b></a><br />
    <div class="stackTrace" id="exception-7">
              in.valtech.RoadScholar.pages.Login.&lt;init&gt;(Login.java:21)<br />
              in.valtech.RoadScholar.test.CS2_TC_42.step10_Email(CS2_TC_42.java:147)<br />
              sun.reflect.NativeMethodAccessorImpl.invoke0(Native Method)<br />
              sun.reflect.NativeMethodAccessorImpl.invoke(NativeMethodAccessorImpl.java:57)<br />
              sun.reflect.DelegatingMethodAccessorImpl.invoke(DelegatingMethodAccessorImpl.java:43)<br />
              java.lang.reflect.Method.invoke(Method.java:606)<br />
              org.testng.internal.MethodInvocationHelper.invokeMethod(MethodInvocationHelper.java:84)<br />
              org.testng.internal.Invoker.invokeMethod(Invoker.java:714)<br />
              org.testng.internal.Invoker.invokeTestMethod(Invoker.java:901)<br />
              org.testng.internal.Invoker.invokeTestMethods(Invoker.java:1231)<br />
              org.testng.internal.TestMethodWorker.invokeTestMethods(TestMethodWorker.java:127)<br />
              org.testng.internal.TestMethodWorker.run(TestMethodWorker.java:111)<br />
              org.testng.TestRunner.privateRun(TestRunner.java:767)<br />
              org.testng.TestRunner.run(TestRunner.java:617)<br />
              org.testng.SuiteRunner.runTest(SuiteRunner.java:334)<br />
              org.testng.SuiteRunner.runSequentially(SuiteRunner.java:329)<br />
              org.testng.SuiteRunner.privateRun(SuiteRunner.java:291)<br />
              org.testng.SuiteRunner.run(SuiteRunner.java:240)<br />
              org.testng.SuiteRunnerWorker.runSuite(SuiteRunnerWorker.java:52)<br />
              org.testng.SuiteRunnerWorker.run(SuiteRunnerWorker.java:86)<br />
              org.testng.TestNG.runSuitesSequentially(TestNG.java:1224)<br />
              org.testng.TestNG.runSuitesLocally(TestNG.java:1149)<br />
              org.testng.TestNG.run(TestNG.java:1057)<br />
              org.testng.TestNG.privateMain(TestNG.java:1364)<br />
              org.testng.TestNG.main(TestNG.java:1333)<br />
                </div>
      </td>
</tr>
      </table>

  <table class="resultsTable" width="100%">
    <tr><th colspan="3" class="header skipped">Skipped Tests</th></tr>
          <tr>
        <td colspan="3" class="group">in.valtech.RoadScholar.test.CS2_TC_42</td>
      </tr>
            
<tr>
  <td class="method">
                  <span class="description" title="enter Password into the password text field">step11_Passwd</span>
      </td>
  <td class="duration">
    0.000s
  </td>
  <td class="result">
                         
    
        

      </td>
</tr>
<tr>
  <td class="method">
                  <span class="description" title="Click on Sign in Button">step11_SignUpBtn</span>
      </td>
  <td class="duration">
    0.000s
  </td>
  <td class="result">
                         
    
        

      </td>
</tr>
<tr>
  <td class="method">
                  <span class="description" title="Step 13: verifying the Your Details Tab at the top of checkout step2 page">step13_verifyYourDetailsTab</span>
      </td>
  <td class="duration">
    0.000s
  </td>
  <td class="result">
                         
    
        

      </td>
</tr>
<tr>
  <td class="method">
                  <span class="description" title="Step 14: verifying the your preference section of checkout step2 page">step14_verifypreference</span>
      </td>
  <td class="duration">
    0.000s
  </td>
  <td class="result">
                         
    
        

      </td>
</tr>
<tr>
  <td class="method">
                  <span class="description" title="Step 15: verifying the contact information section of checkout step2 page">step15_verifyContactInformationSection</span>
      </td>
  <td class="duration">
    0.000s
  </td>
  <td class="result">
                         
    
        

      </td>
</tr>
<tr>
  <td class="method">
                  <span class="description" title="Step 16: verifying the first name field under contact information section of checkout step2 page">step16_verifyFirstNameTextField</span>
      </td>
  <td class="duration">
    0.000s
  </td>
  <td class="result">
                         
    
        

      </td>
</tr>
<tr>
  <td class="method">
                  <span class="description" title="Step 17: verifying  the last name field under contact information section of checkout step2 page">step17_verifyLastNameTextField</span>
      </td>
  <td class="duration">
    0.000s
  </td>
  <td class="result">
                         
    
        

      </td>
</tr>
<tr>
  <td class="method">
                  <span class="description" title="Step 18: verifying the address field under contact information section of checkout step2 page">step18_verifyAddressTextField</span>
      </td>
  <td class="duration">
    0.000s
  </td>
  <td class="result">
                         
    
        

      </td>
</tr>
<tr>
  <td class="method">
                  <span class="description" title="Step 19: verifying the city field under contact information section of checkout step2 page">step19_verifyCityField</span>
      </td>
  <td class="duration">
    0.000s
  </td>
  <td class="result">
                         
    
        

      </td>
</tr>
<tr>
  <td class="method">
                  <span class="description" title="Step 20: verifying the zip code field under contact information section of checkout step2 page">step20_verifyZipCodeField</span>
      </td>
  <td class="duration">
    0.000s
  </td>
  <td class="result">
                         
    
        

      </td>
</tr>
<tr>
  <td class="method">
                  <span class="description" title="Step 22: verifying the country drop down under contact information section of checkout step2 page">step21_verifyCountryDropDowwn</span>
      </td>
  <td class="duration">
    0.000s
  </td>
  <td class="result">
                         
    
        

      </td>
</tr>
<tr>
  <td class="method">
                  <span class="description" title="Step 21: verifying the phone number field under contact information section of checkout step2 page">step21_verifyPhoneNumberField</span>
      </td>
  <td class="duration">
    0.000s
  </td>
  <td class="result">
                         
    
        

      </td>
</tr>
<tr>
  <td class="method">
                  <span class="description" title="Step 23: verifying the state drop down under contact information section of checkout step2 page">step23_verifyStateDropDowwn</span>
      </td>
  <td class="duration">
    0.000s
  </td>
  <td class="result">
                         
    
        

      </td>
</tr>
<tr>
  <td class="method">
                  <span class="description" title="Step 24: verifying the order summary section of checkout step2 page">step24_verifyOrderSummarySection</span>
      </td>
  <td class="duration">
    0.000s
  </td>
  <td class="result">
                         
    
        

      </td>
</tr>
<tr>
  <td class="method">
                  <span class="description" title="Step 25: verifying the continue button displayed under the order summary section of checkout step2 page">step25_verifyOrderSummaryContinueBtn</span>
      </td>
  <td class="duration">
    0.000s
  </td>
  <td class="result">
                         
    
        

      </td>
</tr>
<tr>
  <td class="method">
                  <span class="description" title="Step 26: verifying talk to section is displayed under order summary section of checkout step2 page">step26_verifyTalkToUsSection</span>
      </td>
  <td class="duration">
    0.000s
  </td>
  <td class="result">
                         
    
        

      </td>
</tr>
<tr>
  <td class="method">
                  <span class="description" title="Step 27: verifying price overview section of checkout step2 page">step27_verifyPriceOverviewSection</span>
      </td>
  <td class="duration">
    0.000s
  </td>
  <td class="result">
                         
    
        

      </td>
</tr>
<tr>
  <td class="method">
                  <span class="description" title="Step 28: verifying back button is displayed under price overview section of checkout step2 page">step28_verifyBackButton</span>
      </td>
  <td class="duration">
    0.000s
  </td>
  <td class="result">
                         
    
        

      </td>
</tr>
<tr>
  <td class="method">
                  <span class="description" title="Step 29: verifying continue button is displayed under price overview section of checkout step2 page">step29_verifyContinueButton</span>
      </td>
  <td class="duration">
    0.000s
  </td>
  <td class="result">
                         
    
        

      </td>
</tr>
      </table>

  <table class="resultsTable">
    <tr><th colspan="3" class="header passed">Passed Tests</th></tr>
          <tr>
        <td colspan="3" class="group">in.valtech.RoadScholar.test.CS2_TC_42</td>
      </tr>
            
<tr>
  <td class="method">
                  <span class="description" title="Step 1:  Open browser,Navigate to the RS URL">Step01_HOMEPAGE_URL</span>
      </td>
  <td class="duration">
    16.035s
  </td>
  <td class="result">
        
    
            <div class="testOutput">
                        Page Title:Home
                                <p>Successfully navigated to application URL
                                <br /><a href="D:\RS_Automation\RS_WorkSpace\Automation\Road Scholar/screenshots/Step01_HOMEPAGE_URL1476793228212.png" class="highslide" rel="highslide"> <img src="D:\RS_Automation\RS_WorkSpace\Automation\Road Scholar/screenshots/Step01_HOMEPAGE_URL1476793228212.png"  alt="Highslide JS" title="Click to enlarge" hight='100' width='100'/> </a><br/>
                                <a href="D:\RS_Automation\RS_WorkSpace\Automation\Road Scholar/screenshots/Step01_HOMEPAGE_URL1476793228212.png">Step01_HOMEPAGE_URL1476793228212 </a><br/>
                  </div>
    

      </td>
</tr>
<tr>
  <td class="method">
                  <span class="description" title="Step 2:  clicking on close button from sign in up modal">step02_clickingOnClose</span>
      </td>
  <td class="duration">
    10.117s
  </td>
  <td class="result">
        
    
            <div class="testOutput">
                        <p>Successfully clicked on close button
                                <br /><a href="D:\RS_Automation\RS_WorkSpace\Automation\Road Scholar/screenshots/step02_clickingOnClose1476793244963.png" class="highslide" rel="highslide"> <img src="D:\RS_Automation\RS_WorkSpace\Automation\Road Scholar/screenshots/step02_clickingOnClose1476793244963.png"  alt="Highslide JS" title="Click to enlarge" hight='100' width='100'/> </a><br/>
                                <a href="D:\RS_Automation\RS_WorkSpace\Automation\Road Scholar/screenshots/step02_clickingOnClose1476793244963.png">step02_clickingOnClose1476793244963 </a><br/>
                  </div>
    

      </td>
</tr>
      </table>
  
</body>
</html>
