<?xml version="1.0" encoding="UTF-8"?>
<testsuite name="Donate Page_YES_DON_TC_18"
           tests="45"
           failures="3"
           errors="0"
           skipped="41"
           time="48.392">
  <properties />
            <testcase name="step04_EnterEmailAddress" time="30.074" classname="in.valtech.RoadScholar.test.DON_TC_18">
                <failure type="java.lang.IllegalStateException"
                  message="This is not the RS login page"
              >
<![CDATA[java.lang.IllegalStateException: This is not the RS login page
  in.valtech.RoadScholar.pages.Login.<init>(Login.java:22)
  in.valtech.RoadScholar.test.DON_TC_18.step04_EnterEmailAddress(DON_TC_18.java:57)
  sun.reflect.NativeMethodAccessorImpl.invoke0(Native Method)
  sun.reflect.NativeMethodAccessorImpl.invoke(NativeMethodAccessorImpl.java:57)
  sun.reflect.DelegatingMethodAccessorImpl.invoke(DelegatingMethodAccessorImpl.java:43)
  java.lang.reflect.Method.invoke(Method.java:606)
  org.testng.internal.MethodInvocationHelper.invokeMethod(MethodInvocationHelper.java:84)
  org.testng.internal.Invoker.invokeMethod(Invoker.java:714)
  org.testng.internal.Invoker.invokeTestMethod(Invoker.java:901)
  org.testng.internal.Invoker.invokeTestMethods(Invoker.java:1231)
  org.testng.internal.TestMethodWorker.invokeTestMethods(TestMethodWorker.java:127)
  org.testng.internal.TestMethodWorker.run(TestMethodWorker.java:111)
  org.testng.TestRunner.privateRun(TestRunner.java:767)
  org.testng.TestRunner.run(TestRunner.java:617)
  org.testng.SuiteRunner.runTest(SuiteRunner.java:334)
  org.testng.SuiteRunner.runSequentially(SuiteRunner.java:329)
  org.testng.SuiteRunner.privateRun(SuiteRunner.java:291)
  org.testng.SuiteRunner.run(SuiteRunner.java:240)
  org.testng.SuiteRunnerWorker.runSuite(SuiteRunnerWorker.java:52)
  org.testng.SuiteRunnerWorker.run(SuiteRunnerWorker.java:86)
  org.testng.TestNG.runSuitesSequentially(TestNG.java:1224)
  org.testng.TestNG.runSuitesLocally(TestNG.java:1149)
  org.testng.TestNG.run(TestNG.java:1057)
  org.testng.TestNG.privateMain(TestNG.java:1364)
  org.testng.TestNG.main(TestNG.java:1333)
]]>
      </failure>

          </testcase>
            <testcase name="step02_ClickonCloseModal" time="0.073" classname="in.valtech.RoadScholar.test.DON_TC_18">
                <failure type="org.openqa.selenium.WebDriverException"
                  message="unknown error: Element is not clickable at point (821, 349). Other element would receive the click: &lt;div class=&quot;hsm-content&quot;&gt;...&lt;/div&gt;
  (Session info: chrome=53.0.2785.143)
  (Driver info: chromedriver=2.8.241075,platform=Windows NT 6.1 SP1 x86_64) (WARNING: The server did not provide any stacktrace information)
Command duration or timeout: 39 milliseconds
Build info: version: &apos;2.43.1&apos;, revision: &apos;5163bce&apos;, time: &apos;2014-09-10 16:27:33&apos;
System info: host: &apos;VDC01LDW0013&apos;, ip: &apos;192.168.155.35&apos;, os.name: &apos;Windows 7&apos;, os.arch: &apos;amd64&apos;, os.version: &apos;6.1&apos;, java.version: &apos;1.7.0_40&apos;
Session ID: 20f4a2bee6e5892a166760bf3ae5760f
Driver info: org.openqa.selenium.chrome.ChromeDriver
Capabilities [{platform=XP, acceptSslCerts=true, javascriptEnabled=true, browserName=chrome, chrome={userDataDir=C:\Users\RANI~1.KUM\AppData\Local\Temp\scoped_dir6108_18293}, rotatable=false, locationContextEnabled=true, version=53.0.2785.143, takesHeapSnapshot=true, cssSelectorsEnabled=true, databaseEnabled=false, handlesAlerts=true, browserConnectionEnabled=false, nativeEvents=true, webStorageEnabled=true, applicationCacheEnabled=false, takesScreenshot=true}]"
              >
<![CDATA[org.openqa.selenium.WebDriverException: unknown error: Element is not clickable at point (821, 349). Other element would receive the click: <div class="hsm-content">...</div>
  (Session info: chrome=53.0.2785.143)
  (Driver info: chromedriver=2.8.241075,platform=Windows NT 6.1 SP1 x86_64) (WARNING: The server did not provide any stacktrace information)
Command duration or timeout: 39 milliseconds
Build info: version: '2.43.1', revision: '5163bce', time: '2014-09-10 16:27:33'
System info: host: 'VDC01LDW0013', ip: '192.168.155.35', os.name: 'Windows 7', os.arch: 'amd64', os.version: '6.1', java.version: '1.7.0_40'
Session ID: 20f4a2bee6e5892a166760bf3ae5760f
Driver info: org.openqa.selenium.chrome.ChromeDriver
Capabilities [{platform=XP, acceptSslCerts=true, javascriptEnabled=true, browserName=chrome, chrome={userDataDir=C:\Users\RANI~1.KUM\AppData\Local\Temp\scoped_dir6108_18293}, rotatable=false, locationContextEnabled=true, version=53.0.2785.143, takesHeapSnapshot=true, cssSelectorsEnabled=true, databaseEnabled=false, handlesAlerts=true, browserConnectionEnabled=false, nativeEvents=true, webStorageEnabled=true, applicationCacheEnabled=false, takesScreenshot=true}]
  sun.reflect.NativeConstructorAccessorImpl.newInstance0(Native Method)
  sun.reflect.NativeConstructorAccessorImpl.newInstance(NativeConstructorAccessorImpl.java:57)
  sun.reflect.DelegatingConstructorAccessorImpl.newInstance(DelegatingConstructorAccessorImpl.java:45)
  java.lang.reflect.Constructor.newInstance(Constructor.java:526)
  org.openqa.selenium.remote.ErrorHandler.createThrowable(ErrorHandler.java:204)
  org.openqa.selenium.remote.ErrorHandler.throwIfResponseFailed(ErrorHandler.java:156)
  org.openqa.selenium.remote.RemoteWebDriver.execute(RemoteWebDriver.java:599)
  org.openqa.selenium.remote.RemoteWebElement.execute(RemoteWebElement.java:268)
  org.openqa.selenium.remote.RemoteWebElement.click(RemoteWebElement.java:79)
  in.valtech.uiFunctions.GUIFunctions.clickElement(GUIFunctions.java:65)
  in.valtech.RoadScholar.pages.HomePage.ClickOnModal(HomePage.java:163)
  in.valtech.RoadScholar.test.DON_TC_18.step02_ClickonCloseModal(DON_TC_18.java:37)
  sun.reflect.NativeMethodAccessorImpl.invoke0(Native Method)
  sun.reflect.NativeMethodAccessorImpl.invoke(NativeMethodAccessorImpl.java:57)
  sun.reflect.DelegatingMethodAccessorImpl.invoke(DelegatingMethodAccessorImpl.java:43)
  java.lang.reflect.Method.invoke(Method.java:606)
  org.testng.internal.MethodInvocationHelper.invokeMethod(MethodInvocationHelper.java:84)
  org.testng.internal.Invoker.invokeMethod(Invoker.java:714)
  org.testng.internal.Invoker.invokeTestMethod(Invoker.java:901)
  org.testng.internal.Invoker.invokeTestMethods(Invoker.java:1231)
  org.testng.internal.TestMethodWorker.invokeTestMethods(TestMethodWorker.java:127)
  org.testng.internal.TestMethodWorker.run(TestMethodWorker.java:111)
  org.testng.TestRunner.privateRun(TestRunner.java:767)
  org.testng.TestRunner.run(TestRunner.java:617)
  org.testng.SuiteRunner.runTest(SuiteRunner.java:334)
  org.testng.SuiteRunner.runSequentially(SuiteRunner.java:329)
  org.testng.SuiteRunner.privateRun(SuiteRunner.java:291)
  org.testng.SuiteRunner.run(SuiteRunner.java:240)
  org.testng.SuiteRunnerWorker.runSuite(SuiteRunnerWorker.java:52)
  org.testng.SuiteRunnerWorker.run(SuiteRunnerWorker.java:86)
  org.testng.TestNG.runSuitesSequentially(TestNG.java:1224)
  org.testng.TestNG.runSuitesLocally(TestNG.java:1149)
  org.testng.TestNG.run(TestNG.java:1057)
  org.testng.TestNG.privateMain(TestNG.java:1364)
  org.testng.TestNG.main(TestNG.java:1333)
]]>
      </failure>

          </testcase>
            <testcase name="step03_clickOnSignINHeader" time="0.047" classname="in.valtech.RoadScholar.test.DON_TC_18">
                <failure type="org.openqa.selenium.WebDriverException"
                  message="unknown error: Element is not clickable at point (790, 109). Other element would receive the click: &lt;div class=&quot;modal-clean modal-window&quot; style=&quot;opacity: 1;&quot;&gt;...&lt;/div&gt;
  (Session info: chrome=53.0.2785.143)
  (Driver info: chromedriver=2.8.241075,platform=Windows NT 6.1 SP1 x86_64) (WARNING: The server did not provide any stacktrace information)
Command duration or timeout: 23 milliseconds
Build info: version: &apos;2.43.1&apos;, revision: &apos;5163bce&apos;, time: &apos;2014-09-10 16:27:33&apos;
System info: host: &apos;VDC01LDW0013&apos;, ip: &apos;192.168.155.35&apos;, os.name: &apos;Windows 7&apos;, os.arch: &apos;amd64&apos;, os.version: &apos;6.1&apos;, java.version: &apos;1.7.0_40&apos;
Session ID: 20f4a2bee6e5892a166760bf3ae5760f
Driver info: org.openqa.selenium.chrome.ChromeDriver
Capabilities [{platform=XP, acceptSslCerts=true, javascriptEnabled=true, browserName=chrome, chrome={userDataDir=C:\Users\RANI~1.KUM\AppData\Local\Temp\scoped_dir6108_18293}, rotatable=false, locationContextEnabled=true, version=53.0.2785.143, takesHeapSnapshot=true, cssSelectorsEnabled=true, databaseEnabled=false, handlesAlerts=true, browserConnectionEnabled=false, nativeEvents=true, webStorageEnabled=true, applicationCacheEnabled=false, takesScreenshot=true}]"
              >
<![CDATA[org.openqa.selenium.WebDriverException: unknown error: Element is not clickable at point (790, 109). Other element would receive the click: <div class="modal-clean modal-window" style="opacity: 1;">...</div>
  (Session info: chrome=53.0.2785.143)
  (Driver info: chromedriver=2.8.241075,platform=Windows NT 6.1 SP1 x86_64) (WARNING: The server did not provide any stacktrace information)
Command duration or timeout: 23 milliseconds
Build info: version: '2.43.1', revision: '5163bce', time: '2014-09-10 16:27:33'
System info: host: 'VDC01LDW0013', ip: '192.168.155.35', os.name: 'Windows 7', os.arch: 'amd64', os.version: '6.1', java.version: '1.7.0_40'
Session ID: 20f4a2bee6e5892a166760bf3ae5760f
Driver info: org.openqa.selenium.chrome.ChromeDriver
Capabilities [{platform=XP, acceptSslCerts=true, javascriptEnabled=true, browserName=chrome, chrome={userDataDir=C:\Users\RANI~1.KUM\AppData\Local\Temp\scoped_dir6108_18293}, rotatable=false, locationContextEnabled=true, version=53.0.2785.143, takesHeapSnapshot=true, cssSelectorsEnabled=true, databaseEnabled=false, handlesAlerts=true, browserConnectionEnabled=false, nativeEvents=true, webStorageEnabled=true, applicationCacheEnabled=false, takesScreenshot=true}]
  sun.reflect.NativeConstructorAccessorImpl.newInstance0(Native Method)
  sun.reflect.NativeConstructorAccessorImpl.newInstance(NativeConstructorAccessorImpl.java:57)
  sun.reflect.DelegatingConstructorAccessorImpl.newInstance(DelegatingConstructorAccessorImpl.java:45)
  java.lang.reflect.Constructor.newInstance(Constructor.java:526)
  org.openqa.selenium.remote.ErrorHandler.createThrowable(ErrorHandler.java:204)
  org.openqa.selenium.remote.ErrorHandler.throwIfResponseFailed(ErrorHandler.java:156)
  org.openqa.selenium.remote.RemoteWebDriver.execute(RemoteWebDriver.java:599)
  org.openqa.selenium.remote.RemoteWebElement.execute(RemoteWebElement.java:268)
  org.openqa.selenium.remote.RemoteWebElement.click(RemoteWebElement.java:79)
  in.valtech.uiFunctions.GUIFunctions.clickElement(GUIFunctions.java:65)
  in.valtech.RoadScholar.pages.HomePage.clickOnSignINHeader(HomePage.java:178)
  in.valtech.RoadScholar.test.DON_TC_18.step03_clickOnSignINHeader(DON_TC_18.java:48)
  sun.reflect.NativeMethodAccessorImpl.invoke0(Native Method)
  sun.reflect.NativeMethodAccessorImpl.invoke(NativeMethodAccessorImpl.java:57)
  sun.reflect.DelegatingMethodAccessorImpl.invoke(DelegatingMethodAccessorImpl.java:43)
  java.lang.reflect.Method.invoke(Method.java:606)
  org.testng.internal.MethodInvocationHelper.invokeMethod(MethodInvocationHelper.java:84)
  org.testng.internal.Invoker.invokeMethod(Invoker.java:714)
  org.testng.internal.Invoker.invokeTestMethod(Invoker.java:901)
  org.testng.internal.Invoker.invokeTestMethods(Invoker.java:1231)
  org.testng.internal.TestMethodWorker.invokeTestMethods(TestMethodWorker.java:127)
  org.testng.internal.TestMethodWorker.run(TestMethodWorker.java:111)
  org.testng.TestRunner.privateRun(TestRunner.java:767)
  org.testng.TestRunner.run(TestRunner.java:617)
  org.testng.SuiteRunner.runTest(SuiteRunner.java:334)
  org.testng.SuiteRunner.runSequentially(SuiteRunner.java:329)
  org.testng.SuiteRunner.privateRun(SuiteRunner.java:291)
  org.testng.SuiteRunner.run(SuiteRunner.java:240)
  org.testng.SuiteRunnerWorker.runSuite(SuiteRunnerWorker.java:52)
  org.testng.SuiteRunnerWorker.run(SuiteRunnerWorker.java:86)
  org.testng.TestNG.runSuitesSequentially(TestNG.java:1224)
  org.testng.TestNG.runSuitesLocally(TestNG.java:1149)
  org.testng.TestNG.run(TestNG.java:1057)
  org.testng.TestNG.privateMain(TestNG.java:1364)
  org.testng.TestNG.main(TestNG.java:1333)
]]>
      </failure>

          </testcase>
  
            <testcase name="methodLevelTearDown" time="0.0" classname="in.valtech.RoadScholar.test.DON_TC_18">
          <skipped />
    </testcase>
            <testcase name="methodLevelTearDown" time="0.0" classname="in.valtech.RoadScholar.test.DON_TC_18">
          <skipped />
    </testcase>
            <testcase name="methodLevelSetup" time="0.0" classname="in.valtech.RoadScholar.test.DON_TC_18">
          <skipped />
    </testcase>
            <testcase name="methodLevelTearDown" time="0.0" classname="in.valtech.RoadScholar.test.DON_TC_18">
          <skipped />
    </testcase>
            <testcase name="methodLevelTearDown" time="0.0" classname="in.valtech.RoadScholar.test.DON_TC_18">
          <skipped />
    </testcase>
            <testcase name="methodLevelSetup" time="0.0" classname="in.valtech.RoadScholar.test.DON_TC_18">
          <skipped />
    </testcase>
            <testcase name="methodLevelTearDown" time="0.0" classname="in.valtech.RoadScholar.test.DON_TC_18">
          <skipped />
    </testcase>
            <testcase name="methodLevelTearDown" time="0.0" classname="in.valtech.RoadScholar.test.DON_TC_18">
          <skipped />
    </testcase>
            <testcase name="methodLevelSetup" time="0.0" classname="in.valtech.RoadScholar.test.DON_TC_18">
          <skipped />
    </testcase>
            <testcase name="methodLevelSetup" time="0.0" classname="in.valtech.RoadScholar.test.DON_TC_18">
          <skipped />
    </testcase>
            <testcase name="methodLevelTearDown" time="0.0" classname="in.valtech.RoadScholar.test.DON_TC_18">
          <skipped />
    </testcase>
            <testcase name="methodLevelTearDown" time="0.0" classname="in.valtech.RoadScholar.test.DON_TC_18">
          <skipped />
    </testcase>
            <testcase name="methodLevelSetup" time="0.0" classname="in.valtech.RoadScholar.test.DON_TC_18">
          <skipped />
    </testcase>
            <testcase name="methodLevelSetup" time="0.0" classname="in.valtech.RoadScholar.test.DON_TC_18">
          <skipped />
    </testcase>
            <testcase name="classLevelTearDown" time="0.0" classname="in.valtech.RoadScholar.test.DON_TC_18">
          <skipped />
    </testcase>
            <testcase name="methodLevelTearDown" time="0.0" classname="in.valtech.RoadScholar.test.DON_TC_18">
          <skipped />
    </testcase>
            <testcase name="methodLevelSetup" time="0.0" classname="in.valtech.RoadScholar.test.DON_TC_18">
          <skipped />
    </testcase>
            <testcase name="methodLevelTearDown" time="0.0" classname="in.valtech.RoadScholar.test.DON_TC_18">
          <skipped />
    </testcase>
            <testcase name="methodLevelSetup" time="0.0" classname="in.valtech.RoadScholar.test.DON_TC_18">
          <skipped />
    </testcase>
            <testcase name="methodLevelTearDown" time="0.0" classname="in.valtech.RoadScholar.test.DON_TC_18">
          <skipped />
    </testcase>
            <testcase name="methodLevelSetup" time="0.0" classname="in.valtech.RoadScholar.test.DON_TC_18">
          <skipped />
    </testcase>
            <testcase name="methodLevelSetup" time="0.0" classname="in.valtech.RoadScholar.test.DON_TC_18">
          <skipped />
    </testcase>
            <testcase name="methodLevelTearDown" time="0.0" classname="in.valtech.RoadScholar.test.DON_TC_18">
          <skipped />
    </testcase>
            <testcase name="methodLevelSetup" time="0.0" classname="in.valtech.RoadScholar.test.DON_TC_18">
          <skipped />
    </testcase>
            <testcase name="methodLevelSetup" time="0.0" classname="in.valtech.RoadScholar.test.DON_TC_18">
          <skipped />
    </testcase>
            <testcase name="methodLevelSetup" time="0.0" classname="in.valtech.RoadScholar.test.DON_TC_18">
          <skipped />
    </testcase>
            <testcase name="methodLevelTearDown" time="0.0" classname="in.valtech.RoadScholar.test.DON_TC_18">
          <skipped />
    </testcase>
            <testcase name="methodLevelTearDown" time="0.0" classname="in.valtech.RoadScholar.test.DON_TC_18">
          <skipped />
    </testcase>
            <testcase name="step14_EnterPersonalDetails" time="0.0" classname="in.valtech.RoadScholar.test.DON_TC_18">
          <skipped />
    </testcase>
            <testcase name="step16_EnterPaymentDetails" time="0.0" classname="in.valtech.RoadScholar.test.DON_TC_18">
          <skipped />
    </testcase>
            <testcase name="step11_SelectValueFromPleaseDirectMyDonationDropDown" time="0.0" classname="in.valtech.RoadScholar.test.DON_TC_18">
          <skipped />
    </testcase>
            <testcase name="step15_ClickOnPaymentRadioButton" time="0.0" classname="in.valtech.RoadScholar.test.DON_TC_18">
          <skipped />
    </testcase>
            <testcase name="step06_ClickOnSignInButton" time="0.0" classname="in.valtech.RoadScholar.test.DON_TC_18">
          <skipped />
    </testcase>
            <testcase name="step05_EnterPassword" time="0.0" classname="in.valtech.RoadScholar.test.DON_TC_18">
          <skipped />
    </testcase>
            <testcase name="step13_EnterDetailsUnderSelectedRadioButtonOfMakeThisGiftIn" time="0.0" classname="in.valtech.RoadScholar.test.DON_TC_18">
          <skipped />
    </testcase>
            <testcase name="step12_SelectRadioButtonForMakeThisGiftIn" time="0.0" classname="in.valtech.RoadScholar.test.DON_TC_18">
          <skipped />
    </testcase>
            <testcase name="step17_VerifyThankYouMessage" time="0.0" classname="in.valtech.RoadScholar.test.DON_TC_18">
          <skipped />
    </testcase>
            <testcase name="step07_ClickOnDonateLink" time="0.0" classname="in.valtech.RoadScholar.test.DON_TC_18">
          <skipped />
    </testcase>
            <testcase name="step10_SelectGiftAmount" time="0.0" classname="in.valtech.RoadScholar.test.DON_TC_18">
          <skipped />
    </testcase>
            <testcase name="step09_verifyErrorMesaage" time="0.0" classname="in.valtech.RoadScholar.test.DON_TC_18">
          <skipped />
    </testcase>
            <testcase name="step08_ClickOnPaymentRadioButton" time="0.0" classname="in.valtech.RoadScholar.test.DON_TC_18">
          <skipped />
    </testcase>
  
            <testcase name="step01_HOMEPAGE_URL" time="18.193" classname="in.valtech.RoadScholar.test.DON_TC_18" />
      
</testsuite>
