<?xml version="1.0" encoding="utf-8" ?>
<!DOCTYPE html PUBLIC "-//W3C//DTD XHTML 1.0 Strict//EN"
        "http://www.w3.org/TR/xhtml1/DTD/xhtml1-strict.dtd">
<html xmlns="http://www.w3.org/1999/xhtml" xml:lang="" lang="">
<head>
  <title>Test Result Report - Personal Information Page_PIP_TC_31_PIP_TC_31</title>
  <meta http-equiv="Content-Type" content="text/html;charset=utf-8" />
  <meta name="description" content="TestNG unit test results." />
  <link href="reportng.css" rel="stylesheet" type="text/css" />
    <script type="text/javascript" src="reportng.js"></script>
</head>
<body>
<h1>Personal Information Page_PIP_TC_31_PIP_TC_31</h1>
<p>
  Test duration: 178.726s
</p>



  <table class="resultsTable">
    <tr><th colspan="3" class="header failed">Failed Tests</th></tr>
          <tr>
        <td colspan="3" class="group">in.valtech.RoadScholar.test.PIP_TC_31</td>
      </tr>
            
<tr>
  <td class="method">
                  <span class="description" title="step 8:change email address ">step08_changeEmailAddressandClickOnChangepasswordLink</span>
      </td>
  <td class="duration">
    76.110s
  </td>
  <td class="result">
        
    
            <div class="testOutput">
                        <br /><a href="D:\RS_Automation\RS_WorkSpace\Automation\Road Scholar/screenshots/step08_changeEmailAddressandClickOnChangepasswordLink1477473517177 .png" class="highslide" rel="highslide"> <img src="D:\RS_Automation\RS_WorkSpace\Automation\Road Scholar/screenshots/step08_changeEmailAddressandClickOnChangepasswordLink1477473517177 .png" alt="Highslide JS" title="Click to enlarge" hight='100' width='100' /> </a><br/>
                                <a href="D:\RS_Automation\RS_WorkSpace\Automation\Road Scholar/screenshots/step08_changeEmailAddressandClickOnChangepasswordLink1477473517177.png">step08_changeEmailAddressandClickOnChangepasswordLink1477473517177 </a><br/>
                                THROWABLE: java.lang.IllegalStateException: This is not the RS PersonalInformaion  page
                  </div>
    

        <a href="javascript:toggleElement('exception-0', 'block')" title="Click to expand/collapse"><b>java.lang.IllegalStateException: This is not the RS PersonalInformaion&nbsp; page</b></a><br />
    <div class="stackTrace" id="exception-0">
              in.valtech.RoadScholar.pages.PersonalInformationPage.&lt;init&gt;(PersonalInformationPage.java:31)<br />
              in.valtech.RoadScholar.pages.PersonalInformationPage.ChangeEmailAndSave(PersonalInformationPage.java:233)<br />
              in.valtech.RoadScholar.test.PIP_TC_31.step08_changeEmailAddressandClickOnChangepasswordLink(PIP_TC_31.java:42)<br />
              sun.reflect.NativeMethodAccessorImpl.invoke0(Native Method)<br />
              sun.reflect.NativeMethodAccessorImpl.invoke(NativeMethodAccessorImpl.java:57)<br />
              sun.reflect.DelegatingMethodAccessorImpl.invoke(DelegatingMethodAccessorImpl.java:43)<br />
              java.lang.reflect.Method.invoke(Method.java:606)<br />
              org.testng.internal.MethodInvocationHelper.invokeMethod(MethodInvocationHelper.java:84)<br />
              org.testng.internal.Invoker.invokeMethod(Invoker.java:714)<br />
              org.testng.internal.Invoker.invokeTestMethod(Invoker.java:901)<br />
              org.testng.internal.Invoker.invokeTestMethods(Invoker.java:1231)<br />
              org.testng.internal.TestMethodWorker.invokeTestMethods(TestMethodWorker.java:127)<br />
              org.testng.internal.TestMethodWorker.run(TestMethodWorker.java:111)<br />
              org.testng.TestRunner.privateRun(TestRunner.java:767)<br />
              org.testng.TestRunner.run(TestRunner.java:617)<br />
              org.testng.SuiteRunner.runTest(SuiteRunner.java:334)<br />
              org.testng.SuiteRunner.runSequentially(SuiteRunner.java:329)<br />
              org.testng.SuiteRunner.privateRun(SuiteRunner.java:291)<br />
              org.testng.SuiteRunner.run(SuiteRunner.java:240)<br />
              org.testng.SuiteRunnerWorker.runSuite(SuiteRunnerWorker.java:52)<br />
              org.testng.SuiteRunnerWorker.run(SuiteRunnerWorker.java:86)<br />
              org.testng.TestNG.runSuitesSequentially(TestNG.java:1224)<br />
              org.testng.TestNG.runSuitesLocally(TestNG.java:1149)<br />
              org.testng.TestNG.run(TestNG.java:1057)<br />
              org.testng.TestNG.privateMain(TestNG.java:1364)<br />
              org.testng.TestNG.main(TestNG.java:1333)<br />
                </div>
      </td>
</tr>
      </table>

  <table class="resultsTable" width="100%">
    <tr><th colspan="3" class="header skipped">Skipped Tests</th></tr>
          <tr>
        <td colspan="3" class="group">in.valtech.RoadScholar.test.PIP_TC_31</td>
      </tr>
            
<tr>
  <td class="method">
                  <span class="description" title="step 9:click on Change Password Link ">step09_clickOnChangePasswordlink</span>
      </td>
  <td class="duration">
    0.000s
  </td>
  <td class="result">
                         
    
        

      </td>
</tr>
<tr>
  <td class="method">
                  <span class="description" title="step 10:Enter new Value in  password field ">step10_enterValueInPasswordField</span>
      </td>
  <td class="duration">
    0.000s
  </td>
  <td class="result">
                         
    
        

      </td>
</tr>
<tr>
  <td class="method">
                  <span class="description" title="step 11:Enter new Value in re-type password field. ">step11_EnterValueInReTypePasswordField</span>
      </td>
  <td class="duration">
    0.000s
  </td>
  <td class="result">
                         
    
        

      </td>
</tr>
<tr>
  <td class="method">
                  <span class="description" title="step 12:click on save Button ">step12_ClickOnSaveButton</span>
      </td>
  <td class="duration">
    0.000s
  </td>
  <td class="result">
                         
    
        

      </td>
</tr>
<tr>
  <td class="method">
                  <span class="description" title="step 13:Verify the Success Message">step13_VerifySuccesssMessage</span>
      </td>
  <td class="duration">
    0.000s
  </td>
  <td class="result">
                         
    
        

      </td>
</tr>
      </table>

  <table class="resultsTable">
    <tr><th colspan="3" class="header passed">Passed Tests</th></tr>
          <tr>
        <td colspan="3" class="group">in.valtech.RoadScholar.test.HOP_TC_05</td>
      </tr>
            
<tr>
  <td class="method">
                  <span class="description" title="Precondition::  Open browser,Navigate to the RS URL">Step01_HOMEPAGE_URL</span>
      </td>
  <td class="duration">
    8.603s
  </td>
  <td class="result">
        
    
            <div class="testOutput">
                        Page Title:Home
                                <p>Successfully navigated to application URL
                                <br /><a href="D:\RS_Automation\RS_WorkSpace\Automation\Road Scholar/screenshots/Step01_HOMEPAGE_URL1477473413467.png" class="highslide" rel="highslide"> <img src="D:\RS_Automation\RS_WorkSpace\Automation\Road Scholar/screenshots/Step01_HOMEPAGE_URL1477473413467.png"  alt="Highslide JS" title="Click to enlarge" hight='100' width='100'/> </a><br/>
                                <a href="D:\RS_Automation\RS_WorkSpace\Automation\Road Scholar/screenshots/Step01_HOMEPAGE_URL1477473413467.png">Step01_HOMEPAGE_URL1477473413467 </a><br/>
                  </div>
    

      </td>
</tr>
<tr>
  <td class="method">
                  <span class="description" title=" Close the modal">Step02_ClickonCloseModal</span>
      </td>
  <td class="duration">
    5.140s
  </td>
  <td class="result">
        
    
            <div class="testOutput">
                        <p>Successfully closed the modal 
                                <br /><a href="D:\RS_Automation\RS_WorkSpace\Automation\Road Scholar/screenshots/Step02_ClickonCloseModal1477473424325.png" class="highslide" rel="highslide"> <img src="D:\RS_Automation\RS_WorkSpace\Automation\Road Scholar/screenshots/Step02_ClickonCloseModal1477473424325.png"  alt="Highslide JS" title="Click to enlarge" hight='100' width='100'/> </a><br/>
                                <a href="D:\RS_Automation\RS_WorkSpace\Automation\Road Scholar/screenshots/Step02_ClickonCloseModal1477473424325.png">Step02_ClickonCloseModal1477473424325 </a><br/>
                  </div>
    

      </td>
</tr>
<tr>
  <td class="method">
                  <span class="description" title="Click on Sign in from header">Step03_clickOnSignINHeader</span>
      </td>
  <td class="duration">
    5.173s
  </td>
  <td class="result">
        
    
            <div class="testOutput">
                        <p>Successfully Clicked on Sign in from headers 
                                <br /><a href="D:\RS_Automation\RS_WorkSpace\Automation\Road Scholar/screenshots/Step03_clickOnSignINHeader1477473431969.png" class="highslide" rel="highslide"> <img src="D:\RS_Automation\RS_WorkSpace\Automation\Road Scholar/screenshots/Step03_clickOnSignINHeader1477473431969.png"  alt="Highslide JS" title="Click to enlarge" hight='100' width='100'/> </a><br/>
                                <a href="D:\RS_Automation\RS_WorkSpace\Automation\Road Scholar/screenshots/Step03_clickOnSignINHeader1477473431969.png">Step03_clickOnSignINHeader1477473431969 </a><br/>
                  </div>
    

      </td>
</tr>
<tr>
  <td class="method">
                  <span class="description" title="Step 3: Enter email address">Step04_EnterEmailAddress</span>
      </td>
  <td class="duration">
    11.083s
  </td>
  <td class="result">
        
    
            <div class="testOutput">
                        <p>Successfully Entered email address
                                <br /><a href="D:\RS_Automation\RS_WorkSpace\Automation\Road Scholar/screenshots/Step04_EnterEmailAddress1477473437336.png" class="highslide" rel="highslide"> <img src="D:\RS_Automation\RS_WorkSpace\Automation\Road Scholar/screenshots/Step04_EnterEmailAddress1477473437336.png"  alt="Highslide JS" title="Click to enlarge" hight='100' width='100'/> </a><br/>
                                <a href="D:\RS_Automation\RS_WorkSpace\Automation\Road Scholar/screenshots/Step04_EnterEmailAddress1477473437336.png">Step04_EnterEmailAddress1477473437336 </a><br/>
                  </div>
    

      </td>
</tr>
<tr>
  <td class="method">
                  <span class="description" title="Step 4: Enter password">Step05_EnterPassword</span>
      </td>
  <td class="duration">
    5.299s
  </td>
  <td class="result">
        
    
            <div class="testOutput">
                        <p>Successfully Entered password
                                <br /><a href="D:\RS_Automation\RS_WorkSpace\Automation\Road Scholar/screenshots/Step05_EnterPassword1477473448588.png" class="highslide" rel="highslide"> <img src="D:\RS_Automation\RS_WorkSpace\Automation\Road Scholar/screenshots/Step05_EnterPassword1477473448588.png"  alt="Highslide JS" title="Click to enlarge" hight='100' width='100'/> </a><br/>
                                <a href="D:\RS_Automation\RS_WorkSpace\Automation\Road Scholar/screenshots/Step05_EnterPassword1477473448588.png">Step05_EnterPassword1477473448588 </a><br/>
                  </div>
    

      </td>
</tr>
<tr>
  <td class="method">
                  <span class="description" title="Step 4: Click on SignIn Btn">Step06_ClickOnSignInButton</span>
      </td>
  <td class="duration">
    10.205s
  </td>
  <td class="result">
        
    
            <div class="testOutput">
                        <p>Successfully Clicked on SignIn Btn
                                <br /><a href="D:\RS_Automation\RS_WorkSpace\Automation\Road Scholar/screenshots/Step06_ClickOnSignInButton1477473454080.png" class="highslide" rel="highslide"> <img src="D:\RS_Automation\RS_WorkSpace\Automation\Road Scholar/screenshots/Step06_ClickOnSignInButton1477473454080.png"  alt="Highslide JS" title="Click to enlarge" hight='100' width='100'/> </a><br/>
                                <a href="D:\RS_Automation\RS_WorkSpace\Automation\Road Scholar/screenshots/Step06_ClickOnSignInButton1477473454080.png">Step06_ClickOnSignInButton1477473454080 </a><br/>
                  </div>
    

      </td>
</tr>
          <tr>
        <td colspan="3" class="group">in.valtech.RoadScholar.test.PIP_TC_31</td>
      </tr>
            
<tr>
  <td class="method">
                  <span class="description" title="step 7:Click on Personal Information link">step07_clickOnPersonalInformationLink</span>
      </td>
  <td class="duration">
    52.143s
  </td>
  <td class="result">
        
    
            <div class="testOutput">
                        <p>Successfully Clicked on personal information link
                                <br /><a href="D:\RS_Automation\RS_WorkSpace\Automation\Road Scholar/screenshots/step07_clickOnPersonalInformationLink1477473464423.png" class="highslide" rel="highslide"> <img src="D:\RS_Automation\RS_WorkSpace\Automation\Road Scholar/screenshots/step07_clickOnPersonalInformationLink1477473464423.png"  alt="Highslide JS" title="Click to enlarge" hight='100' width='100'/> </a><br/>
                                <a href="D:\RS_Automation\RS_WorkSpace\Automation\Road Scholar/screenshots/step07_clickOnPersonalInformationLink1477473464423.png">step07_clickOnPersonalInformationLink1477473464423 </a><br/>
                  </div>
    

      </td>
</tr>
      </table>
  
</body>
</html>
