<?xml version="1.0" encoding="UTF-8"?>
<testsuite name="Checkout_ThankYou_YES_CTY_TC_52"
           tests="88"
           failures="2"
           errors="0"
           skipped="56"
           time="568.510">
  <properties />
            <testcase name="step31_verifyTitle" time="30.049" classname="in.valtech.RoadScholar.test.CTY_TC_52">
                <failure type="java.lang.IllegalStateException"
                  message="This is not the faq page"
              >
<![CDATA[java.lang.IllegalStateException: This is not the faq page
  in.valtech.RoadScholar.pages.CheckOutThankYou.<init>(CheckOutThankYou.java:32)
  in.valtech.RoadScholar.test.CTY_TC_52.step31_verifyTitle(CTY_TC_52.java:427)
  sun.reflect.NativeMethodAccessorImpl.invoke0(Native Method)
  sun.reflect.NativeMethodAccessorImpl.invoke(NativeMethodAccessorImpl.java:57)
  sun.reflect.DelegatingMethodAccessorImpl.invoke(DelegatingMethodAccessorImpl.java:43)
  java.lang.reflect.Method.invoke(Method.java:606)
  org.testng.internal.MethodInvocationHelper.invokeMethod(MethodInvocationHelper.java:84)
  org.testng.internal.Invoker.invokeMethod(Invoker.java:714)
  org.testng.internal.Invoker.invokeTestMethod(Invoker.java:901)
  org.testng.internal.Invoker.invokeTestMethods(Invoker.java:1231)
  org.testng.internal.TestMethodWorker.invokeTestMethods(TestMethodWorker.java:127)
  org.testng.internal.TestMethodWorker.run(TestMethodWorker.java:111)
  org.testng.TestRunner.privateRun(TestRunner.java:767)
  org.testng.TestRunner.run(TestRunner.java:617)
  org.testng.SuiteRunner.runTest(SuiteRunner.java:334)
  org.testng.SuiteRunner.runSequentially(SuiteRunner.java:329)
  org.testng.SuiteRunner.privateRun(SuiteRunner.java:291)
  org.testng.SuiteRunner.run(SuiteRunner.java:240)
  org.testng.SuiteRunnerWorker.runSuite(SuiteRunnerWorker.java:52)
  org.testng.SuiteRunnerWorker.run(SuiteRunnerWorker.java:86)
  org.testng.TestNG.runSuitesSequentially(TestNG.java:1224)
  org.testng.TestNG.runSuitesLocally(TestNG.java:1149)
  org.testng.TestNG.run(TestNG.java:1057)
  org.testng.TestNG.privateMain(TestNG.java:1364)
  org.testng.TestNG.main(TestNG.java:1333)
]]>
      </failure>

          </testcase>
            <testcase name="step29_enterTextIntoAllMandatoryFields" time="30.034" classname="in.valtech.RoadScholar.test.CTY_TC_52">
                <failure type="org.openqa.selenium.NoSuchElementException"
                  message="no such element
  (Session info: chrome=53.0.2785.143)
  (Driver info: chromedriver=2.8.241075,platform=Windows NT 6.1 SP1 x86_64) (WARNING: The server did not provide any stacktrace information)
Command duration or timeout: 30.03 seconds
For documentation on this error, please visit: http://seleniumhq.org/exceptions/no_such_element.html
Build info: version: &apos;2.43.1&apos;, revision: &apos;5163bce&apos;, time: &apos;2014-09-10 16:27:33&apos;
System info: host: &apos;VDC01LDW0013&apos;, ip: &apos;192.168.155.35&apos;, os.name: &apos;Windows 7&apos;, os.arch: &apos;amd64&apos;, os.version: &apos;6.1&apos;, java.version: &apos;1.7.0_40&apos;
Session ID: 444e7ecece62f3280eff5d3b3791affe
Driver info: org.openqa.selenium.chrome.ChromeDriver
Capabilities [{platform=XP, acceptSslCerts=true, javascriptEnabled=true, browserName=chrome, chrome={userDataDir=C:\Users\RANI~1.KUM\AppData\Local\Temp\scoped_dir5640_10572}, rotatable=false, locationContextEnabled=true, version=53.0.2785.143, takesHeapSnapshot=true, cssSelectorsEnabled=true, databaseEnabled=false, handlesAlerts=true, browserConnectionEnabled=false, nativeEvents=true, webStorageEnabled=true, applicationCacheEnabled=false, takesScreenshot=true}]"
              >
<![CDATA[org.openqa.selenium.NoSuchElementException: no such element
  (Session info: chrome=53.0.2785.143)
  (Driver info: chromedriver=2.8.241075,platform=Windows NT 6.1 SP1 x86_64) (WARNING: The server did not provide any stacktrace information)
Command duration or timeout: 30.03 seconds
For documentation on this error, please visit: http://seleniumhq.org/exceptions/no_such_element.html
Build info: version: '2.43.1', revision: '5163bce', time: '2014-09-10 16:27:33'
System info: host: 'VDC01LDW0013', ip: '192.168.155.35', os.name: 'Windows 7', os.arch: 'amd64', os.version: '6.1', java.version: '1.7.0_40'
Session ID: 444e7ecece62f3280eff5d3b3791affe
Driver info: org.openqa.selenium.chrome.ChromeDriver
Capabilities [{platform=XP, acceptSslCerts=true, javascriptEnabled=true, browserName=chrome, chrome={userDataDir=C:\Users\RANI~1.KUM\AppData\Local\Temp\scoped_dir5640_10572}, rotatable=false, locationContextEnabled=true, version=53.0.2785.143, takesHeapSnapshot=true, cssSelectorsEnabled=true, databaseEnabled=false, handlesAlerts=true, browserConnectionEnabled=false, nativeEvents=true, webStorageEnabled=true, applicationCacheEnabled=false, takesScreenshot=true}]
  sun.reflect.NativeConstructorAccessorImpl.newInstance0(Native Method)
  sun.reflect.NativeConstructorAccessorImpl.newInstance(NativeConstructorAccessorImpl.java:57)
  sun.reflect.DelegatingConstructorAccessorImpl.newInstance(DelegatingConstructorAccessorImpl.java:45)
  java.lang.reflect.Constructor.newInstance(Constructor.java:526)
  org.openqa.selenium.remote.ErrorHandler.createThrowable(ErrorHandler.java:204)
  org.openqa.selenium.remote.ErrorHandler.throwIfResponseFailed(ErrorHandler.java:156)
  org.openqa.selenium.remote.RemoteWebDriver.execute(RemoteWebDriver.java:599)
  org.openqa.selenium.remote.RemoteWebDriver.findElement(RemoteWebDriver.java:352)
  org.openqa.selenium.remote.RemoteWebDriver.findElementByTagName(RemoteWebDriver.java:417)
  org.openqa.selenium.By$ByTagName.findElement(By.java:330)
  org.openqa.selenium.remote.RemoteWebDriver.findElement(RemoteWebDriver.java:344)
  in.valtech.RoadScholar.pages.CheckOutStep3.enterAllMandatoryFields(CheckOutStep3.java:844)
  in.valtech.RoadScholar.test.CTY_TC_52.step29_enterTextIntoAllMandatoryFields(CTY_TC_52.java:403)
  sun.reflect.NativeMethodAccessorImpl.invoke0(Native Method)
  sun.reflect.NativeMethodAccessorImpl.invoke(NativeMethodAccessorImpl.java:57)
  sun.reflect.DelegatingMethodAccessorImpl.invoke(DelegatingMethodAccessorImpl.java:43)
  java.lang.reflect.Method.invoke(Method.java:606)
  org.testng.internal.MethodInvocationHelper.invokeMethod(MethodInvocationHelper.java:84)
  org.testng.internal.Invoker.invokeMethod(Invoker.java:714)
  org.testng.internal.Invoker.invokeTestMethod(Invoker.java:901)
  org.testng.internal.Invoker.invokeTestMethods(Invoker.java:1231)
  org.testng.internal.TestMethodWorker.invokeTestMethods(TestMethodWorker.java:127)
  org.testng.internal.TestMethodWorker.run(TestMethodWorker.java:111)
  org.testng.TestRunner.privateRun(TestRunner.java:767)
  org.testng.TestRunner.run(TestRunner.java:617)
  org.testng.SuiteRunner.runTest(SuiteRunner.java:334)
  org.testng.SuiteRunner.runSequentially(SuiteRunner.java:329)
  org.testng.SuiteRunner.privateRun(SuiteRunner.java:291)
  org.testng.SuiteRunner.run(SuiteRunner.java:240)
  org.testng.SuiteRunnerWorker.runSuite(SuiteRunnerWorker.java:52)
  org.testng.SuiteRunnerWorker.run(SuiteRunnerWorker.java:86)
  org.testng.TestNG.runSuitesSequentially(TestNG.java:1224)
  org.testng.TestNG.runSuitesLocally(TestNG.java:1149)
  org.testng.TestNG.run(TestNG.java:1057)
  org.testng.TestNG.privateMain(TestNG.java:1364)
  org.testng.TestNG.main(TestNG.java:1333)
]]>
      </failure>

          </testcase>
  
            <testcase name="methodLevelSetup" time="0.0" classname="in.valtech.RoadScholar.test.CTY_TC_52">
          <skipped />
    </testcase>
            <testcase name="methodLevelTearDown" time="0.0" classname="in.valtech.RoadScholar.test.CTY_TC_52">
          <skipped />
    </testcase>
            <testcase name="methodLevelTearDown" time="0.0" classname="in.valtech.RoadScholar.test.CTY_TC_52">
          <skipped />
    </testcase>
            <testcase name="methodLevelTearDown" time="0.0" classname="in.valtech.RoadScholar.test.CTY_TC_52">
          <skipped />
    </testcase>
            <testcase name="methodLevelTearDown" time="0.0" classname="in.valtech.RoadScholar.test.CTY_TC_52">
          <skipped />
    </testcase>
            <testcase name="methodLevelSetup" time="0.0" classname="in.valtech.RoadScholar.test.CTY_TC_52">
          <skipped />
    </testcase>
            <testcase name="methodLevelTearDown" time="0.0" classname="in.valtech.RoadScholar.test.CTY_TC_52">
          <skipped />
    </testcase>
            <testcase name="methodLevelSetup" time="0.0" classname="in.valtech.RoadScholar.test.CTY_TC_52">
          <skipped />
    </testcase>
            <testcase name="classLevelTearDown" time="0.0" classname="in.valtech.RoadScholar.test.CTY_TC_52">
          <skipped />
    </testcase>
            <testcase name="methodLevelSetup" time="0.0" classname="in.valtech.RoadScholar.test.CTY_TC_52">
          <skipped />
    </testcase>
            <testcase name="methodLevelSetup" time="0.0" classname="in.valtech.RoadScholar.test.CTY_TC_52">
          <skipped />
    </testcase>
            <testcase name="methodLevelSetup" time="0.0" classname="in.valtech.RoadScholar.test.CTY_TC_52">
          <skipped />
    </testcase>
            <testcase name="methodLevelTearDown" time="0.0" classname="in.valtech.RoadScholar.test.CTY_TC_52">
          <skipped />
    </testcase>
            <testcase name="methodLevelSetup" time="0.0" classname="in.valtech.RoadScholar.test.CTY_TC_52">
          <skipped />
    </testcase>
            <testcase name="methodLevelTearDown" time="0.0" classname="in.valtech.RoadScholar.test.CTY_TC_52">
          <skipped />
    </testcase>
            <testcase name="methodLevelSetup" time="0.0" classname="in.valtech.RoadScholar.test.CTY_TC_52">
          <skipped />
    </testcase>
            <testcase name="methodLevelTearDown" time="0.0" classname="in.valtech.RoadScholar.test.CTY_TC_52">
          <skipped />
    </testcase>
            <testcase name="methodLevelTearDown" time="0.0" classname="in.valtech.RoadScholar.test.CTY_TC_52">
          <skipped />
    </testcase>
            <testcase name="methodLevelTearDown" time="0.0" classname="in.valtech.RoadScholar.test.CTY_TC_52">
          <skipped />
    </testcase>
            <testcase name="methodLevelSetup" time="0.0" classname="in.valtech.RoadScholar.test.CTY_TC_52">
          <skipped />
    </testcase>
            <testcase name="methodLevelTearDown" time="0.0" classname="in.valtech.RoadScholar.test.CTY_TC_52">
          <skipped />
    </testcase>
            <testcase name="methodLevelSetup" time="0.0" classname="in.valtech.RoadScholar.test.CTY_TC_52">
          <skipped />
    </testcase>
            <testcase name="methodLevelSetup" time="0.0" classname="in.valtech.RoadScholar.test.CTY_TC_52">
          <skipped />
    </testcase>
            <testcase name="methodLevelTearDown" time="0.0" classname="in.valtech.RoadScholar.test.CTY_TC_52">
          <skipped />
    </testcase>
            <testcase name="methodLevelTearDown" time="0.0" classname="in.valtech.RoadScholar.test.CTY_TC_52">
          <skipped />
    </testcase>
            <testcase name="methodLevelTearDown" time="0.0" classname="in.valtech.RoadScholar.test.CTY_TC_52">
          <skipped />
    </testcase>
            <testcase name="methodLevelTearDown" time="0.0" classname="in.valtech.RoadScholar.test.CTY_TC_52">
          <skipped />
    </testcase>
            <testcase name="methodLevelSetup" time="0.0" classname="in.valtech.RoadScholar.test.CTY_TC_52">
          <skipped />
    </testcase>
            <testcase name="methodLevelTearDown" time="0.0" classname="in.valtech.RoadScholar.test.CTY_TC_52">
          <skipped />
    </testcase>
            <testcase name="methodLevelSetup" time="0.0" classname="in.valtech.RoadScholar.test.CTY_TC_52">
          <skipped />
    </testcase>
            <testcase name="methodLevelSetup" time="0.0" classname="in.valtech.RoadScholar.test.CTY_TC_52">
          <skipped />
    </testcase>
            <testcase name="methodLevelSetup" time="0.0" classname="in.valtech.RoadScholar.test.CTY_TC_52">
          <skipped />
    </testcase>
            <testcase name="methodLevelSetup" time="0.0" classname="in.valtech.RoadScholar.test.CTY_TC_52">
          <skipped />
    </testcase>
            <testcase name="methodLevelTearDown" time="0.0" classname="in.valtech.RoadScholar.test.CTY_TC_52">
          <skipped />
    </testcase>
            <testcase name="methodLevelSetup" time="0.0" classname="in.valtech.RoadScholar.test.CTY_TC_52">
          <skipped />
    </testcase>
            <testcase name="methodLevelTearDown" time="0.0" classname="in.valtech.RoadScholar.test.CTY_TC_52">
          <skipped />
    </testcase>
            <testcase name="methodLevelSetup" time="0.0" classname="in.valtech.RoadScholar.test.CTY_TC_52">
          <skipped />
    </testcase>
            <testcase name="methodLevelTearDown" time="0.0" classname="in.valtech.RoadScholar.test.CTY_TC_52">
          <skipped />
    </testcase>
            <testcase name="step43_verifyCancellationPolicyLink" time="0.0" classname="in.valtech.RoadScholar.test.CTY_TC_52">
          <skipped />
    </testcase>
            <testcase name="step48_verifyValueOfProgramNumber" time="0.0" classname="in.valtech.RoadScholar.test.CTY_TC_52">
          <skipped />
    </testcase>
            <testcase name="step38_verifyAccommodation" time="0.0" classname="in.valtech.RoadScholar.test.CTY_TC_52">
          <skipped />
    </testcase>
            <testcase name="step45_verifyValueOfOrderNumber" time="0.0" classname="in.valtech.RoadScholar.test.CTY_TC_52">
          <skipped />
    </testcase>
            <testcase name="step49_verifyValueOfProgramDate" time="0.0" classname="in.valtech.RoadScholar.test.CTY_TC_52">
          <skipped />
    </testcase>
            <testcase name="step33_verifyPeopleTravelling" time="0.0" classname="in.valtech.RoadScholar.test.CTY_TC_52">
          <skipped />
    </testcase>
            <testcase name="step46_verifyValueOfOrderName" time="0.0" classname="in.valtech.RoadScholar.test.CTY_TC_52">
          <skipped />
    </testcase>
            <testcase name="step39_verifyActivityLevel" time="0.0" classname="in.valtech.RoadScholar.test.CTY_TC_52">
          <skipped />
    </testcase>
            <testcase name="step36_verifyProgramNumber" time="0.0" classname="in.valtech.RoadScholar.test.CTY_TC_52">
          <skipped />
    </testcase>
            <testcase name="step44_verifyLearnMoreLink" time="0.0" classname="in.valtech.RoadScholar.test.CTY_TC_52">
          <skipped />
    </testcase>
            <testcase name="step42_verifyRemainingBalance" time="0.0" classname="in.valtech.RoadScholar.test.CTY_TC_52">
          <skipped />
    </testcase>
            <testcase name="step34_verifyordernumber" time="0.0" classname="in.valtech.RoadScholar.test.CTY_TC_52">
          <skipped />
    </testcase>
            <testcase name="step40_verifyTotalPrice" time="0.0" classname="in.valtech.RoadScholar.test.CTY_TC_52">
          <skipped />
    </testcase>
            <testcase name="step41_verifyWithAGift" time="0.0" classname="in.valtech.RoadScholar.test.CTY_TC_52">
          <skipped />
    </testcase>
            <testcase name="step32_verifyDescription" time="0.0" classname="in.valtech.RoadScholar.test.CTY_TC_52">
          <skipped />
    </testcase>
            <testcase name="step47_verifyValueOfProgramName" time="0.0" classname="in.valtech.RoadScholar.test.CTY_TC_52">
          <skipped />
    </testcase>
            <testcase name="step37_verifyProgramDates" time="0.0" classname="in.valtech.RoadScholar.test.CTY_TC_52">
          <skipped />
    </testcase>
            <testcase name="step35_verifyordernumber" time="0.0" classname="in.valtech.RoadScholar.test.CTY_TC_52">
          <skipped />
    </testcase>
  
            <testcase name="Step16_enterValueLastName" time="10.137" classname="in.valtech.RoadScholar.test.CTY_TC_52" />
                <testcase name="Step17_enterValueAddress" time="10.128" classname="in.valtech.RoadScholar.test.CTY_TC_52" />
                <testcase name="step30_clcickOnCompleteButton" time="40.077" classname="in.valtech.RoadScholar.test.CTY_TC_52" />
                <testcase name="Step10_clickOnSelectBtn" time="11.100" classname="in.valtech.RoadScholar.test.CTY_TC_52" />
                <testcase name="Step23_clickOnContinueBtn" time="10.095" classname="in.valtech.RoadScholar.test.CTY_TC_52" />
                <testcase name="Step08_clickOnSearchButton" time="5.074" classname="in.valtech.RoadScholar.test.CTY_TC_52" />
                <testcase name="step25_clickOn$10RadioButton" time="30.041" classname="in.valtech.RoadScholar.test.CTY_TC_52" />
                <testcase name="Step12_selectNoInterfaceRadioBtn" time="35.096" classname="in.valtech.RoadScholar.test.CTY_TC_52" />
                <testcase name="Step14_clickOnContinueBtn" time="20.142" classname="in.valtech.RoadScholar.test.CTY_TC_52" />
                <testcase name="Step03_ClickOnSignInLink" time="10.117" classname="in.valtech.RoadScholar.test.CTY_TC_52" />
                <testcase name="Step13_selectNoInterfaceRadioBtn" time="35.135" classname="in.valtech.RoadScholar.test.CTY_TC_52" />
                <testcase name="Step05_Passwd" time="10.136" classname="in.valtech.RoadScholar.test.CTY_TC_52" />
                <testcase name="Step09_clickOnDateAndPricesTab" time="10.719" classname="in.valtech.RoadScholar.test.CTY_TC_52" />
                <testcase name="Step02_clickingOnCloseButton" time="10.114" classname="in.valtech.RoadScholar.test.CTY_TC_52" />
                <testcase name="Step15_EnterValueFirstName" time="11.226" classname="in.valtech.RoadScholar.test.CTY_TC_52" />
                <testcase name="Step18_enterCity" time="10.146" classname="in.valtech.RoadScholar.test.CTY_TC_52" />
                <testcase name="step24_clickOn$10RadioButton" time="30.082" classname="in.valtech.RoadScholar.test.CTY_TC_52" />
                <testcase name="step26_clickOnOkayButton" time="35.053" classname="in.valtech.RoadScholar.test.CTY_TC_52" />
                <testcase name="Step12_SelectDoubleRadioBtn" time="10.096" classname="in.valtech.RoadScholar.test.CTY_TC_52" />
                <testcase name="step28_clickPayByCheckRadioButton" time="35.091" classname="in.valtech.RoadScholar.test.CTY_TC_52" />
                <testcase name="Step11_click" time="5.078" classname="in.valtech.RoadScholar.test.CTY_TC_52" />
                <testcase name="Step06_SignUpBtn" time="15.202" classname="in.valtech.RoadScholar.test.CTY_TC_52" />
                <testcase name="Step07_EnterTripIdIntoSearchField" time="5.126" classname="in.valtech.RoadScholar.test.CTY_TC_52" />
                <testcase name="step01_HOMEPAGE_URL" time="7.329" classname="in.valtech.RoadScholar.test.CTY_TC_52" />
                <testcase name="Step19_enterPhoneNumber" time="10.135" classname="in.valtech.RoadScholar.test.CTY_TC_52" />
                <testcase name="Step04_Email" time="15.194" classname="in.valtech.RoadScholar.test.CTY_TC_52" />
                <testcase name="step27_clickIAcceptButton" time="40.059" classname="in.valtech.RoadScholar.test.CTY_TC_52" />
                <testcase name="Step21_selectCountry1" time="10.185" classname="in.valtech.RoadScholar.test.CTY_TC_52" />
                <testcase name="Step22_selectStateDropDown" time="10.177" classname="in.valtech.RoadScholar.test.CTY_TC_52" />
                <testcase name="Step19_enterZipCode" time="10.136" classname="in.valtech.RoadScholar.test.CTY_TC_52" />
      
</testsuite>
