<?xml version="1.0" encoding="utf-8" ?>
<!DOCTYPE html PUBLIC "-//W3C//DTD XHTML 1.0 Strict//EN"
        "http://www.w3.org/TR/xhtml1/DTD/xhtml1-strict.dtd">
<html xmlns="http://www.w3.org/1999/xhtml" xml:lang="" lang="">
<head>
  <title>Test Result Report - Catalog Request Page_YES_CAR_TC_12</title>
  <meta http-equiv="Content-Type" content="text/html;charset=utf-8" />
  <meta name="description" content="TestNG unit test results." />
  <link href="reportng.css" rel="stylesheet" type="text/css" />
    <script type="text/javascript" src="reportng.js"></script>
</head>
<body>
<h1>Catalog Request Page_YES_CAR_TC_12</h1>
<p>
  Test duration: 12.791s
</p>



  <table class="resultsTable">
    <tr><th colspan="3" class="header failed">Failed Tests</th></tr>
          <tr>
        <td colspan="3" class="group">in.valtech.RoadScholar.test.CAR_TC_12</td>
      </tr>
            
<tr>
  <td class="method">
                  <span class="description" title="Step 1:  Open browser,Navigate to the RS URL">Step01_HOMEPAGE_URL</span>
      </td>
  <td class="duration">
    8.945s
  </td>
  <td class="result">
        
    
            <div class="testOutput">
                        Page Title:Home
                                <br /><a href="D:\RS_Automation\RS_WorkSpace\Automation\Road Scholar/screenshots/Step01_HOMEPAGE_URL1474895896677.png" class="highslide" rel="highslide"> <img src="D:\RS_Automation\RS_WorkSpace\Automation\Road Scholar/screenshots/Step01_HOMEPAGE_URL1474895896677.png"  alt="Highslide JS" title="Click to enlarge" hight='100' width='100'/> </a><br/>
                                <a href="D:\RS_Automation\RS_WorkSpace\Automation\Road Scholar/screenshots/Step01_HOMEPAGE_URL1474895896677.png">Step01_HOMEPAGE_URL1474895896677 </a><br/>
                  </div>
    

        <a href="javascript:toggleElement('exception-0', 'block')" title="Click to expand/collapse"><b>java.lang.IllegalArgumentException: Cannot find elements when the XPath expression is null.</b></a><br />
    <div class="stackTrace" id="exception-0">
              org.openqa.selenium.By.xpath(By.java:112)<br />
              in.valtech.RoadScholar.pages.HomePage.&lt;init&gt;(HomePage.java:89)<br />
              in.valtech.RoadScholar.pages.HomePage.navigateToApplication_URL(HomePage.java:102)<br />
              in.valtech.RoadScholar.test.CAR_TC_12.Step01_HOMEPAGE_URL(CAR_TC_12.java:30)<br />
              sun.reflect.NativeMethodAccessorImpl.invoke0(Native Method)<br />
              sun.reflect.NativeMethodAccessorImpl.invoke(NativeMethodAccessorImpl.java:57)<br />
              sun.reflect.DelegatingMethodAccessorImpl.invoke(DelegatingMethodAccessorImpl.java:43)<br />
              java.lang.reflect.Method.invoke(Method.java:606)<br />
              org.testng.internal.MethodInvocationHelper.invokeMethod(MethodInvocationHelper.java:84)<br />
              org.testng.internal.Invoker.invokeMethod(Invoker.java:714)<br />
              org.testng.internal.Invoker.invokeTestMethod(Invoker.java:901)<br />
              org.testng.internal.Invoker.invokeTestMethods(Invoker.java:1231)<br />
              org.testng.internal.TestMethodWorker.invokeTestMethods(TestMethodWorker.java:127)<br />
              org.testng.internal.TestMethodWorker.run(TestMethodWorker.java:111)<br />
              org.testng.TestRunner.privateRun(TestRunner.java:767)<br />
              org.testng.TestRunner.run(TestRunner.java:617)<br />
              org.testng.SuiteRunner.runTest(SuiteRunner.java:334)<br />
              org.testng.SuiteRunner.runSequentially(SuiteRunner.java:329)<br />
              org.testng.SuiteRunner.privateRun(SuiteRunner.java:291)<br />
              org.testng.SuiteRunner.run(SuiteRunner.java:240)<br />
              org.testng.SuiteRunnerWorker.runSuite(SuiteRunnerWorker.java:52)<br />
              org.testng.SuiteRunnerWorker.run(SuiteRunnerWorker.java:86)<br />
              org.testng.TestNG.runSuitesSequentially(TestNG.java:1224)<br />
              org.testng.TestNG.runSuitesLocally(TestNG.java:1149)<br />
              org.testng.TestNG.run(TestNG.java:1057)<br />
              org.testng.TestNG.privateMain(TestNG.java:1364)<br />
              org.testng.TestNG.main(TestNG.java:1333)<br />
                </div>
      </td>
</tr>
<tr>
  <td class="method">
                  <span class="description" title="Step 2:  clicking on close button">Step02_ClickingOnCLOSE</span>
      </td>
  <td class="duration">
    0.000s
  </td>
  <td class="result">
        
    
            <div class="testOutput">
                        <br /><a href="D:\RS_Automation\RS_WorkSpace\Automation\Road Scholar/screenshots/Step02_ClickingOnCLOSE1474895906445.png" class="highslide" rel="highslide"> <img src="D:\RS_Automation\RS_WorkSpace\Automation\Road Scholar/screenshots/Step02_ClickingOnCLOSE1474895906445.png"  alt="Highslide JS" title="Click to enlarge" hight='100' width='100'/> </a><br/>
                                <a href="D:\RS_Automation\RS_WorkSpace\Automation\Road Scholar/screenshots/Step02_ClickingOnCLOSE1474895906445.png">Step02_ClickingOnCLOSE1474895906445 </a><br/>
                  </div>
    

        <a href="javascript:toggleElement('exception-1', 'block')" title="Click to expand/collapse"><b>java.lang.IllegalArgumentException: Cannot find elements when the XPath expression is null.</b></a><br />
    <div class="stackTrace" id="exception-1">
              org.openqa.selenium.By.xpath(By.java:112)<br />
              in.valtech.RoadScholar.pages.HomePage.&lt;init&gt;(HomePage.java:89)<br />
              in.valtech.RoadScholar.test.CAR_TC_12.Step02_ClickingOnCLOSE(CAR_TC_12.java:41)<br />
              sun.reflect.NativeMethodAccessorImpl.invoke0(Native Method)<br />
              sun.reflect.NativeMethodAccessorImpl.invoke(NativeMethodAccessorImpl.java:57)<br />
              sun.reflect.DelegatingMethodAccessorImpl.invoke(DelegatingMethodAccessorImpl.java:43)<br />
              java.lang.reflect.Method.invoke(Method.java:606)<br />
              org.testng.internal.MethodInvocationHelper.invokeMethod(MethodInvocationHelper.java:84)<br />
              org.testng.internal.Invoker.invokeMethod(Invoker.java:714)<br />
              org.testng.internal.Invoker.invokeTestMethod(Invoker.java:901)<br />
              org.testng.internal.Invoker.invokeTestMethods(Invoker.java:1231)<br />
              org.testng.internal.TestMethodWorker.invokeTestMethods(TestMethodWorker.java:127)<br />
              org.testng.internal.TestMethodWorker.run(TestMethodWorker.java:111)<br />
              org.testng.TestRunner.privateRun(TestRunner.java:767)<br />
              org.testng.TestRunner.run(TestRunner.java:617)<br />
              org.testng.SuiteRunner.runTest(SuiteRunner.java:334)<br />
              org.testng.SuiteRunner.runSequentially(SuiteRunner.java:329)<br />
              org.testng.SuiteRunner.privateRun(SuiteRunner.java:291)<br />
              org.testng.SuiteRunner.run(SuiteRunner.java:240)<br />
              org.testng.SuiteRunnerWorker.runSuite(SuiteRunnerWorker.java:52)<br />
              org.testng.SuiteRunnerWorker.run(SuiteRunnerWorker.java:86)<br />
              org.testng.TestNG.runSuitesSequentially(TestNG.java:1224)<br />
              org.testng.TestNG.runSuitesLocally(TestNG.java:1149)<br />
              org.testng.TestNG.run(TestNG.java:1057)<br />
              org.testng.TestNG.privateMain(TestNG.java:1364)<br />
              org.testng.TestNG.main(TestNG.java:1333)<br />
                </div>
      </td>
</tr>
<tr>
  <td class="method">
                  <span class="description" title="Step 10:  verifying International">Step10_VerifyInternational</span>
      </td>
  <td class="duration">
    0.000s
  </td>
  <td class="result">
        
    
            <div class="testOutput">
                        <br /><a href="D:\RS_Automation\RS_WorkSpace\Automation\Road Scholar/screenshots/Step10_VerifyInternational1474895909779.png" class="highslide" rel="highslide"> <img src="D:\RS_Automation\RS_WorkSpace\Automation\Road Scholar/screenshots/Step10_VerifyInternational1474895909779.png"  alt="Highslide JS" title="Click to enlarge" hight='100' width='100'/> </a><br/>
                                <a href="D:\RS_Automation\RS_WorkSpace\Automation\Road Scholar/screenshots/Step10_VerifyInternational1474895909779.png">Step10_VerifyInternational1474895909779 </a><br/>
                  </div>
    

        <a href="javascript:toggleElement('exception-2', 'block')" title="Click to expand/collapse"><b>java.lang.IllegalArgumentException: Cannot find elements when the XPath expression is null.</b></a><br />
    <div class="stackTrace" id="exception-2">
              org.openqa.selenium.By.xpath(By.java:112)<br />
              in.valtech.RoadScholar.pages.CatalogRequest.&lt;init&gt;(CatalogRequest.java:84)<br />
              in.valtech.RoadScholar.test.CAR_TC_12.Step10_VerifyInternational(CAR_TC_12.java:105)<br />
              sun.reflect.NativeMethodAccessorImpl.invoke0(Native Method)<br />
              sun.reflect.NativeMethodAccessorImpl.invoke(NativeMethodAccessorImpl.java:57)<br />
              sun.reflect.DelegatingMethodAccessorImpl.invoke(DelegatingMethodAccessorImpl.java:43)<br />
              java.lang.reflect.Method.invoke(Method.java:606)<br />
              org.testng.internal.MethodInvocationHelper.invokeMethod(MethodInvocationHelper.java:84)<br />
              org.testng.internal.Invoker.invokeMethod(Invoker.java:714)<br />
              org.testng.internal.Invoker.invokeTestMethod(Invoker.java:901)<br />
              org.testng.internal.Invoker.invokeTestMethods(Invoker.java:1231)<br />
              org.testng.internal.TestMethodWorker.invokeTestMethods(TestMethodWorker.java:127)<br />
              org.testng.internal.TestMethodWorker.run(TestMethodWorker.java:111)<br />
              org.testng.TestRunner.privateRun(TestRunner.java:767)<br />
              org.testng.TestRunner.run(TestRunner.java:617)<br />
              org.testng.SuiteRunner.runTest(SuiteRunner.java:334)<br />
              org.testng.SuiteRunner.runSequentially(SuiteRunner.java:329)<br />
              org.testng.SuiteRunner.privateRun(SuiteRunner.java:291)<br />
              org.testng.SuiteRunner.run(SuiteRunner.java:240)<br />
              org.testng.SuiteRunnerWorker.runSuite(SuiteRunnerWorker.java:52)<br />
              org.testng.SuiteRunnerWorker.run(SuiteRunnerWorker.java:86)<br />
              org.testng.TestNG.runSuitesSequentially(TestNG.java:1224)<br />
              org.testng.TestNG.runSuitesLocally(TestNG.java:1149)<br />
              org.testng.TestNG.run(TestNG.java:1057)<br />
              org.testng.TestNG.privateMain(TestNG.java:1364)<br />
              org.testng.TestNG.main(TestNG.java:1333)<br />
                </div>
      </td>
</tr>
<tr>
  <td class="method">
                  <span class="description" title="Step 11:  verifying Enteryourcontactinformationsection">Step11_VerifyEnteryourcontactinformationsection</span>
      </td>
  <td class="duration">
    0.000s
  </td>
  <td class="result">
        
    
            <div class="testOutput">
                        <br /><a href="D:\RS_Automation\RS_WorkSpace\Automation\Road Scholar/screenshots/Step11_VerifyEnteryourcontactinformationsection1474895910179.png" class="highslide" rel="highslide"> <img src="D:\RS_Automation\RS_WorkSpace\Automation\Road Scholar/screenshots/Step11_VerifyEnteryourcontactinformationsection1474895910179.png"  alt="Highslide JS" title="Click to enlarge" hight='100' width='100'/> </a><br/>
                                <a href="D:\RS_Automation\RS_WorkSpace\Automation\Road Scholar/screenshots/Step11_VerifyEnteryourcontactinformationsection1474895910179.png">Step11_VerifyEnteryourcontactinformationsection1474895910179 </a><br/>
                  </div>
    

        <a href="javascript:toggleElement('exception-3', 'block')" title="Click to expand/collapse"><b>java.lang.IllegalArgumentException: Cannot find elements when the XPath expression is null.</b></a><br />
    <div class="stackTrace" id="exception-3">
              org.openqa.selenium.By.xpath(By.java:112)<br />
              in.valtech.RoadScholar.pages.CatalogRequest.&lt;init&gt;(CatalogRequest.java:84)<br />
              in.valtech.RoadScholar.test.CAR_TC_12.Step11_VerifyEnteryourcontactinformationsection(CAR_TC_12.java:113)<br />
              sun.reflect.NativeMethodAccessorImpl.invoke0(Native Method)<br />
              sun.reflect.NativeMethodAccessorImpl.invoke(NativeMethodAccessorImpl.java:57)<br />
              sun.reflect.DelegatingMethodAccessorImpl.invoke(DelegatingMethodAccessorImpl.java:43)<br />
              java.lang.reflect.Method.invoke(Method.java:606)<br />
              org.testng.internal.MethodInvocationHelper.invokeMethod(MethodInvocationHelper.java:84)<br />
              org.testng.internal.Invoker.invokeMethod(Invoker.java:714)<br />
              org.testng.internal.Invoker.invokeTestMethod(Invoker.java:901)<br />
              org.testng.internal.Invoker.invokeTestMethods(Invoker.java:1231)<br />
              org.testng.internal.TestMethodWorker.invokeTestMethods(TestMethodWorker.java:127)<br />
              org.testng.internal.TestMethodWorker.run(TestMethodWorker.java:111)<br />
              org.testng.TestRunner.privateRun(TestRunner.java:767)<br />
              org.testng.TestRunner.run(TestRunner.java:617)<br />
              org.testng.SuiteRunner.runTest(SuiteRunner.java:334)<br />
              org.testng.SuiteRunner.runSequentially(SuiteRunner.java:329)<br />
              org.testng.SuiteRunner.privateRun(SuiteRunner.java:291)<br />
              org.testng.SuiteRunner.run(SuiteRunner.java:240)<br />
              org.testng.SuiteRunnerWorker.runSuite(SuiteRunnerWorker.java:52)<br />
              org.testng.SuiteRunnerWorker.run(SuiteRunnerWorker.java:86)<br />
              org.testng.TestNG.runSuitesSequentially(TestNG.java:1224)<br />
              org.testng.TestNG.runSuitesLocally(TestNG.java:1149)<br />
              org.testng.TestNG.run(TestNG.java:1057)<br />
              org.testng.TestNG.privateMain(TestNG.java:1364)<br />
              org.testng.TestNG.main(TestNG.java:1333)<br />
                </div>
      </td>
</tr>
<tr>
  <td class="method">
                  <span class="description" title="Step 12:  verifying FirstName">Step12_VerifyFirstName</span>
      </td>
  <td class="duration">
    0.000s
  </td>
  <td class="result">
        
    
            <div class="testOutput">
                        <br /><a href="D:\RS_Automation\RS_WorkSpace\Automation\Road Scholar/screenshots/Step12_VerifyFirstName1474895910579.png" class="highslide" rel="highslide"> <img src="D:\RS_Automation\RS_WorkSpace\Automation\Road Scholar/screenshots/Step12_VerifyFirstName1474895910579.png"  alt="Highslide JS" title="Click to enlarge" hight='100' width='100'/> </a><br/>
                                <a href="D:\RS_Automation\RS_WorkSpace\Automation\Road Scholar/screenshots/Step12_VerifyFirstName1474895910579.png">Step12_VerifyFirstName1474895910579 </a><br/>
                  </div>
    

        <a href="javascript:toggleElement('exception-4', 'block')" title="Click to expand/collapse"><b>java.lang.IllegalArgumentException: Cannot find elements when the XPath expression is null.</b></a><br />
    <div class="stackTrace" id="exception-4">
              org.openqa.selenium.By.xpath(By.java:112)<br />
              in.valtech.RoadScholar.pages.CatalogRequest.&lt;init&gt;(CatalogRequest.java:84)<br />
              in.valtech.RoadScholar.test.CAR_TC_12.Step12_VerifyFirstName(CAR_TC_12.java:121)<br />
              sun.reflect.NativeMethodAccessorImpl.invoke0(Native Method)<br />
              sun.reflect.NativeMethodAccessorImpl.invoke(NativeMethodAccessorImpl.java:57)<br />
              sun.reflect.DelegatingMethodAccessorImpl.invoke(DelegatingMethodAccessorImpl.java:43)<br />
              java.lang.reflect.Method.invoke(Method.java:606)<br />
              org.testng.internal.MethodInvocationHelper.invokeMethod(MethodInvocationHelper.java:84)<br />
              org.testng.internal.Invoker.invokeMethod(Invoker.java:714)<br />
              org.testng.internal.Invoker.invokeTestMethod(Invoker.java:901)<br />
              org.testng.internal.Invoker.invokeTestMethods(Invoker.java:1231)<br />
              org.testng.internal.TestMethodWorker.invokeTestMethods(TestMethodWorker.java:127)<br />
              org.testng.internal.TestMethodWorker.run(TestMethodWorker.java:111)<br />
              org.testng.TestRunner.privateRun(TestRunner.java:767)<br />
              org.testng.TestRunner.run(TestRunner.java:617)<br />
              org.testng.SuiteRunner.runTest(SuiteRunner.java:334)<br />
              org.testng.SuiteRunner.runSequentially(SuiteRunner.java:329)<br />
              org.testng.SuiteRunner.privateRun(SuiteRunner.java:291)<br />
              org.testng.SuiteRunner.run(SuiteRunner.java:240)<br />
              org.testng.SuiteRunnerWorker.runSuite(SuiteRunnerWorker.java:52)<br />
              org.testng.SuiteRunnerWorker.run(SuiteRunnerWorker.java:86)<br />
              org.testng.TestNG.runSuitesSequentially(TestNG.java:1224)<br />
              org.testng.TestNG.runSuitesLocally(TestNG.java:1149)<br />
              org.testng.TestNG.run(TestNG.java:1057)<br />
              org.testng.TestNG.privateMain(TestNG.java:1364)<br />
              org.testng.TestNG.main(TestNG.java:1333)<br />
                </div>
      </td>
</tr>
<tr>
  <td class="method">
                  <span class="description" title="Step 13:  verifying LastName">Step13_VerifyLastName</span>
      </td>
  <td class="duration">
    0.000s
  </td>
  <td class="result">
        
    
            <div class="testOutput">
                        <br /><a href="D:\RS_Automation\RS_WorkSpace\Automation\Road Scholar/screenshots/Step13_VerifyLastName1474895910975.png" class="highslide" rel="highslide"> <img src="D:\RS_Automation\RS_WorkSpace\Automation\Road Scholar/screenshots/Step13_VerifyLastName1474895910975.png"  alt="Highslide JS" title="Click to enlarge" hight='100' width='100'/> </a><br/>
                                <a href="D:\RS_Automation\RS_WorkSpace\Automation\Road Scholar/screenshots/Step13_VerifyLastName1474895910975.png">Step13_VerifyLastName1474895910975 </a><br/>
                  </div>
    

        <a href="javascript:toggleElement('exception-5', 'block')" title="Click to expand/collapse"><b>java.lang.IllegalArgumentException: Cannot find elements when the XPath expression is null.</b></a><br />
    <div class="stackTrace" id="exception-5">
              org.openqa.selenium.By.xpath(By.java:112)<br />
              in.valtech.RoadScholar.pages.CatalogRequest.&lt;init&gt;(CatalogRequest.java:84)<br />
              in.valtech.RoadScholar.test.CAR_TC_12.Step13_VerifyLastName(CAR_TC_12.java:129)<br />
              sun.reflect.NativeMethodAccessorImpl.invoke0(Native Method)<br />
              sun.reflect.NativeMethodAccessorImpl.invoke(NativeMethodAccessorImpl.java:57)<br />
              sun.reflect.DelegatingMethodAccessorImpl.invoke(DelegatingMethodAccessorImpl.java:43)<br />
              java.lang.reflect.Method.invoke(Method.java:606)<br />
              org.testng.internal.MethodInvocationHelper.invokeMethod(MethodInvocationHelper.java:84)<br />
              org.testng.internal.Invoker.invokeMethod(Invoker.java:714)<br />
              org.testng.internal.Invoker.invokeTestMethod(Invoker.java:901)<br />
              org.testng.internal.Invoker.invokeTestMethods(Invoker.java:1231)<br />
              org.testng.internal.TestMethodWorker.invokeTestMethods(TestMethodWorker.java:127)<br />
              org.testng.internal.TestMethodWorker.run(TestMethodWorker.java:111)<br />
              org.testng.TestRunner.privateRun(TestRunner.java:767)<br />
              org.testng.TestRunner.run(TestRunner.java:617)<br />
              org.testng.SuiteRunner.runTest(SuiteRunner.java:334)<br />
              org.testng.SuiteRunner.runSequentially(SuiteRunner.java:329)<br />
              org.testng.SuiteRunner.privateRun(SuiteRunner.java:291)<br />
              org.testng.SuiteRunner.run(SuiteRunner.java:240)<br />
              org.testng.SuiteRunnerWorker.runSuite(SuiteRunnerWorker.java:52)<br />
              org.testng.SuiteRunnerWorker.run(SuiteRunnerWorker.java:86)<br />
              org.testng.TestNG.runSuitesSequentially(TestNG.java:1224)<br />
              org.testng.TestNG.runSuitesLocally(TestNG.java:1149)<br />
              org.testng.TestNG.run(TestNG.java:1057)<br />
              org.testng.TestNG.privateMain(TestNG.java:1364)<br />
              org.testng.TestNG.main(TestNG.java:1333)<br />
                </div>
      </td>
</tr>
<tr>
  <td class="method">
                  <span class="description" title="Step 14:  verifying AddressField">Step14_VerifyAddressField</span>
      </td>
  <td class="duration">
    0.000s
  </td>
  <td class="result">
        
    
            <div class="testOutput">
                        <br /><a href="D:\RS_Automation\RS_WorkSpace\Automation\Road Scholar/screenshots/Step14_VerifyAddressField1474895911379.png" class="highslide" rel="highslide"> <img src="D:\RS_Automation\RS_WorkSpace\Automation\Road Scholar/screenshots/Step14_VerifyAddressField1474895911379.png"  alt="Highslide JS" title="Click to enlarge" hight='100' width='100'/> </a><br/>
                                <a href="D:\RS_Automation\RS_WorkSpace\Automation\Road Scholar/screenshots/Step14_VerifyAddressField1474895911379.png">Step14_VerifyAddressField1474895911379 </a><br/>
                  </div>
    

        <a href="javascript:toggleElement('exception-6', 'block')" title="Click to expand/collapse"><b>java.lang.IllegalArgumentException: Cannot find elements when the XPath expression is null.</b></a><br />
    <div class="stackTrace" id="exception-6">
              org.openqa.selenium.By.xpath(By.java:112)<br />
              in.valtech.RoadScholar.pages.CatalogRequest.&lt;init&gt;(CatalogRequest.java:84)<br />
              in.valtech.RoadScholar.test.CAR_TC_12.Step14_VerifyAddressField(CAR_TC_12.java:137)<br />
              sun.reflect.NativeMethodAccessorImpl.invoke0(Native Method)<br />
              sun.reflect.NativeMethodAccessorImpl.invoke(NativeMethodAccessorImpl.java:57)<br />
              sun.reflect.DelegatingMethodAccessorImpl.invoke(DelegatingMethodAccessorImpl.java:43)<br />
              java.lang.reflect.Method.invoke(Method.java:606)<br />
              org.testng.internal.MethodInvocationHelper.invokeMethod(MethodInvocationHelper.java:84)<br />
              org.testng.internal.Invoker.invokeMethod(Invoker.java:714)<br />
              org.testng.internal.Invoker.invokeTestMethod(Invoker.java:901)<br />
              org.testng.internal.Invoker.invokeTestMethods(Invoker.java:1231)<br />
              org.testng.internal.TestMethodWorker.invokeTestMethods(TestMethodWorker.java:127)<br />
              org.testng.internal.TestMethodWorker.run(TestMethodWorker.java:111)<br />
              org.testng.TestRunner.privateRun(TestRunner.java:767)<br />
              org.testng.TestRunner.run(TestRunner.java:617)<br />
              org.testng.SuiteRunner.runTest(SuiteRunner.java:334)<br />
              org.testng.SuiteRunner.runSequentially(SuiteRunner.java:329)<br />
              org.testng.SuiteRunner.privateRun(SuiteRunner.java:291)<br />
              org.testng.SuiteRunner.run(SuiteRunner.java:240)<br />
              org.testng.SuiteRunnerWorker.runSuite(SuiteRunnerWorker.java:52)<br />
              org.testng.SuiteRunnerWorker.run(SuiteRunnerWorker.java:86)<br />
              org.testng.TestNG.runSuitesSequentially(TestNG.java:1224)<br />
              org.testng.TestNG.runSuitesLocally(TestNG.java:1149)<br />
              org.testng.TestNG.run(TestNG.java:1057)<br />
              org.testng.TestNG.privateMain(TestNG.java:1364)<br />
              org.testng.TestNG.main(TestNG.java:1333)<br />
                </div>
      </td>
</tr>
<tr>
  <td class="method">
                  <span class="description" title="Step 15:  verifying CityField">Step15_VerifyCityField</span>
      </td>
  <td class="duration">
    0.000s
  </td>
  <td class="result">
        
    
            <div class="testOutput">
                        <br /><a href="D:\RS_Automation\RS_WorkSpace\Automation\Road Scholar/screenshots/Step15_VerifyCityField1474895911778.png" class="highslide" rel="highslide"> <img src="D:\RS_Automation\RS_WorkSpace\Automation\Road Scholar/screenshots/Step15_VerifyCityField1474895911778.png"  alt="Highslide JS" title="Click to enlarge" hight='100' width='100'/> </a><br/>
                                <a href="D:\RS_Automation\RS_WorkSpace\Automation\Road Scholar/screenshots/Step15_VerifyCityField1474895911778.png">Step15_VerifyCityField1474895911778 </a><br/>
                  </div>
    

        <a href="javascript:toggleElement('exception-7', 'block')" title="Click to expand/collapse"><b>java.lang.IllegalArgumentException: Cannot find elements when the XPath expression is null.</b></a><br />
    <div class="stackTrace" id="exception-7">
              org.openqa.selenium.By.xpath(By.java:112)<br />
              in.valtech.RoadScholar.pages.CatalogRequest.&lt;init&gt;(CatalogRequest.java:84)<br />
              in.valtech.RoadScholar.test.CAR_TC_12.Step15_VerifyCityField(CAR_TC_12.java:145)<br />
              sun.reflect.NativeMethodAccessorImpl.invoke0(Native Method)<br />
              sun.reflect.NativeMethodAccessorImpl.invoke(NativeMethodAccessorImpl.java:57)<br />
              sun.reflect.DelegatingMethodAccessorImpl.invoke(DelegatingMethodAccessorImpl.java:43)<br />
              java.lang.reflect.Method.invoke(Method.java:606)<br />
              org.testng.internal.MethodInvocationHelper.invokeMethod(MethodInvocationHelper.java:84)<br />
              org.testng.internal.Invoker.invokeMethod(Invoker.java:714)<br />
              org.testng.internal.Invoker.invokeTestMethod(Invoker.java:901)<br />
              org.testng.internal.Invoker.invokeTestMethods(Invoker.java:1231)<br />
              org.testng.internal.TestMethodWorker.invokeTestMethods(TestMethodWorker.java:127)<br />
              org.testng.internal.TestMethodWorker.run(TestMethodWorker.java:111)<br />
              org.testng.TestRunner.privateRun(TestRunner.java:767)<br />
              org.testng.TestRunner.run(TestRunner.java:617)<br />
              org.testng.SuiteRunner.runTest(SuiteRunner.java:334)<br />
              org.testng.SuiteRunner.runSequentially(SuiteRunner.java:329)<br />
              org.testng.SuiteRunner.privateRun(SuiteRunner.java:291)<br />
              org.testng.SuiteRunner.run(SuiteRunner.java:240)<br />
              org.testng.SuiteRunnerWorker.runSuite(SuiteRunnerWorker.java:52)<br />
              org.testng.SuiteRunnerWorker.run(SuiteRunnerWorker.java:86)<br />
              org.testng.TestNG.runSuitesSequentially(TestNG.java:1224)<br />
              org.testng.TestNG.runSuitesLocally(TestNG.java:1149)<br />
              org.testng.TestNG.run(TestNG.java:1057)<br />
              org.testng.TestNG.privateMain(TestNG.java:1364)<br />
              org.testng.TestNG.main(TestNG.java:1333)<br />
                </div>
      </td>
</tr>
<tr>
  <td class="method">
                  <span class="description" title="Step 16:  verifying StateDropDown">Step16_VerifyStateDropDown</span>
      </td>
  <td class="duration">
    0.000s
  </td>
  <td class="result">
        
    
            <div class="testOutput">
                        <br /><a href="D:\RS_Automation\RS_WorkSpace\Automation\Road Scholar/screenshots/Step16_VerifyStateDropDown1474895912172.png" class="highslide" rel="highslide"> <img src="D:\RS_Automation\RS_WorkSpace\Automation\Road Scholar/screenshots/Step16_VerifyStateDropDown1474895912172.png"  alt="Highslide JS" title="Click to enlarge" hight='100' width='100'/> </a><br/>
                                <a href="D:\RS_Automation\RS_WorkSpace\Automation\Road Scholar/screenshots/Step16_VerifyStateDropDown1474895912172.png">Step16_VerifyStateDropDown1474895912172 </a><br/>
                  </div>
    

        <a href="javascript:toggleElement('exception-8', 'block')" title="Click to expand/collapse"><b>java.lang.IllegalArgumentException: Cannot find elements when the XPath expression is null.</b></a><br />
    <div class="stackTrace" id="exception-8">
              org.openqa.selenium.By.xpath(By.java:112)<br />
              in.valtech.RoadScholar.pages.CatalogRequest.&lt;init&gt;(CatalogRequest.java:84)<br />
              in.valtech.RoadScholar.test.CAR_TC_12.Step16_VerifyStateDropDown(CAR_TC_12.java:153)<br />
              sun.reflect.NativeMethodAccessorImpl.invoke0(Native Method)<br />
              sun.reflect.NativeMethodAccessorImpl.invoke(NativeMethodAccessorImpl.java:57)<br />
              sun.reflect.DelegatingMethodAccessorImpl.invoke(DelegatingMethodAccessorImpl.java:43)<br />
              java.lang.reflect.Method.invoke(Method.java:606)<br />
              org.testng.internal.MethodInvocationHelper.invokeMethod(MethodInvocationHelper.java:84)<br />
              org.testng.internal.Invoker.invokeMethod(Invoker.java:714)<br />
              org.testng.internal.Invoker.invokeTestMethod(Invoker.java:901)<br />
              org.testng.internal.Invoker.invokeTestMethods(Invoker.java:1231)<br />
              org.testng.internal.TestMethodWorker.invokeTestMethods(TestMethodWorker.java:127)<br />
              org.testng.internal.TestMethodWorker.run(TestMethodWorker.java:111)<br />
              org.testng.TestRunner.privateRun(TestRunner.java:767)<br />
              org.testng.TestRunner.run(TestRunner.java:617)<br />
              org.testng.SuiteRunner.runTest(SuiteRunner.java:334)<br />
              org.testng.SuiteRunner.runSequentially(SuiteRunner.java:329)<br />
              org.testng.SuiteRunner.privateRun(SuiteRunner.java:291)<br />
              org.testng.SuiteRunner.run(SuiteRunner.java:240)<br />
              org.testng.SuiteRunnerWorker.runSuite(SuiteRunnerWorker.java:52)<br />
              org.testng.SuiteRunnerWorker.run(SuiteRunnerWorker.java:86)<br />
              org.testng.TestNG.runSuitesSequentially(TestNG.java:1224)<br />
              org.testng.TestNG.runSuitesLocally(TestNG.java:1149)<br />
              org.testng.TestNG.run(TestNG.java:1057)<br />
              org.testng.TestNG.privateMain(TestNG.java:1364)<br />
              org.testng.TestNG.main(TestNG.java:1333)<br />
                </div>
      </td>
</tr>
<tr>
  <td class="method">
                  <span class="description" title="Step 17:  verifying PhoneNumberField">Step17_VerifyPhoneNumberField</span>
      </td>
  <td class="duration">
    0.001s
  </td>
  <td class="result">
        
    
            <div class="testOutput">
                        <br /><a href="D:\RS_Automation\RS_WorkSpace\Automation\Road Scholar/screenshots/Step17_VerifyPhoneNumberField1474895912576.png" class="highslide" rel="highslide"> <img src="D:\RS_Automation\RS_WorkSpace\Automation\Road Scholar/screenshots/Step17_VerifyPhoneNumberField1474895912576.png"  alt="Highslide JS" title="Click to enlarge" hight='100' width='100'/> </a><br/>
                                <a href="D:\RS_Automation\RS_WorkSpace\Automation\Road Scholar/screenshots/Step17_VerifyPhoneNumberField1474895912576.png">Step17_VerifyPhoneNumberField1474895912576 </a><br/>
                  </div>
    

        <a href="javascript:toggleElement('exception-9', 'block')" title="Click to expand/collapse"><b>java.lang.IllegalArgumentException: Cannot find elements when the XPath expression is null.</b></a><br />
    <div class="stackTrace" id="exception-9">
              org.openqa.selenium.By.xpath(By.java:112)<br />
              in.valtech.RoadScholar.pages.CatalogRequest.&lt;init&gt;(CatalogRequest.java:84)<br />
              in.valtech.RoadScholar.test.CAR_TC_12.Step17_VerifyPhoneNumberField(CAR_TC_12.java:161)<br />
              sun.reflect.NativeMethodAccessorImpl.invoke0(Native Method)<br />
              sun.reflect.NativeMethodAccessorImpl.invoke(NativeMethodAccessorImpl.java:57)<br />
              sun.reflect.DelegatingMethodAccessorImpl.invoke(DelegatingMethodAccessorImpl.java:43)<br />
              java.lang.reflect.Method.invoke(Method.java:606)<br />
              org.testng.internal.MethodInvocationHelper.invokeMethod(MethodInvocationHelper.java:84)<br />
              org.testng.internal.Invoker.invokeMethod(Invoker.java:714)<br />
              org.testng.internal.Invoker.invokeTestMethod(Invoker.java:901)<br />
              org.testng.internal.Invoker.invokeTestMethods(Invoker.java:1231)<br />
              org.testng.internal.TestMethodWorker.invokeTestMethods(TestMethodWorker.java:127)<br />
              org.testng.internal.TestMethodWorker.run(TestMethodWorker.java:111)<br />
              org.testng.TestRunner.privateRun(TestRunner.java:767)<br />
              org.testng.TestRunner.run(TestRunner.java:617)<br />
              org.testng.SuiteRunner.runTest(SuiteRunner.java:334)<br />
              org.testng.SuiteRunner.runSequentially(SuiteRunner.java:329)<br />
              org.testng.SuiteRunner.privateRun(SuiteRunner.java:291)<br />
              org.testng.SuiteRunner.run(SuiteRunner.java:240)<br />
              org.testng.SuiteRunnerWorker.runSuite(SuiteRunnerWorker.java:52)<br />
              org.testng.SuiteRunnerWorker.run(SuiteRunnerWorker.java:86)<br />
              org.testng.TestNG.runSuitesSequentially(TestNG.java:1224)<br />
              org.testng.TestNG.runSuitesLocally(TestNG.java:1149)<br />
              org.testng.TestNG.run(TestNG.java:1057)<br />
              org.testng.TestNG.privateMain(TestNG.java:1364)<br />
              org.testng.TestNG.main(TestNG.java:1333)<br />
                </div>
      </td>
</tr>
<tr>
  <td class="method">
                  <span class="description" title="Step 18:  verifying EmailAddressField">Step18_VerifyEmailAddressField</span>
      </td>
  <td class="duration">
    0.000s
  </td>
  <td class="result">
        
    
            <div class="testOutput">
                        <br /><a href="D:\RS_Automation\RS_WorkSpace\Automation\Road Scholar/screenshots/Step18_VerifyEmailAddressField1474895912977.png" class="highslide" rel="highslide"> <img src="D:\RS_Automation\RS_WorkSpace\Automation\Road Scholar/screenshots/Step18_VerifyEmailAddressField1474895912977.png"  alt="Highslide JS" title="Click to enlarge" hight='100' width='100'/> </a><br/>
                                <a href="D:\RS_Automation\RS_WorkSpace\Automation\Road Scholar/screenshots/Step18_VerifyEmailAddressField1474895912977.png">Step18_VerifyEmailAddressField1474895912977 </a><br/>
                  </div>
    

        <a href="javascript:toggleElement('exception-10', 'block')" title="Click to expand/collapse"><b>java.lang.IllegalArgumentException: Cannot find elements when the XPath expression is null.</b></a><br />
    <div class="stackTrace" id="exception-10">
              org.openqa.selenium.By.xpath(By.java:112)<br />
              in.valtech.RoadScholar.pages.CatalogRequest.&lt;init&gt;(CatalogRequest.java:84)<br />
              in.valtech.RoadScholar.test.CAR_TC_12.Step18_VerifyEmailAddressField(CAR_TC_12.java:169)<br />
              sun.reflect.NativeMethodAccessorImpl.invoke0(Native Method)<br />
              sun.reflect.NativeMethodAccessorImpl.invoke(NativeMethodAccessorImpl.java:57)<br />
              sun.reflect.DelegatingMethodAccessorImpl.invoke(DelegatingMethodAccessorImpl.java:43)<br />
              java.lang.reflect.Method.invoke(Method.java:606)<br />
              org.testng.internal.MethodInvocationHelper.invokeMethod(MethodInvocationHelper.java:84)<br />
              org.testng.internal.Invoker.invokeMethod(Invoker.java:714)<br />
              org.testng.internal.Invoker.invokeTestMethod(Invoker.java:901)<br />
              org.testng.internal.Invoker.invokeTestMethods(Invoker.java:1231)<br />
              org.testng.internal.TestMethodWorker.invokeTestMethods(TestMethodWorker.java:127)<br />
              org.testng.internal.TestMethodWorker.run(TestMethodWorker.java:111)<br />
              org.testng.TestRunner.privateRun(TestRunner.java:767)<br />
              org.testng.TestRunner.run(TestRunner.java:617)<br />
              org.testng.SuiteRunner.runTest(SuiteRunner.java:334)<br />
              org.testng.SuiteRunner.runSequentially(SuiteRunner.java:329)<br />
              org.testng.SuiteRunner.privateRun(SuiteRunner.java:291)<br />
              org.testng.SuiteRunner.run(SuiteRunner.java:240)<br />
              org.testng.SuiteRunnerWorker.runSuite(SuiteRunnerWorker.java:52)<br />
              org.testng.SuiteRunnerWorker.run(SuiteRunnerWorker.java:86)<br />
              org.testng.TestNG.runSuitesSequentially(TestNG.java:1224)<br />
              org.testng.TestNG.runSuitesLocally(TestNG.java:1149)<br />
              org.testng.TestNG.run(TestNG.java:1057)<br />
              org.testng.TestNG.privateMain(TestNG.java:1364)<br />
              org.testng.TestNG.main(TestNG.java:1333)<br />
                </div>
      </td>
</tr>
<tr>
  <td class="method">
                  <span class="description" title="Step 19:  verifying SignMeUpText">Step19_VerifySignMeUpText</span>
      </td>
  <td class="duration">
    0.000s
  </td>
  <td class="result">
        
    
            <div class="testOutput">
                        <br /><a href="D:\RS_Automation\RS_WorkSpace\Automation\Road Scholar/screenshots/Step19_VerifySignMeUpText1474895913383.png" class="highslide" rel="highslide"> <img src="D:\RS_Automation\RS_WorkSpace\Automation\Road Scholar/screenshots/Step19_VerifySignMeUpText1474895913383.png"  alt="Highslide JS" title="Click to enlarge" hight='100' width='100'/> </a><br/>
                                <a href="D:\RS_Automation\RS_WorkSpace\Automation\Road Scholar/screenshots/Step19_VerifySignMeUpText1474895913383.png">Step19_VerifySignMeUpText1474895913383 </a><br/>
                  </div>
    

        <a href="javascript:toggleElement('exception-11', 'block')" title="Click to expand/collapse"><b>java.lang.IllegalArgumentException: Cannot find elements when the XPath expression is null.</b></a><br />
    <div class="stackTrace" id="exception-11">
              org.openqa.selenium.By.xpath(By.java:112)<br />
              in.valtech.RoadScholar.pages.CatalogRequest.&lt;init&gt;(CatalogRequest.java:84)<br />
              in.valtech.RoadScholar.test.CAR_TC_12.Step19_VerifySignMeUpText(CAR_TC_12.java:177)<br />
              sun.reflect.NativeMethodAccessorImpl.invoke0(Native Method)<br />
              sun.reflect.NativeMethodAccessorImpl.invoke(NativeMethodAccessorImpl.java:57)<br />
              sun.reflect.DelegatingMethodAccessorImpl.invoke(DelegatingMethodAccessorImpl.java:43)<br />
              java.lang.reflect.Method.invoke(Method.java:606)<br />
              org.testng.internal.MethodInvocationHelper.invokeMethod(MethodInvocationHelper.java:84)<br />
              org.testng.internal.Invoker.invokeMethod(Invoker.java:714)<br />
              org.testng.internal.Invoker.invokeTestMethod(Invoker.java:901)<br />
              org.testng.internal.Invoker.invokeTestMethods(Invoker.java:1231)<br />
              org.testng.internal.TestMethodWorker.invokeTestMethods(TestMethodWorker.java:127)<br />
              org.testng.internal.TestMethodWorker.run(TestMethodWorker.java:111)<br />
              org.testng.TestRunner.privateRun(TestRunner.java:767)<br />
              org.testng.TestRunner.run(TestRunner.java:617)<br />
              org.testng.SuiteRunner.runTest(SuiteRunner.java:334)<br />
              org.testng.SuiteRunner.runSequentially(SuiteRunner.java:329)<br />
              org.testng.SuiteRunner.privateRun(SuiteRunner.java:291)<br />
              org.testng.SuiteRunner.run(SuiteRunner.java:240)<br />
              org.testng.SuiteRunnerWorker.runSuite(SuiteRunnerWorker.java:52)<br />
              org.testng.SuiteRunnerWorker.run(SuiteRunnerWorker.java:86)<br />
              org.testng.TestNG.runSuitesSequentially(TestNG.java:1224)<br />
              org.testng.TestNG.runSuitesLocally(TestNG.java:1149)<br />
              org.testng.TestNG.run(TestNG.java:1057)<br />
              org.testng.TestNG.privateMain(TestNG.java:1364)<br />
              org.testng.TestNG.main(TestNG.java:1333)<br />
                </div>
      </td>
</tr>
<tr>
  <td class="method">
                  <span class="description" title="Step 20:  verifying SignMeUpcheckbox">Step20_VerifySignMeUpCheckBox</span>
      </td>
  <td class="duration">
    0.000s
  </td>
  <td class="result">
        
    
            <div class="testOutput">
                        <br /><a href="D:\RS_Automation\RS_WorkSpace\Automation\Road Scholar/screenshots/Step20_VerifySignMeUpCheckBox1474895913778.png" class="highslide" rel="highslide"> <img src="D:\RS_Automation\RS_WorkSpace\Automation\Road Scholar/screenshots/Step20_VerifySignMeUpCheckBox1474895913778.png"  alt="Highslide JS" title="Click to enlarge" hight='100' width='100'/> </a><br/>
                                <a href="D:\RS_Automation\RS_WorkSpace\Automation\Road Scholar/screenshots/Step20_VerifySignMeUpCheckBox1474895913778.png">Step20_VerifySignMeUpCheckBox1474895913778 </a><br/>
                  </div>
    

        <a href="javascript:toggleElement('exception-12', 'block')" title="Click to expand/collapse"><b>java.lang.IllegalArgumentException: Cannot find elements when the XPath expression is null.</b></a><br />
    <div class="stackTrace" id="exception-12">
              org.openqa.selenium.By.xpath(By.java:112)<br />
              in.valtech.RoadScholar.pages.CatalogRequest.&lt;init&gt;(CatalogRequest.java:84)<br />
              in.valtech.RoadScholar.test.CAR_TC_12.Step20_VerifySignMeUpCheckBox(CAR_TC_12.java:185)<br />
              sun.reflect.NativeMethodAccessorImpl.invoke0(Native Method)<br />
              sun.reflect.NativeMethodAccessorImpl.invoke(NativeMethodAccessorImpl.java:57)<br />
              sun.reflect.DelegatingMethodAccessorImpl.invoke(DelegatingMethodAccessorImpl.java:43)<br />
              java.lang.reflect.Method.invoke(Method.java:606)<br />
              org.testng.internal.MethodInvocationHelper.invokeMethod(MethodInvocationHelper.java:84)<br />
              org.testng.internal.Invoker.invokeMethod(Invoker.java:714)<br />
              org.testng.internal.Invoker.invokeTestMethod(Invoker.java:901)<br />
              org.testng.internal.Invoker.invokeTestMethods(Invoker.java:1231)<br />
              org.testng.internal.TestMethodWorker.invokeTestMethods(TestMethodWorker.java:127)<br />
              org.testng.internal.TestMethodWorker.run(TestMethodWorker.java:111)<br />
              org.testng.TestRunner.privateRun(TestRunner.java:767)<br />
              org.testng.TestRunner.run(TestRunner.java:617)<br />
              org.testng.SuiteRunner.runTest(SuiteRunner.java:334)<br />
              org.testng.SuiteRunner.runSequentially(SuiteRunner.java:329)<br />
              org.testng.SuiteRunner.privateRun(SuiteRunner.java:291)<br />
              org.testng.SuiteRunner.run(SuiteRunner.java:240)<br />
              org.testng.SuiteRunnerWorker.runSuite(SuiteRunnerWorker.java:52)<br />
              org.testng.SuiteRunnerWorker.run(SuiteRunnerWorker.java:86)<br />
              org.testng.TestNG.runSuitesSequentially(TestNG.java:1224)<br />
              org.testng.TestNG.runSuitesLocally(TestNG.java:1149)<br />
              org.testng.TestNG.run(TestNG.java:1057)<br />
              org.testng.TestNG.privateMain(TestNG.java:1364)<br />
              org.testng.TestNG.main(TestNG.java:1333)<br />
                </div>
      </td>
</tr>
<tr>
  <td class="method">
                  <span class="description" title="Step 21:  verifying SubmitBtn">Step21_VerifySubmitBtn</span>
      </td>
  <td class="duration">
    0.000s
  </td>
  <td class="result">
        
    
            <div class="testOutput">
                        <br /><a href="D:\RS_Automation\RS_WorkSpace\Automation\Road Scholar/screenshots/Step21_VerifySubmitBtn1474895914174.png" class="highslide" rel="highslide"> <img src="D:\RS_Automation\RS_WorkSpace\Automation\Road Scholar/screenshots/Step21_VerifySubmitBtn1474895914174.png"  alt="Highslide JS" title="Click to enlarge" hight='100' width='100'/> </a><br/>
                                <a href="D:\RS_Automation\RS_WorkSpace\Automation\Road Scholar/screenshots/Step21_VerifySubmitBtn1474895914174.png">Step21_VerifySubmitBtn1474895914174 </a><br/>
                  </div>
    

        <a href="javascript:toggleElement('exception-13', 'block')" title="Click to expand/collapse"><b>java.lang.IllegalArgumentException: Cannot find elements when the XPath expression is null.</b></a><br />
    <div class="stackTrace" id="exception-13">
              org.openqa.selenium.By.xpath(By.java:112)<br />
              in.valtech.RoadScholar.pages.CatalogRequest.&lt;init&gt;(CatalogRequest.java:84)<br />
              in.valtech.RoadScholar.test.CAR_TC_12.Step21_VerifySubmitBtn(CAR_TC_12.java:193)<br />
              sun.reflect.NativeMethodAccessorImpl.invoke0(Native Method)<br />
              sun.reflect.NativeMethodAccessorImpl.invoke(NativeMethodAccessorImpl.java:57)<br />
              sun.reflect.DelegatingMethodAccessorImpl.invoke(DelegatingMethodAccessorImpl.java:43)<br />
              java.lang.reflect.Method.invoke(Method.java:606)<br />
              org.testng.internal.MethodInvocationHelper.invokeMethod(MethodInvocationHelper.java:84)<br />
              org.testng.internal.Invoker.invokeMethod(Invoker.java:714)<br />
              org.testng.internal.Invoker.invokeTestMethod(Invoker.java:901)<br />
              org.testng.internal.Invoker.invokeTestMethods(Invoker.java:1231)<br />
              org.testng.internal.TestMethodWorker.invokeTestMethods(TestMethodWorker.java:127)<br />
              org.testng.internal.TestMethodWorker.run(TestMethodWorker.java:111)<br />
              org.testng.TestRunner.privateRun(TestRunner.java:767)<br />
              org.testng.TestRunner.run(TestRunner.java:617)<br />
              org.testng.SuiteRunner.runTest(SuiteRunner.java:334)<br />
              org.testng.SuiteRunner.runSequentially(SuiteRunner.java:329)<br />
              org.testng.SuiteRunner.privateRun(SuiteRunner.java:291)<br />
              org.testng.SuiteRunner.run(SuiteRunner.java:240)<br />
              org.testng.SuiteRunnerWorker.runSuite(SuiteRunnerWorker.java:52)<br />
              org.testng.SuiteRunnerWorker.run(SuiteRunnerWorker.java:86)<br />
              org.testng.TestNG.runSuitesSequentially(TestNG.java:1224)<br />
              org.testng.TestNG.runSuitesLocally(TestNG.java:1149)<br />
              org.testng.TestNG.run(TestNG.java:1057)<br />
              org.testng.TestNG.privateMain(TestNG.java:1364)<br />
              org.testng.TestNG.main(TestNG.java:1333)<br />
                </div>
      </td>
</tr>
<tr>
  <td class="method">
                  <span class="description" title="Step 3:  verifying title">Step3_clickOnCatalogRequest</span>
      </td>
  <td class="duration">
    0.000s
  </td>
  <td class="result">
        
    
            <div class="testOutput">
                        <br /><a href="D:\RS_Automation\RS_WorkSpace\Automation\Road Scholar/screenshots/Step3_clickOnCatalogRequest1474895906910.png" class="highslide" rel="highslide"> <img src="D:\RS_Automation\RS_WorkSpace\Automation\Road Scholar/screenshots/Step3_clickOnCatalogRequest1474895906910.png"  alt="Highslide JS" title="Click to enlarge" hight='100' width='100'/> </a><br/>
                                <a href="D:\RS_Automation\RS_WorkSpace\Automation\Road Scholar/screenshots/Step3_clickOnCatalogRequest1474895906910.png">Step3_clickOnCatalogRequest1474895906910 </a><br/>
                  </div>
    

        <a href="javascript:toggleElement('exception-14', 'block')" title="Click to expand/collapse"><b>java.lang.IllegalArgumentException: Cannot find elements when the XPath expression is null.</b></a><br />
    <div class="stackTrace" id="exception-14">
              org.openqa.selenium.By.xpath(By.java:112)<br />
              in.valtech.RoadScholar.pages.HomePage.&lt;init&gt;(HomePage.java:89)<br />
              in.valtech.RoadScholar.test.CAR_TC_12.Step3_clickOnCatalogRequest(CAR_TC_12.java:50)<br />
              sun.reflect.NativeMethodAccessorImpl.invoke0(Native Method)<br />
              sun.reflect.NativeMethodAccessorImpl.invoke(NativeMethodAccessorImpl.java:57)<br />
              sun.reflect.DelegatingMethodAccessorImpl.invoke(DelegatingMethodAccessorImpl.java:43)<br />
              java.lang.reflect.Method.invoke(Method.java:606)<br />
              org.testng.internal.MethodInvocationHelper.invokeMethod(MethodInvocationHelper.java:84)<br />
              org.testng.internal.Invoker.invokeMethod(Invoker.java:714)<br />
              org.testng.internal.Invoker.invokeTestMethod(Invoker.java:901)<br />
              org.testng.internal.Invoker.invokeTestMethods(Invoker.java:1231)<br />
              org.testng.internal.TestMethodWorker.invokeTestMethods(TestMethodWorker.java:127)<br />
              org.testng.internal.TestMethodWorker.run(TestMethodWorker.java:111)<br />
              org.testng.TestRunner.privateRun(TestRunner.java:767)<br />
              org.testng.TestRunner.run(TestRunner.java:617)<br />
              org.testng.SuiteRunner.runTest(SuiteRunner.java:334)<br />
              org.testng.SuiteRunner.runSequentially(SuiteRunner.java:329)<br />
              org.testng.SuiteRunner.privateRun(SuiteRunner.java:291)<br />
              org.testng.SuiteRunner.run(SuiteRunner.java:240)<br />
              org.testng.SuiteRunnerWorker.runSuite(SuiteRunnerWorker.java:52)<br />
              org.testng.SuiteRunnerWorker.run(SuiteRunnerWorker.java:86)<br />
              org.testng.TestNG.runSuitesSequentially(TestNG.java:1224)<br />
              org.testng.TestNG.runSuitesLocally(TestNG.java:1149)<br />
              org.testng.TestNG.run(TestNG.java:1057)<br />
              org.testng.TestNG.privateMain(TestNG.java:1364)<br />
              org.testng.TestNG.main(TestNG.java:1333)<br />
                </div>
      </td>
</tr>
<tr>
  <td class="method">
                  <span class="description" title="Step 4:  verifying Title">Step4_VerifyTitle</span>
      </td>
  <td class="duration">
    0.001s
  </td>
  <td class="result">
        
    
            <div class="testOutput">
                        <br /><a href="D:\RS_Automation\RS_WorkSpace\Automation\Road Scholar/screenshots/Step4_VerifyTitle1474895907312.png" class="highslide" rel="highslide"> <img src="D:\RS_Automation\RS_WorkSpace\Automation\Road Scholar/screenshots/Step4_VerifyTitle1474895907312.png"  alt="Highslide JS" title="Click to enlarge" hight='100' width='100'/> </a><br/>
                                <a href="D:\RS_Automation\RS_WorkSpace\Automation\Road Scholar/screenshots/Step4_VerifyTitle1474895907312.png">Step4_VerifyTitle1474895907312 </a><br/>
                  </div>
    

        <a href="javascript:toggleElement('exception-15', 'block')" title="Click to expand/collapse"><b>java.lang.IllegalArgumentException: Cannot find elements when the XPath expression is null.</b></a><br />
    <div class="stackTrace" id="exception-15">
              org.openqa.selenium.By.xpath(By.java:112)<br />
              in.valtech.RoadScholar.pages.CatalogRequest.&lt;init&gt;(CatalogRequest.java:84)<br />
              in.valtech.RoadScholar.test.CAR_TC_12.Step4_VerifyTitle(CAR_TC_12.java:57)<br />
              sun.reflect.NativeMethodAccessorImpl.invoke0(Native Method)<br />
              sun.reflect.NativeMethodAccessorImpl.invoke(NativeMethodAccessorImpl.java:57)<br />
              sun.reflect.DelegatingMethodAccessorImpl.invoke(DelegatingMethodAccessorImpl.java:43)<br />
              java.lang.reflect.Method.invoke(Method.java:606)<br />
              org.testng.internal.MethodInvocationHelper.invokeMethod(MethodInvocationHelper.java:84)<br />
              org.testng.internal.Invoker.invokeMethod(Invoker.java:714)<br />
              org.testng.internal.Invoker.invokeTestMethod(Invoker.java:901)<br />
              org.testng.internal.Invoker.invokeTestMethods(Invoker.java:1231)<br />
              org.testng.internal.TestMethodWorker.invokeTestMethods(TestMethodWorker.java:127)<br />
              org.testng.internal.TestMethodWorker.run(TestMethodWorker.java:111)<br />
              org.testng.TestRunner.privateRun(TestRunner.java:767)<br />
              org.testng.TestRunner.run(TestRunner.java:617)<br />
              org.testng.SuiteRunner.runTest(SuiteRunner.java:334)<br />
              org.testng.SuiteRunner.runSequentially(SuiteRunner.java:329)<br />
              org.testng.SuiteRunner.privateRun(SuiteRunner.java:291)<br />
              org.testng.SuiteRunner.run(SuiteRunner.java:240)<br />
              org.testng.SuiteRunnerWorker.runSuite(SuiteRunnerWorker.java:52)<br />
              org.testng.SuiteRunnerWorker.run(SuiteRunnerWorker.java:86)<br />
              org.testng.TestNG.runSuitesSequentially(TestNG.java:1224)<br />
              org.testng.TestNG.runSuitesLocally(TestNG.java:1149)<br />
              org.testng.TestNG.run(TestNG.java:1057)<br />
              org.testng.TestNG.privateMain(TestNG.java:1364)<br />
              org.testng.TestNG.main(TestNG.java:1333)<br />
                </div>
      </td>
</tr>
<tr>
  <td class="method">
                  <span class="description" title="Step 5:  verifying sign in">Step5_VerifySignIn</span>
      </td>
  <td class="duration">
    0.000s
  </td>
  <td class="result">
        
    
            <div class="testOutput">
                        <br /><a href="D:\RS_Automation\RS_WorkSpace\Automation\Road Scholar/screenshots/Step5_VerifySignIn1474895907716.png" class="highslide" rel="highslide"> <img src="D:\RS_Automation\RS_WorkSpace\Automation\Road Scholar/screenshots/Step5_VerifySignIn1474895907716.png"  alt="Highslide JS" title="Click to enlarge" hight='100' width='100'/> </a><br/>
                                <a href="D:\RS_Automation\RS_WorkSpace\Automation\Road Scholar/screenshots/Step5_VerifySignIn1474895907716.png">Step5_VerifySignIn1474895907716 </a><br/>
                  </div>
    

        <a href="javascript:toggleElement('exception-16', 'block')" title="Click to expand/collapse"><b>java.lang.IllegalArgumentException: Cannot find elements when the XPath expression is null.</b></a><br />
    <div class="stackTrace" id="exception-16">
              org.openqa.selenium.By.xpath(By.java:112)<br />
              in.valtech.RoadScholar.pages.CatalogRequest.&lt;init&gt;(CatalogRequest.java:84)<br />
              in.valtech.RoadScholar.test.CAR_TC_12.Step5_VerifySignIn(CAR_TC_12.java:65)<br />
              sun.reflect.NativeMethodAccessorImpl.invoke0(Native Method)<br />
              sun.reflect.NativeMethodAccessorImpl.invoke(NativeMethodAccessorImpl.java:57)<br />
              sun.reflect.DelegatingMethodAccessorImpl.invoke(DelegatingMethodAccessorImpl.java:43)<br />
              java.lang.reflect.Method.invoke(Method.java:606)<br />
              org.testng.internal.MethodInvocationHelper.invokeMethod(MethodInvocationHelper.java:84)<br />
              org.testng.internal.Invoker.invokeMethod(Invoker.java:714)<br />
              org.testng.internal.Invoker.invokeTestMethod(Invoker.java:901)<br />
              org.testng.internal.Invoker.invokeTestMethods(Invoker.java:1231)<br />
              org.testng.internal.TestMethodWorker.invokeTestMethods(TestMethodWorker.java:127)<br />
              org.testng.internal.TestMethodWorker.run(TestMethodWorker.java:111)<br />
              org.testng.TestRunner.privateRun(TestRunner.java:767)<br />
              org.testng.TestRunner.run(TestRunner.java:617)<br />
              org.testng.SuiteRunner.runTest(SuiteRunner.java:334)<br />
              org.testng.SuiteRunner.runSequentially(SuiteRunner.java:329)<br />
              org.testng.SuiteRunner.privateRun(SuiteRunner.java:291)<br />
              org.testng.SuiteRunner.run(SuiteRunner.java:240)<br />
              org.testng.SuiteRunnerWorker.runSuite(SuiteRunnerWorker.java:52)<br />
              org.testng.SuiteRunnerWorker.run(SuiteRunnerWorker.java:86)<br />
              org.testng.TestNG.runSuitesSequentially(TestNG.java:1224)<br />
              org.testng.TestNG.runSuitesLocally(TestNG.java:1149)<br />
              org.testng.TestNG.run(TestNG.java:1057)<br />
              org.testng.TestNG.privateMain(TestNG.java:1364)<br />
              org.testng.TestNG.main(TestNG.java:1333)<br />
                </div>
      </td>
</tr>
<tr>
  <td class="method">
                  <span class="description" title="Step 6:  verifying subtext">Step6_Verifysubtext</span>
      </td>
  <td class="duration">
    0.000s
  </td>
  <td class="result">
        
    
            <div class="testOutput">
                        <br /><a href="D:\RS_Automation\RS_WorkSpace\Automation\Road Scholar/screenshots/Step6_Verifysubtext1474895908115.png" class="highslide" rel="highslide"> <img src="D:\RS_Automation\RS_WorkSpace\Automation\Road Scholar/screenshots/Step6_Verifysubtext1474895908115.png"  alt="Highslide JS" title="Click to enlarge" hight='100' width='100'/> </a><br/>
                                <a href="D:\RS_Automation\RS_WorkSpace\Automation\Road Scholar/screenshots/Step6_Verifysubtext1474895908115.png">Step6_Verifysubtext1474895908115 </a><br/>
                  </div>
    

        <a href="javascript:toggleElement('exception-17', 'block')" title="Click to expand/collapse"><b>java.lang.IllegalArgumentException: Cannot find elements when the XPath expression is null.</b></a><br />
    <div class="stackTrace" id="exception-17">
              org.openqa.selenium.By.xpath(By.java:112)<br />
              in.valtech.RoadScholar.pages.CatalogRequest.&lt;init&gt;(CatalogRequest.java:84)<br />
              in.valtech.RoadScholar.test.CAR_TC_12.Step6_Verifysubtext(CAR_TC_12.java:73)<br />
              sun.reflect.NativeMethodAccessorImpl.invoke0(Native Method)<br />
              sun.reflect.NativeMethodAccessorImpl.invoke(NativeMethodAccessorImpl.java:57)<br />
              sun.reflect.DelegatingMethodAccessorImpl.invoke(DelegatingMethodAccessorImpl.java:43)<br />
              java.lang.reflect.Method.invoke(Method.java:606)<br />
              org.testng.internal.MethodInvocationHelper.invokeMethod(MethodInvocationHelper.java:84)<br />
              org.testng.internal.Invoker.invokeMethod(Invoker.java:714)<br />
              org.testng.internal.Invoker.invokeTestMethod(Invoker.java:901)<br />
              org.testng.internal.Invoker.invokeTestMethods(Invoker.java:1231)<br />
              org.testng.internal.TestMethodWorker.invokeTestMethods(TestMethodWorker.java:127)<br />
              org.testng.internal.TestMethodWorker.run(TestMethodWorker.java:111)<br />
              org.testng.TestRunner.privateRun(TestRunner.java:767)<br />
              org.testng.TestRunner.run(TestRunner.java:617)<br />
              org.testng.SuiteRunner.runTest(SuiteRunner.java:334)<br />
              org.testng.SuiteRunner.runSequentially(SuiteRunner.java:329)<br />
              org.testng.SuiteRunner.privateRun(SuiteRunner.java:291)<br />
              org.testng.SuiteRunner.run(SuiteRunner.java:240)<br />
              org.testng.SuiteRunnerWorker.runSuite(SuiteRunnerWorker.java:52)<br />
              org.testng.SuiteRunnerWorker.run(SuiteRunnerWorker.java:86)<br />
              org.testng.TestNG.runSuitesSequentially(TestNG.java:1224)<br />
              org.testng.TestNG.runSuitesLocally(TestNG.java:1149)<br />
              org.testng.TestNG.run(TestNG.java:1057)<br />
              org.testng.TestNG.privateMain(TestNG.java:1364)<br />
              org.testng.TestNG.main(TestNG.java:1333)<br />
                </div>
      </td>
</tr>
<tr>
  <td class="method">
                  <span class="description" title="Step 7:  verifying selectCatalogSection">Step7_VerifyselectCatalogSection</span>
      </td>
  <td class="duration">
    0.000s
  </td>
  <td class="result">
        
    
            <div class="testOutput">
                        <br /><a href="D:\RS_Automation\RS_WorkSpace\Automation\Road Scholar/screenshots/Step7_VerifyselectCatalogSection1474895908527.png" class="highslide" rel="highslide"> <img src="D:\RS_Automation\RS_WorkSpace\Automation\Road Scholar/screenshots/Step7_VerifyselectCatalogSection1474895908527.png"  alt="Highslide JS" title="Click to enlarge" hight='100' width='100'/> </a><br/>
                                <a href="D:\RS_Automation\RS_WorkSpace\Automation\Road Scholar/screenshots/Step7_VerifyselectCatalogSection1474895908527.png">Step7_VerifyselectCatalogSection1474895908527 </a><br/>
                  </div>
    

        <a href="javascript:toggleElement('exception-18', 'block')" title="Click to expand/collapse"><b>java.lang.IllegalArgumentException: Cannot find elements when the XPath expression is null.</b></a><br />
    <div class="stackTrace" id="exception-18">
              org.openqa.selenium.By.xpath(By.java:112)<br />
              in.valtech.RoadScholar.pages.CatalogRequest.&lt;init&gt;(CatalogRequest.java:84)<br />
              in.valtech.RoadScholar.test.CAR_TC_12.Step7_VerifyselectCatalogSection(CAR_TC_12.java:81)<br />
              sun.reflect.NativeMethodAccessorImpl.invoke0(Native Method)<br />
              sun.reflect.NativeMethodAccessorImpl.invoke(NativeMethodAccessorImpl.java:57)<br />
              sun.reflect.DelegatingMethodAccessorImpl.invoke(DelegatingMethodAccessorImpl.java:43)<br />
              java.lang.reflect.Method.invoke(Method.java:606)<br />
              org.testng.internal.MethodInvocationHelper.invokeMethod(MethodInvocationHelper.java:84)<br />
              org.testng.internal.Invoker.invokeMethod(Invoker.java:714)<br />
              org.testng.internal.Invoker.invokeTestMethod(Invoker.java:901)<br />
              org.testng.internal.Invoker.invokeTestMethods(Invoker.java:1231)<br />
              org.testng.internal.TestMethodWorker.invokeTestMethods(TestMethodWorker.java:127)<br />
              org.testng.internal.TestMethodWorker.run(TestMethodWorker.java:111)<br />
              org.testng.TestRunner.privateRun(TestRunner.java:767)<br />
              org.testng.TestRunner.run(TestRunner.java:617)<br />
              org.testng.SuiteRunner.runTest(SuiteRunner.java:334)<br />
              org.testng.SuiteRunner.runSequentially(SuiteRunner.java:329)<br />
              org.testng.SuiteRunner.privateRun(SuiteRunner.java:291)<br />
              org.testng.SuiteRunner.run(SuiteRunner.java:240)<br />
              org.testng.SuiteRunnerWorker.runSuite(SuiteRunnerWorker.java:52)<br />
              org.testng.SuiteRunnerWorker.run(SuiteRunnerWorker.java:86)<br />
              org.testng.TestNG.runSuitesSequentially(TestNG.java:1224)<br />
              org.testng.TestNG.runSuitesLocally(TestNG.java:1149)<br />
              org.testng.TestNG.run(TestNG.java:1057)<br />
              org.testng.TestNG.privateMain(TestNG.java:1364)<br />
              org.testng.TestNG.main(TestNG.java:1333)<br />
                </div>
      </td>
</tr>
<tr>
  <td class="method">
                  <span class="description" title="Step 8:  verifying northAmerica">Step8_VerifynorthAmerica</span>
      </td>
  <td class="duration">
    0.001s
  </td>
  <td class="result">
        
    
            <div class="testOutput">
                        <br /><a href="D:\RS_Automation\RS_WorkSpace\Automation\Road Scholar/screenshots/Step8_VerifynorthAmerica1474895908929.png" class="highslide" rel="highslide"> <img src="D:\RS_Automation\RS_WorkSpace\Automation\Road Scholar/screenshots/Step8_VerifynorthAmerica1474895908929.png"  alt="Highslide JS" title="Click to enlarge" hight='100' width='100'/> </a><br/>
                                <a href="D:\RS_Automation\RS_WorkSpace\Automation\Road Scholar/screenshots/Step8_VerifynorthAmerica1474895908929.png">Step8_VerifynorthAmerica1474895908929 </a><br/>
                  </div>
    

        <a href="javascript:toggleElement('exception-19', 'block')" title="Click to expand/collapse"><b>java.lang.IllegalArgumentException: Cannot find elements when the XPath expression is null.</b></a><br />
    <div class="stackTrace" id="exception-19">
              org.openqa.selenium.By.xpath(By.java:112)<br />
              in.valtech.RoadScholar.pages.CatalogRequest.&lt;init&gt;(CatalogRequest.java:84)<br />
              in.valtech.RoadScholar.test.CAR_TC_12.Step8_VerifynorthAmerica(CAR_TC_12.java:89)<br />
              sun.reflect.NativeMethodAccessorImpl.invoke0(Native Method)<br />
              sun.reflect.NativeMethodAccessorImpl.invoke(NativeMethodAccessorImpl.java:57)<br />
              sun.reflect.DelegatingMethodAccessorImpl.invoke(DelegatingMethodAccessorImpl.java:43)<br />
              java.lang.reflect.Method.invoke(Method.java:606)<br />
              org.testng.internal.MethodInvocationHelper.invokeMethod(MethodInvocationHelper.java:84)<br />
              org.testng.internal.Invoker.invokeMethod(Invoker.java:714)<br />
              org.testng.internal.Invoker.invokeTestMethod(Invoker.java:901)<br />
              org.testng.internal.Invoker.invokeTestMethods(Invoker.java:1231)<br />
              org.testng.internal.TestMethodWorker.invokeTestMethods(TestMethodWorker.java:127)<br />
              org.testng.internal.TestMethodWorker.run(TestMethodWorker.java:111)<br />
              org.testng.TestRunner.privateRun(TestRunner.java:767)<br />
              org.testng.TestRunner.run(TestRunner.java:617)<br />
              org.testng.SuiteRunner.runTest(SuiteRunner.java:334)<br />
              org.testng.SuiteRunner.runSequentially(SuiteRunner.java:329)<br />
              org.testng.SuiteRunner.privateRun(SuiteRunner.java:291)<br />
              org.testng.SuiteRunner.run(SuiteRunner.java:240)<br />
              org.testng.SuiteRunnerWorker.runSuite(SuiteRunnerWorker.java:52)<br />
              org.testng.SuiteRunnerWorker.run(SuiteRunnerWorker.java:86)<br />
              org.testng.TestNG.runSuitesSequentially(TestNG.java:1224)<br />
              org.testng.TestNG.runSuitesLocally(TestNG.java:1149)<br />
              org.testng.TestNG.run(TestNG.java:1057)<br />
              org.testng.TestNG.privateMain(TestNG.java:1364)<br />
              org.testng.TestNG.main(TestNG.java:1333)<br />
                </div>
      </td>
</tr>
<tr>
  <td class="method">
                  <span class="description" title="Step 9:  verifying AdvantureAfloat">Step9_VerifyAdvantureAfloat</span>
      </td>
  <td class="duration">
    0.000s
  </td>
  <td class="result">
        
    
            <div class="testOutput">
                        <br /><a href="D:\RS_Automation\RS_WorkSpace\Automation\Road Scholar/screenshots/Step9_VerifyAdvantureAfloat1474895909374.png" class="highslide" rel="highslide"> <img src="D:\RS_Automation\RS_WorkSpace\Automation\Road Scholar/screenshots/Step9_VerifyAdvantureAfloat1474895909374.png"  alt="Highslide JS" title="Click to enlarge" hight='100' width='100'/> </a><br/>
                                <a href="D:\RS_Automation\RS_WorkSpace\Automation\Road Scholar/screenshots/Step9_VerifyAdvantureAfloat1474895909374.png">Step9_VerifyAdvantureAfloat1474895909374 </a><br/>
                  </div>
    

        <a href="javascript:toggleElement('exception-20', 'block')" title="Click to expand/collapse"><b>java.lang.IllegalArgumentException: Cannot find elements when the XPath expression is null.</b></a><br />
    <div class="stackTrace" id="exception-20">
              org.openqa.selenium.By.xpath(By.java:112)<br />
              in.valtech.RoadScholar.pages.CatalogRequest.&lt;init&gt;(CatalogRequest.java:84)<br />
              in.valtech.RoadScholar.test.CAR_TC_12.Step9_VerifyAdvantureAfloat(CAR_TC_12.java:97)<br />
              sun.reflect.NativeMethodAccessorImpl.invoke0(Native Method)<br />
              sun.reflect.NativeMethodAccessorImpl.invoke(NativeMethodAccessorImpl.java:57)<br />
              sun.reflect.DelegatingMethodAccessorImpl.invoke(DelegatingMethodAccessorImpl.java:43)<br />
              java.lang.reflect.Method.invoke(Method.java:606)<br />
              org.testng.internal.MethodInvocationHelper.invokeMethod(MethodInvocationHelper.java:84)<br />
              org.testng.internal.Invoker.invokeMethod(Invoker.java:714)<br />
              org.testng.internal.Invoker.invokeTestMethod(Invoker.java:901)<br />
              org.testng.internal.Invoker.invokeTestMethods(Invoker.java:1231)<br />
              org.testng.internal.TestMethodWorker.invokeTestMethods(TestMethodWorker.java:127)<br />
              org.testng.internal.TestMethodWorker.run(TestMethodWorker.java:111)<br />
              org.testng.TestRunner.privateRun(TestRunner.java:767)<br />
              org.testng.TestRunner.run(TestRunner.java:617)<br />
              org.testng.SuiteRunner.runTest(SuiteRunner.java:334)<br />
              org.testng.SuiteRunner.runSequentially(SuiteRunner.java:329)<br />
              org.testng.SuiteRunner.privateRun(SuiteRunner.java:291)<br />
              org.testng.SuiteRunner.run(SuiteRunner.java:240)<br />
              org.testng.SuiteRunnerWorker.runSuite(SuiteRunnerWorker.java:52)<br />
              org.testng.SuiteRunnerWorker.run(SuiteRunnerWorker.java:86)<br />
              org.testng.TestNG.runSuitesSequentially(TestNG.java:1224)<br />
              org.testng.TestNG.runSuitesLocally(TestNG.java:1149)<br />
              org.testng.TestNG.run(TestNG.java:1057)<br />
              org.testng.TestNG.privateMain(TestNG.java:1364)<br />
              org.testng.TestNG.main(TestNG.java:1333)<br />
                </div>
      </td>
</tr>
      </table>


  
</body>
</html>
