<?xml version="1.0" encoding="UTF-8"?>
<testsuite name="Checkout_Step1_YES_CS1_TC_41"
           tests="16"
           failures="1"
           errors="0"
           skipped="0"
           time="166.794">
  <properties />
            <testcase name="Step17_clickOnContinueBtn" time="5.103" classname="in.valtech.RoadScholar.test.CS1_TC_41">
                <failure type="java.lang.AssertionError"
                  message="expected [true] but found [false]"
              >
<![CDATA[java.lang.AssertionError: expected [true] but found [false]
  org.testng.Assert.fail(Assert.java:94)
  org.testng.Assert.failNotEquals(Assert.java:494)
  org.testng.Assert.assertTrue(Assert.java:42)
  org.testng.Assert.assertTrue(Assert.java:52)
  in.valtech.RoadScholar.pages.CheckOutStep2.<init>(CheckOutStep2.java:29)
  in.valtech.RoadScholar.pages.CheckOutStep1.ClickContinue(CheckOutStep1.java:114)
  in.valtech.RoadScholar.test.CS1_TC_41.Step17_clickOnContinueBtn(CS1_TC_41.java:216)
  sun.reflect.NativeMethodAccessorImpl.invoke0(Native Method)
  sun.reflect.NativeMethodAccessorImpl.invoke(NativeMethodAccessorImpl.java:57)
  sun.reflect.DelegatingMethodAccessorImpl.invoke(DelegatingMethodAccessorImpl.java:43)
  java.lang.reflect.Method.invoke(Method.java:606)
  org.testng.internal.MethodInvocationHelper.invokeMethod(MethodInvocationHelper.java:84)
  org.testng.internal.Invoker.invokeMethod(Invoker.java:714)
  org.testng.internal.Invoker.invokeTestMethod(Invoker.java:901)
  org.testng.internal.Invoker.invokeTestMethods(Invoker.java:1231)
  org.testng.internal.TestMethodWorker.invokeTestMethods(TestMethodWorker.java:127)
  org.testng.internal.TestMethodWorker.run(TestMethodWorker.java:111)
  org.testng.TestRunner.privateRun(TestRunner.java:767)
  org.testng.TestRunner.run(TestRunner.java:617)
  org.testng.SuiteRunner.runTest(SuiteRunner.java:334)
  org.testng.SuiteRunner.runSequentially(SuiteRunner.java:329)
  org.testng.SuiteRunner.privateRun(SuiteRunner.java:291)
  org.testng.SuiteRunner.run(SuiteRunner.java:240)
  org.testng.SuiteRunnerWorker.runSuite(SuiteRunnerWorker.java:52)
  org.testng.SuiteRunnerWorker.run(SuiteRunnerWorker.java:86)
  org.testng.TestNG.runSuitesSequentially(TestNG.java:1224)
  org.testng.TestNG.runSuitesLocally(TestNG.java:1149)
  org.testng.TestNG.run(TestNG.java:1057)
  org.testng.TestNG.privateMain(TestNG.java:1364)
  org.testng.TestNG.main(TestNG.java:1333)
]]>
      </failure>

          </testcase>
  
  
            <testcase name="Step08_clickOnDateAndPricesTab" time="10.738" classname="in.valtech.RoadScholar.test.CS1_TC_41" />
                <testcase name="Step02_clickingOnCloseButton" time="10.118" classname="in.valtech.RoadScholar.test.CS1_TC_41" />
                <testcase name="Step07_clickOnTripCard" time="18.220" classname="in.valtech.RoadScholar.test.CS1_TC_41" />
                <testcase name="Step15_click" time="5.096" classname="in.valtech.RoadScholar.test.CS1_TC_41" />
                <testcase name="Step11_SelectDoubleRadioBtn" time="10.100" classname="in.valtech.RoadScholar.test.CS1_TC_41" />
                <testcase name="Step01_HOMEPAGE_URL" time="12.240" classname="in.valtech.RoadScholar.test.CS1_TC_41" />
                <testcase name="Step06_SignUpBtn" time="15.148" classname="in.valtech.RoadScholar.test.CS1_TC_41" />
                <testcase name="Step6_verifyChangeDateBtn" time="5.055" classname="in.valtech.RoadScholar.test.CS1_TC_41" />
                <testcase name="Step11_clickChangeDateBtn" time="10.161" classname="in.valtech.RoadScholar.test.CS1_TC_41" />
                <testcase name="Step04_Email" time="15.178" classname="in.valtech.RoadScholar.test.CS1_TC_41" />
                <testcase name="Step09_clickOnSelectBtn" time="15.259" classname="in.valtech.RoadScholar.test.CS1_TC_41" />
                <testcase name="Step05_Passwd" time="10.163" classname="in.valtech.RoadScholar.test.CS1_TC_41" />
                <testcase name="Step03_ClickOnSignInLink" time="10.075" classname="in.valtech.RoadScholar.test.CS1_TC_41" />
                <testcase name="Step13_clickEnrollNow" time="5.093" classname="in.valtech.RoadScholar.test.CS1_TC_41" />
                <testcase name="Step14_clickSelectDateBtn" time="9.047" classname="in.valtech.RoadScholar.test.CS1_TC_41" />
      
</testsuite>
