<?xml version="1.0" encoding="UTF-8"?>
<testsuite name="Home Page_YES_HOP_TC_03"
           tests="1"
           failures="1"
           errors="0"
           skipped="0"
           time="0.002">
  <properties />
            <testcase name="Step01_HOMEPAGE_URL" time="0.002" classname="in.valtech.RoadScholar.test.HOP_TC_03">
                <failure type="java.lang.NullPointerException"
                  message="null value in entry: url=null"
              >
<![CDATA[java.lang.NullPointerException: null value in entry: url=null
  com.google.common.collect.CollectPreconditions.checkEntryNotNull(CollectPreconditions.java:33)
  com.google.common.collect.SingletonImmutableBiMap.<init>(SingletonImmutableBiMap.java:39)
  com.google.common.collect.ImmutableBiMap.of(ImmutableBiMap.java:57)
  com.google.common.collect.ImmutableMap.of(ImmutableMap.java:80)
  org.openqa.selenium.remote.RemoteWebDriver.get(RemoteWebDriver.java:304)
  in.valtech.RoadScholar.pages.HomePage.navigateToApplication_URL(HomePage.java:62)
  in.valtech.RoadScholar.test.HOP_TC_03.Step01_HOMEPAGE_URL(HOP_TC_03.java:24)
  sun.reflect.NativeMethodAccessorImpl.invoke0(Native Method)
  sun.reflect.NativeMethodAccessorImpl.invoke(NativeMethodAccessorImpl.java:57)
  sun.reflect.DelegatingMethodAccessorImpl.invoke(DelegatingMethodAccessorImpl.java:43)
  java.lang.reflect.Method.invoke(Method.java:606)
  org.testng.internal.MethodInvocationHelper.invokeMethod(MethodInvocationHelper.java:84)
  org.testng.internal.Invoker.invokeMethod(Invoker.java:714)
  org.testng.internal.Invoker.invokeTestMethod(Invoker.java:901)
  org.testng.internal.Invoker.invokeTestMethods(Invoker.java:1231)
  org.testng.internal.TestMethodWorker.invokeTestMethods(TestMethodWorker.java:127)
  org.testng.internal.TestMethodWorker.run(TestMethodWorker.java:111)
  org.testng.TestRunner.privateRun(TestRunner.java:767)
  org.testng.TestRunner.run(TestRunner.java:617)
  org.testng.SuiteRunner.runTest(SuiteRunner.java:334)
  org.testng.SuiteRunner.runSequentially(SuiteRunner.java:329)
  org.testng.SuiteRunner.privateRun(SuiteRunner.java:291)
  org.testng.SuiteRunner.run(SuiteRunner.java:240)
  org.testng.SuiteRunnerWorker.runSuite(SuiteRunnerWorker.java:52)
  org.testng.SuiteRunnerWorker.run(SuiteRunnerWorker.java:86)
  org.testng.TestNG.runSuitesSequentially(TestNG.java:1224)
  org.testng.TestNG.runSuitesLocally(TestNG.java:1149)
  org.testng.TestNG.run(TestNG.java:1057)
  org.testng.TestNG.privateMain(TestNG.java:1364)
  org.testng.TestNG.main(TestNG.java:1333)
]]>
      </failure>

          </testcase>
  
  
  
</testsuite>
