<?xml version="1.0" encoding="UTF-8"?>
<testsuite name="Personal Information Page_YES_PIP_TC_25"
           tests="17"
           failures="1"
           errors="0"
           skipped="0"
           time="167.485">
  <properties />
            <testcase name="Step15_Success" time="30.078" classname="in.valtech.RoadScholar.test.PIP_TC_25">
                <failure type="org.openqa.selenium.NoSuchElementException"
                  message="no such element
  (Session info: chrome=53.0.2785.116)
  (Driver info: chromedriver=2.8.241075,platform=Windows NT 6.1 SP1 x86_64) (WARNING: The server did not provide any stacktrace information)
Command duration or timeout: 30.06 seconds
For documentation on this error, please visit: http://seleniumhq.org/exceptions/no_such_element.html
Build info: version: &apos;2.43.1&apos;, revision: &apos;5163bce&apos;, time: &apos;2014-09-10 16:27:33&apos;
System info: host: &apos;VDC01LDW0013&apos;, ip: &apos;192.168.155.35&apos;, os.name: &apos;Windows 7&apos;, os.arch: &apos;amd64&apos;, os.version: &apos;6.1&apos;, java.version: &apos;1.7.0_40&apos;
Session ID: a3aaaa2dddca0631e8b1b5b2289ac29e
Driver info: org.openqa.selenium.chrome.ChromeDriver
Capabilities [{platform=XP, acceptSslCerts=true, javascriptEnabled=true, browserName=chrome, chrome={userDataDir=C:\Users\RANI~1.KUM\AppData\Local\Temp\scoped_dir11804_3604}, rotatable=false, locationContextEnabled=true, version=53.0.2785.116, takesHeapSnapshot=true, cssSelectorsEnabled=true, databaseEnabled=false, handlesAlerts=true, browserConnectionEnabled=false, nativeEvents=true, webStorageEnabled=true, applicationCacheEnabled=false, takesScreenshot=true}]"
              >
<![CDATA[org.openqa.selenium.NoSuchElementException: no such element
  (Session info: chrome=53.0.2785.116)
  (Driver info: chromedriver=2.8.241075,platform=Windows NT 6.1 SP1 x86_64) (WARNING: The server did not provide any stacktrace information)
Command duration or timeout: 30.06 seconds
For documentation on this error, please visit: http://seleniumhq.org/exceptions/no_such_element.html
Build info: version: '2.43.1', revision: '5163bce', time: '2014-09-10 16:27:33'
System info: host: 'VDC01LDW0013', ip: '192.168.155.35', os.name: 'Windows 7', os.arch: 'amd64', os.version: '6.1', java.version: '1.7.0_40'
Session ID: a3aaaa2dddca0631e8b1b5b2289ac29e
Driver info: org.openqa.selenium.chrome.ChromeDriver
Capabilities [{platform=XP, acceptSslCerts=true, javascriptEnabled=true, browserName=chrome, chrome={userDataDir=C:\Users\RANI~1.KUM\AppData\Local\Temp\scoped_dir11804_3604}, rotatable=false, locationContextEnabled=true, version=53.0.2785.116, takesHeapSnapshot=true, cssSelectorsEnabled=true, databaseEnabled=false, handlesAlerts=true, browserConnectionEnabled=false, nativeEvents=true, webStorageEnabled=true, applicationCacheEnabled=false, takesScreenshot=true}]
  sun.reflect.NativeConstructorAccessorImpl.newInstance0(Native Method)
  sun.reflect.NativeConstructorAccessorImpl.newInstance(NativeConstructorAccessorImpl.java:57)
  sun.reflect.DelegatingConstructorAccessorImpl.newInstance(DelegatingConstructorAccessorImpl.java:45)
  java.lang.reflect.Constructor.newInstance(Constructor.java:526)
  org.openqa.selenium.remote.ErrorHandler.createThrowable(ErrorHandler.java:204)
  org.openqa.selenium.remote.ErrorHandler.throwIfResponseFailed(ErrorHandler.java:156)
  org.openqa.selenium.remote.RemoteWebDriver.execute(RemoteWebDriver.java:599)
  org.openqa.selenium.remote.RemoteWebDriver.findElement(RemoteWebDriver.java:352)
  org.openqa.selenium.remote.RemoteWebDriver.findElementByXPath(RemoteWebDriver.java:449)
  org.openqa.selenium.By$ByXPath.findElement(By.java:357)
  org.openqa.selenium.remote.RemoteWebDriver.findElement(RemoteWebDriver.java:344)
  in.valtech.RoadScholar.pages.PersonalInformationPage.verifySucessHouseHoldMem(PersonalInformationPage.java:383)
  in.valtech.RoadScholar.test.PIP_TC_25.Step15_Success(PIP_TC_25.java:196)
  sun.reflect.NativeMethodAccessorImpl.invoke0(Native Method)
  sun.reflect.NativeMethodAccessorImpl.invoke(NativeMethodAccessorImpl.java:57)
  sun.reflect.DelegatingMethodAccessorImpl.invoke(DelegatingMethodAccessorImpl.java:43)
  java.lang.reflect.Method.invoke(Method.java:606)
  org.testng.internal.MethodInvocationHelper.invokeMethod(MethodInvocationHelper.java:84)
  org.testng.internal.Invoker.invokeMethod(Invoker.java:714)
  org.testng.internal.Invoker.invokeTestMethod(Invoker.java:901)
  org.testng.internal.Invoker.invokeTestMethods(Invoker.java:1231)
  org.testng.internal.TestMethodWorker.invokeTestMethods(TestMethodWorker.java:127)
  org.testng.internal.TestMethodWorker.run(TestMethodWorker.java:111)
  org.testng.TestRunner.privateRun(TestRunner.java:767)
  org.testng.TestRunner.run(TestRunner.java:617)
  org.testng.SuiteRunner.runTest(SuiteRunner.java:334)
  org.testng.SuiteRunner.runSequentially(SuiteRunner.java:329)
  org.testng.SuiteRunner.privateRun(SuiteRunner.java:291)
  org.testng.SuiteRunner.run(SuiteRunner.java:240)
  org.testng.SuiteRunnerWorker.runSuite(SuiteRunnerWorker.java:52)
  org.testng.SuiteRunnerWorker.run(SuiteRunnerWorker.java:86)
  org.testng.TestNG.runSuitesSequentially(TestNG.java:1224)
  org.testng.TestNG.runSuitesLocally(TestNG.java:1149)
  org.testng.TestNG.run(TestNG.java:1057)
  org.testng.TestNG.privateMain(TestNG.java:1364)
  org.testng.TestNG.main(TestNG.java:1333)
]]>
      </failure>

          </testcase>
  
  
            <testcase name="Step08_ClickOnPIP" time="5.074" classname="in.valtech.RoadScholar.test.PIP_TC_25" />
                <testcase name="Step04_Email" time="15.215" classname="in.valtech.RoadScholar.test.PIP_TC_25" />
                <testcase name="Step05_Passwd" time="10.130" classname="in.valtech.RoadScholar.test.PIP_TC_25" />
                <testcase name="Step15_Year" time="6.775" classname="in.valtech.RoadScholar.test.PIP_TC_25" />
                <testcase name="Step9_AddHouseHolder" time="5.106" classname="in.valtech.RoadScholar.test.PIP_TC_25" />
                <testcase name="Step12_LastName" time="5.135" classname="in.valtech.RoadScholar.test.PIP_TC_25" />
                <testcase name="Step03_ClickOnSignInLink" time="10.070" classname="in.valtech.RoadScholar.test.PIP_TC_25" />
                <testcase name="Step14_Date" time="5.876" classname="in.valtech.RoadScholar.test.PIP_TC_25" />
                <testcase name="Step16_AddHouseHolder" time="5.102" classname="in.valtech.RoadScholar.test.PIP_TC_25" />
                <testcase name="Step07_ClickOnPIP" time="10.236" classname="in.valtech.RoadScholar.test.PIP_TC_25" />
                <testcase name="Step11_FirstName" time="5.131" classname="in.valtech.RoadScholar.test.PIP_TC_25" />
                <testcase name="Step02_CloseSinUp" time="20.068" classname="in.valtech.RoadScholar.test.PIP_TC_25" />
                <testcase name="Step01_HOMEPAGE_URL" time="7.828" classname="in.valtech.RoadScholar.test.PIP_TC_25" />
                <testcase name="Step11_Month" time="5.407" classname="in.valtech.RoadScholar.test.PIP_TC_25" />
                <testcase name="Step10_Error" time="5.080" classname="in.valtech.RoadScholar.test.PIP_TC_25" />
                <testcase name="Step06_SignUpBtn" time="15.174" classname="in.valtech.RoadScholar.test.PIP_TC_25" />
      
</testsuite>
