<?xml version="1.0" encoding="utf-8" ?>
<!DOCTYPE html PUBLIC "-//W3C//DTD XHTML 1.0 Strict//EN"
        "http://www.w3.org/TR/xhtml1/DTD/xhtml1-strict.dtd">
<html xmlns="http://www.w3.org/1999/xhtml" xml:lang="" lang="">
<head>
  <title>Test Result Report - Checkout_Step3_YES_CS3_TC_51</title>
  <meta http-equiv="Content-Type" content="text/html;charset=utf-8" />
  <meta name="description" content="TestNG unit test results." />
  <link href="reportng.css" rel="stylesheet" type="text/css" />
    <script type="text/javascript" src="reportng.js"></script>
</head>
<body>
<h1>Checkout_Step3_YES_CS3_TC_51</h1>
<p>
  Test duration: 105.361s
</p>



  <table class="resultsTable">
    <tr><th colspan="3" class="header failed">Failed Tests</th></tr>
          <tr>
        <td colspan="3" class="group">in.valtech.RoadScholar.test.CS3_TC_51</td>
      </tr>
            
<tr>
  <td class="method">
                  <span class="description" title="Enter the trip id into search text field of home page">Step07_EnterTripIdIntoSearchField</span>
      </td>
  <td class="duration">
    30.137s
  </td>
  <td class="result">
        
    
            <div class="testOutput">
                        <br /><a href="D:\RS_Automation\RS_WorkSpace\Automation\Road Scholar/screenshots/Step07_EnterTripIdIntoSearchField1476350940536 .png" class="highslide" rel="highslide"> <img src="D:\RS_Automation\RS_WorkSpace\Automation\Road Scholar/screenshots/Step07_EnterTripIdIntoSearchField1476350940536 .png" alt="Highslide JS" title="Click to enlarge" hight='100' width='100' /> </a><br/>
                                <a href="D:\RS_Automation\RS_WorkSpace\Automation\Road Scholar/screenshots/Step07_EnterTripIdIntoSearchField1476350940536.png">Step07_EnterTripIdIntoSearchField1476350940536 </a><br/>
                                THROWABLE: java.lang.IllegalStateException: This is not the RS TripDetailPage page
                  </div>
    

        <a href="javascript:toggleElement('exception-0', 'block')" title="Click to expand/collapse"><b>java.lang.IllegalStateException: This is not the RS TripDetailPage page</b></a><br />
    <div class="stackTrace" id="exception-0">
              in.valtech.RoadScholar.pages.TripDetailPage.&lt;init&gt;(TripDetailPage.java:36)<br />
              in.valtech.RoadScholar.pages.HomePage.enterTripIdIntoSearchTextBox(HomePage.java:602)<br />
              in.valtech.RoadScholar.test.CS3_TC_51.Step07_EnterTripIdIntoSearchField(CS3_TC_51.java:108)<br />
              sun.reflect.NativeMethodAccessorImpl.invoke0(Native Method)<br />
              sun.reflect.NativeMethodAccessorImpl.invoke(NativeMethodAccessorImpl.java:57)<br />
              sun.reflect.DelegatingMethodAccessorImpl.invoke(DelegatingMethodAccessorImpl.java:43)<br />
              java.lang.reflect.Method.invoke(Method.java:606)<br />
              org.testng.internal.MethodInvocationHelper.invokeMethod(MethodInvocationHelper.java:84)<br />
              org.testng.internal.Invoker.invokeMethod(Invoker.java:714)<br />
              org.testng.internal.Invoker.invokeTestMethod(Invoker.java:901)<br />
              org.testng.internal.Invoker.invokeTestMethods(Invoker.java:1231)<br />
              org.testng.internal.TestMethodWorker.invokeTestMethods(TestMethodWorker.java:127)<br />
              org.testng.internal.TestMethodWorker.run(TestMethodWorker.java:111)<br />
              org.testng.TestRunner.privateRun(TestRunner.java:767)<br />
              org.testng.TestRunner.run(TestRunner.java:617)<br />
              org.testng.SuiteRunner.runTest(SuiteRunner.java:334)<br />
              org.testng.SuiteRunner.runSequentially(SuiteRunner.java:329)<br />
              org.testng.SuiteRunner.privateRun(SuiteRunner.java:291)<br />
              org.testng.SuiteRunner.run(SuiteRunner.java:240)<br />
              org.testng.SuiteRunnerWorker.runSuite(SuiteRunnerWorker.java:52)<br />
              org.testng.SuiteRunnerWorker.run(SuiteRunnerWorker.java:86)<br />
              org.testng.TestNG.runSuitesSequentially(TestNG.java:1224)<br />
              org.testng.TestNG.runSuitesLocally(TestNG.java:1149)<br />
              org.testng.TestNG.run(TestNG.java:1057)<br />
              org.testng.TestNG.privateMain(TestNG.java:1364)<br />
              org.testng.TestNG.main(TestNG.java:1333)<br />
                </div>
      </td>
</tr>
      </table>

  <table class="resultsTable" width="100%">
    <tr><th colspan="3" class="header skipped">Skipped Tests</th></tr>
          <tr>
        <td colspan="3" class="group">in.valtech.RoadScholar.test.CS3_TC_51</td>
      </tr>
            
<tr>
  <td class="method">
                  <span class="description" title="click on search button">Step08_clickOnSearchButton</span>
      </td>
  <td class="duration">
    0.000s
  </td>
  <td class="result">
                         
    
        

      </td>
</tr>
<tr>
  <td class="method">
                  <span class="description" title="Step 9: click on date and prices tab from trip detail page">Step09_clickOnDateAndPricesTab</span>
      </td>
  <td class="duration">
    0.001s
  </td>
  <td class="result">
                         
    
        

      </td>
</tr>
<tr>
  <td class="method">
                  <span class="description" title="Step 10:  click on select date button from trip date and prices pages">Step10_clickOnSelectBtn</span>
      </td>
  <td class="duration">
    0.001s
  </td>
  <td class="result">
                         
    
        

      </td>
</tr>
<tr>
  <td class="method">
                  <span class="description" title="Step 11: click on single person under number of people enrolling from your household section">Step11_click</span>
      </td>
  <td class="duration">
    0.000s
  </td>
  <td class="result">
                         
    
        

      </td>
</tr>
<tr>
  <td class="method">
                  <span class="description" title="Step 12: select single radio button ">Step12_SelectDoubleRadioBtn</span>
      </td>
  <td class="duration">
    0.000s
  </td>
  <td class="result">
                         
    
        

      </td>
</tr>
<tr>
  <td class="method">
                  <span class="description" title="Step 13: select no interface radio button ">Step13_selectNoInterfaceRadioBtn</span>
      </td>
  <td class="duration">
    0.000s
  </td>
  <td class="result">
                         
    
        

      </td>
</tr>
<tr>
  <td class="method">
                  <span class="description" title="Step 14: click on continue button">Step14_clickOnContinueBtn</span>
      </td>
  <td class="duration">
    0.000s
  </td>
  <td class="result">
                         
    
        

      </td>
</tr>
<tr>
  <td class="method">
                  <span class="description" title="Step 15:  Enter the text into the first name text field">Step15_EnterValueFirstName</span>
      </td>
  <td class="duration">
    0.000s
  </td>
  <td class="result">
                         
    
        

      </td>
</tr>
<tr>
  <td class="method">
                  <span class="description" title="Step 16:  Enter the text into the last name text field">Step16_enterValueLastName</span>
      </td>
  <td class="duration">
    0.000s
  </td>
  <td class="result">
                         
    
        

      </td>
</tr>
<tr>
  <td class="method">
                  <span class="description" title="Step 17:  Enter the text into the Address  text field">Step17_enterValueAddress</span>
      </td>
  <td class="duration">
    0.000s
  </td>
  <td class="result">
                         
    
        

      </td>
</tr>
<tr>
  <td class="method">
                  <span class="description" title="Step 18:  Enter the text into the City text field">Step18_enterCity</span>
      </td>
  <td class="duration">
    0.000s
  </td>
  <td class="result">
                         
    
        

      </td>
</tr>
<tr>
  <td class="method">
                  <span class="description" title="Step 19:  Enter the text into the phone number text field">Step19_enterPhoneNumber</span>
      </td>
  <td class="duration">
    0.000s
  </td>
  <td class="result">
                         
    
        

      </td>
</tr>
<tr>
  <td class="method">
                  <span class="description" title="Step 20:  Enter the text into the zip code text field">Step19_enterZipCode</span>
      </td>
  <td class="duration">
    0.000s
  </td>
  <td class="result">
                         
    
        

      </td>
</tr>
<tr>
  <td class="method">
                  <span class="description" title="Step 21: select the country from drop down">Step21_selectCountry1</span>
      </td>
  <td class="duration">
    0.000s
  </td>
  <td class="result">
                         
    
        

      </td>
</tr>
<tr>
  <td class="method">
                  <span class="description" title="Step 22: select state drop down">Step22_selectStateDropDown</span>
      </td>
  <td class="duration">
    0.000s
  </td>
  <td class="result">
                         
    
        

      </td>
</tr>
<tr>
  <td class="method">
                  <span class="description" title="Step 23:  Click on continue button">Step23_clickOnContinueBtn</span>
      </td>
  <td class="duration">
    0.000s
  </td>
  <td class="result">
                         
    
        

      </td>
</tr>
<tr>
  <td class="method">
                  <span class="description" title="Step 24: click on $10 Radio button under make a donation section">step24_clickOn$10RadioButton</span>
      </td>
  <td class="duration">
    0.000s
  </td>
  <td class="result">
                         
    
        

      </td>
</tr>
<tr>
  <td class="method">
                  <span class="description" title="Step 25: clicks on the View terms and condition link of chekout step3 page">step25_clickOn$10RadioButton</span>
      </td>
  <td class="duration">
    0.000s
  </td>
  <td class="result">
                         
    
        

      </td>
</tr>
<tr>
  <td class="method">
                  <span class="description" title="Step 26: clicks on okay button from pop up">step26_clickOnOkayButton</span>
      </td>
  <td class="duration">
    0.000s
  </td>
  <td class="result">
                         
    
        

      </td>
</tr>
<tr>
  <td class="method">
                  <span class="description" title="Step 27: clicks on i accept radio button under terms and condition section">step27_clickIAcceptButton</span>
      </td>
  <td class="duration">
    0.000s
  </td>
  <td class="result">
                         
    
        

      </td>
</tr>
<tr>
  <td class="method">
                  <span class="description" title="Step 28: clicks on pay by check radio button">step28_clickPayByCheckRadioButton</span>
      </td>
  <td class="duration">
    0.000s
  </td>
  <td class="result">
                         
    
        

      </td>
</tr>
<tr>
  <td class="method">
                  <span class="description" title="Step 29: verify name on account text box of pay by check pop up">step29_nameOnAccountTextBox</span>
      </td>
  <td class="duration">
    0.000s
  </td>
  <td class="result">
                         
    
        

      </td>
</tr>
<tr>
  <td class="method">
                  <span class="description" title="Step 30: verify account type text box of pay by check pop up">step30_AccountTypeTextBox</span>
      </td>
  <td class="duration">
    0.001s
  </td>
  <td class="result">
                         
    
        

      </td>
</tr>
<tr>
  <td class="method">
                  <span class="description" title="Step 31: verify routing number text box of pay by check pop up">step31_routingNumberTextBox</span>
      </td>
  <td class="duration">
    0.000s
  </td>
  <td class="result">
                         
    
        

      </td>
</tr>
<tr>
  <td class="method">
                  <span class="description" title="Step 32: verify Account number text box of pay by check pop up">step32_AccountNumberTextBox</span>
      </td>
  <td class="duration">
    0.000s
  </td>
  <td class="result">
                         
    
        

      </td>
</tr>
<tr>
  <td class="method">
                  <span class="description" title="Step 33: verify Bank name text box of pay by check pop up">step33_BankNameTextBox</span>
      </td>
  <td class="duration">
    0.000s
  </td>
  <td class="result">
                         
    
        

      </td>
</tr>
<tr>
  <td class="method">
                  <span class="description" title="Step 34: verify amount text box of pay by check pop up">step34_AmountTextBox</span>
      </td>
  <td class="duration">
    0.000s
  </td>
  <td class="result">
                         
    
        

      </td>
</tr>
<tr>
  <td class="method">
                  <span class="description" title="Step 35: verify complete button of pay by check pop up">step35_completeButton</span>
      </td>
  <td class="duration">
    0.000s
  </td>
  <td class="result">
                         
    
        

      </td>
</tr>
<tr>
  <td class="method">
                  <span class="description" title="Step 36: click on complete button of pay by check pop up">step36_clcickOnCompleteButton</span>
      </td>
  <td class="duration">
    0.000s
  </td>
  <td class="result">
                         
    
        

      </td>
</tr>
<tr>
  <td class="method">
                  <span class="description" title="Step 37:verify the error message">step37_verifyErrorMessage</span>
      </td>
  <td class="duration">
    0.000s
  </td>
  <td class="result">
                         
    
        

      </td>
</tr>
<tr>
  <td class="method">
                  <span class="description" title="Step 38:enter text into all mandatory fields of pay by check pop up">step38_enterTextIntoAllMandatoryFields</span>
      </td>
  <td class="duration">
    0.000s
  </td>
  <td class="result">
                         
    
        

      </td>
</tr>
<tr>
  <td class="method">
                  <span class="description" title="Step 39: click on complete button of pay by check pop up">step39_clcickOnCompleteButton</span>
      </td>
  <td class="duration">
    0.001s
  </td>
  <td class="result">
                         
    
        

      </td>
</tr>
      </table>

  <table class="resultsTable">
    <tr><th colspan="3" class="header passed">Passed Tests</th></tr>
          <tr>
        <td colspan="3" class="group">in.valtech.RoadScholar.test.CS3_TC_51</td>
      </tr>
            
<tr>
  <td class="method">
                  <span class="description" title="Step 2:  clicking on close button from sign in up modal">Step02_clickingOnCloseButton</span>
      </td>
  <td class="duration">
    10.098s
  </td>
  <td class="result">
        
    
            <div class="testOutput">
                        <p>Successfully clicked  on close button from sign in up modal
                                <br /><a href="D:\RS_Automation\RS_WorkSpace\Automation\Road Scholar/screenshots/Step02_clickingOnCloseButton1476350878288.png" class="highslide" rel="highslide"> <img src="D:\RS_Automation\RS_WorkSpace\Automation\Road Scholar/screenshots/Step02_clickingOnCloseButton1476350878288.png"  alt="Highslide JS" title="Click to enlarge" hight='100' width='100'/> </a><br/>
                                <a href="D:\RS_Automation\RS_WorkSpace\Automation\Road Scholar/screenshots/Step02_clickingOnCloseButton1476350878288.png">Step02_clickingOnCloseButton1476350878288 </a><br/>
                  </div>
    

      </td>
</tr>
<tr>
  <td class="method">
                  <span class="description" title="Click on sign in Link from header">Step03_ClickOnSignInLink</span>
      </td>
  <td class="duration">
    10.111s
  </td>
  <td class="result">
        
    
            <div class="testOutput">
                        <p>Successfully clicked  on sign in Link from header
                                <br /><a href="D:\RS_Automation\RS_WorkSpace\Automation\Road Scholar/screenshots/Step03_ClickOnSignInLink1476350888915.png" class="highslide" rel="highslide"> <img src="D:\RS_Automation\RS_WorkSpace\Automation\Road Scholar/screenshots/Step03_ClickOnSignInLink1476350888915.png"  alt="Highslide JS" title="Click to enlarge" hight='100' width='100'/> </a><br/>
                                <a href="D:\RS_Automation\RS_WorkSpace\Automation\Road Scholar/screenshots/Step03_ClickOnSignInLink1476350888915.png">Step03_ClickOnSignInLink1476350888915 </a><br/>
                  </div>
    

      </td>
</tr>
<tr>
  <td class="method">
                  <span class="description" title="entering mail id into the email field">Step04_Email</span>
      </td>
  <td class="duration">
    15.191s
  </td>
  <td class="result">
        
    
            <div class="testOutput">
                        <p>Successfully entered mail id into the email field
                                <br /><a href="D:\RS_Automation\RS_WorkSpace\Automation\Road Scholar/screenshots/Step04_Email1476350899181.png" class="highslide" rel="highslide"> <img src="D:\RS_Automation\RS_WorkSpace\Automation\Road Scholar/screenshots/Step04_Email1476350899181.png"  alt="Highslide JS" title="Click to enlarge" hight='100' width='100'/> </a><br/>
                                <a href="D:\RS_Automation\RS_WorkSpace\Automation\Road Scholar/screenshots/Step04_Email1476350899181.png">Step04_Email1476350899181 </a><br/>
                  </div>
    

      </td>
</tr>
<tr>
  <td class="method">
                  <span class="description" title="enter Password into the password text field">Step05_Passwd</span>
      </td>
  <td class="duration">
    10.137s
  </td>
  <td class="result">
        
    
            <div class="testOutput">
                        <p>Successfully entered password into the password text field
                                <br /><a href="D:\RS_Automation\RS_WorkSpace\Automation\Road Scholar/screenshots/Step05_Passwd1476350914512.png" class="highslide" rel="highslide"> <img src="D:\RS_Automation\RS_WorkSpace\Automation\Road Scholar/screenshots/Step05_Passwd1476350914512.png"  alt="Highslide JS" title="Click to enlarge" hight='100' width='100'/> </a><br/>
                                <a href="D:\RS_Automation\RS_WorkSpace\Automation\Road Scholar/screenshots/Step05_Passwd1476350914512.png">Step05_Passwd1476350914512 </a><br/>
                  </div>
    

      </td>
</tr>
<tr>
  <td class="method">
                  <span class="description" title="Click on Sign in Button">Step06_SignUpBtn</span>
      </td>
  <td class="duration">
    15.168s
  </td>
  <td class="result">
        
    
            <div class="testOutput">
                        <p>Successfully clicked on sign in button
                                <br /><a href="D:\RS_Automation\RS_WorkSpace\Automation\Road Scholar/screenshots/Step06_SignUpBtn1476350924806.png" class="highslide" rel="highslide"> <img src="D:\RS_Automation\RS_WorkSpace\Automation\Road Scholar/screenshots/Step06_SignUpBtn1476350924806.png"  alt="Highslide JS" title="Click to enlarge" hight='100' width='100'/> </a><br/>
                                <a href="D:\RS_Automation\RS_WorkSpace\Automation\Road Scholar/screenshots/Step06_SignUpBtn1476350924806.png">Step06_SignUpBtn1476350924806 </a><br/>
                  </div>
    

      </td>
</tr>
<tr>
  <td class="method">
                  <span class="description" title="step 1:  Open browser,Navigate to the RS URL">step01_HOMEPAGE_URL</span>
      </td>
  <td class="duration">
    11.054s
  </td>
  <td class="result">
        
    
            <div class="testOutput">
                        Page Title:Home
                                <p>Successfully navigated to application URL
                                <br /><a href="D:\RS_Automation\RS_WorkSpace\Automation\Road Scholar/screenshots/step01_HOMEPAGE_URL1476350866735.png" class="highslide" rel="highslide"> <img src="D:\RS_Automation\RS_WorkSpace\Automation\Road Scholar/screenshots/step01_HOMEPAGE_URL1476350866735.png"  alt="Highslide JS" title="Click to enlarge" hight='100' width='100'/> </a><br/>
                                <a href="D:\RS_Automation\RS_WorkSpace\Automation\Road Scholar/screenshots/step01_HOMEPAGE_URL1476350866735.png">step01_HOMEPAGE_URL1476350866735 </a><br/>
                  </div>
    

      </td>
</tr>
      </table>
  
</body>
</html>
