<?xml version="1.0" encoding="UTF-8"?>
<testsuite name="Checkout_Step3_YES_CS3_TC_51"
           tests="111"
           failures="3"
           errors="0"
           skipped="107"
           time="38.440">
  <properties />
            <testcase name="Step02_clickingOnCloseButton" time="0.070" classname="in.valtech.RoadScholar.test.CS3_TC_51">
                <failure type="org.openqa.selenium.WebDriverException"
                  message="unknown error: Element is not clickable at point (821, 339). Other element would receive the click: &lt;div class=&quot;hsm-content&quot;&gt;...&lt;/div&gt;
  (Session info: chrome=53.0.2785.143)
  (Driver info: chromedriver=2.8.241075,platform=Windows NT 6.1 SP1 x86_64) (WARNING: The server did not provide any stacktrace information)
Command duration or timeout: 34 milliseconds
Build info: version: &apos;2.43.1&apos;, revision: &apos;5163bce&apos;, time: &apos;2014-09-10 16:27:33&apos;
System info: host: &apos;VDC01LDW0013&apos;, ip: &apos;192.168.155.35&apos;, os.name: &apos;Windows 7&apos;, os.arch: &apos;amd64&apos;, os.version: &apos;6.1&apos;, java.version: &apos;1.7.0_40&apos;
Session ID: 5b9a9f9466d7ea3bd4726947ad1cf036
Driver info: org.openqa.selenium.chrome.ChromeDriver
Capabilities [{platform=XP, acceptSslCerts=true, javascriptEnabled=true, browserName=chrome, chrome={userDataDir=C:\Users\RANI~1.KUM\AppData\Local\Temp\scoped_dir11536_7605}, rotatable=false, locationContextEnabled=true, version=53.0.2785.143, takesHeapSnapshot=true, cssSelectorsEnabled=true, databaseEnabled=false, handlesAlerts=true, browserConnectionEnabled=false, nativeEvents=true, webStorageEnabled=true, applicationCacheEnabled=false, takesScreenshot=true}]"
              >
<![CDATA[org.openqa.selenium.WebDriverException: unknown error: Element is not clickable at point (821, 339). Other element would receive the click: <div class="hsm-content">...</div>
  (Session info: chrome=53.0.2785.143)
  (Driver info: chromedriver=2.8.241075,platform=Windows NT 6.1 SP1 x86_64) (WARNING: The server did not provide any stacktrace information)
Command duration or timeout: 34 milliseconds
Build info: version: '2.43.1', revision: '5163bce', time: '2014-09-10 16:27:33'
System info: host: 'VDC01LDW0013', ip: '192.168.155.35', os.name: 'Windows 7', os.arch: 'amd64', os.version: '6.1', java.version: '1.7.0_40'
Session ID: 5b9a9f9466d7ea3bd4726947ad1cf036
Driver info: org.openqa.selenium.chrome.ChromeDriver
Capabilities [{platform=XP, acceptSslCerts=true, javascriptEnabled=true, browserName=chrome, chrome={userDataDir=C:\Users\RANI~1.KUM\AppData\Local\Temp\scoped_dir11536_7605}, rotatable=false, locationContextEnabled=true, version=53.0.2785.143, takesHeapSnapshot=true, cssSelectorsEnabled=true, databaseEnabled=false, handlesAlerts=true, browserConnectionEnabled=false, nativeEvents=true, webStorageEnabled=true, applicationCacheEnabled=false, takesScreenshot=true}]
  sun.reflect.NativeConstructorAccessorImpl.newInstance0(Native Method)
  sun.reflect.NativeConstructorAccessorImpl.newInstance(NativeConstructorAccessorImpl.java:57)
  sun.reflect.DelegatingConstructorAccessorImpl.newInstance(DelegatingConstructorAccessorImpl.java:45)
  java.lang.reflect.Constructor.newInstance(Constructor.java:526)
  org.openqa.selenium.remote.ErrorHandler.createThrowable(ErrorHandler.java:204)
  org.openqa.selenium.remote.ErrorHandler.throwIfResponseFailed(ErrorHandler.java:156)
  org.openqa.selenium.remote.RemoteWebDriver.execute(RemoteWebDriver.java:599)
  org.openqa.selenium.remote.RemoteWebElement.execute(RemoteWebElement.java:268)
  org.openqa.selenium.remote.RemoteWebElement.click(RemoteWebElement.java:79)
  in.valtech.uiFunctions.GUIFunctions.clickElement(GUIFunctions.java:65)
  in.valtech.RoadScholar.pages.HomePage.ClickOnModal(HomePage.java:164)
  in.valtech.RoadScholar.test.CS3_TC_51.Step02_clickingOnCloseButton(CS3_TC_51.java:43)
  sun.reflect.NativeMethodAccessorImpl.invoke0(Native Method)
  sun.reflect.NativeMethodAccessorImpl.invoke(NativeMethodAccessorImpl.java:57)
  sun.reflect.DelegatingMethodAccessorImpl.invoke(DelegatingMethodAccessorImpl.java:43)
  java.lang.reflect.Method.invoke(Method.java:606)
  org.testng.internal.MethodInvocationHelper.invokeMethod(MethodInvocationHelper.java:84)
  org.testng.internal.Invoker.invokeMethod(Invoker.java:714)
  org.testng.internal.Invoker.invokeTestMethod(Invoker.java:901)
  org.testng.internal.Invoker.invokeTestMethods(Invoker.java:1231)
  org.testng.internal.TestMethodWorker.invokeTestMethods(TestMethodWorker.java:127)
  org.testng.internal.TestMethodWorker.run(TestMethodWorker.java:111)
  org.testng.TestRunner.privateRun(TestRunner.java:767)
  org.testng.TestRunner.run(TestRunner.java:617)
  org.testng.SuiteRunner.runTest(SuiteRunner.java:334)
  org.testng.SuiteRunner.runSequentially(SuiteRunner.java:329)
  org.testng.SuiteRunner.privateRun(SuiteRunner.java:291)
  org.testng.SuiteRunner.run(SuiteRunner.java:240)
  org.testng.SuiteRunnerWorker.runSuite(SuiteRunnerWorker.java:52)
  org.testng.SuiteRunnerWorker.run(SuiteRunnerWorker.java:86)
  org.testng.TestNG.runSuitesSequentially(TestNG.java:1224)
  org.testng.TestNG.runSuitesLocally(TestNG.java:1149)
  org.testng.TestNG.run(TestNG.java:1057)
  org.testng.TestNG.privateMain(TestNG.java:1364)
  org.testng.TestNG.main(TestNG.java:1333)
]]>
      </failure>

          </testcase>
            <testcase name="Step03_ClickOnSignInLink" time="0.051" classname="in.valtech.RoadScholar.test.CS3_TC_51">
                <failure type="org.openqa.selenium.WebDriverException"
                  message="unknown error: Element is not clickable at point (790, 109). Other element would receive the click: &lt;div class=&quot;modal-clean modal-window&quot; style=&quot;opacity: 1;&quot;&gt;...&lt;/div&gt;
  (Session info: chrome=53.0.2785.143)
  (Driver info: chromedriver=2.8.241075,platform=Windows NT 6.1 SP1 x86_64) (WARNING: The server did not provide any stacktrace information)
Command duration or timeout: 25 milliseconds
Build info: version: &apos;2.43.1&apos;, revision: &apos;5163bce&apos;, time: &apos;2014-09-10 16:27:33&apos;
System info: host: &apos;VDC01LDW0013&apos;, ip: &apos;192.168.155.35&apos;, os.name: &apos;Windows 7&apos;, os.arch: &apos;amd64&apos;, os.version: &apos;6.1&apos;, java.version: &apos;1.7.0_40&apos;
Session ID: 5b9a9f9466d7ea3bd4726947ad1cf036
Driver info: org.openqa.selenium.chrome.ChromeDriver
Capabilities [{platform=XP, acceptSslCerts=true, javascriptEnabled=true, browserName=chrome, chrome={userDataDir=C:\Users\RANI~1.KUM\AppData\Local\Temp\scoped_dir11536_7605}, rotatable=false, locationContextEnabled=true, version=53.0.2785.143, takesHeapSnapshot=true, cssSelectorsEnabled=true, databaseEnabled=false, handlesAlerts=true, browserConnectionEnabled=false, nativeEvents=true, webStorageEnabled=true, applicationCacheEnabled=false, takesScreenshot=true}]"
              >
<![CDATA[org.openqa.selenium.WebDriverException: unknown error: Element is not clickable at point (790, 109). Other element would receive the click: <div class="modal-clean modal-window" style="opacity: 1;">...</div>
  (Session info: chrome=53.0.2785.143)
  (Driver info: chromedriver=2.8.241075,platform=Windows NT 6.1 SP1 x86_64) (WARNING: The server did not provide any stacktrace information)
Command duration or timeout: 25 milliseconds
Build info: version: '2.43.1', revision: '5163bce', time: '2014-09-10 16:27:33'
System info: host: 'VDC01LDW0013', ip: '192.168.155.35', os.name: 'Windows 7', os.arch: 'amd64', os.version: '6.1', java.version: '1.7.0_40'
Session ID: 5b9a9f9466d7ea3bd4726947ad1cf036
Driver info: org.openqa.selenium.chrome.ChromeDriver
Capabilities [{platform=XP, acceptSslCerts=true, javascriptEnabled=true, browserName=chrome, chrome={userDataDir=C:\Users\RANI~1.KUM\AppData\Local\Temp\scoped_dir11536_7605}, rotatable=false, locationContextEnabled=true, version=53.0.2785.143, takesHeapSnapshot=true, cssSelectorsEnabled=true, databaseEnabled=false, handlesAlerts=true, browserConnectionEnabled=false, nativeEvents=true, webStorageEnabled=true, applicationCacheEnabled=false, takesScreenshot=true}]
  sun.reflect.NativeConstructorAccessorImpl.newInstance0(Native Method)
  sun.reflect.NativeConstructorAccessorImpl.newInstance(NativeConstructorAccessorImpl.java:57)
  sun.reflect.DelegatingConstructorAccessorImpl.newInstance(DelegatingConstructorAccessorImpl.java:45)
  java.lang.reflect.Constructor.newInstance(Constructor.java:526)
  org.openqa.selenium.remote.ErrorHandler.createThrowable(ErrorHandler.java:204)
  org.openqa.selenium.remote.ErrorHandler.throwIfResponseFailed(ErrorHandler.java:156)
  org.openqa.selenium.remote.RemoteWebDriver.execute(RemoteWebDriver.java:599)
  org.openqa.selenium.remote.RemoteWebElement.execute(RemoteWebElement.java:268)
  org.openqa.selenium.remote.RemoteWebElement.click(RemoteWebElement.java:79)
  in.valtech.uiFunctions.GUIFunctions.clickElement(GUIFunctions.java:65)
  in.valtech.RoadScholar.pages.HomePage.clickOnSignINHeader(HomePage.java:179)
  in.valtech.RoadScholar.test.CS3_TC_51.Step03_ClickOnSignInLink(CS3_TC_51.java:56)
  sun.reflect.NativeMethodAccessorImpl.invoke0(Native Method)
  sun.reflect.NativeMethodAccessorImpl.invoke(NativeMethodAccessorImpl.java:57)
  sun.reflect.DelegatingMethodAccessorImpl.invoke(DelegatingMethodAccessorImpl.java:43)
  java.lang.reflect.Method.invoke(Method.java:606)
  org.testng.internal.MethodInvocationHelper.invokeMethod(MethodInvocationHelper.java:84)
  org.testng.internal.Invoker.invokeMethod(Invoker.java:714)
  org.testng.internal.Invoker.invokeTestMethod(Invoker.java:901)
  org.testng.internal.Invoker.invokeTestMethods(Invoker.java:1231)
  org.testng.internal.TestMethodWorker.invokeTestMethods(TestMethodWorker.java:127)
  org.testng.internal.TestMethodWorker.run(TestMethodWorker.java:111)
  org.testng.TestRunner.privateRun(TestRunner.java:767)
  org.testng.TestRunner.run(TestRunner.java:617)
  org.testng.SuiteRunner.runTest(SuiteRunner.java:334)
  org.testng.SuiteRunner.runSequentially(SuiteRunner.java:329)
  org.testng.SuiteRunner.privateRun(SuiteRunner.java:291)
  org.testng.SuiteRunner.run(SuiteRunner.java:240)
  org.testng.SuiteRunnerWorker.runSuite(SuiteRunnerWorker.java:52)
  org.testng.SuiteRunnerWorker.run(SuiteRunnerWorker.java:86)
  org.testng.TestNG.runSuitesSequentially(TestNG.java:1224)
  org.testng.TestNG.runSuitesLocally(TestNG.java:1149)
  org.testng.TestNG.run(TestNG.java:1057)
  org.testng.TestNG.privateMain(TestNG.java:1364)
  org.testng.TestNG.main(TestNG.java:1333)
]]>
      </failure>

          </testcase>
            <testcase name="Step04_Email" time="30.071" classname="in.valtech.RoadScholar.test.CS3_TC_51">
                <failure type="java.lang.IllegalStateException"
                  message="This is not the RS login page"
              >
<![CDATA[java.lang.IllegalStateException: This is not the RS login page
  in.valtech.RoadScholar.pages.Login.<init>(Login.java:22)
  in.valtech.RoadScholar.test.CS3_TC_51.Step04_Email(CS3_TC_51.java:68)
  sun.reflect.NativeMethodAccessorImpl.invoke0(Native Method)
  sun.reflect.NativeMethodAccessorImpl.invoke(NativeMethodAccessorImpl.java:57)
  sun.reflect.DelegatingMethodAccessorImpl.invoke(DelegatingMethodAccessorImpl.java:43)
  java.lang.reflect.Method.invoke(Method.java:606)
  org.testng.internal.MethodInvocationHelper.invokeMethod(MethodInvocationHelper.java:84)
  org.testng.internal.Invoker.invokeMethod(Invoker.java:714)
  org.testng.internal.Invoker.invokeTestMethod(Invoker.java:901)
  org.testng.internal.Invoker.invokeTestMethods(Invoker.java:1231)
  org.testng.internal.TestMethodWorker.invokeTestMethods(TestMethodWorker.java:127)
  org.testng.internal.TestMethodWorker.run(TestMethodWorker.java:111)
  org.testng.TestRunner.privateRun(TestRunner.java:767)
  org.testng.TestRunner.run(TestRunner.java:617)
  org.testng.SuiteRunner.runTest(SuiteRunner.java:334)
  org.testng.SuiteRunner.runSequentially(SuiteRunner.java:329)
  org.testng.SuiteRunner.privateRun(SuiteRunner.java:291)
  org.testng.SuiteRunner.run(SuiteRunner.java:240)
  org.testng.SuiteRunnerWorker.runSuite(SuiteRunnerWorker.java:52)
  org.testng.SuiteRunnerWorker.run(SuiteRunnerWorker.java:86)
  org.testng.TestNG.runSuitesSequentially(TestNG.java:1224)
  org.testng.TestNG.runSuitesLocally(TestNG.java:1149)
  org.testng.TestNG.run(TestNG.java:1057)
  org.testng.TestNG.privateMain(TestNG.java:1364)
  org.testng.TestNG.main(TestNG.java:1333)
]]>
      </failure>

          </testcase>
  
            <testcase name="classLevelTearDown" time="0.0" classname="in.valtech.RoadScholar.test.CS3_TC_51">
          <skipped />
    </testcase>
            <testcase name="methodLevelTearDown" time="0.0" classname="in.valtech.RoadScholar.test.CS3_TC_51">
          <skipped />
    </testcase>
            <testcase name="methodLevelSetup" time="0.0" classname="in.valtech.RoadScholar.test.CS3_TC_51">
          <skipped />
    </testcase>
            <testcase name="methodLevelTearDown" time="0.0" classname="in.valtech.RoadScholar.test.CS3_TC_51">
          <skipped />
    </testcase>
            <testcase name="methodLevelTearDown" time="0.0" classname="in.valtech.RoadScholar.test.CS3_TC_51">
          <skipped />
    </testcase>
            <testcase name="methodLevelSetup" time="0.0" classname="in.valtech.RoadScholar.test.CS3_TC_51">
          <skipped />
    </testcase>
            <testcase name="methodLevelSetup" time="0.0" classname="in.valtech.RoadScholar.test.CS3_TC_51">
          <skipped />
    </testcase>
            <testcase name="methodLevelTearDown" time="0.0" classname="in.valtech.RoadScholar.test.CS3_TC_51">
          <skipped />
    </testcase>
            <testcase name="methodLevelSetup" time="0.0" classname="in.valtech.RoadScholar.test.CS3_TC_51">
          <skipped />
    </testcase>
            <testcase name="methodLevelSetup" time="0.0" classname="in.valtech.RoadScholar.test.CS3_TC_51">
          <skipped />
    </testcase>
            <testcase name="methodLevelSetup" time="0.0" classname="in.valtech.RoadScholar.test.CS3_TC_51">
          <skipped />
    </testcase>
            <testcase name="methodLevelSetup" time="0.0" classname="in.valtech.RoadScholar.test.CS3_TC_51">
          <skipped />
    </testcase>
            <testcase name="methodLevelTearDown" time="0.0" classname="in.valtech.RoadScholar.test.CS3_TC_51">
          <skipped />
    </testcase>
            <testcase name="methodLevelTearDown" time="0.0" classname="in.valtech.RoadScholar.test.CS3_TC_51">
          <skipped />
    </testcase>
            <testcase name="methodLevelTearDown" time="0.0" classname="in.valtech.RoadScholar.test.CS3_TC_51">
          <skipped />
    </testcase>
            <testcase name="methodLevelSetup" time="0.0" classname="in.valtech.RoadScholar.test.CS3_TC_51">
          <skipped />
    </testcase>
            <testcase name="methodLevelSetup" time="0.0" classname="in.valtech.RoadScholar.test.CS3_TC_51">
          <skipped />
    </testcase>
            <testcase name="methodLevelSetup" time="0.0" classname="in.valtech.RoadScholar.test.CS3_TC_51">
          <skipped />
    </testcase>
            <testcase name="methodLevelSetup" time="0.0" classname="in.valtech.RoadScholar.test.CS3_TC_51">
          <skipped />
    </testcase>
            <testcase name="methodLevelTearDown" time="0.0" classname="in.valtech.RoadScholar.test.CS3_TC_51">
          <skipped />
    </testcase>
            <testcase name="methodLevelTearDown" time="0.0" classname="in.valtech.RoadScholar.test.CS3_TC_51">
          <skipped />
    </testcase>
            <testcase name="methodLevelTearDown" time="0.0" classname="in.valtech.RoadScholar.test.CS3_TC_51">
          <skipped />
    </testcase>
            <testcase name="methodLevelSetup" time="0.0" classname="in.valtech.RoadScholar.test.CS3_TC_51">
          <skipped />
    </testcase>
            <testcase name="methodLevelSetup" time="0.0" classname="in.valtech.RoadScholar.test.CS3_TC_51">
          <skipped />
    </testcase>
            <testcase name="methodLevelSetup" time="0.0" classname="in.valtech.RoadScholar.test.CS3_TC_51">
          <skipped />
    </testcase>
            <testcase name="methodLevelSetup" time="0.0" classname="in.valtech.RoadScholar.test.CS3_TC_51">
          <skipped />
    </testcase>
            <testcase name="methodLevelSetup" time="0.0" classname="in.valtech.RoadScholar.test.CS3_TC_51">
          <skipped />
    </testcase>
            <testcase name="methodLevelTearDown" time="0.0" classname="in.valtech.RoadScholar.test.CS3_TC_51">
          <skipped />
    </testcase>
            <testcase name="methodLevelTearDown" time="0.0" classname="in.valtech.RoadScholar.test.CS3_TC_51">
          <skipped />
    </testcase>
            <testcase name="methodLevelTearDown" time="0.0" classname="in.valtech.RoadScholar.test.CS3_TC_51">
          <skipped />
    </testcase>
            <testcase name="methodLevelTearDown" time="0.0" classname="in.valtech.RoadScholar.test.CS3_TC_51">
          <skipped />
    </testcase>
            <testcase name="methodLevelSetup" time="0.0" classname="in.valtech.RoadScholar.test.CS3_TC_51">
          <skipped />
    </testcase>
            <testcase name="methodLevelTearDown" time="0.0" classname="in.valtech.RoadScholar.test.CS3_TC_51">
          <skipped />
    </testcase>
            <testcase name="methodLevelSetup" time="0.0" classname="in.valtech.RoadScholar.test.CS3_TC_51">
          <skipped />
    </testcase>
            <testcase name="methodLevelSetup" time="0.0" classname="in.valtech.RoadScholar.test.CS3_TC_51">
          <skipped />
    </testcase>
            <testcase name="methodLevelTearDown" time="0.0" classname="in.valtech.RoadScholar.test.CS3_TC_51">
          <skipped />
    </testcase>
            <testcase name="methodLevelSetup" time="0.0" classname="in.valtech.RoadScholar.test.CS3_TC_51">
          <skipped />
    </testcase>
            <testcase name="methodLevelTearDown" time="0.0" classname="in.valtech.RoadScholar.test.CS3_TC_51">
          <skipped />
    </testcase>
            <testcase name="methodLevelTearDown" time="0.0" classname="in.valtech.RoadScholar.test.CS3_TC_51">
          <skipped />
    </testcase>
            <testcase name="methodLevelSetup" time="0.0" classname="in.valtech.RoadScholar.test.CS3_TC_51">
          <skipped />
    </testcase>
            <testcase name="methodLevelTearDown" time="0.0" classname="in.valtech.RoadScholar.test.CS3_TC_51">
          <skipped />
    </testcase>
            <testcase name="methodLevelSetup" time="0.0" classname="in.valtech.RoadScholar.test.CS3_TC_51">
          <skipped />
    </testcase>
            <testcase name="methodLevelSetup" time="0.0" classname="in.valtech.RoadScholar.test.CS3_TC_51">
          <skipped />
    </testcase>
            <testcase name="methodLevelSetup" time="0.0" classname="in.valtech.RoadScholar.test.CS3_TC_51">
          <skipped />
    </testcase>
            <testcase name="methodLevelTearDown" time="0.0" classname="in.valtech.RoadScholar.test.CS3_TC_51">
          <skipped />
    </testcase>
            <testcase name="methodLevelTearDown" time="0.0" classname="in.valtech.RoadScholar.test.CS3_TC_51">
          <skipped />
    </testcase>
            <testcase name="methodLevelTearDown" time="0.0" classname="in.valtech.RoadScholar.test.CS3_TC_51">
          <skipped />
    </testcase>
            <testcase name="methodLevelTearDown" time="0.0" classname="in.valtech.RoadScholar.test.CS3_TC_51">
          <skipped />
    </testcase>
            <testcase name="methodLevelTearDown" time="0.0" classname="in.valtech.RoadScholar.test.CS3_TC_51">
          <skipped />
    </testcase>
            <testcase name="methodLevelTearDown" time="0.0" classname="in.valtech.RoadScholar.test.CS3_TC_51">
          <skipped />
    </testcase>
            <testcase name="methodLevelTearDown" time="0.0" classname="in.valtech.RoadScholar.test.CS3_TC_51">
          <skipped />
    </testcase>
            <testcase name="methodLevelSetup" time="0.0" classname="in.valtech.RoadScholar.test.CS3_TC_51">
          <skipped />
    </testcase>
            <testcase name="methodLevelSetup" time="0.0" classname="in.valtech.RoadScholar.test.CS3_TC_51">
          <skipped />
    </testcase>
            <testcase name="methodLevelTearDown" time="0.0" classname="in.valtech.RoadScholar.test.CS3_TC_51">
          <skipped />
    </testcase>
            <testcase name="methodLevelTearDown" time="0.0" classname="in.valtech.RoadScholar.test.CS3_TC_51">
          <skipped />
    </testcase>
            <testcase name="methodLevelSetup" time="0.0" classname="in.valtech.RoadScholar.test.CS3_TC_51">
          <skipped />
    </testcase>
            <testcase name="methodLevelTearDown" time="0.0" classname="in.valtech.RoadScholar.test.CS3_TC_51">
          <skipped />
    </testcase>
            <testcase name="methodLevelSetup" time="0.0" classname="in.valtech.RoadScholar.test.CS3_TC_51">
          <skipped />
    </testcase>
            <testcase name="methodLevelSetup" time="0.0" classname="in.valtech.RoadScholar.test.CS3_TC_51">
          <skipped />
    </testcase>
            <testcase name="methodLevelSetup" time="0.0" classname="in.valtech.RoadScholar.test.CS3_TC_51">
          <skipped />
    </testcase>
            <testcase name="methodLevelTearDown" time="0.0" classname="in.valtech.RoadScholar.test.CS3_TC_51">
          <skipped />
    </testcase>
            <testcase name="methodLevelTearDown" time="0.0" classname="in.valtech.RoadScholar.test.CS3_TC_51">
          <skipped />
    </testcase>
            <testcase name="methodLevelSetup" time="0.0" classname="in.valtech.RoadScholar.test.CS3_TC_51">
          <skipped />
    </testcase>
            <testcase name="methodLevelTearDown" time="0.0" classname="in.valtech.RoadScholar.test.CS3_TC_51">
          <skipped />
    </testcase>
            <testcase name="methodLevelTearDown" time="0.0" classname="in.valtech.RoadScholar.test.CS3_TC_51">
          <skipped />
    </testcase>
            <testcase name="methodLevelTearDown" time="0.0" classname="in.valtech.RoadScholar.test.CS3_TC_51">
          <skipped />
    </testcase>
            <testcase name="methodLevelSetup" time="0.0" classname="in.valtech.RoadScholar.test.CS3_TC_51">
          <skipped />
    </testcase>
            <testcase name="methodLevelTearDown" time="0.0" classname="in.valtech.RoadScholar.test.CS3_TC_51">
          <skipped />
    </testcase>
            <testcase name="methodLevelSetup" time="0.0" classname="in.valtech.RoadScholar.test.CS3_TC_51">
          <skipped />
    </testcase>
            <testcase name="methodLevelSetup" time="0.0" classname="in.valtech.RoadScholar.test.CS3_TC_51">
          <skipped />
    </testcase>
            <testcase name="methodLevelSetup" time="0.0" classname="in.valtech.RoadScholar.test.CS3_TC_51">
          <skipped />
    </testcase>
            <testcase name="methodLevelTearDown" time="0.0" classname="in.valtech.RoadScholar.test.CS3_TC_51">
          <skipped />
    </testcase>
            <testcase name="Step16_enterValueLastName" time="0.0" classname="in.valtech.RoadScholar.test.CS3_TC_51">
          <skipped />
    </testcase>
            <testcase name="step36_clcickOnCompleteButton" time="0.0" classname="in.valtech.RoadScholar.test.CS3_TC_51">
          <skipped />
    </testcase>
            <testcase name="Step09_clickOnDateAndPricesTab" time="0.0" classname="in.valtech.RoadScholar.test.CS3_TC_51">
          <skipped />
    </testcase>
            <testcase name="step37_verifyErrorMessage" time="0.0" classname="in.valtech.RoadScholar.test.CS3_TC_51">
          <skipped />
    </testcase>
            <testcase name="step30_AccountTypeTextBox" time="0.0" classname="in.valtech.RoadScholar.test.CS3_TC_51">
          <skipped />
    </testcase>
            <testcase name="Step13_selectNoInterfaceRadioBtn" time="0.0" classname="in.valtech.RoadScholar.test.CS3_TC_51">
          <skipped />
    </testcase>
            <testcase name="Step21_selectCountry1" time="0.0" classname="in.valtech.RoadScholar.test.CS3_TC_51">
          <skipped />
    </testcase>
            <testcase name="step39_clcickOnCompleteButton" time="0.0" classname="in.valtech.RoadScholar.test.CS3_TC_51">
          <skipped />
    </testcase>
            <testcase name="step34_AmountTextBox" time="0.0" classname="in.valtech.RoadScholar.test.CS3_TC_51">
          <skipped />
    </testcase>
            <testcase name="step27_clickIAcceptButton" time="0.0" classname="in.valtech.RoadScholar.test.CS3_TC_51">
          <skipped />
    </testcase>
            <testcase name="Step06_SignUpBtn" time="0.0" classname="in.valtech.RoadScholar.test.CS3_TC_51">
          <skipped />
    </testcase>
            <testcase name="Step11_click" time="0.0" classname="in.valtech.RoadScholar.test.CS3_TC_51">
          <skipped />
    </testcase>
            <testcase name="Step12_SelectDoubleRadioBtn" time="0.0" classname="in.valtech.RoadScholar.test.CS3_TC_51">
          <skipped />
    </testcase>
            <testcase name="step31_routingNumberTextBox" time="0.0" classname="in.valtech.RoadScholar.test.CS3_TC_51">
          <skipped />
    </testcase>
            <testcase name="Step22_selectStateDropDown" time="0.0" classname="in.valtech.RoadScholar.test.CS3_TC_51">
          <skipped />
    </testcase>
            <testcase name="Step19_enterPhoneNumber" time="0.0" classname="in.valtech.RoadScholar.test.CS3_TC_51">
          <skipped />
    </testcase>
            <testcase name="step29_nameOnAccountTextBox" time="0.0" classname="in.valtech.RoadScholar.test.CS3_TC_51">
          <skipped />
    </testcase>
            <testcase name="Step23_clickOnContinueBtn" time="0.0" classname="in.valtech.RoadScholar.test.CS3_TC_51">
          <skipped />
    </testcase>
            <testcase name="step28_clickPayByCheckRadioButton" time="0.0" classname="in.valtech.RoadScholar.test.CS3_TC_51">
          <skipped />
    </testcase>
            <testcase name="Step19_enterZipCode" time="0.0" classname="in.valtech.RoadScholar.test.CS3_TC_51">
          <skipped />
    </testcase>
            <testcase name="step32_AccountNumberTextBox" time="0.0" classname="in.valtech.RoadScholar.test.CS3_TC_51">
          <skipped />
    </testcase>
            <testcase name="Step05_Passwd" time="0.0" classname="in.valtech.RoadScholar.test.CS3_TC_51">
          <skipped />
    </testcase>
            <testcase name="Step18_enterCity" time="0.0" classname="in.valtech.RoadScholar.test.CS3_TC_51">
          <skipped />
    </testcase>
            <testcase name="step24_clickOn$10RadioButton" time="0.0" classname="in.valtech.RoadScholar.test.CS3_TC_51">
          <skipped />
    </testcase>
            <testcase name="step35_completeButton" time="0.0" classname="in.valtech.RoadScholar.test.CS3_TC_51">
          <skipped />
    </testcase>
            <testcase name="step33_BankNameTextBox" time="0.0" classname="in.valtech.RoadScholar.test.CS3_TC_51">
          <skipped />
    </testcase>
            <testcase name="Step15_EnterValueFirstName" time="0.0" classname="in.valtech.RoadScholar.test.CS3_TC_51">
          <skipped />
    </testcase>
            <testcase name="Step14_clickOnContinueBtn" time="0.0" classname="in.valtech.RoadScholar.test.CS3_TC_51">
          <skipped />
    </testcase>
            <testcase name="step25_clickOn$10RadioButton" time="0.0" classname="in.valtech.RoadScholar.test.CS3_TC_51">
          <skipped />
    </testcase>
            <testcase name="Step10_clickOnSelectBtn" time="0.0" classname="in.valtech.RoadScholar.test.CS3_TC_51">
          <skipped />
    </testcase>
            <testcase name="Step17_enterValueAddress" time="0.0" classname="in.valtech.RoadScholar.test.CS3_TC_51">
          <skipped />
    </testcase>
            <testcase name="step26_clickOnOkayButton" time="0.0" classname="in.valtech.RoadScholar.test.CS3_TC_51">
          <skipped />
    </testcase>
            <testcase name="step38_enterTextIntoAllMandatoryFields" time="0.0" classname="in.valtech.RoadScholar.test.CS3_TC_51">
          <skipped />
    </testcase>
            <testcase name="Step07_EnterTripIdIntoSearchField" time="0.0" classname="in.valtech.RoadScholar.test.CS3_TC_51">
          <skipped />
    </testcase>
            <testcase name="Step08_clickOnSearchButton" time="0.0" classname="in.valtech.RoadScholar.test.CS3_TC_51">
          <skipped />
    </testcase>
  
            <testcase name="step01_HOMEPAGE_URL" time="8.247" classname="in.valtech.RoadScholar.test.CS3_TC_51" />
      
</testsuite>
