<?xml version="1.0" encoding="UTF-8"?>
<testsuite name="Personal Information Page_YES_PIP_TC_27"
           tests="9"
           failures="2"
           errors="0"
           skipped="0"
           time="93.627">
  <properties />
            <testcase name="Step09_EnterPwd" time="0.001" classname="in.valtech.RoadScholar.test.PIP_TC_27">
                <failure type="java.lang.NullPointerException"
                  message="(null)"
              >
<![CDATA[java.lang.NullPointerException
  in.valtech.RoadScholar.pages.ChangePassword.<init>(ChangePassword.java:123)
  in.valtech.RoadScholar.test.PIP_TC_27.Step09_EnterPwd(PIP_TC_27.java:138)
  sun.reflect.NativeMethodAccessorImpl.invoke0(Native Method)
  sun.reflect.NativeMethodAccessorImpl.invoke(NativeMethodAccessorImpl.java:57)
  sun.reflect.DelegatingMethodAccessorImpl.invoke(DelegatingMethodAccessorImpl.java:43)
  java.lang.reflect.Method.invoke(Method.java:606)
  org.testng.internal.MethodInvocationHelper.invokeMethod(MethodInvocationHelper.java:84)
  org.testng.internal.Invoker.invokeMethod(Invoker.java:714)
  org.testng.internal.Invoker.invokeTestMethod(Invoker.java:901)
  org.testng.internal.Invoker.invokeTestMethods(Invoker.java:1231)
  org.testng.internal.TestMethodWorker.invokeTestMethods(TestMethodWorker.java:127)
  org.testng.internal.TestMethodWorker.run(TestMethodWorker.java:111)
  org.testng.TestRunner.privateRun(TestRunner.java:767)
  org.testng.TestRunner.run(TestRunner.java:617)
  org.testng.SuiteRunner.runTest(SuiteRunner.java:334)
  org.testng.SuiteRunner.runSequentially(SuiteRunner.java:329)
  org.testng.SuiteRunner.privateRun(SuiteRunner.java:291)
  org.testng.SuiteRunner.run(SuiteRunner.java:240)
  org.testng.SuiteRunnerWorker.runSuite(SuiteRunnerWorker.java:52)
  org.testng.SuiteRunnerWorker.run(SuiteRunnerWorker.java:86)
  org.testng.TestNG.runSuitesSequentially(TestNG.java:1224)
  org.testng.TestNG.runSuitesLocally(TestNG.java:1149)
  org.testng.TestNG.run(TestNG.java:1057)
  org.testng.TestNG.privateMain(TestNG.java:1364)
  org.testng.TestNG.main(TestNG.java:1333)
]]>
      </failure>

          </testcase>
            <testcase name="Step08_ClickOnChangePWD" time="5.063" classname="in.valtech.RoadScholar.test.PIP_TC_27">
                <failure type="java.lang.NullPointerException"
                  message="(null)"
              >
<![CDATA[java.lang.NullPointerException
  in.valtech.RoadScholar.pages.ChangePassword.<init>(ChangePassword.java:123)
  in.valtech.RoadScholar.pages.PersonalInformationPage.ClickOnChangePwd(PersonalInformationPage.java:155)
  in.valtech.RoadScholar.test.PIP_TC_27.Step08_ClickOnChangePWD(PIP_TC_27.java:124)
  sun.reflect.NativeMethodAccessorImpl.invoke0(Native Method)
  sun.reflect.NativeMethodAccessorImpl.invoke(NativeMethodAccessorImpl.java:57)
  sun.reflect.DelegatingMethodAccessorImpl.invoke(DelegatingMethodAccessorImpl.java:43)
  java.lang.reflect.Method.invoke(Method.java:606)
  org.testng.internal.MethodInvocationHelper.invokeMethod(MethodInvocationHelper.java:84)
  org.testng.internal.Invoker.invokeMethod(Invoker.java:714)
  org.testng.internal.Invoker.invokeTestMethod(Invoker.java:901)
  org.testng.internal.Invoker.invokeTestMethods(Invoker.java:1231)
  org.testng.internal.TestMethodWorker.invokeTestMethods(TestMethodWorker.java:127)
  org.testng.internal.TestMethodWorker.run(TestMethodWorker.java:111)
  org.testng.TestRunner.privateRun(TestRunner.java:767)
  org.testng.TestRunner.run(TestRunner.java:617)
  org.testng.SuiteRunner.runTest(SuiteRunner.java:334)
  org.testng.SuiteRunner.runSequentially(SuiteRunner.java:329)
  org.testng.SuiteRunner.privateRun(SuiteRunner.java:291)
  org.testng.SuiteRunner.run(SuiteRunner.java:240)
  org.testng.SuiteRunnerWorker.runSuite(SuiteRunnerWorker.java:52)
  org.testng.SuiteRunnerWorker.run(SuiteRunnerWorker.java:86)
  org.testng.TestNG.runSuitesSequentially(TestNG.java:1224)
  org.testng.TestNG.runSuitesLocally(TestNG.java:1149)
  org.testng.TestNG.run(TestNG.java:1057)
  org.testng.TestNG.privateMain(TestNG.java:1364)
  org.testng.TestNG.main(TestNG.java:1333)
]]>
      </failure>

          </testcase>
  
  
            <testcase name="Step03_ClickOnSignInLink" time="10.126" classname="in.valtech.RoadScholar.test.PIP_TC_27" />
                <testcase name="Step07_ClickOnPIP" time="9.776" classname="in.valtech.RoadScholar.test.PIP_TC_27" />
                <testcase name="Step06_SignUpBtn" time="15.200" classname="in.valtech.RoadScholar.test.PIP_TC_27" />
                <testcase name="Step05_Passwd" time="10.138" classname="in.valtech.RoadScholar.test.PIP_TC_27" />
                <testcase name="Step04_Email" time="15.259" classname="in.valtech.RoadScholar.test.PIP_TC_27" />
                <testcase name="Step02_CloseSinUp" time="20.147" classname="in.valtech.RoadScholar.test.PIP_TC_27" />
                <testcase name="Step01_HOMEPAGE_URL" time="7.917" classname="in.valtech.RoadScholar.test.PIP_TC_27" />
      
</testsuite>
