<?xml version="1.0" encoding="UTF-8"?>
<testsuite name="Upcoming Trip Page_YES_UTP_TC_20"
           tests="44"
           failures="15"
           errors="0"
           skipped="29"
           time="0.002">
  <properties />
            <testcase name="setUp" time="0.000" classname="in.valtech.RoadScholar.test.UTP_TC_20">
                <failure type="org.openqa.selenium.WebDriverException"
                  message="Failed to connect to binary FirefoxBinary(C:\Program Files (x86)\Mozilla Firefox\firefox.exe) on port 7055; process output follows: 
ading bootstrap scope from C:\Program Files (x86)\Mozilla Firefox\browser\features\loop@mozilla.org.xpi
1476262688833	addons.xpi	DEBUG	Calling bootstrap method startup on loop@mozilla.org version 1.3.2
1476262688844	addons.xpi	DEBUG	Registering manifest for C:\Program Files (x86)\Mozilla Firefox\browser\extensions\{82AF8DCA-6DE9-405D-BD5E-43525BDAD38A}.xpi
1476262688844	addons.xpi	DEBUG	Loading bootstrap scope from C:\Program Files (x86)\Mozilla Firefox\browser\extensions\{82AF8DCA-6DE9-405D-BD5E-43525BDAD38A}.xpi
1476262688846	addons.xpi	DEBUG	Calling bootstrap method startup on {82AF8DCA-6DE9-405D-BD5E-43525BDAD38A} version 8.0.0.9103
JavaScript warning: resource://gre/modules/commonjs/toolkit/loader.js -&gt; resource://gre/modules/commonjs/sdk/system/environment.js, line 15: Proxy.create and Proxy.createFunction are deprecated, use new Proxy instead
1476262688875	addons.manager	DEBUG	Registering shutdown blocker for XPIProvider
1476262688875	addons.manager	DEBUG	Provider finished startup: XPIProvider
1476262688875	addons.manager	DEBUG	Starting provider: LightweightThemeManager
1476262688875	addons.manager	DEBUG	Registering shutdown blocker for LightweightThemeManager
1476262688876	addons.manager	DEBUG	Provider finished startup: LightweightThemeManager
1476262688876	addons.manager	DEBUG	Starting provider: GMPProvider
1476262688885	addons.manager	DEBUG	Registering shutdown blocker for GMPProvider
1476262688885	addons.manager	DEBUG	Provider finished startup: GMPProvider
1476262688885	addons.manager	DEBUG	Starting provider: PluginProvider
1476262688885	addons.manager	DEBUG	Registering shutdown blocker for PluginProvider
1476262688886	addons.manager	DEBUG	Provider finished startup: PluginProvider
1476262688886	addons.manager	DEBUG	Completed startup sequence
1476262689115	addons.xpi-utils	DEBUG	Async JSON file read took 0 MS
1476262689115	addons.xpi-utils	DEBUG	Finished async read of XPI database, parsing...
1476262689117	addons.xpi-utils	DEBUG	Successfully read XPI database
1476262689124	addons.manager	DEBUG	Starting provider: &lt;unnamed-provider&gt;
1476262689124	addons.manager	DEBUG	Registering shutdown blocker for &lt;unnamed-provider&gt;
1476262689124	addons.manager	DEBUG	Provider finished startup: &lt;unnamed-provider&gt;
*** Blocklist::_loadBlocklistFromFile: blocklist is disabled
1476262689189	addons.manager	DEBUG	Starting provider: PreviousExperimentProvider
1476262689190	addons.manager	DEBUG	Registering shutdown blocker for PreviousExperimentProvider
1476262689190	addons.manager	DEBUG	Provider finished startup: PreviousExperimentProvider
JavaScript warning: https://normandy.cdn.mozilla.net/static/bundles/selfrepair-910943d53dbd84b4c75a.a958f9d28733.js, line 7: mutating the [[Prototype]] of an object will cause your code to run very slowly; instead create the object with the correct initial [[Prototype]] value using Object.create
1476262698652	addons.xpi	DEBUG	Calling bootstrap method shutdown on e10srollout@mozilla.org version 1.0
1476262698652	addons.xpi	DEBUG	Calling bootstrap method shutdown on firefox@getpocket.com version 1.0.2
1476262698653	addons.xpi	DEBUG	Calling bootstrap method shutdown on loop@mozilla.org version 1.3.2
1476262698654	addons.xpi	DEBUG	Calling bootstrap method shutdown on {82AF8DCA-6DE9-405D-BD5E-43525BDAD38A} version 8.0.0.9103
1476262698825	addons.manager	DEBUG	shutdown
1476262698825	addons.manager	DEBUG	Calling shutdown blocker for XPIProvider
1476262698825	addons.xpi	DEBUG	shutdown
1476262698825	addons.xpi-utils	DEBUG	shutdown
1476262698826	addons.manager	DEBUG	Calling shutdown blocker for LightweightThemeManager
1476262698826	addons.manager	DEBUG	Calling shutdown blocker for GMPProvider
1476262698827	addons.manager	DEBUG	Calling shutdown blocker for PluginProvider
1476262698827	addons.manager	DEBUG	Calling shutdown blocker for &lt;unnamed-provider&gt;
1476262698828	addons.manager	DEBUG	Calling shutdown blocker for PreviousExperimentProvider
1476262698830	addons.xpi	DEBUG	Notifying XPI shutdown observers
1476262698832	addons.manager	DEBUG	Async provider shutdown done

Build info: version: &apos;2.43.1&apos;, revision: &apos;5163bce&apos;, time: &apos;2014-09-10 16:27:33&apos;
System info: host: &apos;VDC01LDW0013&apos;, ip: &apos;192.168.155.35&apos;, os.name: &apos;Windows 7&apos;, os.arch: &apos;amd64&apos;, os.version: &apos;6.1&apos;, java.version: &apos;1.7.0_40&apos;
Driver info: driver.version: FirefoxDriver"
              >
<![CDATA[org.openqa.selenium.WebDriverException: Failed to connect to binary FirefoxBinary(C:\Program Files (x86)\Mozilla Firefox\firefox.exe) on port 7055; process output follows: 
ading bootstrap scope from C:\Program Files (x86)\Mozilla Firefox\browser\features\loop@mozilla.org.xpi
1476262688833	addons.xpi	DEBUG	Calling bootstrap method startup on loop@mozilla.org version 1.3.2
1476262688844	addons.xpi	DEBUG	Registering manifest for C:\Program Files (x86)\Mozilla Firefox\browser\extensions\{82AF8DCA-6DE9-405D-BD5E-43525BDAD38A}.xpi
1476262688844	addons.xpi	DEBUG	Loading bootstrap scope from C:\Program Files (x86)\Mozilla Firefox\browser\extensions\{82AF8DCA-6DE9-405D-BD5E-43525BDAD38A}.xpi
1476262688846	addons.xpi	DEBUG	Calling bootstrap method startup on {82AF8DCA-6DE9-405D-BD5E-43525BDAD38A} version 8.0.0.9103
JavaScript warning: resource://gre/modules/commonjs/toolkit/loader.js -> resource://gre/modules/commonjs/sdk/system/environment.js, line 15: Proxy.create and Proxy.createFunction are deprecated, use new Proxy instead
1476262688875	addons.manager	DEBUG	Registering shutdown blocker for XPIProvider
1476262688875	addons.manager	DEBUG	Provider finished startup: XPIProvider
1476262688875	addons.manager	DEBUG	Starting provider: LightweightThemeManager
1476262688875	addons.manager	DEBUG	Registering shutdown blocker for LightweightThemeManager
1476262688876	addons.manager	DEBUG	Provider finished startup: LightweightThemeManager
1476262688876	addons.manager	DEBUG	Starting provider: GMPProvider
1476262688885	addons.manager	DEBUG	Registering shutdown blocker for GMPProvider
1476262688885	addons.manager	DEBUG	Provider finished startup: GMPProvider
1476262688885	addons.manager	DEBUG	Starting provider: PluginProvider
1476262688885	addons.manager	DEBUG	Registering shutdown blocker for PluginProvider
1476262688886	addons.manager	DEBUG	Provider finished startup: PluginProvider
1476262688886	addons.manager	DEBUG	Completed startup sequence
1476262689115	addons.xpi-utils	DEBUG	Async JSON file read took 0 MS
1476262689115	addons.xpi-utils	DEBUG	Finished async read of XPI database, parsing...
1476262689117	addons.xpi-utils	DEBUG	Successfully read XPI database
1476262689124	addons.manager	DEBUG	Starting provider: <unnamed-provider>
1476262689124	addons.manager	DEBUG	Registering shutdown blocker for <unnamed-provider>
1476262689124	addons.manager	DEBUG	Provider finished startup: <unnamed-provider>
*** Blocklist::_loadBlocklistFromFile: blocklist is disabled
1476262689189	addons.manager	DEBUG	Starting provider: PreviousExperimentProvider
1476262689190	addons.manager	DEBUG	Registering shutdown blocker for PreviousExperimentProvider
1476262689190	addons.manager	DEBUG	Provider finished startup: PreviousExperimentProvider
JavaScript warning: https://normandy.cdn.mozilla.net/static/bundles/selfrepair-910943d53dbd84b4c75a.a958f9d28733.js, line 7: mutating the [[Prototype]] of an object will cause your code to run very slowly; instead create the object with the correct initial [[Prototype]] value using Object.create
1476262698652	addons.xpi	DEBUG	Calling bootstrap method shutdown on e10srollout@mozilla.org version 1.0
1476262698652	addons.xpi	DEBUG	Calling bootstrap method shutdown on firefox@getpocket.com version 1.0.2
1476262698653	addons.xpi	DEBUG	Calling bootstrap method shutdown on loop@mozilla.org version 1.3.2
1476262698654	addons.xpi	DEBUG	Calling bootstrap method shutdown on {82AF8DCA-6DE9-405D-BD5E-43525BDAD38A} version 8.0.0.9103
1476262698825	addons.manager	DEBUG	shutdown
1476262698825	addons.manager	DEBUG	Calling shutdown blocker for XPIProvider
1476262698825	addons.xpi	DEBUG	shutdown
1476262698825	addons.xpi-utils	DEBUG	shutdown
1476262698826	addons.manager	DEBUG	Calling shutdown blocker for LightweightThemeManager
1476262698826	addons.manager	DEBUG	Calling shutdown blocker for GMPProvider
1476262698827	addons.manager	DEBUG	Calling shutdown blocker for PluginProvider
1476262698827	addons.manager	DEBUG	Calling shutdown blocker for <unnamed-provider>
1476262698828	addons.manager	DEBUG	Calling shutdown blocker for PreviousExperimentProvider
1476262698830	addons.xpi	DEBUG	Notifying XPI shutdown observers
1476262698832	addons.manager	DEBUG	Async provider shutdown done

Build info: version: '2.43.1', revision: '5163bce', time: '2014-09-10 16:27:33'
System info: host: 'VDC01LDW0013', ip: '192.168.155.35', os.name: 'Windows 7', os.arch: 'amd64', os.version: '6.1', java.version: '1.7.0_40'
Driver info: driver.version: FirefoxDriver
  org.openqa.selenium.firefox.internal.NewProfileExtensionConnection.start(NewProfileExtensionConnection.java:130)
  org.openqa.selenium.firefox.FirefoxDriver.startClient(FirefoxDriver.java:246)
  org.openqa.selenium.remote.RemoteWebDriver.<init>(RemoteWebDriver.java:114)
  org.openqa.selenium.firefox.FirefoxDriver.<init>(FirefoxDriver.java:193)
  org.openqa.selenium.firefox.FirefoxDriver.<init>(FirefoxDriver.java:186)
  org.openqa.selenium.firefox.FirefoxDriver.<init>(FirefoxDriver.java:182)
  org.openqa.selenium.firefox.FirefoxDriver.<init>(FirefoxDriver.java:95)
  in.valtech.custom.CustomFunction.initializeDriver(CustomFunction.java:498)
  in.valtech.config.BaseTest.setUp(BaseTest.java:97)
  sun.reflect.NativeMethodAccessorImpl.invoke0(Native Method)
  sun.reflect.NativeMethodAccessorImpl.invoke(NativeMethodAccessorImpl.java:57)
  sun.reflect.DelegatingMethodAccessorImpl.invoke(DelegatingMethodAccessorImpl.java:43)
  java.lang.reflect.Method.invoke(Method.java:606)
  org.testng.internal.MethodInvocationHelper.invokeMethod(MethodInvocationHelper.java:84)
  org.testng.internal.Invoker.invokeConfigurationMethod(Invoker.java:564)
  org.testng.internal.Invoker.invokeConfigurations(Invoker.java:213)
  org.testng.internal.Invoker.invokeConfigurations(Invoker.java:138)
  org.testng.TestRunner.beforeRun(TestRunner.java:641)
  org.testng.TestRunner.run(TestRunner.java:609)
  org.testng.SuiteRunner.runTest(SuiteRunner.java:334)
  org.testng.SuiteRunner.runSequentially(SuiteRunner.java:329)
  org.testng.SuiteRunner.privateRun(SuiteRunner.java:291)
  org.testng.SuiteRunner.run(SuiteRunner.java:240)
  org.testng.SuiteRunnerWorker.runSuite(SuiteRunnerWorker.java:52)
  org.testng.SuiteRunnerWorker.run(SuiteRunnerWorker.java:86)
  org.testng.TestNG.runSuitesSequentially(TestNG.java:1224)
  org.testng.TestNG.runSuitesLocally(TestNG.java:1149)
  org.testng.TestNG.run(TestNG.java:1057)
  org.testng.TestNG.privateMain(TestNG.java:1364)
  org.testng.TestNG.main(TestNG.java:1333)
Caused by: org.openqa.selenium.firefox.NotConnectedException: Unable to connect to host 127.0.0.1 on port 7055 after 45000 ms. Firefox console output:
ading bootstrap scope from C:\Program Files (x86)\Mozilla Firefox\browser\features\loop@mozilla.org.xpi
1476262688833	addons.xpi	DEBUG	Calling bootstrap method startup on loop@mozilla.org version 1.3.2
1476262688844	addons.xpi	DEBUG	Registering manifest for C:\Program Files (x86)\Mozilla Firefox\browser\extensions\{82AF8DCA-6DE9-405D-BD5E-43525BDAD38A}.xpi
1476262688844	addons.xpi	DEBUG	Loading bootstrap scope from C:\Program Files (x86)\Mozilla Firefox\browser\extensions\{82AF8DCA-6DE9-405D-BD5E-43525BDAD38A}.xpi
1476262688846	addons.xpi	DEBUG	Calling bootstrap method startup on {82AF8DCA-6DE9-405D-BD5E-43525BDAD38A} version 8.0.0.9103
JavaScript warning: resource://gre/modules/commonjs/toolkit/loader.js -> resource://gre/modules/commonjs/sdk/system/environment.js, line 15: Proxy.create and Proxy.createFunction are deprecated, use new Proxy instead
1476262688875	addons.manager	DEBUG	Registering shutdown blocker for XPIProvider
1476262688875	addons.manager	DEBUG	Provider finished startup: XPIProvider
1476262688875	addons.manager	DEBUG	Starting provider: LightweightThemeManager
1476262688875	addons.manager	DEBUG	Registering shutdown blocker for LightweightThemeManager
1476262688876	addons.manager	DEBUG	Provider finished startup: LightweightThemeManager
1476262688876	addons.manager	DEBUG	Starting provider: GMPProvider
1476262688885	addons.manager	DEBUG	Registering shutdown blocker for GMPProvider
1476262688885	addons.manager	DEBUG	Provider finished startup: GMPProvider
1476262688885	addons.manager	DEBUG	Starting provider: PluginProvider
1476262688885	addons.manager	DEBUG	Registering shutdown blocker for PluginProvider
1476262688886	addons.manager	DEBUG	Provider finished startup: PluginProvider
1476262688886	addons.manager	DEBUG	Completed startup sequence
1476262689115	addons.xpi-utils	DEBUG	Async JSON file read took 0 MS
1476262689115	addons.xpi-utils	DEBUG	Finished async read of XPI database, parsing...
1476262689117	addons.xpi-utils	DEBUG	Successfully read XPI database
1476262689124	addons.manager	DEBUG	Starting provider: <unnamed-provider>
1476262689124	addons.manager	DEBUG	Registering shutdown blocker for <unnamed-provider>
1476262689124	addons.manager	DEBUG	Provider finished startup: <unnamed-provider>
*** Blocklist::_loadBlocklistFromFile: blocklist is disabled
1476262689189	addons.manager	DEBUG	Starting provider: PreviousExperimentProvider
1476262689190	addons.manager	DEBUG	Registering shutdown blocker for PreviousExperimentProvider
1476262689190	addons.manager	DEBUG	Provider finished startup: PreviousExperimentProvider
JavaScript warning: https://normandy.cdn.mozilla.net/static/bundles/selfrepair-910943d53dbd84b4c75a.a958f9d28733.js, line 7: mutating the [[Prototype]] of an object will cause your code to run very slowly; instead create the object with the correct initial [[Prototype]] value using Object.create
1476262698652	addons.xpi	DEBUG	Calling bootstrap method shutdown on e10srollout@mozilla.org version 1.0
1476262698652	addons.xpi	DEBUG	Calling bootstrap method shutdown on firefox@getpocket.com version 1.0.2
1476262698653	addons.xpi	DEBUG	Calling bootstrap method shutdown on loop@mozilla.org version 1.3.2
1476262698654	addons.xpi	DEBUG	Calling bootstrap method shutdown on {82AF8DCA-6DE9-405D-BD5E-43525BDAD38A} version 8.0.0.9103
1476262698825	addons.manager	DEBUG	shutdown
1476262698825	addons.manager	DEBUG	Calling shutdown blocker for XPIProvider
1476262698825	addons.xpi	DEBUG	shutdown
1476262698825	addons.xpi-utils	DEBUG	shutdown
1476262698826	addons.manager	DEBUG	Calling shutdown blocker for LightweightThemeManager
1476262698826	addons.manager	DEBUG	Calling shutdown blocker for GMPProvider
1476262698827	addons.manager	DEBUG	Calling shutdown blocker for PluginProvider
1476262698827	addons.manager	DEBUG	Calling shutdown blocker for <unnamed-provider>
1476262698828	addons.manager	DEBUG	Calling shutdown blocker for PreviousExperimentProvider
1476262698830	addons.xpi	DEBUG	Notifying XPI shutdown observers
1476262698832	addons.manager	DEBUG	Async provider shutdown done

  org.openqa.selenium.firefox.internal.NewProfileExtensionConnection.start(NewProfileExtensionConnection.java:118)
  org.openqa.selenium.firefox.FirefoxDriver.startClient(FirefoxDriver.java:246)
  org.openqa.selenium.remote.RemoteWebDriver.<init>(RemoteWebDriver.java:114)
  org.openqa.selenium.firefox.FirefoxDriver.<init>(FirefoxDriver.java:193)
  org.openqa.selenium.firefox.FirefoxDriver.<init>(FirefoxDriver.java:186)
  org.openqa.selenium.firefox.FirefoxDriver.<init>(FirefoxDriver.java:182)
  org.openqa.selenium.firefox.FirefoxDriver.<init>(FirefoxDriver.java:95)
  in.valtech.custom.CustomFunction.initializeDriver(CustomFunction.java:498)
  in.valtech.config.BaseTest.setUp(BaseTest.java:97)
  sun.reflect.NativeMethodAccessorImpl.invoke0(Native Method)
  sun.reflect.NativeMethodAccessorImpl.invoke(NativeMethodAccessorImpl.java:57)
  sun.reflect.DelegatingMethodAccessorImpl.invoke(DelegatingMethodAccessorImpl.java:43)
  java.lang.reflect.Method.invoke(Method.java:606)
  org.testng.internal.MethodInvocationHelper.invokeMethod(MethodInvocationHelper.java:84)
  org.testng.internal.Invoker.invokeConfigurationMethod(Invoker.java:564)
  org.testng.internal.Invoker.invokeConfigurations(Invoker.java:213)
  org.testng.internal.Invoker.invokeConfigurations(Invoker.java:138)
  org.testng.TestRunner.beforeRun(TestRunner.java:641)
  org.testng.TestRunner.run(TestRunner.java:609)
  org.testng.SuiteRunner.runTest(SuiteRunner.java:334)
  org.testng.SuiteRunner.runSequentially(SuiteRunner.java:329)
  org.testng.SuiteRunner.privateRun(SuiteRunner.java:291)
  org.testng.SuiteRunner.run(SuiteRunner.java:240)
  org.testng.SuiteRunnerWorker.runSuite(SuiteRunnerWorker.java:52)
  org.testng.SuiteRunnerWorker.run(SuiteRunnerWorker.java:86)
  org.testng.TestNG.runSuitesSequentially(TestNG.java:1224)
  org.testng.TestNG.runSuitesLocally(TestNG.java:1149)
  org.testng.TestNG.run(TestNG.java:1057)
  org.testng.TestNG.privateMain(TestNG.java:1364)
  org.testng.TestNG.main(TestNG.java:1333)
]]>
      </failure>

          </testcase>
            <testcase name="Step12_SelectPayByCreditCardOption" time="0.000" classname="in.valtech.RoadScholar.test.UTP_TC_20">
                <failure type="java.lang.NullPointerException"
                  message="(null)"
              >
<![CDATA[java.lang.NullPointerException
  in.valtech.util.Screenshot.onTestSkipped(Screenshot.java:171)
  org.testng.internal.Invoker.runTestListeners(Invoker.java:1887)
  org.testng.internal.Invoker.runTestListeners(Invoker.java:1879)
  org.testng.internal.Invoker.invokeMethod(Invoker.java:778)
  org.testng.internal.Invoker.invokeTestMethod(Invoker.java:901)
  org.testng.internal.Invoker.invokeTestMethods(Invoker.java:1231)
  org.testng.internal.TestMethodWorker.invokeTestMethods(TestMethodWorker.java:127)
  org.testng.internal.TestMethodWorker.run(TestMethodWorker.java:111)
  org.testng.TestRunner.privateRun(TestRunner.java:767)
  org.testng.TestRunner.run(TestRunner.java:617)
  org.testng.SuiteRunner.runTest(SuiteRunner.java:334)
  org.testng.SuiteRunner.runSequentially(SuiteRunner.java:329)
  org.testng.SuiteRunner.privateRun(SuiteRunner.java:291)
  org.testng.SuiteRunner.run(SuiteRunner.java:240)
  org.testng.SuiteRunnerWorker.runSuite(SuiteRunnerWorker.java:52)
  org.testng.SuiteRunnerWorker.run(SuiteRunnerWorker.java:86)
  org.testng.TestNG.runSuitesSequentially(TestNG.java:1224)
  org.testng.TestNG.runSuitesLocally(TestNG.java:1149)
  org.testng.TestNG.run(TestNG.java:1057)
  org.testng.TestNG.privateMain(TestNG.java:1364)
  org.testng.TestNG.main(TestNG.java:1333)
]]>
      </failure>

          </testcase>
            <testcase name="Step09_ClickOnUpcomingTripLink" time="0.000" classname="in.valtech.RoadScholar.test.UTP_TC_20">
                <failure type="java.lang.NullPointerException"
                  message="(null)"
              >
<![CDATA[java.lang.NullPointerException
  in.valtech.util.Screenshot.onTestSkipped(Screenshot.java:171)
  org.testng.internal.Invoker.runTestListeners(Invoker.java:1887)
  org.testng.internal.Invoker.runTestListeners(Invoker.java:1879)
  org.testng.internal.Invoker.invokeMethod(Invoker.java:778)
  org.testng.internal.Invoker.invokeTestMethod(Invoker.java:901)
  org.testng.internal.Invoker.invokeTestMethods(Invoker.java:1231)
  org.testng.internal.TestMethodWorker.invokeTestMethods(TestMethodWorker.java:127)
  org.testng.internal.TestMethodWorker.run(TestMethodWorker.java:111)
  org.testng.TestRunner.privateRun(TestRunner.java:767)
  org.testng.TestRunner.run(TestRunner.java:617)
  org.testng.SuiteRunner.runTest(SuiteRunner.java:334)
  org.testng.SuiteRunner.runSequentially(SuiteRunner.java:329)
  org.testng.SuiteRunner.privateRun(SuiteRunner.java:291)
  org.testng.SuiteRunner.run(SuiteRunner.java:240)
  org.testng.SuiteRunnerWorker.runSuite(SuiteRunnerWorker.java:52)
  org.testng.SuiteRunnerWorker.run(SuiteRunnerWorker.java:86)
  org.testng.TestNG.runSuitesSequentially(TestNG.java:1224)
  org.testng.TestNG.runSuitesLocally(TestNG.java:1149)
  org.testng.TestNG.run(TestNG.java:1057)
  org.testng.TestNG.privateMain(TestNG.java:1364)
  org.testng.TestNG.main(TestNG.java:1333)
]]>
      </failure>

          </testcase>
            <testcase name="Step13_VerifyErrorMessage" time="0.000" classname="in.valtech.RoadScholar.test.UTP_TC_20">
                <failure type="java.lang.NullPointerException"
                  message="(null)"
              >
<![CDATA[java.lang.NullPointerException
  in.valtech.util.Screenshot.onTestSkipped(Screenshot.java:171)
  org.testng.internal.Invoker.runTestListeners(Invoker.java:1887)
  org.testng.internal.Invoker.runTestListeners(Invoker.java:1879)
  org.testng.internal.Invoker.invokeMethod(Invoker.java:778)
  org.testng.internal.Invoker.invokeTestMethod(Invoker.java:901)
  org.testng.internal.Invoker.invokeTestMethods(Invoker.java:1231)
  org.testng.internal.TestMethodWorker.invokeTestMethods(TestMethodWorker.java:127)
  org.testng.internal.TestMethodWorker.run(TestMethodWorker.java:111)
  org.testng.TestRunner.privateRun(TestRunner.java:767)
  org.testng.TestRunner.run(TestRunner.java:617)
  org.testng.SuiteRunner.runTest(SuiteRunner.java:334)
  org.testng.SuiteRunner.runSequentially(SuiteRunner.java:329)
  org.testng.SuiteRunner.privateRun(SuiteRunner.java:291)
  org.testng.SuiteRunner.run(SuiteRunner.java:240)
  org.testng.SuiteRunnerWorker.runSuite(SuiteRunnerWorker.java:52)
  org.testng.SuiteRunnerWorker.run(SuiteRunnerWorker.java:86)
  org.testng.TestNG.runSuitesSequentially(TestNG.java:1224)
  org.testng.TestNG.runSuitesLocally(TestNG.java:1149)
  org.testng.TestNG.run(TestNG.java:1057)
  org.testng.TestNG.privateMain(TestNG.java:1364)
  org.testng.TestNG.main(TestNG.java:1333)
]]>
      </failure>

          </testcase>
            <testcase name="Step02_Close_PopUp" time="0.000" classname="in.valtech.RoadScholar.test.UTP_TC_20">
                <failure type="java.lang.NullPointerException"
                  message="(null)"
              >
<![CDATA[java.lang.NullPointerException
  in.valtech.util.Screenshot.onTestSkipped(Screenshot.java:171)
  org.testng.internal.Invoker.runTestListeners(Invoker.java:1887)
  org.testng.internal.Invoker.runTestListeners(Invoker.java:1879)
  org.testng.internal.Invoker.invokeMethod(Invoker.java:778)
  org.testng.internal.Invoker.invokeTestMethod(Invoker.java:901)
  org.testng.internal.Invoker.invokeTestMethods(Invoker.java:1231)
  org.testng.internal.TestMethodWorker.invokeTestMethods(TestMethodWorker.java:127)
  org.testng.internal.TestMethodWorker.run(TestMethodWorker.java:111)
  org.testng.TestRunner.privateRun(TestRunner.java:767)
  org.testng.TestRunner.run(TestRunner.java:617)
  org.testng.SuiteRunner.runTest(SuiteRunner.java:334)
  org.testng.SuiteRunner.runSequentially(SuiteRunner.java:329)
  org.testng.SuiteRunner.privateRun(SuiteRunner.java:291)
  org.testng.SuiteRunner.run(SuiteRunner.java:240)
  org.testng.SuiteRunnerWorker.runSuite(SuiteRunnerWorker.java:52)
  org.testng.SuiteRunnerWorker.run(SuiteRunnerWorker.java:86)
  org.testng.TestNG.runSuitesSequentially(TestNG.java:1224)
  org.testng.TestNG.runSuitesLocally(TestNG.java:1149)
  org.testng.TestNG.run(TestNG.java:1057)
  org.testng.TestNG.privateMain(TestNG.java:1364)
  org.testng.TestNG.main(TestNG.java:1333)
]]>
      </failure>

          </testcase>
            <testcase name="Step07_ClickOnSignInButton" time="0.000" classname="in.valtech.RoadScholar.test.UTP_TC_20">
                <failure type="java.lang.NullPointerException"
                  message="(null)"
              >
<![CDATA[java.lang.NullPointerException
  in.valtech.util.Screenshot.onTestSkipped(Screenshot.java:171)
  org.testng.internal.Invoker.runTestListeners(Invoker.java:1887)
  org.testng.internal.Invoker.runTestListeners(Invoker.java:1879)
  org.testng.internal.Invoker.invokeMethod(Invoker.java:778)
  org.testng.internal.Invoker.invokeTestMethod(Invoker.java:901)
  org.testng.internal.Invoker.invokeTestMethods(Invoker.java:1231)
  org.testng.internal.TestMethodWorker.invokeTestMethods(TestMethodWorker.java:127)
  org.testng.internal.TestMethodWorker.run(TestMethodWorker.java:111)
  org.testng.TestRunner.privateRun(TestRunner.java:767)
  org.testng.TestRunner.run(TestRunner.java:617)
  org.testng.SuiteRunner.runTest(SuiteRunner.java:334)
  org.testng.SuiteRunner.runSequentially(SuiteRunner.java:329)
  org.testng.SuiteRunner.privateRun(SuiteRunner.java:291)
  org.testng.SuiteRunner.run(SuiteRunner.java:240)
  org.testng.SuiteRunnerWorker.runSuite(SuiteRunnerWorker.java:52)
  org.testng.SuiteRunnerWorker.run(SuiteRunnerWorker.java:86)
  org.testng.TestNG.runSuitesSequentially(TestNG.java:1224)
  org.testng.TestNG.runSuitesLocally(TestNG.java:1149)
  org.testng.TestNG.run(TestNG.java:1057)
  org.testng.TestNG.privateMain(TestNG.java:1364)
  org.testng.TestNG.main(TestNG.java:1333)
]]>
      </failure>

          </testcase>
            <testcase name="Step03_ClickOnMyAccountLink" time="0.000" classname="in.valtech.RoadScholar.test.UTP_TC_20">
                <failure type="java.lang.NullPointerException"
                  message="(null)"
              >
<![CDATA[java.lang.NullPointerException
  in.valtech.util.Screenshot.onTestSkipped(Screenshot.java:171)
  org.testng.internal.Invoker.runTestListeners(Invoker.java:1887)
  org.testng.internal.Invoker.runTestListeners(Invoker.java:1879)
  org.testng.internal.Invoker.invokeMethod(Invoker.java:778)
  org.testng.internal.Invoker.invokeTestMethod(Invoker.java:901)
  org.testng.internal.Invoker.invokeTestMethods(Invoker.java:1231)
  org.testng.internal.TestMethodWorker.invokeTestMethods(TestMethodWorker.java:127)
  org.testng.internal.TestMethodWorker.run(TestMethodWorker.java:111)
  org.testng.TestRunner.privateRun(TestRunner.java:767)
  org.testng.TestRunner.run(TestRunner.java:617)
  org.testng.SuiteRunner.runTest(SuiteRunner.java:334)
  org.testng.SuiteRunner.runSequentially(SuiteRunner.java:329)
  org.testng.SuiteRunner.privateRun(SuiteRunner.java:291)
  org.testng.SuiteRunner.run(SuiteRunner.java:240)
  org.testng.SuiteRunnerWorker.runSuite(SuiteRunnerWorker.java:52)
  org.testng.SuiteRunnerWorker.run(SuiteRunnerWorker.java:86)
  org.testng.TestNG.runSuitesSequentially(TestNG.java:1224)
  org.testng.TestNG.runSuitesLocally(TestNG.java:1149)
  org.testng.TestNG.run(TestNG.java:1057)
  org.testng.TestNG.privateMain(TestNG.java:1364)
  org.testng.TestNG.main(TestNG.java:1333)
]]>
      </failure>

          </testcase>
            <testcase name="Step08_AfterLogInMyAccountLink" time="0.000" classname="in.valtech.RoadScholar.test.UTP_TC_20">
                <failure type="java.lang.NullPointerException"
                  message="(null)"
              >
<![CDATA[java.lang.NullPointerException
  in.valtech.util.Screenshot.onTestSkipped(Screenshot.java:171)
  org.testng.internal.Invoker.runTestListeners(Invoker.java:1887)
  org.testng.internal.Invoker.runTestListeners(Invoker.java:1879)
  org.testng.internal.Invoker.invokeMethod(Invoker.java:778)
  org.testng.internal.Invoker.invokeTestMethod(Invoker.java:901)
  org.testng.internal.Invoker.invokeTestMethods(Invoker.java:1231)
  org.testng.internal.TestMethodWorker.invokeTestMethods(TestMethodWorker.java:127)
  org.testng.internal.TestMethodWorker.run(TestMethodWorker.java:111)
  org.testng.TestRunner.privateRun(TestRunner.java:767)
  org.testng.TestRunner.run(TestRunner.java:617)
  org.testng.SuiteRunner.runTest(SuiteRunner.java:334)
  org.testng.SuiteRunner.runSequentially(SuiteRunner.java:329)
  org.testng.SuiteRunner.privateRun(SuiteRunner.java:291)
  org.testng.SuiteRunner.run(SuiteRunner.java:240)
  org.testng.SuiteRunnerWorker.runSuite(SuiteRunnerWorker.java:52)
  org.testng.SuiteRunnerWorker.run(SuiteRunnerWorker.java:86)
  org.testng.TestNG.runSuitesSequentially(TestNG.java:1224)
  org.testng.TestNG.runSuitesLocally(TestNG.java:1149)
  org.testng.TestNG.run(TestNG.java:1057)
  org.testng.TestNG.privateMain(TestNG.java:1364)
  org.testng.TestNG.main(TestNG.java:1333)
]]>
      </failure>

          </testcase>
            <testcase name="Step05_EnterEmailAddress" time="0.001" classname="in.valtech.RoadScholar.test.UTP_TC_20">
                <failure type="java.lang.NullPointerException"
                  message="(null)"
              >
<![CDATA[java.lang.NullPointerException
  in.valtech.util.Screenshot.onTestSkipped(Screenshot.java:171)
  org.testng.internal.Invoker.runTestListeners(Invoker.java:1887)
  org.testng.internal.Invoker.runTestListeners(Invoker.java:1879)
  org.testng.internal.Invoker.invokeMethod(Invoker.java:778)
  org.testng.internal.Invoker.invokeTestMethod(Invoker.java:901)
  org.testng.internal.Invoker.invokeTestMethods(Invoker.java:1231)
  org.testng.internal.TestMethodWorker.invokeTestMethods(TestMethodWorker.java:127)
  org.testng.internal.TestMethodWorker.run(TestMethodWorker.java:111)
  org.testng.TestRunner.privateRun(TestRunner.java:767)
  org.testng.TestRunner.run(TestRunner.java:617)
  org.testng.SuiteRunner.runTest(SuiteRunner.java:334)
  org.testng.SuiteRunner.runSequentially(SuiteRunner.java:329)
  org.testng.SuiteRunner.privateRun(SuiteRunner.java:291)
  org.testng.SuiteRunner.run(SuiteRunner.java:240)
  org.testng.SuiteRunnerWorker.runSuite(SuiteRunnerWorker.java:52)
  org.testng.SuiteRunnerWorker.run(SuiteRunnerWorker.java:86)
  org.testng.TestNG.runSuitesSequentially(TestNG.java:1224)
  org.testng.TestNG.runSuitesLocally(TestNG.java:1149)
  org.testng.TestNG.run(TestNG.java:1057)
  org.testng.TestNG.privateMain(TestNG.java:1364)
  org.testng.TestNG.main(TestNG.java:1333)
]]>
      </failure>

          </testcase>
            <testcase name="Step06_EnterPassword" time="0.000" classname="in.valtech.RoadScholar.test.UTP_TC_20">
                <failure type="java.lang.NullPointerException"
                  message="(null)"
              >
<![CDATA[java.lang.NullPointerException
  in.valtech.util.Screenshot.onTestSkipped(Screenshot.java:171)
  org.testng.internal.Invoker.runTestListeners(Invoker.java:1887)
  org.testng.internal.Invoker.runTestListeners(Invoker.java:1879)
  org.testng.internal.Invoker.invokeMethod(Invoker.java:778)
  org.testng.internal.Invoker.invokeTestMethod(Invoker.java:901)
  org.testng.internal.Invoker.invokeTestMethods(Invoker.java:1231)
  org.testng.internal.TestMethodWorker.invokeTestMethods(TestMethodWorker.java:127)
  org.testng.internal.TestMethodWorker.run(TestMethodWorker.java:111)
  org.testng.TestRunner.privateRun(TestRunner.java:767)
  org.testng.TestRunner.run(TestRunner.java:617)
  org.testng.SuiteRunner.runTest(SuiteRunner.java:334)
  org.testng.SuiteRunner.runSequentially(SuiteRunner.java:329)
  org.testng.SuiteRunner.privateRun(SuiteRunner.java:291)
  org.testng.SuiteRunner.run(SuiteRunner.java:240)
  org.testng.SuiteRunnerWorker.runSuite(SuiteRunnerWorker.java:52)
  org.testng.SuiteRunnerWorker.run(SuiteRunnerWorker.java:86)
  org.testng.TestNG.runSuitesSequentially(TestNG.java:1224)
  org.testng.TestNG.runSuitesLocally(TestNG.java:1149)
  org.testng.TestNG.run(TestNG.java:1057)
  org.testng.TestNG.privateMain(TestNG.java:1364)
  org.testng.TestNG.main(TestNG.java:1333)
]]>
      </failure>

          </testcase>
            <testcase name="Step11_clickOnmakeAPaymentButton" time="0.000" classname="in.valtech.RoadScholar.test.UTP_TC_20">
                <failure type="java.lang.NullPointerException"
                  message="(null)"
              >
<![CDATA[java.lang.NullPointerException
  in.valtech.util.Screenshot.onTestSkipped(Screenshot.java:171)
  org.testng.internal.Invoker.runTestListeners(Invoker.java:1887)
  org.testng.internal.Invoker.runTestListeners(Invoker.java:1879)
  org.testng.internal.Invoker.invokeMethod(Invoker.java:778)
  org.testng.internal.Invoker.invokeTestMethod(Invoker.java:901)
  org.testng.internal.Invoker.invokeTestMethods(Invoker.java:1231)
  org.testng.internal.TestMethodWorker.invokeTestMethods(TestMethodWorker.java:127)
  org.testng.internal.TestMethodWorker.run(TestMethodWorker.java:111)
  org.testng.TestRunner.privateRun(TestRunner.java:767)
  org.testng.TestRunner.run(TestRunner.java:617)
  org.testng.SuiteRunner.runTest(SuiteRunner.java:334)
  org.testng.SuiteRunner.runSequentially(SuiteRunner.java:329)
  org.testng.SuiteRunner.privateRun(SuiteRunner.java:291)
  org.testng.SuiteRunner.run(SuiteRunner.java:240)
  org.testng.SuiteRunnerWorker.runSuite(SuiteRunnerWorker.java:52)
  org.testng.SuiteRunnerWorker.run(SuiteRunnerWorker.java:86)
  org.testng.TestNG.runSuitesSequentially(TestNG.java:1224)
  org.testng.TestNG.runSuitesLocally(TestNG.java:1149)
  org.testng.TestNG.run(TestNG.java:1057)
  org.testng.TestNG.privateMain(TestNG.java:1364)
  org.testng.TestNG.main(TestNG.java:1333)
]]>
      </failure>

          </testcase>
            <testcase name="Step10_clickOnRightArrow" time="0.000" classname="in.valtech.RoadScholar.test.UTP_TC_20">
                <failure type="java.lang.NullPointerException"
                  message="(null)"
              >
<![CDATA[java.lang.NullPointerException
  in.valtech.util.Screenshot.onTestSkipped(Screenshot.java:171)
  org.testng.internal.Invoker.runTestListeners(Invoker.java:1887)
  org.testng.internal.Invoker.runTestListeners(Invoker.java:1879)
  org.testng.internal.Invoker.invokeMethod(Invoker.java:778)
  org.testng.internal.Invoker.invokeTestMethod(Invoker.java:901)
  org.testng.internal.Invoker.invokeTestMethods(Invoker.java:1231)
  org.testng.internal.TestMethodWorker.invokeTestMethods(TestMethodWorker.java:127)
  org.testng.internal.TestMethodWorker.run(TestMethodWorker.java:111)
  org.testng.TestRunner.privateRun(TestRunner.java:767)
  org.testng.TestRunner.run(TestRunner.java:617)
  org.testng.SuiteRunner.runTest(SuiteRunner.java:334)
  org.testng.SuiteRunner.runSequentially(SuiteRunner.java:329)
  org.testng.SuiteRunner.privateRun(SuiteRunner.java:291)
  org.testng.SuiteRunner.run(SuiteRunner.java:240)
  org.testng.SuiteRunnerWorker.runSuite(SuiteRunnerWorker.java:52)
  org.testng.SuiteRunnerWorker.run(SuiteRunnerWorker.java:86)
  org.testng.TestNG.runSuitesSequentially(TestNG.java:1224)
  org.testng.TestNG.runSuitesLocally(TestNG.java:1149)
  org.testng.TestNG.run(TestNG.java:1057)
  org.testng.TestNG.privateMain(TestNG.java:1364)
  org.testng.TestNG.main(TestNG.java:1333)
]]>
      </failure>

          </testcase>
            <testcase name="Step04_clickOnSignINHeader" time="0.000" classname="in.valtech.RoadScholar.test.UTP_TC_20">
                <failure type="java.lang.NullPointerException"
                  message="(null)"
              >
<![CDATA[java.lang.NullPointerException
  in.valtech.util.Screenshot.onTestSkipped(Screenshot.java:171)
  org.testng.internal.Invoker.runTestListeners(Invoker.java:1887)
  org.testng.internal.Invoker.runTestListeners(Invoker.java:1879)
  org.testng.internal.Invoker.invokeMethod(Invoker.java:778)
  org.testng.internal.Invoker.invokeTestMethod(Invoker.java:901)
  org.testng.internal.Invoker.invokeTestMethods(Invoker.java:1231)
  org.testng.internal.TestMethodWorker.invokeTestMethods(TestMethodWorker.java:127)
  org.testng.internal.TestMethodWorker.run(TestMethodWorker.java:111)
  org.testng.TestRunner.privateRun(TestRunner.java:767)
  org.testng.TestRunner.run(TestRunner.java:617)
  org.testng.SuiteRunner.runTest(SuiteRunner.java:334)
  org.testng.SuiteRunner.runSequentially(SuiteRunner.java:329)
  org.testng.SuiteRunner.privateRun(SuiteRunner.java:291)
  org.testng.SuiteRunner.run(SuiteRunner.java:240)
  org.testng.SuiteRunnerWorker.runSuite(SuiteRunnerWorker.java:52)
  org.testng.SuiteRunnerWorker.run(SuiteRunnerWorker.java:86)
  org.testng.TestNG.runSuitesSequentially(TestNG.java:1224)
  org.testng.TestNG.runSuitesLocally(TestNG.java:1149)
  org.testng.TestNG.run(TestNG.java:1057)
  org.testng.TestNG.privateMain(TestNG.java:1364)
  org.testng.TestNG.main(TestNG.java:1333)
]]>
      </failure>

          </testcase>
            <testcase name="Step14_ClickOnCancelButton" time="0.001" classname="in.valtech.RoadScholar.test.UTP_TC_20">
                <failure type="java.lang.NullPointerException"
                  message="(null)"
              >
<![CDATA[java.lang.NullPointerException
  in.valtech.util.Screenshot.onTestSkipped(Screenshot.java:171)
  org.testng.internal.Invoker.runTestListeners(Invoker.java:1887)
  org.testng.internal.Invoker.runTestListeners(Invoker.java:1879)
  org.testng.internal.Invoker.invokeMethod(Invoker.java:778)
  org.testng.internal.Invoker.invokeTestMethod(Invoker.java:901)
  org.testng.internal.Invoker.invokeTestMethods(Invoker.java:1231)
  org.testng.internal.TestMethodWorker.invokeTestMethods(TestMethodWorker.java:127)
  org.testng.internal.TestMethodWorker.run(TestMethodWorker.java:111)
  org.testng.TestRunner.privateRun(TestRunner.java:767)
  org.testng.TestRunner.run(TestRunner.java:617)
  org.testng.SuiteRunner.runTest(SuiteRunner.java:334)
  org.testng.SuiteRunner.runSequentially(SuiteRunner.java:329)
  org.testng.SuiteRunner.privateRun(SuiteRunner.java:291)
  org.testng.SuiteRunner.run(SuiteRunner.java:240)
  org.testng.SuiteRunnerWorker.runSuite(SuiteRunnerWorker.java:52)
  org.testng.SuiteRunnerWorker.run(SuiteRunnerWorker.java:86)
  org.testng.TestNG.runSuitesSequentially(TestNG.java:1224)
  org.testng.TestNG.runSuitesLocally(TestNG.java:1149)
  org.testng.TestNG.run(TestNG.java:1057)
  org.testng.TestNG.privateMain(TestNG.java:1364)
  org.testng.TestNG.main(TestNG.java:1333)
]]>
      </failure>

          </testcase>
            <testcase name="Step01_HOMEPAGE_URL" time="0.000" classname="in.valtech.RoadScholar.test.UTP_TC_20">
                <failure type="java.lang.NullPointerException"
                  message="(null)"
              >
<![CDATA[java.lang.NullPointerException
  in.valtech.util.Screenshot.onTestSkipped(Screenshot.java:171)
  org.testng.internal.Invoker.runTestListeners(Invoker.java:1887)
  org.testng.internal.Invoker.runTestListeners(Invoker.java:1879)
  org.testng.internal.Invoker.invokeMethod(Invoker.java:778)
  org.testng.internal.Invoker.invokeTestMethod(Invoker.java:901)
  org.testng.internal.Invoker.invokeTestMethods(Invoker.java:1231)
  org.testng.internal.TestMethodWorker.invokeTestMethods(TestMethodWorker.java:127)
  org.testng.internal.TestMethodWorker.run(TestMethodWorker.java:111)
  org.testng.TestRunner.privateRun(TestRunner.java:767)
  org.testng.TestRunner.run(TestRunner.java:617)
  org.testng.SuiteRunner.runTest(SuiteRunner.java:334)
  org.testng.SuiteRunner.runSequentially(SuiteRunner.java:329)
  org.testng.SuiteRunner.privateRun(SuiteRunner.java:291)
  org.testng.SuiteRunner.run(SuiteRunner.java:240)
  org.testng.SuiteRunnerWorker.runSuite(SuiteRunnerWorker.java:52)
  org.testng.SuiteRunnerWorker.run(SuiteRunnerWorker.java:86)
  org.testng.TestNG.runSuitesSequentially(TestNG.java:1224)
  org.testng.TestNG.runSuitesLocally(TestNG.java:1149)
  org.testng.TestNG.run(TestNG.java:1057)
  org.testng.TestNG.privateMain(TestNG.java:1364)
  org.testng.TestNG.main(TestNG.java:1333)
]]>
      </failure>

          </testcase>
  
            <testcase name="methodLevelSetup" time="0.0" classname="in.valtech.RoadScholar.test.UTP_TC_20">
          <skipped />
    </testcase>
            <testcase name="methodLevelTearDown" time="0.0" classname="in.valtech.RoadScholar.test.UTP_TC_20">
          <skipped />
    </testcase>
            <testcase name="classLevelTearDown" time="0.0" classname="in.valtech.RoadScholar.test.UTP_TC_20">
          <skipped />
    </testcase>
            <testcase name="methodLevelTearDown" time="0.0" classname="in.valtech.RoadScholar.test.UTP_TC_20">
          <skipped />
    </testcase>
            <testcase name="methodLevelSetup" time="0.0" classname="in.valtech.RoadScholar.test.UTP_TC_20">
          <skipped />
    </testcase>
            <testcase name="methodLevelTearDown" time="0.0" classname="in.valtech.RoadScholar.test.UTP_TC_20">
          <skipped />
    </testcase>
            <testcase name="methodLevelSetup" time="0.0" classname="in.valtech.RoadScholar.test.UTP_TC_20">
          <skipped />
    </testcase>
            <testcase name="methodLevelTearDown" time="0.0" classname="in.valtech.RoadScholar.test.UTP_TC_20">
          <skipped />
    </testcase>
            <testcase name="methodLevelSetup" time="0.0" classname="in.valtech.RoadScholar.test.UTP_TC_20">
          <skipped />
    </testcase>
            <testcase name="methodLevelSetup" time="0.0" classname="in.valtech.RoadScholar.test.UTP_TC_20">
          <skipped />
    </testcase>
            <testcase name="methodLevelSetup" time="0.0" classname="in.valtech.RoadScholar.test.UTP_TC_20">
          <skipped />
    </testcase>
            <testcase name="methodLevelTearDown" time="0.0" classname="in.valtech.RoadScholar.test.UTP_TC_20">
          <skipped />
    </testcase>
            <testcase name="methodLevelSetup" time="0.0" classname="in.valtech.RoadScholar.test.UTP_TC_20">
          <skipped />
    </testcase>
            <testcase name="methodLevelSetup" time="0.0" classname="in.valtech.RoadScholar.test.UTP_TC_20">
          <skipped />
    </testcase>
            <testcase name="methodLevelTearDown" time="0.0" classname="in.valtech.RoadScholar.test.UTP_TC_20">
          <skipped />
    </testcase>
            <testcase name="methodLevelTearDown" time="0.0" classname="in.valtech.RoadScholar.test.UTP_TC_20">
          <skipped />
    </testcase>
            <testcase name="methodLevelSetup" time="0.0" classname="in.valtech.RoadScholar.test.UTP_TC_20">
          <skipped />
    </testcase>
            <testcase name="methodLevelTearDown" time="0.0" classname="in.valtech.RoadScholar.test.UTP_TC_20">
          <skipped />
    </testcase>
            <testcase name="methodLevelSetup" time="0.0" classname="in.valtech.RoadScholar.test.UTP_TC_20">
          <skipped />
    </testcase>
            <testcase name="methodLevelSetup" time="0.0" classname="in.valtech.RoadScholar.test.UTP_TC_20">
          <skipped />
    </testcase>
            <testcase name="methodLevelSetup" time="0.0" classname="in.valtech.RoadScholar.test.UTP_TC_20">
          <skipped />
    </testcase>
            <testcase name="methodLevelTearDown" time="0.0" classname="in.valtech.RoadScholar.test.UTP_TC_20">
          <skipped />
    </testcase>
            <testcase name="methodLevelSetup" time="0.0" classname="in.valtech.RoadScholar.test.UTP_TC_20">
          <skipped />
    </testcase>
            <testcase name="methodLevelSetup" time="0.0" classname="in.valtech.RoadScholar.test.UTP_TC_20">
          <skipped />
    </testcase>
            <testcase name="methodLevelTearDown" time="0.0" classname="in.valtech.RoadScholar.test.UTP_TC_20">
          <skipped />
    </testcase>
            <testcase name="methodLevelTearDown" time="0.0" classname="in.valtech.RoadScholar.test.UTP_TC_20">
          <skipped />
    </testcase>
            <testcase name="methodLevelTearDown" time="0.0" classname="in.valtech.RoadScholar.test.UTP_TC_20">
          <skipped />
    </testcase>
            <testcase name="methodLevelTearDown" time="0.0" classname="in.valtech.RoadScholar.test.UTP_TC_20">
          <skipped />
    </testcase>
            <testcase name="methodLevelTearDown" time="0.0" classname="in.valtech.RoadScholar.test.UTP_TC_20">
          <skipped />
    </testcase>
  
  
</testsuite>
