<?xml version="1.0" encoding="UTF-8"?>
<testsuite name="Personal Information Page_PIP_TC_31_PIP_TC_31"
           tests="19"
           failures="1"
           errors="0"
           skipped="17"
           time="128.253">
  <properties />
            <testcase name="step08_changeEmailAddressandClickOnChangepasswordLink" time="76.110" classname="in.valtech.RoadScholar.test.PIP_TC_31">
                <failure type="java.lang.IllegalStateException"
                  message="This is not the RS PersonalInformaion  page"
              >
<![CDATA[java.lang.IllegalStateException: This is not the RS PersonalInformaion  page
  in.valtech.RoadScholar.pages.PersonalInformationPage.<init>(PersonalInformationPage.java:31)
  in.valtech.RoadScholar.pages.PersonalInformationPage.ChangeEmailAndSave(PersonalInformationPage.java:233)
  in.valtech.RoadScholar.test.PIP_TC_31.step08_changeEmailAddressandClickOnChangepasswordLink(PIP_TC_31.java:42)
  sun.reflect.NativeMethodAccessorImpl.invoke0(Native Method)
  sun.reflect.NativeMethodAccessorImpl.invoke(NativeMethodAccessorImpl.java:57)
  sun.reflect.DelegatingMethodAccessorImpl.invoke(DelegatingMethodAccessorImpl.java:43)
  java.lang.reflect.Method.invoke(Method.java:606)
  org.testng.internal.MethodInvocationHelper.invokeMethod(MethodInvocationHelper.java:84)
  org.testng.internal.Invoker.invokeMethod(Invoker.java:714)
  org.testng.internal.Invoker.invokeTestMethod(Invoker.java:901)
  org.testng.internal.Invoker.invokeTestMethods(Invoker.java:1231)
  org.testng.internal.TestMethodWorker.invokeTestMethods(TestMethodWorker.java:127)
  org.testng.internal.TestMethodWorker.run(TestMethodWorker.java:111)
  org.testng.TestRunner.privateRun(TestRunner.java:767)
  org.testng.TestRunner.run(TestRunner.java:617)
  org.testng.SuiteRunner.runTest(SuiteRunner.java:334)
  org.testng.SuiteRunner.runSequentially(SuiteRunner.java:329)
  org.testng.SuiteRunner.privateRun(SuiteRunner.java:291)
  org.testng.SuiteRunner.run(SuiteRunner.java:240)
  org.testng.SuiteRunnerWorker.runSuite(SuiteRunnerWorker.java:52)
  org.testng.SuiteRunnerWorker.run(SuiteRunnerWorker.java:86)
  org.testng.TestNG.runSuitesSequentially(TestNG.java:1224)
  org.testng.TestNG.runSuitesLocally(TestNG.java:1149)
  org.testng.TestNG.run(TestNG.java:1057)
  org.testng.TestNG.privateMain(TestNG.java:1364)
  org.testng.TestNG.main(TestNG.java:1333)
]]>
      </failure>

          </testcase>
  
            <testcase name="classLevelTearDown" time="0.0" classname="in.valtech.RoadScholar.test.PIP_TC_31">
          <skipped />
    </testcase>
            <testcase name="methodLevelTearDown" time="0.0" classname="in.valtech.RoadScholar.test.PIP_TC_31">
          <skipped />
    </testcase>
            <testcase name="methodLevelTearDown" time="0.0" classname="in.valtech.RoadScholar.test.PIP_TC_31">
          <skipped />
    </testcase>
            <testcase name="methodLevelSetup" time="0.0" classname="in.valtech.RoadScholar.test.PIP_TC_31">
          <skipped />
    </testcase>
            <testcase name="methodLevelSetup" time="0.0" classname="in.valtech.RoadScholar.test.PIP_TC_31">
          <skipped />
    </testcase>
            <testcase name="methodLevelTearDown" time="0.0" classname="in.valtech.RoadScholar.test.PIP_TC_31">
          <skipped />
    </testcase>
            <testcase name="methodLevelSetup" time="0.0" classname="in.valtech.RoadScholar.test.PIP_TC_31">
          <skipped />
    </testcase>
            <testcase name="methodLevelTearDown" time="0.0" classname="in.valtech.RoadScholar.test.PIP_TC_31">
          <skipped />
    </testcase>
            <testcase name="methodLevelSetup" time="0.0" classname="in.valtech.RoadScholar.test.PIP_TC_31">
          <skipped />
    </testcase>
            <testcase name="methodLevelSetup" time="0.0" classname="in.valtech.RoadScholar.test.PIP_TC_31">
          <skipped />
    </testcase>
            <testcase name="methodLevelTearDown" time="0.0" classname="in.valtech.RoadScholar.test.PIP_TC_31">
          <skipped />
    </testcase>
            <testcase name="methodLevelTearDown" time="0.0" classname="in.valtech.RoadScholar.test.PIP_TC_31">
          <skipped />
    </testcase>
            <testcase name="step09_clickOnChangePasswordlink" time="0.0" classname="in.valtech.RoadScholar.test.PIP_TC_31">
          <skipped />
    </testcase>
            <testcase name="step12_ClickOnSaveButton" time="0.0" classname="in.valtech.RoadScholar.test.PIP_TC_31">
          <skipped />
    </testcase>
            <testcase name="step13_VerifySuccesssMessage" time="0.0" classname="in.valtech.RoadScholar.test.PIP_TC_31">
          <skipped />
    </testcase>
            <testcase name="step11_EnterValueInReTypePasswordField" time="0.0" classname="in.valtech.RoadScholar.test.PIP_TC_31">
          <skipped />
    </testcase>
            <testcase name="step10_enterValueInPasswordField" time="0.0" classname="in.valtech.RoadScholar.test.PIP_TC_31">
          <skipped />
    </testcase>
  
            <testcase name="step07_clickOnPersonalInformationLink" time="52.143" classname="in.valtech.RoadScholar.test.PIP_TC_31" />
      
</testsuite>
