<?xml version="1.0" encoding="UTF-8"?>
<testsuite name="Checkout_ThankYou_CTY_TC_52_CTY_TC_52"
           tests="50"
           failures="26"
           errors="0"
           skipped="0"
           time="1346.233">
  <properties />
            <testcase name="step28_clickIAcceptButton" time="30.018" classname="in.valtech.RoadScholar.test.CTY_TC_52">
                <failure type="org.openqa.selenium.NoSuchElementException"
                  message="no such element
  (Session info: chrome=53.0.2785.143)
  (Driver info: chromedriver=2.8.241075,platform=Windows NT 6.1 SP1 x86_64) (WARNING: The server did not provide any stacktrace information)
Command duration or timeout: 30.01 seconds
For documentation on this error, please visit: http://seleniumhq.org/exceptions/no_such_element.html
Build info: version: &apos;2.43.1&apos;, revision: &apos;5163bce&apos;, time: &apos;2014-09-10 16:27:33&apos;
System info: host: &apos;VDC01LDW0013&apos;, ip: &apos;192.168.155.35&apos;, os.name: &apos;Windows 7&apos;, os.arch: &apos;amd64&apos;, os.version: &apos;6.1&apos;, java.version: &apos;1.7.0_40&apos;
Session ID: d32913f409b47e31e06607caf9305e2f
Driver info: org.openqa.selenium.chrome.ChromeDriver
Capabilities [{platform=XP, acceptSslCerts=true, javascriptEnabled=true, browserName=chrome, chrome={userDataDir=C:\Users\RANI~1.KUM\AppData\Local\Temp\scoped_dir6516_16777}, rotatable=false, locationContextEnabled=true, version=53.0.2785.143, takesHeapSnapshot=true, cssSelectorsEnabled=true, databaseEnabled=false, handlesAlerts=true, browserConnectionEnabled=false, nativeEvents=true, webStorageEnabled=true, applicationCacheEnabled=false, takesScreenshot=true}]"
              >
<![CDATA[org.openqa.selenium.NoSuchElementException: no such element
  (Session info: chrome=53.0.2785.143)
  (Driver info: chromedriver=2.8.241075,platform=Windows NT 6.1 SP1 x86_64) (WARNING: The server did not provide any stacktrace information)
Command duration or timeout: 30.01 seconds
For documentation on this error, please visit: http://seleniumhq.org/exceptions/no_such_element.html
Build info: version: '2.43.1', revision: '5163bce', time: '2014-09-10 16:27:33'
System info: host: 'VDC01LDW0013', ip: '192.168.155.35', os.name: 'Windows 7', os.arch: 'amd64', os.version: '6.1', java.version: '1.7.0_40'
Session ID: d32913f409b47e31e06607caf9305e2f
Driver info: org.openqa.selenium.chrome.ChromeDriver
Capabilities [{platform=XP, acceptSslCerts=true, javascriptEnabled=true, browserName=chrome, chrome={userDataDir=C:\Users\RANI~1.KUM\AppData\Local\Temp\scoped_dir6516_16777}, rotatable=false, locationContextEnabled=true, version=53.0.2785.143, takesHeapSnapshot=true, cssSelectorsEnabled=true, databaseEnabled=false, handlesAlerts=true, browserConnectionEnabled=false, nativeEvents=true, webStorageEnabled=true, applicationCacheEnabled=false, takesScreenshot=true}]
  sun.reflect.NativeConstructorAccessorImpl.newInstance0(Native Method)
  sun.reflect.NativeConstructorAccessorImpl.newInstance(NativeConstructorAccessorImpl.java:57)
  sun.reflect.DelegatingConstructorAccessorImpl.newInstance(DelegatingConstructorAccessorImpl.java:45)
  java.lang.reflect.Constructor.newInstance(Constructor.java:526)
  org.openqa.selenium.remote.ErrorHandler.createThrowable(ErrorHandler.java:204)
  org.openqa.selenium.remote.ErrorHandler.throwIfResponseFailed(ErrorHandler.java:156)
  org.openqa.selenium.remote.RemoteWebDriver.execute(RemoteWebDriver.java:599)
  org.openqa.selenium.remote.RemoteWebDriver.findElement(RemoteWebDriver.java:352)
  org.openqa.selenium.remote.RemoteWebDriver.findElementByXPath(RemoteWebDriver.java:449)
  org.openqa.selenium.By$ByXPath.findElement(By.java:357)
  org.openqa.selenium.remote.RemoteWebDriver.findElement(RemoteWebDriver.java:344)
  in.valtech.RoadScholar.pages.CheckOutStep3.<init>(CheckOutStep3.java:30)
  in.valtech.RoadScholar.test.CTY_TC_52.step28_clickIAcceptButton(CTY_TC_52.java:372)
  sun.reflect.NativeMethodAccessorImpl.invoke0(Native Method)
  sun.reflect.NativeMethodAccessorImpl.invoke(NativeMethodAccessorImpl.java:57)
  sun.reflect.DelegatingMethodAccessorImpl.invoke(DelegatingMethodAccessorImpl.java:43)
  java.lang.reflect.Method.invoke(Method.java:606)
  org.testng.internal.MethodInvocationHelper.invokeMethod(MethodInvocationHelper.java:84)
  org.testng.internal.Invoker.invokeMethod(Invoker.java:714)
  org.testng.internal.Invoker.invokeTestMethod(Invoker.java:901)
  org.testng.internal.Invoker.invokeTestMethods(Invoker.java:1231)
  org.testng.internal.TestMethodWorker.invokeTestMethods(TestMethodWorker.java:127)
  org.testng.internal.TestMethodWorker.run(TestMethodWorker.java:111)
  org.testng.TestRunner.privateRun(TestRunner.java:767)
  org.testng.TestRunner.run(TestRunner.java:617)
  org.testng.SuiteRunner.runTest(SuiteRunner.java:334)
  org.testng.SuiteRunner.runSequentially(SuiteRunner.java:329)
  org.testng.SuiteRunner.privateRun(SuiteRunner.java:291)
  org.testng.SuiteRunner.run(SuiteRunner.java:240)
  org.testng.SuiteRunnerWorker.runSuite(SuiteRunnerWorker.java:52)
  org.testng.SuiteRunnerWorker.run(SuiteRunnerWorker.java:86)
  org.testng.TestNG.runSuitesSequentially(TestNG.java:1224)
  org.testng.TestNG.runSuitesLocally(TestNG.java:1149)
  org.testng.TestNG.run(TestNG.java:1057)
  org.testng.TestNG.privateMain(TestNG.java:1364)
  org.testng.TestNG.main(TestNG.java:1333)
]]>
      </failure>

          </testcase>
            <testcase name="step27_clickOnOkayButton" time="30.031" classname="in.valtech.RoadScholar.test.CTY_TC_52">
                <failure type="org.openqa.selenium.NoSuchElementException"
                  message="no such element
  (Session info: chrome=53.0.2785.143)
  (Driver info: chromedriver=2.8.241075,platform=Windows NT 6.1 SP1 x86_64) (WARNING: The server did not provide any stacktrace information)
Command duration or timeout: 30.02 seconds
For documentation on this error, please visit: http://seleniumhq.org/exceptions/no_such_element.html
Build info: version: &apos;2.43.1&apos;, revision: &apos;5163bce&apos;, time: &apos;2014-09-10 16:27:33&apos;
System info: host: &apos;VDC01LDW0013&apos;, ip: &apos;192.168.155.35&apos;, os.name: &apos;Windows 7&apos;, os.arch: &apos;amd64&apos;, os.version: &apos;6.1&apos;, java.version: &apos;1.7.0_40&apos;
Session ID: d32913f409b47e31e06607caf9305e2f
Driver info: org.openqa.selenium.chrome.ChromeDriver
Capabilities [{platform=XP, acceptSslCerts=true, javascriptEnabled=true, browserName=chrome, chrome={userDataDir=C:\Users\RANI~1.KUM\AppData\Local\Temp\scoped_dir6516_16777}, rotatable=false, locationContextEnabled=true, version=53.0.2785.143, takesHeapSnapshot=true, cssSelectorsEnabled=true, databaseEnabled=false, handlesAlerts=true, browserConnectionEnabled=false, nativeEvents=true, webStorageEnabled=true, applicationCacheEnabled=false, takesScreenshot=true}]"
              >
<![CDATA[org.openqa.selenium.NoSuchElementException: no such element
  (Session info: chrome=53.0.2785.143)
  (Driver info: chromedriver=2.8.241075,platform=Windows NT 6.1 SP1 x86_64) (WARNING: The server did not provide any stacktrace information)
Command duration or timeout: 30.02 seconds
For documentation on this error, please visit: http://seleniumhq.org/exceptions/no_such_element.html
Build info: version: '2.43.1', revision: '5163bce', time: '2014-09-10 16:27:33'
System info: host: 'VDC01LDW0013', ip: '192.168.155.35', os.name: 'Windows 7', os.arch: 'amd64', os.version: '6.1', java.version: '1.7.0_40'
Session ID: d32913f409b47e31e06607caf9305e2f
Driver info: org.openqa.selenium.chrome.ChromeDriver
Capabilities [{platform=XP, acceptSslCerts=true, javascriptEnabled=true, browserName=chrome, chrome={userDataDir=C:\Users\RANI~1.KUM\AppData\Local\Temp\scoped_dir6516_16777}, rotatable=false, locationContextEnabled=true, version=53.0.2785.143, takesHeapSnapshot=true, cssSelectorsEnabled=true, databaseEnabled=false, handlesAlerts=true, browserConnectionEnabled=false, nativeEvents=true, webStorageEnabled=true, applicationCacheEnabled=false, takesScreenshot=true}]
  sun.reflect.NativeConstructorAccessorImpl.newInstance0(Native Method)
  sun.reflect.NativeConstructorAccessorImpl.newInstance(NativeConstructorAccessorImpl.java:57)
  sun.reflect.DelegatingConstructorAccessorImpl.newInstance(DelegatingConstructorAccessorImpl.java:45)
  java.lang.reflect.Constructor.newInstance(Constructor.java:526)
  org.openqa.selenium.remote.ErrorHandler.createThrowable(ErrorHandler.java:204)
  org.openqa.selenium.remote.ErrorHandler.throwIfResponseFailed(ErrorHandler.java:156)
  org.openqa.selenium.remote.RemoteWebDriver.execute(RemoteWebDriver.java:599)
  org.openqa.selenium.remote.RemoteWebDriver.findElement(RemoteWebDriver.java:352)
  org.openqa.selenium.remote.RemoteWebDriver.findElementByXPath(RemoteWebDriver.java:449)
  org.openqa.selenium.By$ByXPath.findElement(By.java:357)
  org.openqa.selenium.remote.RemoteWebDriver.findElement(RemoteWebDriver.java:344)
  in.valtech.RoadScholar.pages.CheckOutStep3.<init>(CheckOutStep3.java:30)
  in.valtech.RoadScholar.test.CTY_TC_52.step27_clickOnOkayButton(CTY_TC_52.java:360)
  sun.reflect.NativeMethodAccessorImpl.invoke0(Native Method)
  sun.reflect.NativeMethodAccessorImpl.invoke(NativeMethodAccessorImpl.java:57)
  sun.reflect.DelegatingMethodAccessorImpl.invoke(DelegatingMethodAccessorImpl.java:43)
  java.lang.reflect.Method.invoke(Method.java:606)
  org.testng.internal.MethodInvocationHelper.invokeMethod(MethodInvocationHelper.java:84)
  org.testng.internal.Invoker.invokeMethod(Invoker.java:714)
  org.testng.internal.Invoker.invokeTestMethod(Invoker.java:901)
  org.testng.internal.Invoker.invokeTestMethods(Invoker.java:1231)
  org.testng.internal.TestMethodWorker.invokeTestMethods(TestMethodWorker.java:127)
  org.testng.internal.TestMethodWorker.run(TestMethodWorker.java:111)
  org.testng.TestRunner.privateRun(TestRunner.java:767)
  org.testng.TestRunner.run(TestRunner.java:617)
  org.testng.SuiteRunner.runTest(SuiteRunner.java:334)
  org.testng.SuiteRunner.runSequentially(SuiteRunner.java:329)
  org.testng.SuiteRunner.privateRun(SuiteRunner.java:291)
  org.testng.SuiteRunner.run(SuiteRunner.java:240)
  org.testng.SuiteRunnerWorker.runSuite(SuiteRunnerWorker.java:52)
  org.testng.SuiteRunnerWorker.run(SuiteRunnerWorker.java:86)
  org.testng.TestNG.runSuitesSequentially(TestNG.java:1224)
  org.testng.TestNG.runSuitesLocally(TestNG.java:1149)
  org.testng.TestNG.run(TestNG.java:1057)
  org.testng.TestNG.privateMain(TestNG.java:1364)
  org.testng.TestNG.main(TestNG.java:1333)
]]>
      </failure>

          </testcase>
            <testcase name="Step24_clickOnContinueBtn" time="30.027" classname="in.valtech.RoadScholar.test.CTY_TC_52">
                <failure type="org.openqa.selenium.NoSuchElementException"
                  message="no such element
  (Session info: chrome=53.0.2785.143)
  (Driver info: chromedriver=2.8.241075,platform=Windows NT 6.1 SP1 x86_64) (WARNING: The server did not provide any stacktrace information)
Command duration or timeout: 30.03 seconds
For documentation on this error, please visit: http://seleniumhq.org/exceptions/no_such_element.html
Build info: version: &apos;2.43.1&apos;, revision: &apos;5163bce&apos;, time: &apos;2014-09-10 16:27:33&apos;
System info: host: &apos;VDC01LDW0013&apos;, ip: &apos;192.168.155.35&apos;, os.name: &apos;Windows 7&apos;, os.arch: &apos;amd64&apos;, os.version: &apos;6.1&apos;, java.version: &apos;1.7.0_40&apos;
Session ID: d32913f409b47e31e06607caf9305e2f
Driver info: org.openqa.selenium.chrome.ChromeDriver
Capabilities [{platform=XP, acceptSslCerts=true, javascriptEnabled=true, browserName=chrome, chrome={userDataDir=C:\Users\RANI~1.KUM\AppData\Local\Temp\scoped_dir6516_16777}, rotatable=false, locationContextEnabled=true, version=53.0.2785.143, takesHeapSnapshot=true, cssSelectorsEnabled=true, databaseEnabled=false, handlesAlerts=true, browserConnectionEnabled=false, nativeEvents=true, webStorageEnabled=true, applicationCacheEnabled=false, takesScreenshot=true}]"
              >
<![CDATA[org.openqa.selenium.NoSuchElementException: no such element
  (Session info: chrome=53.0.2785.143)
  (Driver info: chromedriver=2.8.241075,platform=Windows NT 6.1 SP1 x86_64) (WARNING: The server did not provide any stacktrace information)
Command duration or timeout: 30.03 seconds
For documentation on this error, please visit: http://seleniumhq.org/exceptions/no_such_element.html
Build info: version: '2.43.1', revision: '5163bce', time: '2014-09-10 16:27:33'
System info: host: 'VDC01LDW0013', ip: '192.168.155.35', os.name: 'Windows 7', os.arch: 'amd64', os.version: '6.1', java.version: '1.7.0_40'
Session ID: d32913f409b47e31e06607caf9305e2f
Driver info: org.openqa.selenium.chrome.ChromeDriver
Capabilities [{platform=XP, acceptSslCerts=true, javascriptEnabled=true, browserName=chrome, chrome={userDataDir=C:\Users\RANI~1.KUM\AppData\Local\Temp\scoped_dir6516_16777}, rotatable=false, locationContextEnabled=true, version=53.0.2785.143, takesHeapSnapshot=true, cssSelectorsEnabled=true, databaseEnabled=false, handlesAlerts=true, browserConnectionEnabled=false, nativeEvents=true, webStorageEnabled=true, applicationCacheEnabled=false, takesScreenshot=true}]
  sun.reflect.NativeConstructorAccessorImpl.newInstance0(Native Method)
  sun.reflect.NativeConstructorAccessorImpl.newInstance(NativeConstructorAccessorImpl.java:57)
  sun.reflect.DelegatingConstructorAccessorImpl.newInstance(DelegatingConstructorAccessorImpl.java:45)
  java.lang.reflect.Constructor.newInstance(Constructor.java:526)
  org.openqa.selenium.remote.ErrorHandler.createThrowable(ErrorHandler.java:204)
  org.openqa.selenium.remote.ErrorHandler.throwIfResponseFailed(ErrorHandler.java:156)
  org.openqa.selenium.remote.RemoteWebDriver.execute(RemoteWebDriver.java:599)
  org.openqa.selenium.remote.RemoteWebDriver.findElement(RemoteWebDriver.java:352)
  org.openqa.selenium.remote.RemoteWebDriver.findElementByXPath(RemoteWebDriver.java:449)
  org.openqa.selenium.By$ByXPath.findElement(By.java:357)
  org.openqa.selenium.remote.RemoteWebDriver.findElement(RemoteWebDriver.java:344)
  in.valtech.RoadScholar.pages.CheckOutStep2.<init>(CheckOutStep2.java:29)
  in.valtech.RoadScholar.test.CTY_TC_52.Step24_clickOnContinueBtn(CTY_TC_52.java:323)
  sun.reflect.NativeMethodAccessorImpl.invoke0(Native Method)
  sun.reflect.NativeMethodAccessorImpl.invoke(NativeMethodAccessorImpl.java:57)
  sun.reflect.DelegatingMethodAccessorImpl.invoke(DelegatingMethodAccessorImpl.java:43)
  java.lang.reflect.Method.invoke(Method.java:606)
  org.testng.internal.MethodInvocationHelper.invokeMethod(MethodInvocationHelper.java:84)
  org.testng.internal.Invoker.invokeMethod(Invoker.java:714)
  org.testng.internal.Invoker.invokeTestMethod(Invoker.java:901)
  org.testng.internal.Invoker.invokeTestMethods(Invoker.java:1231)
  org.testng.internal.TestMethodWorker.invokeTestMethods(TestMethodWorker.java:127)
  org.testng.internal.TestMethodWorker.run(TestMethodWorker.java:111)
  org.testng.TestRunner.privateRun(TestRunner.java:767)
  org.testng.TestRunner.run(TestRunner.java:617)
  org.testng.SuiteRunner.runTest(SuiteRunner.java:334)
  org.testng.SuiteRunner.runSequentially(SuiteRunner.java:329)
  org.testng.SuiteRunner.privateRun(SuiteRunner.java:291)
  org.testng.SuiteRunner.run(SuiteRunner.java:240)
  org.testng.SuiteRunnerWorker.runSuite(SuiteRunnerWorker.java:52)
  org.testng.SuiteRunnerWorker.run(SuiteRunnerWorker.java:86)
  org.testng.TestNG.runSuitesSequentially(TestNG.java:1224)
  org.testng.TestNG.runSuitesLocally(TestNG.java:1149)
  org.testng.TestNG.run(TestNG.java:1057)
  org.testng.TestNG.privateMain(TestNG.java:1364)
  org.testng.TestNG.main(TestNG.java:1333)
]]>
      </failure>

          </testcase>
            <testcase name="Step14_selectNoInterfaceRadioBtn" time="0.000" classname="in.valtech.RoadScholar.test.CTY_TC_52">
                <failure type="java.lang.IllegalArgumentException"
                  message="Cannot find elements when the XPath expression is null."
              >
<![CDATA[java.lang.IllegalArgumentException: Cannot find elements when the XPath expression is null.
  org.openqa.selenium.By.xpath(By.java:112)
  in.valtech.RoadScholar.pages.CheckOutStep1.<init>(CheckOutStep1.java:65)
  in.valtech.RoadScholar.test.CTY_TC_52.Step14_selectNoInterfaceRadioBtn(CTY_TC_52.java:195)
  sun.reflect.NativeMethodAccessorImpl.invoke0(Native Method)
  sun.reflect.NativeMethodAccessorImpl.invoke(NativeMethodAccessorImpl.java:57)
  sun.reflect.DelegatingMethodAccessorImpl.invoke(DelegatingMethodAccessorImpl.java:43)
  java.lang.reflect.Method.invoke(Method.java:606)
  org.testng.internal.MethodInvocationHelper.invokeMethod(MethodInvocationHelper.java:84)
  org.testng.internal.Invoker.invokeMethod(Invoker.java:714)
  org.testng.internal.Invoker.invokeTestMethod(Invoker.java:901)
  org.testng.internal.Invoker.invokeTestMethods(Invoker.java:1231)
  org.testng.internal.TestMethodWorker.invokeTestMethods(TestMethodWorker.java:127)
  org.testng.internal.TestMethodWorker.run(TestMethodWorker.java:111)
  org.testng.TestRunner.privateRun(TestRunner.java:767)
  org.testng.TestRunner.run(TestRunner.java:617)
  org.testng.SuiteRunner.runTest(SuiteRunner.java:334)
  org.testng.SuiteRunner.runSequentially(SuiteRunner.java:329)
  org.testng.SuiteRunner.privateRun(SuiteRunner.java:291)
  org.testng.SuiteRunner.run(SuiteRunner.java:240)
  org.testng.SuiteRunnerWorker.runSuite(SuiteRunnerWorker.java:52)
  org.testng.SuiteRunnerWorker.run(SuiteRunnerWorker.java:86)
  org.testng.TestNG.runSuitesSequentially(TestNG.java:1224)
  org.testng.TestNG.runSuitesLocally(TestNG.java:1149)
  org.testng.TestNG.run(TestNG.java:1057)
  org.testng.TestNG.privateMain(TestNG.java:1364)
  org.testng.TestNG.main(TestNG.java:1333)
]]>
      </failure>

          </testcase>
            <testcase name="step48_verifyValueOfProgramName" time="35.044" classname="in.valtech.RoadScholar.test.CTY_TC_52">
                <failure type="org.openqa.selenium.NoSuchElementException"
                  message="no such element
  (Session info: chrome=53.0.2785.143)
  (Driver info: chromedriver=2.8.241075,platform=Windows NT 6.1 SP1 x86_64) (WARNING: The server did not provide any stacktrace information)
Command duration or timeout: 30.03 seconds
For documentation on this error, please visit: http://seleniumhq.org/exceptions/no_such_element.html
Build info: version: &apos;2.43.1&apos;, revision: &apos;5163bce&apos;, time: &apos;2014-09-10 16:27:33&apos;
System info: host: &apos;VDC01LDW0013&apos;, ip: &apos;192.168.155.35&apos;, os.name: &apos;Windows 7&apos;, os.arch: &apos;amd64&apos;, os.version: &apos;6.1&apos;, java.version: &apos;1.7.0_40&apos;
Session ID: d32913f409b47e31e06607caf9305e2f
Driver info: org.openqa.selenium.chrome.ChromeDriver
Capabilities [{platform=XP, acceptSslCerts=true, javascriptEnabled=true, browserName=chrome, chrome={userDataDir=C:\Users\RANI~1.KUM\AppData\Local\Temp\scoped_dir6516_16777}, rotatable=false, locationContextEnabled=true, version=53.0.2785.143, takesHeapSnapshot=true, cssSelectorsEnabled=true, databaseEnabled=false, handlesAlerts=true, browserConnectionEnabled=false, nativeEvents=true, webStorageEnabled=true, applicationCacheEnabled=false, takesScreenshot=true}]"
              >
<![CDATA[org.openqa.selenium.NoSuchElementException: no such element
  (Session info: chrome=53.0.2785.143)
  (Driver info: chromedriver=2.8.241075,platform=Windows NT 6.1 SP1 x86_64) (WARNING: The server did not provide any stacktrace information)
Command duration or timeout: 30.03 seconds
For documentation on this error, please visit: http://seleniumhq.org/exceptions/no_such_element.html
Build info: version: '2.43.1', revision: '5163bce', time: '2014-09-10 16:27:33'
System info: host: 'VDC01LDW0013', ip: '192.168.155.35', os.name: 'Windows 7', os.arch: 'amd64', os.version: '6.1', java.version: '1.7.0_40'
Session ID: d32913f409b47e31e06607caf9305e2f
Driver info: org.openqa.selenium.chrome.ChromeDriver
Capabilities [{platform=XP, acceptSslCerts=true, javascriptEnabled=true, browserName=chrome, chrome={userDataDir=C:\Users\RANI~1.KUM\AppData\Local\Temp\scoped_dir6516_16777}, rotatable=false, locationContextEnabled=true, version=53.0.2785.143, takesHeapSnapshot=true, cssSelectorsEnabled=true, databaseEnabled=false, handlesAlerts=true, browserConnectionEnabled=false, nativeEvents=true, webStorageEnabled=true, applicationCacheEnabled=false, takesScreenshot=true}]
  sun.reflect.GeneratedConstructorAccessor90.newInstance(Unknown Source)
  sun.reflect.DelegatingConstructorAccessorImpl.newInstance(DelegatingConstructorAccessorImpl.java:45)
  java.lang.reflect.Constructor.newInstance(Constructor.java:526)
  org.openqa.selenium.remote.ErrorHandler.createThrowable(ErrorHandler.java:204)
  org.openqa.selenium.remote.ErrorHandler.throwIfResponseFailed(ErrorHandler.java:156)
  org.openqa.selenium.remote.RemoteWebDriver.execute(RemoteWebDriver.java:599)
  org.openqa.selenium.remote.RemoteWebDriver.findElement(RemoteWebDriver.java:352)
  org.openqa.selenium.remote.RemoteWebDriver.findElementByXPath(RemoteWebDriver.java:449)
  org.openqa.selenium.By$ByXPath.findElement(By.java:357)
  org.openqa.selenium.remote.RemoteWebDriver.findElement(RemoteWebDriver.java:344)
  in.valtech.RoadScholar.pages.CheckOutThankYou.verifyValueProgramName(CheckOutThankYou.java:310)
  in.valtech.RoadScholar.test.CTY_TC_52.step48_verifyValueOfProgramName(CTY_TC_52.java:615)
  sun.reflect.NativeMethodAccessorImpl.invoke0(Native Method)
  sun.reflect.NativeMethodAccessorImpl.invoke(NativeMethodAccessorImpl.java:57)
  sun.reflect.DelegatingMethodAccessorImpl.invoke(DelegatingMethodAccessorImpl.java:43)
  java.lang.reflect.Method.invoke(Method.java:606)
  org.testng.internal.MethodInvocationHelper.invokeMethod(MethodInvocationHelper.java:84)
  org.testng.internal.Invoker.invokeMethod(Invoker.java:714)
  org.testng.internal.Invoker.invokeTestMethod(Invoker.java:901)
  org.testng.internal.Invoker.invokeTestMethods(Invoker.java:1231)
  org.testng.internal.TestMethodWorker.invokeTestMethods(TestMethodWorker.java:127)
  org.testng.internal.TestMethodWorker.run(TestMethodWorker.java:111)
  org.testng.TestRunner.privateRun(TestRunner.java:767)
  org.testng.TestRunner.run(TestRunner.java:617)
  org.testng.SuiteRunner.runTest(SuiteRunner.java:334)
  org.testng.SuiteRunner.runSequentially(SuiteRunner.java:329)
  org.testng.SuiteRunner.privateRun(SuiteRunner.java:291)
  org.testng.SuiteRunner.run(SuiteRunner.java:240)
  org.testng.SuiteRunnerWorker.runSuite(SuiteRunnerWorker.java:52)
  org.testng.SuiteRunnerWorker.run(SuiteRunnerWorker.java:86)
  org.testng.TestNG.runSuitesSequentially(TestNG.java:1224)
  org.testng.TestNG.runSuitesLocally(TestNG.java:1149)
  org.testng.TestNG.run(TestNG.java:1057)
  org.testng.TestNG.privateMain(TestNG.java:1364)
  org.testng.TestNG.main(TestNG.java:1333)
]]>
      </failure>

          </testcase>
            <testcase name="Step11_click" time="0.000" classname="in.valtech.RoadScholar.test.CTY_TC_52">
                <failure type="java.lang.IllegalArgumentException"
                  message="Cannot find elements when the XPath expression is null."
              >
<![CDATA[java.lang.IllegalArgumentException: Cannot find elements when the XPath expression is null.
  org.openqa.selenium.By.xpath(By.java:112)
  in.valtech.RoadScholar.pages.CheckOutStep1.<init>(CheckOutStep1.java:65)
  in.valtech.RoadScholar.test.CTY_TC_52.Step11_click(CTY_TC_52.java:157)
  sun.reflect.NativeMethodAccessorImpl.invoke0(Native Method)
  sun.reflect.NativeMethodAccessorImpl.invoke(NativeMethodAccessorImpl.java:57)
  sun.reflect.DelegatingMethodAccessorImpl.invoke(DelegatingMethodAccessorImpl.java:43)
  java.lang.reflect.Method.invoke(Method.java:606)
  org.testng.internal.MethodInvocationHelper.invokeMethod(MethodInvocationHelper.java:84)
  org.testng.internal.Invoker.invokeMethod(Invoker.java:714)
  org.testng.internal.Invoker.invokeTestMethod(Invoker.java:901)
  org.testng.internal.Invoker.invokeTestMethods(Invoker.java:1231)
  org.testng.internal.TestMethodWorker.invokeTestMethods(TestMethodWorker.java:127)
  org.testng.internal.TestMethodWorker.run(TestMethodWorker.java:111)
  org.testng.TestRunner.privateRun(TestRunner.java:767)
  org.testng.TestRunner.run(TestRunner.java:617)
  org.testng.SuiteRunner.runTest(SuiteRunner.java:334)
  org.testng.SuiteRunner.runSequentially(SuiteRunner.java:329)
  org.testng.SuiteRunner.privateRun(SuiteRunner.java:291)
  org.testng.SuiteRunner.run(SuiteRunner.java:240)
  org.testng.SuiteRunnerWorker.runSuite(SuiteRunnerWorker.java:52)
  org.testng.SuiteRunnerWorker.run(SuiteRunnerWorker.java:86)
  org.testng.TestNG.runSuitesSequentially(TestNG.java:1224)
  org.testng.TestNG.runSuitesLocally(TestNG.java:1149)
  org.testng.TestNG.run(TestNG.java:1057)
  org.testng.TestNG.privateMain(TestNG.java:1364)
  org.testng.TestNG.main(TestNG.java:1333)
]]>
      </failure>

          </testcase>
            <testcase name="step29_clickPayByCheckRadioButton" time="30.024" classname="in.valtech.RoadScholar.test.CTY_TC_52">
                <failure type="org.openqa.selenium.NoSuchElementException"
                  message="no such element
  (Session info: chrome=53.0.2785.143)
  (Driver info: chromedriver=2.8.241075,platform=Windows NT 6.1 SP1 x86_64) (WARNING: The server did not provide any stacktrace information)
Command duration or timeout: 30.01 seconds
For documentation on this error, please visit: http://seleniumhq.org/exceptions/no_such_element.html
Build info: version: &apos;2.43.1&apos;, revision: &apos;5163bce&apos;, time: &apos;2014-09-10 16:27:33&apos;
System info: host: &apos;VDC01LDW0013&apos;, ip: &apos;192.168.155.35&apos;, os.name: &apos;Windows 7&apos;, os.arch: &apos;amd64&apos;, os.version: &apos;6.1&apos;, java.version: &apos;1.7.0_40&apos;
Session ID: d32913f409b47e31e06607caf9305e2f
Driver info: org.openqa.selenium.chrome.ChromeDriver
Capabilities [{platform=XP, acceptSslCerts=true, javascriptEnabled=true, browserName=chrome, chrome={userDataDir=C:\Users\RANI~1.KUM\AppData\Local\Temp\scoped_dir6516_16777}, rotatable=false, locationContextEnabled=true, version=53.0.2785.143, takesHeapSnapshot=true, cssSelectorsEnabled=true, databaseEnabled=false, handlesAlerts=true, browserConnectionEnabled=false, nativeEvents=true, webStorageEnabled=true, applicationCacheEnabled=false, takesScreenshot=true}]"
              >
<![CDATA[org.openqa.selenium.NoSuchElementException: no such element
  (Session info: chrome=53.0.2785.143)
  (Driver info: chromedriver=2.8.241075,platform=Windows NT 6.1 SP1 x86_64) (WARNING: The server did not provide any stacktrace information)
Command duration or timeout: 30.01 seconds
For documentation on this error, please visit: http://seleniumhq.org/exceptions/no_such_element.html
Build info: version: '2.43.1', revision: '5163bce', time: '2014-09-10 16:27:33'
System info: host: 'VDC01LDW0013', ip: '192.168.155.35', os.name: 'Windows 7', os.arch: 'amd64', os.version: '6.1', java.version: '1.7.0_40'
Session ID: d32913f409b47e31e06607caf9305e2f
Driver info: org.openqa.selenium.chrome.ChromeDriver
Capabilities [{platform=XP, acceptSslCerts=true, javascriptEnabled=true, browserName=chrome, chrome={userDataDir=C:\Users\RANI~1.KUM\AppData\Local\Temp\scoped_dir6516_16777}, rotatable=false, locationContextEnabled=true, version=53.0.2785.143, takesHeapSnapshot=true, cssSelectorsEnabled=true, databaseEnabled=false, handlesAlerts=true, browserConnectionEnabled=false, nativeEvents=true, webStorageEnabled=true, applicationCacheEnabled=false, takesScreenshot=true}]
  sun.reflect.NativeConstructorAccessorImpl.newInstance0(Native Method)
  sun.reflect.NativeConstructorAccessorImpl.newInstance(NativeConstructorAccessorImpl.java:57)
  sun.reflect.DelegatingConstructorAccessorImpl.newInstance(DelegatingConstructorAccessorImpl.java:45)
  java.lang.reflect.Constructor.newInstance(Constructor.java:526)
  org.openqa.selenium.remote.ErrorHandler.createThrowable(ErrorHandler.java:204)
  org.openqa.selenium.remote.ErrorHandler.throwIfResponseFailed(ErrorHandler.java:156)
  org.openqa.selenium.remote.RemoteWebDriver.execute(RemoteWebDriver.java:599)
  org.openqa.selenium.remote.RemoteWebDriver.findElement(RemoteWebDriver.java:352)
  org.openqa.selenium.remote.RemoteWebDriver.findElementByXPath(RemoteWebDriver.java:449)
  org.openqa.selenium.By$ByXPath.findElement(By.java:357)
  org.openqa.selenium.remote.RemoteWebDriver.findElement(RemoteWebDriver.java:344)
  in.valtech.RoadScholar.pages.CheckOutStep3.<init>(CheckOutStep3.java:30)
  in.valtech.RoadScholar.test.CTY_TC_52.step29_clickPayByCheckRadioButton(CTY_TC_52.java:384)
  sun.reflect.NativeMethodAccessorImpl.invoke0(Native Method)
  sun.reflect.NativeMethodAccessorImpl.invoke(NativeMethodAccessorImpl.java:57)
  sun.reflect.DelegatingMethodAccessorImpl.invoke(DelegatingMethodAccessorImpl.java:43)
  java.lang.reflect.Method.invoke(Method.java:606)
  org.testng.internal.MethodInvocationHelper.invokeMethod(MethodInvocationHelper.java:84)
  org.testng.internal.Invoker.invokeMethod(Invoker.java:714)
  org.testng.internal.Invoker.invokeTestMethod(Invoker.java:901)
  org.testng.internal.Invoker.invokeTestMethods(Invoker.java:1231)
  org.testng.internal.TestMethodWorker.invokeTestMethods(TestMethodWorker.java:127)
  org.testng.internal.TestMethodWorker.run(TestMethodWorker.java:111)
  org.testng.TestRunner.privateRun(TestRunner.java:767)
  org.testng.TestRunner.run(TestRunner.java:617)
  org.testng.SuiteRunner.runTest(SuiteRunner.java:334)
  org.testng.SuiteRunner.runSequentially(SuiteRunner.java:329)
  org.testng.SuiteRunner.privateRun(SuiteRunner.java:291)
  org.testng.SuiteRunner.run(SuiteRunner.java:240)
  org.testng.SuiteRunnerWorker.runSuite(SuiteRunnerWorker.java:52)
  org.testng.SuiteRunnerWorker.run(SuiteRunnerWorker.java:86)
  org.testng.TestNG.runSuitesSequentially(TestNG.java:1224)
  org.testng.TestNG.runSuitesLocally(TestNG.java:1149)
  org.testng.TestNG.run(TestNG.java:1057)
  org.testng.TestNG.privateMain(TestNG.java:1364)
  org.testng.TestNG.main(TestNG.java:1333)
]]>
      </failure>

          </testcase>
            <testcase name="Step12_selectNoInterfaceRadioBtn" time="0.000" classname="in.valtech.RoadScholar.test.CTY_TC_52">
                <failure type="java.lang.IllegalArgumentException"
                  message="Cannot find elements when the XPath expression is null."
              >
<![CDATA[java.lang.IllegalArgumentException: Cannot find elements when the XPath expression is null.
  org.openqa.selenium.By.xpath(By.java:112)
  in.valtech.RoadScholar.pages.CheckOutStep1.<init>(CheckOutStep1.java:65)
  in.valtech.RoadScholar.test.CTY_TC_52.Step12_selectNoInterfaceRadioBtn(CTY_TC_52.java:169)
  sun.reflect.NativeMethodAccessorImpl.invoke0(Native Method)
  sun.reflect.NativeMethodAccessorImpl.invoke(NativeMethodAccessorImpl.java:57)
  sun.reflect.DelegatingMethodAccessorImpl.invoke(DelegatingMethodAccessorImpl.java:43)
  java.lang.reflect.Method.invoke(Method.java:606)
  org.testng.internal.MethodInvocationHelper.invokeMethod(MethodInvocationHelper.java:84)
  org.testng.internal.Invoker.invokeMethod(Invoker.java:714)
  org.testng.internal.Invoker.invokeTestMethod(Invoker.java:901)
  org.testng.internal.Invoker.invokeTestMethods(Invoker.java:1231)
  org.testng.internal.TestMethodWorker.invokeTestMethods(TestMethodWorker.java:127)
  org.testng.internal.TestMethodWorker.run(TestMethodWorker.java:111)
  org.testng.TestRunner.privateRun(TestRunner.java:767)
  org.testng.TestRunner.run(TestRunner.java:617)
  org.testng.SuiteRunner.runTest(SuiteRunner.java:334)
  org.testng.SuiteRunner.runSequentially(SuiteRunner.java:329)
  org.testng.SuiteRunner.privateRun(SuiteRunner.java:291)
  org.testng.SuiteRunner.run(SuiteRunner.java:240)
  org.testng.SuiteRunnerWorker.runSuite(SuiteRunnerWorker.java:52)
  org.testng.SuiteRunnerWorker.run(SuiteRunnerWorker.java:86)
  org.testng.TestNG.runSuitesSequentially(TestNG.java:1224)
  org.testng.TestNG.runSuitesLocally(TestNG.java:1149)
  org.testng.TestNG.run(TestNG.java:1057)
  org.testng.TestNG.privateMain(TestNG.java:1364)
  org.testng.TestNG.main(TestNG.java:1333)
]]>
      </failure>

          </testcase>
            <testcase name="Step10_clickOnSelectBtn" time="30.048" classname="in.valtech.RoadScholar.test.CTY_TC_52">
                <failure type="org.openqa.selenium.NoSuchElementException"
                  message="no such element
  (Session info: chrome=53.0.2785.143)
  (Driver info: chromedriver=2.8.241075,platform=Windows NT 6.1 SP1 x86_64) (WARNING: The server did not provide any stacktrace information)
Command duration or timeout: 30.05 seconds
For documentation on this error, please visit: http://seleniumhq.org/exceptions/no_such_element.html
Build info: version: &apos;2.43.1&apos;, revision: &apos;5163bce&apos;, time: &apos;2014-09-10 16:27:33&apos;
System info: host: &apos;VDC01LDW0013&apos;, ip: &apos;192.168.155.35&apos;, os.name: &apos;Windows 7&apos;, os.arch: &apos;amd64&apos;, os.version: &apos;6.1&apos;, java.version: &apos;1.7.0_40&apos;
Session ID: d32913f409b47e31e06607caf9305e2f
Driver info: org.openqa.selenium.chrome.ChromeDriver
Capabilities [{platform=XP, acceptSslCerts=true, javascriptEnabled=true, browserName=chrome, chrome={userDataDir=C:\Users\RANI~1.KUM\AppData\Local\Temp\scoped_dir6516_16777}, rotatable=false, locationContextEnabled=true, version=53.0.2785.143, takesHeapSnapshot=true, cssSelectorsEnabled=true, databaseEnabled=false, handlesAlerts=true, browserConnectionEnabled=false, nativeEvents=true, webStorageEnabled=true, applicationCacheEnabled=false, takesScreenshot=true}]"
              >
<![CDATA[org.openqa.selenium.NoSuchElementException: no such element
  (Session info: chrome=53.0.2785.143)
  (Driver info: chromedriver=2.8.241075,platform=Windows NT 6.1 SP1 x86_64) (WARNING: The server did not provide any stacktrace information)
Command duration or timeout: 30.05 seconds
For documentation on this error, please visit: http://seleniumhq.org/exceptions/no_such_element.html
Build info: version: '2.43.1', revision: '5163bce', time: '2014-09-10 16:27:33'
System info: host: 'VDC01LDW0013', ip: '192.168.155.35', os.name: 'Windows 7', os.arch: 'amd64', os.version: '6.1', java.version: '1.7.0_40'
Session ID: d32913f409b47e31e06607caf9305e2f
Driver info: org.openqa.selenium.chrome.ChromeDriver
Capabilities [{platform=XP, acceptSslCerts=true, javascriptEnabled=true, browserName=chrome, chrome={userDataDir=C:\Users\RANI~1.KUM\AppData\Local\Temp\scoped_dir6516_16777}, rotatable=false, locationContextEnabled=true, version=53.0.2785.143, takesHeapSnapshot=true, cssSelectorsEnabled=true, databaseEnabled=false, handlesAlerts=true, browserConnectionEnabled=false, nativeEvents=true, webStorageEnabled=true, applicationCacheEnabled=false, takesScreenshot=true}]
  sun.reflect.NativeConstructorAccessorImpl.newInstance0(Native Method)
  sun.reflect.NativeConstructorAccessorImpl.newInstance(NativeConstructorAccessorImpl.java:57)
  sun.reflect.DelegatingConstructorAccessorImpl.newInstance(DelegatingConstructorAccessorImpl.java:45)
  java.lang.reflect.Constructor.newInstance(Constructor.java:526)
  org.openqa.selenium.remote.ErrorHandler.createThrowable(ErrorHandler.java:204)
  org.openqa.selenium.remote.ErrorHandler.throwIfResponseFailed(ErrorHandler.java:156)
  org.openqa.selenium.remote.RemoteWebDriver.execute(RemoteWebDriver.java:599)
  org.openqa.selenium.remote.RemoteWebDriver.findElement(RemoteWebDriver.java:352)
  org.openqa.selenium.remote.RemoteWebDriver.findElementByXPath(RemoteWebDriver.java:449)
  org.openqa.selenium.By$ByXPath.findElement(By.java:357)
  org.openqa.selenium.remote.RemoteWebDriver.findElement(RemoteWebDriver.java:344)
  in.valtech.RoadScholar.pages.TripDatesAndPrices.<init>(TripDatesAndPrices.java:23)
  in.valtech.RoadScholar.test.CTY_TC_52.Step10_clickOnSelectBtn(CTY_TC_52.java:143)
  sun.reflect.NativeMethodAccessorImpl.invoke0(Native Method)
  sun.reflect.NativeMethodAccessorImpl.invoke(NativeMethodAccessorImpl.java:57)
  sun.reflect.DelegatingMethodAccessorImpl.invoke(DelegatingMethodAccessorImpl.java:43)
  java.lang.reflect.Method.invoke(Method.java:606)
  org.testng.internal.MethodInvocationHelper.invokeMethod(MethodInvocationHelper.java:84)
  org.testng.internal.Invoker.invokeMethod(Invoker.java:714)
  org.testng.internal.Invoker.invokeTestMethod(Invoker.java:901)
  org.testng.internal.Invoker.invokeTestMethods(Invoker.java:1231)
  org.testng.internal.TestMethodWorker.invokeTestMethods(TestMethodWorker.java:127)
  org.testng.internal.TestMethodWorker.run(TestMethodWorker.java:111)
  org.testng.TestRunner.privateRun(TestRunner.java:767)
  org.testng.TestRunner.run(TestRunner.java:617)
  org.testng.SuiteRunner.runTest(SuiteRunner.java:334)
  org.testng.SuiteRunner.runSequentially(SuiteRunner.java:329)
  org.testng.SuiteRunner.privateRun(SuiteRunner.java:291)
  org.testng.SuiteRunner.run(SuiteRunner.java:240)
  org.testng.SuiteRunnerWorker.runSuite(SuiteRunnerWorker.java:52)
  org.testng.SuiteRunnerWorker.run(SuiteRunnerWorker.java:86)
  org.testng.TestNG.runSuitesSequentially(TestNG.java:1224)
  org.testng.TestNG.runSuitesLocally(TestNG.java:1149)
  org.testng.TestNG.run(TestNG.java:1057)
  org.testng.TestNG.privateMain(TestNG.java:1364)
  org.testng.TestNG.main(TestNG.java:1333)
]]>
      </failure>

          </testcase>
            <testcase name="Step20_enterPhoneNumber" time="30.015" classname="in.valtech.RoadScholar.test.CTY_TC_52">
                <failure type="org.openqa.selenium.NoSuchElementException"
                  message="no such element
  (Session info: chrome=53.0.2785.143)
  (Driver info: chromedriver=2.8.241075,platform=Windows NT 6.1 SP1 x86_64) (WARNING: The server did not provide any stacktrace information)
Command duration or timeout: 30.01 seconds
For documentation on this error, please visit: http://seleniumhq.org/exceptions/no_such_element.html
Build info: version: &apos;2.43.1&apos;, revision: &apos;5163bce&apos;, time: &apos;2014-09-10 16:27:33&apos;
System info: host: &apos;VDC01LDW0013&apos;, ip: &apos;192.168.155.35&apos;, os.name: &apos;Windows 7&apos;, os.arch: &apos;amd64&apos;, os.version: &apos;6.1&apos;, java.version: &apos;1.7.0_40&apos;
Session ID: d32913f409b47e31e06607caf9305e2f
Driver info: org.openqa.selenium.chrome.ChromeDriver
Capabilities [{platform=XP, acceptSslCerts=true, javascriptEnabled=true, browserName=chrome, chrome={userDataDir=C:\Users\RANI~1.KUM\AppData\Local\Temp\scoped_dir6516_16777}, rotatable=false, locationContextEnabled=true, version=53.0.2785.143, takesHeapSnapshot=true, cssSelectorsEnabled=true, databaseEnabled=false, handlesAlerts=true, browserConnectionEnabled=false, nativeEvents=true, webStorageEnabled=true, applicationCacheEnabled=false, takesScreenshot=true}]"
              >
<![CDATA[org.openqa.selenium.NoSuchElementException: no such element
  (Session info: chrome=53.0.2785.143)
  (Driver info: chromedriver=2.8.241075,platform=Windows NT 6.1 SP1 x86_64) (WARNING: The server did not provide any stacktrace information)
Command duration or timeout: 30.01 seconds
For documentation on this error, please visit: http://seleniumhq.org/exceptions/no_such_element.html
Build info: version: '2.43.1', revision: '5163bce', time: '2014-09-10 16:27:33'
System info: host: 'VDC01LDW0013', ip: '192.168.155.35', os.name: 'Windows 7', os.arch: 'amd64', os.version: '6.1', java.version: '1.7.0_40'
Session ID: d32913f409b47e31e06607caf9305e2f
Driver info: org.openqa.selenium.chrome.ChromeDriver
Capabilities [{platform=XP, acceptSslCerts=true, javascriptEnabled=true, browserName=chrome, chrome={userDataDir=C:\Users\RANI~1.KUM\AppData\Local\Temp\scoped_dir6516_16777}, rotatable=false, locationContextEnabled=true, version=53.0.2785.143, takesHeapSnapshot=true, cssSelectorsEnabled=true, databaseEnabled=false, handlesAlerts=true, browserConnectionEnabled=false, nativeEvents=true, webStorageEnabled=true, applicationCacheEnabled=false, takesScreenshot=true}]
  sun.reflect.NativeConstructorAccessorImpl.newInstance0(Native Method)
  sun.reflect.NativeConstructorAccessorImpl.newInstance(NativeConstructorAccessorImpl.java:57)
  sun.reflect.DelegatingConstructorAccessorImpl.newInstance(DelegatingConstructorAccessorImpl.java:45)
  java.lang.reflect.Constructor.newInstance(Constructor.java:526)
  org.openqa.selenium.remote.ErrorHandler.createThrowable(ErrorHandler.java:204)
  org.openqa.selenium.remote.ErrorHandler.throwIfResponseFailed(ErrorHandler.java:156)
  org.openqa.selenium.remote.RemoteWebDriver.execute(RemoteWebDriver.java:599)
  org.openqa.selenium.remote.RemoteWebDriver.findElement(RemoteWebDriver.java:352)
  org.openqa.selenium.remote.RemoteWebDriver.findElementByXPath(RemoteWebDriver.java:449)
  org.openqa.selenium.By$ByXPath.findElement(By.java:357)
  org.openqa.selenium.remote.RemoteWebDriver.findElement(RemoteWebDriver.java:344)
  in.valtech.RoadScholar.pages.CheckOutStep2.<init>(CheckOutStep2.java:29)
  in.valtech.RoadScholar.test.CTY_TC_52.Step20_enterPhoneNumber(CTY_TC_52.java:272)
  sun.reflect.NativeMethodAccessorImpl.invoke0(Native Method)
  sun.reflect.NativeMethodAccessorImpl.invoke(NativeMethodAccessorImpl.java:57)
  sun.reflect.DelegatingMethodAccessorImpl.invoke(DelegatingMethodAccessorImpl.java:43)
  java.lang.reflect.Method.invoke(Method.java:606)
  org.testng.internal.MethodInvocationHelper.invokeMethod(MethodInvocationHelper.java:84)
  org.testng.internal.Invoker.invokeMethod(Invoker.java:714)
  org.testng.internal.Invoker.invokeTestMethod(Invoker.java:901)
  org.testng.internal.Invoker.invokeTestMethods(Invoker.java:1231)
  org.testng.internal.TestMethodWorker.invokeTestMethods(TestMethodWorker.java:127)
  org.testng.internal.TestMethodWorker.run(TestMethodWorker.java:111)
  org.testng.TestRunner.privateRun(TestRunner.java:767)
  org.testng.TestRunner.run(TestRunner.java:617)
  org.testng.SuiteRunner.runTest(SuiteRunner.java:334)
  org.testng.SuiteRunner.runSequentially(SuiteRunner.java:329)
  org.testng.SuiteRunner.privateRun(SuiteRunner.java:291)
  org.testng.SuiteRunner.run(SuiteRunner.java:240)
  org.testng.SuiteRunnerWorker.runSuite(SuiteRunnerWorker.java:52)
  org.testng.SuiteRunnerWorker.run(SuiteRunnerWorker.java:86)
  org.testng.TestNG.runSuitesSequentially(TestNG.java:1224)
  org.testng.TestNG.runSuitesLocally(TestNG.java:1149)
  org.testng.TestNG.run(TestNG.java:1057)
  org.testng.TestNG.privateMain(TestNG.java:1364)
  org.testng.TestNG.main(TestNG.java:1333)
]]>
      </failure>

          </testcase>
            <testcase name="Step23_selectStateDropDown" time="30.012" classname="in.valtech.RoadScholar.test.CTY_TC_52">
                <failure type="org.openqa.selenium.NoSuchElementException"
                  message="no such element
  (Session info: chrome=53.0.2785.143)
  (Driver info: chromedriver=2.8.241075,platform=Windows NT 6.1 SP1 x86_64) (WARNING: The server did not provide any stacktrace information)
Command duration or timeout: 30.00 seconds
For documentation on this error, please visit: http://seleniumhq.org/exceptions/no_such_element.html
Build info: version: &apos;2.43.1&apos;, revision: &apos;5163bce&apos;, time: &apos;2014-09-10 16:27:33&apos;
System info: host: &apos;VDC01LDW0013&apos;, ip: &apos;192.168.155.35&apos;, os.name: &apos;Windows 7&apos;, os.arch: &apos;amd64&apos;, os.version: &apos;6.1&apos;, java.version: &apos;1.7.0_40&apos;
Session ID: d32913f409b47e31e06607caf9305e2f
Driver info: org.openqa.selenium.chrome.ChromeDriver
Capabilities [{platform=XP, acceptSslCerts=true, javascriptEnabled=true, browserName=chrome, chrome={userDataDir=C:\Users\RANI~1.KUM\AppData\Local\Temp\scoped_dir6516_16777}, rotatable=false, locationContextEnabled=true, version=53.0.2785.143, takesHeapSnapshot=true, cssSelectorsEnabled=true, databaseEnabled=false, handlesAlerts=true, browserConnectionEnabled=false, nativeEvents=true, webStorageEnabled=true, applicationCacheEnabled=false, takesScreenshot=true}]"
              >
<![CDATA[org.openqa.selenium.NoSuchElementException: no such element
  (Session info: chrome=53.0.2785.143)
  (Driver info: chromedriver=2.8.241075,platform=Windows NT 6.1 SP1 x86_64) (WARNING: The server did not provide any stacktrace information)
Command duration or timeout: 30.00 seconds
For documentation on this error, please visit: http://seleniumhq.org/exceptions/no_such_element.html
Build info: version: '2.43.1', revision: '5163bce', time: '2014-09-10 16:27:33'
System info: host: 'VDC01LDW0013', ip: '192.168.155.35', os.name: 'Windows 7', os.arch: 'amd64', os.version: '6.1', java.version: '1.7.0_40'
Session ID: d32913f409b47e31e06607caf9305e2f
Driver info: org.openqa.selenium.chrome.ChromeDriver
Capabilities [{platform=XP, acceptSslCerts=true, javascriptEnabled=true, browserName=chrome, chrome={userDataDir=C:\Users\RANI~1.KUM\AppData\Local\Temp\scoped_dir6516_16777}, rotatable=false, locationContextEnabled=true, version=53.0.2785.143, takesHeapSnapshot=true, cssSelectorsEnabled=true, databaseEnabled=false, handlesAlerts=true, browserConnectionEnabled=false, nativeEvents=true, webStorageEnabled=true, applicationCacheEnabled=false, takesScreenshot=true}]
  sun.reflect.NativeConstructorAccessorImpl.newInstance0(Native Method)
  sun.reflect.NativeConstructorAccessorImpl.newInstance(NativeConstructorAccessorImpl.java:57)
  sun.reflect.DelegatingConstructorAccessorImpl.newInstance(DelegatingConstructorAccessorImpl.java:45)
  java.lang.reflect.Constructor.newInstance(Constructor.java:526)
  org.openqa.selenium.remote.ErrorHandler.createThrowable(ErrorHandler.java:204)
  org.openqa.selenium.remote.ErrorHandler.throwIfResponseFailed(ErrorHandler.java:156)
  org.openqa.selenium.remote.RemoteWebDriver.execute(RemoteWebDriver.java:599)
  org.openqa.selenium.remote.RemoteWebDriver.findElement(RemoteWebDriver.java:352)
  org.openqa.selenium.remote.RemoteWebDriver.findElementByXPath(RemoteWebDriver.java:449)
  org.openqa.selenium.By$ByXPath.findElement(By.java:357)
  org.openqa.selenium.remote.RemoteWebDriver.findElement(RemoteWebDriver.java:344)
  in.valtech.RoadScholar.pages.CheckOutStep2.<init>(CheckOutStep2.java:29)
  in.valtech.RoadScholar.test.CTY_TC_52.Step23_selectStateDropDown(CTY_TC_52.java:310)
  sun.reflect.NativeMethodAccessorImpl.invoke0(Native Method)
  sun.reflect.NativeMethodAccessorImpl.invoke(NativeMethodAccessorImpl.java:57)
  sun.reflect.DelegatingMethodAccessorImpl.invoke(DelegatingMethodAccessorImpl.java:43)
  java.lang.reflect.Method.invoke(Method.java:606)
  org.testng.internal.MethodInvocationHelper.invokeMethod(MethodInvocationHelper.java:84)
  org.testng.internal.Invoker.invokeMethod(Invoker.java:714)
  org.testng.internal.Invoker.invokeTestMethod(Invoker.java:901)
  org.testng.internal.Invoker.invokeTestMethods(Invoker.java:1231)
  org.testng.internal.TestMethodWorker.invokeTestMethods(TestMethodWorker.java:127)
  org.testng.internal.TestMethodWorker.run(TestMethodWorker.java:111)
  org.testng.TestRunner.privateRun(TestRunner.java:767)
  org.testng.TestRunner.run(TestRunner.java:617)
  org.testng.SuiteRunner.runTest(SuiteRunner.java:334)
  org.testng.SuiteRunner.runSequentially(SuiteRunner.java:329)
  org.testng.SuiteRunner.privateRun(SuiteRunner.java:291)
  org.testng.SuiteRunner.run(SuiteRunner.java:240)
  org.testng.SuiteRunnerWorker.runSuite(SuiteRunnerWorker.java:52)
  org.testng.SuiteRunnerWorker.run(SuiteRunnerWorker.java:86)
  org.testng.TestNG.runSuitesSequentially(TestNG.java:1224)
  org.testng.TestNG.runSuitesLocally(TestNG.java:1149)
  org.testng.TestNG.run(TestNG.java:1057)
  org.testng.TestNG.privateMain(TestNG.java:1364)
  org.testng.TestNG.main(TestNG.java:1333)
]]>
      </failure>

          </testcase>
            <testcase name="step49_verifyValueOfProgramNumber" time="35.074" classname="in.valtech.RoadScholar.test.CTY_TC_52">
                <failure type="org.openqa.selenium.NoSuchElementException"
                  message="no such element
  (Session info: chrome=53.0.2785.143)
  (Driver info: chromedriver=2.8.241075,platform=Windows NT 6.1 SP1 x86_64) (WARNING: The server did not provide any stacktrace information)
Command duration or timeout: 30.04 seconds
For documentation on this error, please visit: http://seleniumhq.org/exceptions/no_such_element.html
Build info: version: &apos;2.43.1&apos;, revision: &apos;5163bce&apos;, time: &apos;2014-09-10 16:27:33&apos;
System info: host: &apos;VDC01LDW0013&apos;, ip: &apos;192.168.155.35&apos;, os.name: &apos;Windows 7&apos;, os.arch: &apos;amd64&apos;, os.version: &apos;6.1&apos;, java.version: &apos;1.7.0_40&apos;
Session ID: d32913f409b47e31e06607caf9305e2f
Driver info: org.openqa.selenium.chrome.ChromeDriver
Capabilities [{platform=XP, acceptSslCerts=true, javascriptEnabled=true, browserName=chrome, chrome={userDataDir=C:\Users\RANI~1.KUM\AppData\Local\Temp\scoped_dir6516_16777}, rotatable=false, locationContextEnabled=true, version=53.0.2785.143, takesHeapSnapshot=true, cssSelectorsEnabled=true, databaseEnabled=false, handlesAlerts=true, browserConnectionEnabled=false, nativeEvents=true, webStorageEnabled=true, applicationCacheEnabled=false, takesScreenshot=true}]"
              >
<![CDATA[org.openqa.selenium.NoSuchElementException: no such element
  (Session info: chrome=53.0.2785.143)
  (Driver info: chromedriver=2.8.241075,platform=Windows NT 6.1 SP1 x86_64) (WARNING: The server did not provide any stacktrace information)
Command duration or timeout: 30.04 seconds
For documentation on this error, please visit: http://seleniumhq.org/exceptions/no_such_element.html
Build info: version: '2.43.1', revision: '5163bce', time: '2014-09-10 16:27:33'
System info: host: 'VDC01LDW0013', ip: '192.168.155.35', os.name: 'Windows 7', os.arch: 'amd64', os.version: '6.1', java.version: '1.7.0_40'
Session ID: d32913f409b47e31e06607caf9305e2f
Driver info: org.openqa.selenium.chrome.ChromeDriver
Capabilities [{platform=XP, acceptSslCerts=true, javascriptEnabled=true, browserName=chrome, chrome={userDataDir=C:\Users\RANI~1.KUM\AppData\Local\Temp\scoped_dir6516_16777}, rotatable=false, locationContextEnabled=true, version=53.0.2785.143, takesHeapSnapshot=true, cssSelectorsEnabled=true, databaseEnabled=false, handlesAlerts=true, browserConnectionEnabled=false, nativeEvents=true, webStorageEnabled=true, applicationCacheEnabled=false, takesScreenshot=true}]
  sun.reflect.GeneratedConstructorAccessor90.newInstance(Unknown Source)
  sun.reflect.DelegatingConstructorAccessorImpl.newInstance(DelegatingConstructorAccessorImpl.java:45)
  java.lang.reflect.Constructor.newInstance(Constructor.java:526)
  org.openqa.selenium.remote.ErrorHandler.createThrowable(ErrorHandler.java:204)
  org.openqa.selenium.remote.ErrorHandler.throwIfResponseFailed(ErrorHandler.java:156)
  org.openqa.selenium.remote.RemoteWebDriver.execute(RemoteWebDriver.java:599)
  org.openqa.selenium.remote.RemoteWebDriver.findElement(RemoteWebDriver.java:352)
  org.openqa.selenium.remote.RemoteWebDriver.findElementByXPath(RemoteWebDriver.java:449)
  org.openqa.selenium.By$ByXPath.findElement(By.java:357)
  org.openqa.selenium.remote.RemoteWebDriver.findElement(RemoteWebDriver.java:344)
  in.valtech.RoadScholar.pages.CheckOutThankYou.verifyValueProgramNumber(CheckOutThankYou.java:327)
  in.valtech.RoadScholar.test.CTY_TC_52.step49_verifyValueOfProgramNumber(CTY_TC_52.java:627)
  sun.reflect.NativeMethodAccessorImpl.invoke0(Native Method)
  sun.reflect.NativeMethodAccessorImpl.invoke(NativeMethodAccessorImpl.java:57)
  sun.reflect.DelegatingMethodAccessorImpl.invoke(DelegatingMethodAccessorImpl.java:43)
  java.lang.reflect.Method.invoke(Method.java:606)
  org.testng.internal.MethodInvocationHelper.invokeMethod(MethodInvocationHelper.java:84)
  org.testng.internal.Invoker.invokeMethod(Invoker.java:714)
  org.testng.internal.Invoker.invokeTestMethod(Invoker.java:901)
  org.testng.internal.Invoker.invokeTestMethods(Invoker.java:1231)
  org.testng.internal.TestMethodWorker.invokeTestMethods(TestMethodWorker.java:127)
  org.testng.internal.TestMethodWorker.run(TestMethodWorker.java:111)
  org.testng.TestRunner.privateRun(TestRunner.java:767)
  org.testng.TestRunner.run(TestRunner.java:617)
  org.testng.SuiteRunner.runTest(SuiteRunner.java:334)
  org.testng.SuiteRunner.runSequentially(SuiteRunner.java:329)
  org.testng.SuiteRunner.privateRun(SuiteRunner.java:291)
  org.testng.SuiteRunner.run(SuiteRunner.java:240)
  org.testng.SuiteRunnerWorker.runSuite(SuiteRunnerWorker.java:52)
  org.testng.SuiteRunnerWorker.run(SuiteRunnerWorker.java:86)
  org.testng.TestNG.runSuitesSequentially(TestNG.java:1224)
  org.testng.TestNG.runSuitesLocally(TestNG.java:1149)
  org.testng.TestNG.run(TestNG.java:1057)
  org.testng.TestNG.privateMain(TestNG.java:1364)
  org.testng.TestNG.main(TestNG.java:1333)
]]>
      </failure>

          </testcase>
            <testcase name="step30_enterTextIntoAllMandatoryFields" time="30.064" classname="in.valtech.RoadScholar.test.CTY_TC_52">
                <failure type="org.openqa.selenium.NoSuchElementException"
                  message="no such element
  (Session info: chrome=53.0.2785.143)
  (Driver info: chromedriver=2.8.241075,platform=Windows NT 6.1 SP1 x86_64) (WARNING: The server did not provide any stacktrace information)
Command duration or timeout: 30.05 seconds
For documentation on this error, please visit: http://seleniumhq.org/exceptions/no_such_element.html
Build info: version: &apos;2.43.1&apos;, revision: &apos;5163bce&apos;, time: &apos;2014-09-10 16:27:33&apos;
System info: host: &apos;VDC01LDW0013&apos;, ip: &apos;192.168.155.35&apos;, os.name: &apos;Windows 7&apos;, os.arch: &apos;amd64&apos;, os.version: &apos;6.1&apos;, java.version: &apos;1.7.0_40&apos;
Session ID: d32913f409b47e31e06607caf9305e2f
Driver info: org.openqa.selenium.chrome.ChromeDriver
Capabilities [{platform=XP, acceptSslCerts=true, javascriptEnabled=true, browserName=chrome, chrome={userDataDir=C:\Users\RANI~1.KUM\AppData\Local\Temp\scoped_dir6516_16777}, rotatable=false, locationContextEnabled=true, version=53.0.2785.143, takesHeapSnapshot=true, cssSelectorsEnabled=true, databaseEnabled=false, handlesAlerts=true, browserConnectionEnabled=false, nativeEvents=true, webStorageEnabled=true, applicationCacheEnabled=false, takesScreenshot=true}]"
              >
<![CDATA[org.openqa.selenium.NoSuchElementException: no such element
  (Session info: chrome=53.0.2785.143)
  (Driver info: chromedriver=2.8.241075,platform=Windows NT 6.1 SP1 x86_64) (WARNING: The server did not provide any stacktrace information)
Command duration or timeout: 30.05 seconds
For documentation on this error, please visit: http://seleniumhq.org/exceptions/no_such_element.html
Build info: version: '2.43.1', revision: '5163bce', time: '2014-09-10 16:27:33'
System info: host: 'VDC01LDW0013', ip: '192.168.155.35', os.name: 'Windows 7', os.arch: 'amd64', os.version: '6.1', java.version: '1.7.0_40'
Session ID: d32913f409b47e31e06607caf9305e2f
Driver info: org.openqa.selenium.chrome.ChromeDriver
Capabilities [{platform=XP, acceptSslCerts=true, javascriptEnabled=true, browserName=chrome, chrome={userDataDir=C:\Users\RANI~1.KUM\AppData\Local\Temp\scoped_dir6516_16777}, rotatable=false, locationContextEnabled=true, version=53.0.2785.143, takesHeapSnapshot=true, cssSelectorsEnabled=true, databaseEnabled=false, handlesAlerts=true, browserConnectionEnabled=false, nativeEvents=true, webStorageEnabled=true, applicationCacheEnabled=false, takesScreenshot=true}]
  sun.reflect.NativeConstructorAccessorImpl.newInstance0(Native Method)
  sun.reflect.NativeConstructorAccessorImpl.newInstance(NativeConstructorAccessorImpl.java:57)
  sun.reflect.DelegatingConstructorAccessorImpl.newInstance(DelegatingConstructorAccessorImpl.java:45)
  java.lang.reflect.Constructor.newInstance(Constructor.java:526)
  org.openqa.selenium.remote.ErrorHandler.createThrowable(ErrorHandler.java:204)
  org.openqa.selenium.remote.ErrorHandler.throwIfResponseFailed(ErrorHandler.java:156)
  org.openqa.selenium.remote.RemoteWebDriver.execute(RemoteWebDriver.java:599)
  org.openqa.selenium.remote.RemoteWebDriver.findElement(RemoteWebDriver.java:352)
  org.openqa.selenium.remote.RemoteWebDriver.findElementByXPath(RemoteWebDriver.java:449)
  org.openqa.selenium.By$ByXPath.findElement(By.java:357)
  org.openqa.selenium.remote.RemoteWebDriver.findElement(RemoteWebDriver.java:344)
  in.valtech.RoadScholar.pages.CheckOutStep3.<init>(CheckOutStep3.java:30)
  in.valtech.RoadScholar.test.CTY_TC_52.step30_enterTextIntoAllMandatoryFields(CTY_TC_52.java:397)
  sun.reflect.NativeMethodAccessorImpl.invoke0(Native Method)
  sun.reflect.NativeMethodAccessorImpl.invoke(NativeMethodAccessorImpl.java:57)
  sun.reflect.DelegatingMethodAccessorImpl.invoke(DelegatingMethodAccessorImpl.java:43)
  java.lang.reflect.Method.invoke(Method.java:606)
  org.testng.internal.MethodInvocationHelper.invokeMethod(MethodInvocationHelper.java:84)
  org.testng.internal.Invoker.invokeMethod(Invoker.java:714)
  org.testng.internal.Invoker.invokeTestMethod(Invoker.java:901)
  org.testng.internal.Invoker.invokeTestMethods(Invoker.java:1231)
  org.testng.internal.TestMethodWorker.invokeTestMethods(TestMethodWorker.java:127)
  org.testng.internal.TestMethodWorker.run(TestMethodWorker.java:111)
  org.testng.TestRunner.privateRun(TestRunner.java:767)
  org.testng.TestRunner.run(TestRunner.java:617)
  org.testng.SuiteRunner.runTest(SuiteRunner.java:334)
  org.testng.SuiteRunner.runSequentially(SuiteRunner.java:329)
  org.testng.SuiteRunner.privateRun(SuiteRunner.java:291)
  org.testng.SuiteRunner.run(SuiteRunner.java:240)
  org.testng.SuiteRunnerWorker.runSuite(SuiteRunnerWorker.java:52)
  org.testng.SuiteRunnerWorker.run(SuiteRunnerWorker.java:86)
  org.testng.TestNG.runSuitesSequentially(TestNG.java:1224)
  org.testng.TestNG.runSuitesLocally(TestNG.java:1149)
  org.testng.TestNG.run(TestNG.java:1057)
  org.testng.TestNG.privateMain(TestNG.java:1364)
  org.testng.TestNG.main(TestNG.java:1333)
]]>
      </failure>

          </testcase>
            <testcase name="step50_verifyValueOfProgramDate" time="35.035" classname="in.valtech.RoadScholar.test.CTY_TC_52">
                <failure type="org.openqa.selenium.NoSuchElementException"
                  message="no such element
  (Session info: chrome=53.0.2785.143)
  (Driver info: chromedriver=2.8.241075,platform=Windows NT 6.1 SP1 x86_64) (WARNING: The server did not provide any stacktrace information)
Command duration or timeout: 30.01 seconds
For documentation on this error, please visit: http://seleniumhq.org/exceptions/no_such_element.html
Build info: version: &apos;2.43.1&apos;, revision: &apos;5163bce&apos;, time: &apos;2014-09-10 16:27:33&apos;
System info: host: &apos;VDC01LDW0013&apos;, ip: &apos;192.168.155.35&apos;, os.name: &apos;Windows 7&apos;, os.arch: &apos;amd64&apos;, os.version: &apos;6.1&apos;, java.version: &apos;1.7.0_40&apos;
Session ID: d32913f409b47e31e06607caf9305e2f
Driver info: org.openqa.selenium.chrome.ChromeDriver
Capabilities [{platform=XP, acceptSslCerts=true, javascriptEnabled=true, browserName=chrome, chrome={userDataDir=C:\Users\RANI~1.KUM\AppData\Local\Temp\scoped_dir6516_16777}, rotatable=false, locationContextEnabled=true, version=53.0.2785.143, takesHeapSnapshot=true, cssSelectorsEnabled=true, databaseEnabled=false, handlesAlerts=true, browserConnectionEnabled=false, nativeEvents=true, webStorageEnabled=true, applicationCacheEnabled=false, takesScreenshot=true}]"
              >
<![CDATA[org.openqa.selenium.NoSuchElementException: no such element
  (Session info: chrome=53.0.2785.143)
  (Driver info: chromedriver=2.8.241075,platform=Windows NT 6.1 SP1 x86_64) (WARNING: The server did not provide any stacktrace information)
Command duration or timeout: 30.01 seconds
For documentation on this error, please visit: http://seleniumhq.org/exceptions/no_such_element.html
Build info: version: '2.43.1', revision: '5163bce', time: '2014-09-10 16:27:33'
System info: host: 'VDC01LDW0013', ip: '192.168.155.35', os.name: 'Windows 7', os.arch: 'amd64', os.version: '6.1', java.version: '1.7.0_40'
Session ID: d32913f409b47e31e06607caf9305e2f
Driver info: org.openqa.selenium.chrome.ChromeDriver
Capabilities [{platform=XP, acceptSslCerts=true, javascriptEnabled=true, browserName=chrome, chrome={userDataDir=C:\Users\RANI~1.KUM\AppData\Local\Temp\scoped_dir6516_16777}, rotatable=false, locationContextEnabled=true, version=53.0.2785.143, takesHeapSnapshot=true, cssSelectorsEnabled=true, databaseEnabled=false, handlesAlerts=true, browserConnectionEnabled=false, nativeEvents=true, webStorageEnabled=true, applicationCacheEnabled=false, takesScreenshot=true}]
  sun.reflect.GeneratedConstructorAccessor90.newInstance(Unknown Source)
  sun.reflect.DelegatingConstructorAccessorImpl.newInstance(DelegatingConstructorAccessorImpl.java:45)
  java.lang.reflect.Constructor.newInstance(Constructor.java:526)
  org.openqa.selenium.remote.ErrorHandler.createThrowable(ErrorHandler.java:204)
  org.openqa.selenium.remote.ErrorHandler.throwIfResponseFailed(ErrorHandler.java:156)
  org.openqa.selenium.remote.RemoteWebDriver.execute(RemoteWebDriver.java:599)
  org.openqa.selenium.remote.RemoteWebDriver.findElement(RemoteWebDriver.java:352)
  org.openqa.selenium.remote.RemoteWebDriver.findElementByXPath(RemoteWebDriver.java:449)
  org.openqa.selenium.By$ByXPath.findElement(By.java:357)
  org.openqa.selenium.remote.RemoteWebDriver.findElement(RemoteWebDriver.java:344)
  in.valtech.RoadScholar.pages.CheckOutThankYou.verifyValueOfProgramDate(CheckOutThankYou.java:345)
  in.valtech.RoadScholar.test.CTY_TC_52.step50_verifyValueOfProgramDate(CTY_TC_52.java:639)
  sun.reflect.NativeMethodAccessorImpl.invoke0(Native Method)
  sun.reflect.NativeMethodAccessorImpl.invoke(NativeMethodAccessorImpl.java:57)
  sun.reflect.DelegatingMethodAccessorImpl.invoke(DelegatingMethodAccessorImpl.java:43)
  java.lang.reflect.Method.invoke(Method.java:606)
  org.testng.internal.MethodInvocationHelper.invokeMethod(MethodInvocationHelper.java:84)
  org.testng.internal.Invoker.invokeMethod(Invoker.java:714)
  org.testng.internal.Invoker.invokeTestMethod(Invoker.java:901)
  org.testng.internal.Invoker.invokeTestMethods(Invoker.java:1231)
  org.testng.internal.TestMethodWorker.invokeTestMethods(TestMethodWorker.java:127)
  org.testng.internal.TestMethodWorker.run(TestMethodWorker.java:111)
  org.testng.TestRunner.privateRun(TestRunner.java:767)
  org.testng.TestRunner.run(TestRunner.java:617)
  org.testng.SuiteRunner.runTest(SuiteRunner.java:334)
  org.testng.SuiteRunner.runSequentially(SuiteRunner.java:329)
  org.testng.SuiteRunner.privateRun(SuiteRunner.java:291)
  org.testng.SuiteRunner.run(SuiteRunner.java:240)
  org.testng.SuiteRunnerWorker.runSuite(SuiteRunnerWorker.java:52)
  org.testng.SuiteRunnerWorker.run(SuiteRunnerWorker.java:86)
  org.testng.TestNG.runSuitesSequentially(TestNG.java:1224)
  org.testng.TestNG.runSuitesLocally(TestNG.java:1149)
  org.testng.TestNG.run(TestNG.java:1057)
  org.testng.TestNG.privateMain(TestNG.java:1364)
  org.testng.TestNG.main(TestNG.java:1333)
]]>
      </failure>

          </testcase>
            <testcase name="Step15_clickOnContinueBtn" time="0.010" classname="in.valtech.RoadScholar.test.CTY_TC_52">
                <failure type="java.lang.IllegalArgumentException"
                  message="Cannot find elements when the XPath expression is null."
              >
<![CDATA[java.lang.IllegalArgumentException: Cannot find elements when the XPath expression is null.
  org.openqa.selenium.By.xpath(By.java:112)
  in.valtech.RoadScholar.pages.CheckOutStep1.<init>(CheckOutStep1.java:65)
  in.valtech.RoadScholar.test.CTY_TC_52.Step15_clickOnContinueBtn(CTY_TC_52.java:207)
  sun.reflect.NativeMethodAccessorImpl.invoke0(Native Method)
  sun.reflect.NativeMethodAccessorImpl.invoke(NativeMethodAccessorImpl.java:57)
  sun.reflect.DelegatingMethodAccessorImpl.invoke(DelegatingMethodAccessorImpl.java:43)
  java.lang.reflect.Method.invoke(Method.java:606)
  org.testng.internal.MethodInvocationHelper.invokeMethod(MethodInvocationHelper.java:84)
  org.testng.internal.Invoker.invokeMethod(Invoker.java:714)
  org.testng.internal.Invoker.invokeTestMethod(Invoker.java:901)
  org.testng.internal.Invoker.invokeTestMethods(Invoker.java:1231)
  org.testng.internal.TestMethodWorker.invokeTestMethods(TestMethodWorker.java:127)
  org.testng.internal.TestMethodWorker.run(TestMethodWorker.java:111)
  org.testng.TestRunner.privateRun(TestRunner.java:767)
  org.testng.TestRunner.run(TestRunner.java:617)
  org.testng.SuiteRunner.runTest(SuiteRunner.java:334)
  org.testng.SuiteRunner.runSequentially(SuiteRunner.java:329)
  org.testng.SuiteRunner.privateRun(SuiteRunner.java:291)
  org.testng.SuiteRunner.run(SuiteRunner.java:240)
  org.testng.SuiteRunnerWorker.runSuite(SuiteRunnerWorker.java:52)
  org.testng.SuiteRunnerWorker.run(SuiteRunnerWorker.java:86)
  org.testng.TestNG.runSuitesSequentially(TestNG.java:1224)
  org.testng.TestNG.runSuitesLocally(TestNG.java:1149)
  org.testng.TestNG.run(TestNG.java:1057)
  org.testng.TestNG.privateMain(TestNG.java:1364)
  org.testng.TestNG.main(TestNG.java:1333)
]]>
      </failure>

          </testcase>
            <testcase name="Step17_enterValueLastName" time="30.068" classname="in.valtech.RoadScholar.test.CTY_TC_52">
                <failure type="org.openqa.selenium.NoSuchElementException"
                  message="no such element
  (Session info: chrome=53.0.2785.143)
  (Driver info: chromedriver=2.8.241075,platform=Windows NT 6.1 SP1 x86_64) (WARNING: The server did not provide any stacktrace information)
Command duration or timeout: 30.06 seconds
For documentation on this error, please visit: http://seleniumhq.org/exceptions/no_such_element.html
Build info: version: &apos;2.43.1&apos;, revision: &apos;5163bce&apos;, time: &apos;2014-09-10 16:27:33&apos;
System info: host: &apos;VDC01LDW0013&apos;, ip: &apos;192.168.155.35&apos;, os.name: &apos;Windows 7&apos;, os.arch: &apos;amd64&apos;, os.version: &apos;6.1&apos;, java.version: &apos;1.7.0_40&apos;
Session ID: d32913f409b47e31e06607caf9305e2f
Driver info: org.openqa.selenium.chrome.ChromeDriver
Capabilities [{platform=XP, acceptSslCerts=true, javascriptEnabled=true, browserName=chrome, chrome={userDataDir=C:\Users\RANI~1.KUM\AppData\Local\Temp\scoped_dir6516_16777}, rotatable=false, locationContextEnabled=true, version=53.0.2785.143, takesHeapSnapshot=true, cssSelectorsEnabled=true, databaseEnabled=false, handlesAlerts=true, browserConnectionEnabled=false, nativeEvents=true, webStorageEnabled=true, applicationCacheEnabled=false, takesScreenshot=true}]"
              >
<![CDATA[org.openqa.selenium.NoSuchElementException: no such element
  (Session info: chrome=53.0.2785.143)
  (Driver info: chromedriver=2.8.241075,platform=Windows NT 6.1 SP1 x86_64) (WARNING: The server did not provide any stacktrace information)
Command duration or timeout: 30.06 seconds
For documentation on this error, please visit: http://seleniumhq.org/exceptions/no_such_element.html
Build info: version: '2.43.1', revision: '5163bce', time: '2014-09-10 16:27:33'
System info: host: 'VDC01LDW0013', ip: '192.168.155.35', os.name: 'Windows 7', os.arch: 'amd64', os.version: '6.1', java.version: '1.7.0_40'
Session ID: d32913f409b47e31e06607caf9305e2f
Driver info: org.openqa.selenium.chrome.ChromeDriver
Capabilities [{platform=XP, acceptSslCerts=true, javascriptEnabled=true, browserName=chrome, chrome={userDataDir=C:\Users\RANI~1.KUM\AppData\Local\Temp\scoped_dir6516_16777}, rotatable=false, locationContextEnabled=true, version=53.0.2785.143, takesHeapSnapshot=true, cssSelectorsEnabled=true, databaseEnabled=false, handlesAlerts=true, browserConnectionEnabled=false, nativeEvents=true, webStorageEnabled=true, applicationCacheEnabled=false, takesScreenshot=true}]
  sun.reflect.NativeConstructorAccessorImpl.newInstance0(Native Method)
  sun.reflect.NativeConstructorAccessorImpl.newInstance(NativeConstructorAccessorImpl.java:57)
  sun.reflect.DelegatingConstructorAccessorImpl.newInstance(DelegatingConstructorAccessorImpl.java:45)
  java.lang.reflect.Constructor.newInstance(Constructor.java:526)
  org.openqa.selenium.remote.ErrorHandler.createThrowable(ErrorHandler.java:204)
  org.openqa.selenium.remote.ErrorHandler.throwIfResponseFailed(ErrorHandler.java:156)
  org.openqa.selenium.remote.RemoteWebDriver.execute(RemoteWebDriver.java:599)
  org.openqa.selenium.remote.RemoteWebDriver.findElement(RemoteWebDriver.java:352)
  org.openqa.selenium.remote.RemoteWebDriver.findElementByXPath(RemoteWebDriver.java:449)
  org.openqa.selenium.By$ByXPath.findElement(By.java:357)
  org.openqa.selenium.remote.RemoteWebDriver.findElement(RemoteWebDriver.java:344)
  in.valtech.RoadScholar.pages.CheckOutStep2.<init>(CheckOutStep2.java:29)
  in.valtech.RoadScholar.test.CTY_TC_52.Step17_enterValueLastName(CTY_TC_52.java:233)
  sun.reflect.NativeMethodAccessorImpl.invoke0(Native Method)
  sun.reflect.NativeMethodAccessorImpl.invoke(NativeMethodAccessorImpl.java:57)
  sun.reflect.DelegatingMethodAccessorImpl.invoke(DelegatingMethodAccessorImpl.java:43)
  java.lang.reflect.Method.invoke(Method.java:606)
  org.testng.internal.MethodInvocationHelper.invokeMethod(MethodInvocationHelper.java:84)
  org.testng.internal.Invoker.invokeMethod(Invoker.java:714)
  org.testng.internal.Invoker.invokeTestMethod(Invoker.java:901)
  org.testng.internal.Invoker.invokeTestMethods(Invoker.java:1231)
  org.testng.internal.TestMethodWorker.invokeTestMethods(TestMethodWorker.java:127)
  org.testng.internal.TestMethodWorker.run(TestMethodWorker.java:111)
  org.testng.TestRunner.privateRun(TestRunner.java:767)
  org.testng.TestRunner.run(TestRunner.java:617)
  org.testng.SuiteRunner.runTest(SuiteRunner.java:334)
  org.testng.SuiteRunner.runSequentially(SuiteRunner.java:329)
  org.testng.SuiteRunner.privateRun(SuiteRunner.java:291)
  org.testng.SuiteRunner.run(SuiteRunner.java:240)
  org.testng.SuiteRunnerWorker.runSuite(SuiteRunnerWorker.java:52)
  org.testng.SuiteRunnerWorker.run(SuiteRunnerWorker.java:86)
  org.testng.TestNG.runSuitesSequentially(TestNG.java:1224)
  org.testng.TestNG.runSuitesLocally(TestNG.java:1149)
  org.testng.TestNG.run(TestNG.java:1057)
  org.testng.TestNG.privateMain(TestNG.java:1364)
  org.testng.TestNG.main(TestNG.java:1333)
]]>
      </failure>

          </testcase>
            <testcase name="Step21_enterZipCode" time="30.048" classname="in.valtech.RoadScholar.test.CTY_TC_52">
                <failure type="org.openqa.selenium.NoSuchElementException"
                  message="no such element
  (Session info: chrome=53.0.2785.143)
  (Driver info: chromedriver=2.8.241075,platform=Windows NT 6.1 SP1 x86_64) (WARNING: The server did not provide any stacktrace information)
Command duration or timeout: 30.04 seconds
For documentation on this error, please visit: http://seleniumhq.org/exceptions/no_such_element.html
Build info: version: &apos;2.43.1&apos;, revision: &apos;5163bce&apos;, time: &apos;2014-09-10 16:27:33&apos;
System info: host: &apos;VDC01LDW0013&apos;, ip: &apos;192.168.155.35&apos;, os.name: &apos;Windows 7&apos;, os.arch: &apos;amd64&apos;, os.version: &apos;6.1&apos;, java.version: &apos;1.7.0_40&apos;
Session ID: d32913f409b47e31e06607caf9305e2f
Driver info: org.openqa.selenium.chrome.ChromeDriver
Capabilities [{platform=XP, acceptSslCerts=true, javascriptEnabled=true, browserName=chrome, chrome={userDataDir=C:\Users\RANI~1.KUM\AppData\Local\Temp\scoped_dir6516_16777}, rotatable=false, locationContextEnabled=true, version=53.0.2785.143, takesHeapSnapshot=true, cssSelectorsEnabled=true, databaseEnabled=false, handlesAlerts=true, browserConnectionEnabled=false, nativeEvents=true, webStorageEnabled=true, applicationCacheEnabled=false, takesScreenshot=true}]"
              >
<![CDATA[org.openqa.selenium.NoSuchElementException: no such element
  (Session info: chrome=53.0.2785.143)
  (Driver info: chromedriver=2.8.241075,platform=Windows NT 6.1 SP1 x86_64) (WARNING: The server did not provide any stacktrace information)
Command duration or timeout: 30.04 seconds
For documentation on this error, please visit: http://seleniumhq.org/exceptions/no_such_element.html
Build info: version: '2.43.1', revision: '5163bce', time: '2014-09-10 16:27:33'
System info: host: 'VDC01LDW0013', ip: '192.168.155.35', os.name: 'Windows 7', os.arch: 'amd64', os.version: '6.1', java.version: '1.7.0_40'
Session ID: d32913f409b47e31e06607caf9305e2f
Driver info: org.openqa.selenium.chrome.ChromeDriver
Capabilities [{platform=XP, acceptSslCerts=true, javascriptEnabled=true, browserName=chrome, chrome={userDataDir=C:\Users\RANI~1.KUM\AppData\Local\Temp\scoped_dir6516_16777}, rotatable=false, locationContextEnabled=true, version=53.0.2785.143, takesHeapSnapshot=true, cssSelectorsEnabled=true, databaseEnabled=false, handlesAlerts=true, browserConnectionEnabled=false, nativeEvents=true, webStorageEnabled=true, applicationCacheEnabled=false, takesScreenshot=true}]
  sun.reflect.NativeConstructorAccessorImpl.newInstance0(Native Method)
  sun.reflect.NativeConstructorAccessorImpl.newInstance(NativeConstructorAccessorImpl.java:57)
  sun.reflect.DelegatingConstructorAccessorImpl.newInstance(DelegatingConstructorAccessorImpl.java:45)
  java.lang.reflect.Constructor.newInstance(Constructor.java:526)
  org.openqa.selenium.remote.ErrorHandler.createThrowable(ErrorHandler.java:204)
  org.openqa.selenium.remote.ErrorHandler.throwIfResponseFailed(ErrorHandler.java:156)
  org.openqa.selenium.remote.RemoteWebDriver.execute(RemoteWebDriver.java:599)
  org.openqa.selenium.remote.RemoteWebDriver.findElement(RemoteWebDriver.java:352)
  org.openqa.selenium.remote.RemoteWebDriver.findElementByXPath(RemoteWebDriver.java:449)
  org.openqa.selenium.By$ByXPath.findElement(By.java:357)
  org.openqa.selenium.remote.RemoteWebDriver.findElement(RemoteWebDriver.java:344)
  in.valtech.RoadScholar.pages.CheckOutStep2.<init>(CheckOutStep2.java:29)
  in.valtech.RoadScholar.test.CTY_TC_52.Step21_enterZipCode(CTY_TC_52.java:285)
  sun.reflect.NativeMethodAccessorImpl.invoke0(Native Method)
  sun.reflect.NativeMethodAccessorImpl.invoke(NativeMethodAccessorImpl.java:57)
  sun.reflect.DelegatingMethodAccessorImpl.invoke(DelegatingMethodAccessorImpl.java:43)
  java.lang.reflect.Method.invoke(Method.java:606)
  org.testng.internal.MethodInvocationHelper.invokeMethod(MethodInvocationHelper.java:84)
  org.testng.internal.Invoker.invokeMethod(Invoker.java:714)
  org.testng.internal.Invoker.invokeTestMethod(Invoker.java:901)
  org.testng.internal.Invoker.invokeTestMethods(Invoker.java:1231)
  org.testng.internal.TestMethodWorker.invokeTestMethods(TestMethodWorker.java:127)
  org.testng.internal.TestMethodWorker.run(TestMethodWorker.java:111)
  org.testng.TestRunner.privateRun(TestRunner.java:767)
  org.testng.TestRunner.run(TestRunner.java:617)
  org.testng.SuiteRunner.runTest(SuiteRunner.java:334)
  org.testng.SuiteRunner.runSequentially(SuiteRunner.java:329)
  org.testng.SuiteRunner.privateRun(SuiteRunner.java:291)
  org.testng.SuiteRunner.run(SuiteRunner.java:240)
  org.testng.SuiteRunnerWorker.runSuite(SuiteRunnerWorker.java:52)
  org.testng.SuiteRunnerWorker.run(SuiteRunnerWorker.java:86)
  org.testng.TestNG.runSuitesSequentially(TestNG.java:1224)
  org.testng.TestNG.runSuitesLocally(TestNG.java:1149)
  org.testng.TestNG.run(TestNG.java:1057)
  org.testng.TestNG.privateMain(TestNG.java:1364)
  org.testng.TestNG.main(TestNG.java:1333)
]]>
      </failure>

          </testcase>
            <testcase name="step25_clickOn$10RadioButton" time="30.024" classname="in.valtech.RoadScholar.test.CTY_TC_52">
                <failure type="org.openqa.selenium.NoSuchElementException"
                  message="no such element
  (Session info: chrome=53.0.2785.143)
  (Driver info: chromedriver=2.8.241075,platform=Windows NT 6.1 SP1 x86_64) (WARNING: The server did not provide any stacktrace information)
Command duration or timeout: 30.02 seconds
For documentation on this error, please visit: http://seleniumhq.org/exceptions/no_such_element.html
Build info: version: &apos;2.43.1&apos;, revision: &apos;5163bce&apos;, time: &apos;2014-09-10 16:27:33&apos;
System info: host: &apos;VDC01LDW0013&apos;, ip: &apos;192.168.155.35&apos;, os.name: &apos;Windows 7&apos;, os.arch: &apos;amd64&apos;, os.version: &apos;6.1&apos;, java.version: &apos;1.7.0_40&apos;
Session ID: d32913f409b47e31e06607caf9305e2f
Driver info: org.openqa.selenium.chrome.ChromeDriver
Capabilities [{platform=XP, acceptSslCerts=true, javascriptEnabled=true, browserName=chrome, chrome={userDataDir=C:\Users\RANI~1.KUM\AppData\Local\Temp\scoped_dir6516_16777}, rotatable=false, locationContextEnabled=true, version=53.0.2785.143, takesHeapSnapshot=true, cssSelectorsEnabled=true, databaseEnabled=false, handlesAlerts=true, browserConnectionEnabled=false, nativeEvents=true, webStorageEnabled=true, applicationCacheEnabled=false, takesScreenshot=true}]"
              >
<![CDATA[org.openqa.selenium.NoSuchElementException: no such element
  (Session info: chrome=53.0.2785.143)
  (Driver info: chromedriver=2.8.241075,platform=Windows NT 6.1 SP1 x86_64) (WARNING: The server did not provide any stacktrace information)
Command duration or timeout: 30.02 seconds
For documentation on this error, please visit: http://seleniumhq.org/exceptions/no_such_element.html
Build info: version: '2.43.1', revision: '5163bce', time: '2014-09-10 16:27:33'
System info: host: 'VDC01LDW0013', ip: '192.168.155.35', os.name: 'Windows 7', os.arch: 'amd64', os.version: '6.1', java.version: '1.7.0_40'
Session ID: d32913f409b47e31e06607caf9305e2f
Driver info: org.openqa.selenium.chrome.ChromeDriver
Capabilities [{platform=XP, acceptSslCerts=true, javascriptEnabled=true, browserName=chrome, chrome={userDataDir=C:\Users\RANI~1.KUM\AppData\Local\Temp\scoped_dir6516_16777}, rotatable=false, locationContextEnabled=true, version=53.0.2785.143, takesHeapSnapshot=true, cssSelectorsEnabled=true, databaseEnabled=false, handlesAlerts=true, browserConnectionEnabled=false, nativeEvents=true, webStorageEnabled=true, applicationCacheEnabled=false, takesScreenshot=true}]
  sun.reflect.NativeConstructorAccessorImpl.newInstance0(Native Method)
  sun.reflect.NativeConstructorAccessorImpl.newInstance(NativeConstructorAccessorImpl.java:57)
  sun.reflect.DelegatingConstructorAccessorImpl.newInstance(DelegatingConstructorAccessorImpl.java:45)
  java.lang.reflect.Constructor.newInstance(Constructor.java:526)
  org.openqa.selenium.remote.ErrorHandler.createThrowable(ErrorHandler.java:204)
  org.openqa.selenium.remote.ErrorHandler.throwIfResponseFailed(ErrorHandler.java:156)
  org.openqa.selenium.remote.RemoteWebDriver.execute(RemoteWebDriver.java:599)
  org.openqa.selenium.remote.RemoteWebDriver.findElement(RemoteWebDriver.java:352)
  org.openqa.selenium.remote.RemoteWebDriver.findElementByXPath(RemoteWebDriver.java:449)
  org.openqa.selenium.By$ByXPath.findElement(By.java:357)
  org.openqa.selenium.remote.RemoteWebDriver.findElement(RemoteWebDriver.java:344)
  in.valtech.RoadScholar.pages.CheckOutStep3.<init>(CheckOutStep3.java:30)
  in.valtech.RoadScholar.test.CTY_TC_52.step25_clickOn$10RadioButton(CTY_TC_52.java:336)
  sun.reflect.NativeMethodAccessorImpl.invoke0(Native Method)
  sun.reflect.NativeMethodAccessorImpl.invoke(NativeMethodAccessorImpl.java:57)
  sun.reflect.DelegatingMethodAccessorImpl.invoke(DelegatingMethodAccessorImpl.java:43)
  java.lang.reflect.Method.invoke(Method.java:606)
  org.testng.internal.MethodInvocationHelper.invokeMethod(MethodInvocationHelper.java:84)
  org.testng.internal.Invoker.invokeMethod(Invoker.java:714)
  org.testng.internal.Invoker.invokeTestMethod(Invoker.java:901)
  org.testng.internal.Invoker.invokeTestMethods(Invoker.java:1231)
  org.testng.internal.TestMethodWorker.invokeTestMethods(TestMethodWorker.java:127)
  org.testng.internal.TestMethodWorker.run(TestMethodWorker.java:111)
  org.testng.TestRunner.privateRun(TestRunner.java:767)
  org.testng.TestRunner.run(TestRunner.java:617)
  org.testng.SuiteRunner.runTest(SuiteRunner.java:334)
  org.testng.SuiteRunner.runSequentially(SuiteRunner.java:329)
  org.testng.SuiteRunner.privateRun(SuiteRunner.java:291)
  org.testng.SuiteRunner.run(SuiteRunner.java:240)
  org.testng.SuiteRunnerWorker.runSuite(SuiteRunnerWorker.java:52)
  org.testng.SuiteRunnerWorker.run(SuiteRunnerWorker.java:86)
  org.testng.TestNG.runSuitesSequentially(TestNG.java:1224)
  org.testng.TestNG.runSuitesLocally(TestNG.java:1149)
  org.testng.TestNG.run(TestNG.java:1057)
  org.testng.TestNG.privateMain(TestNG.java:1364)
  org.testng.TestNG.main(TestNG.java:1333)
]]>
      </failure>

          </testcase>
            <testcase name="Step19_enterCity" time="30.016" classname="in.valtech.RoadScholar.test.CTY_TC_52">
                <failure type="org.openqa.selenium.NoSuchElementException"
                  message="no such element
  (Session info: chrome=53.0.2785.143)
  (Driver info: chromedriver=2.8.241075,platform=Windows NT 6.1 SP1 x86_64) (WARNING: The server did not provide any stacktrace information)
Command duration or timeout: 30.02 seconds
For documentation on this error, please visit: http://seleniumhq.org/exceptions/no_such_element.html
Build info: version: &apos;2.43.1&apos;, revision: &apos;5163bce&apos;, time: &apos;2014-09-10 16:27:33&apos;
System info: host: &apos;VDC01LDW0013&apos;, ip: &apos;192.168.155.35&apos;, os.name: &apos;Windows 7&apos;, os.arch: &apos;amd64&apos;, os.version: &apos;6.1&apos;, java.version: &apos;1.7.0_40&apos;
Session ID: d32913f409b47e31e06607caf9305e2f
Driver info: org.openqa.selenium.chrome.ChromeDriver
Capabilities [{platform=XP, acceptSslCerts=true, javascriptEnabled=true, browserName=chrome, chrome={userDataDir=C:\Users\RANI~1.KUM\AppData\Local\Temp\scoped_dir6516_16777}, rotatable=false, locationContextEnabled=true, version=53.0.2785.143, takesHeapSnapshot=true, cssSelectorsEnabled=true, databaseEnabled=false, handlesAlerts=true, browserConnectionEnabled=false, nativeEvents=true, webStorageEnabled=true, applicationCacheEnabled=false, takesScreenshot=true}]"
              >
<![CDATA[org.openqa.selenium.NoSuchElementException: no such element
  (Session info: chrome=53.0.2785.143)
  (Driver info: chromedriver=2.8.241075,platform=Windows NT 6.1 SP1 x86_64) (WARNING: The server did not provide any stacktrace information)
Command duration or timeout: 30.02 seconds
For documentation on this error, please visit: http://seleniumhq.org/exceptions/no_such_element.html
Build info: version: '2.43.1', revision: '5163bce', time: '2014-09-10 16:27:33'
System info: host: 'VDC01LDW0013', ip: '192.168.155.35', os.name: 'Windows 7', os.arch: 'amd64', os.version: '6.1', java.version: '1.7.0_40'
Session ID: d32913f409b47e31e06607caf9305e2f
Driver info: org.openqa.selenium.chrome.ChromeDriver
Capabilities [{platform=XP, acceptSslCerts=true, javascriptEnabled=true, browserName=chrome, chrome={userDataDir=C:\Users\RANI~1.KUM\AppData\Local\Temp\scoped_dir6516_16777}, rotatable=false, locationContextEnabled=true, version=53.0.2785.143, takesHeapSnapshot=true, cssSelectorsEnabled=true, databaseEnabled=false, handlesAlerts=true, browserConnectionEnabled=false, nativeEvents=true, webStorageEnabled=true, applicationCacheEnabled=false, takesScreenshot=true}]
  sun.reflect.NativeConstructorAccessorImpl.newInstance0(Native Method)
  sun.reflect.NativeConstructorAccessorImpl.newInstance(NativeConstructorAccessorImpl.java:57)
  sun.reflect.DelegatingConstructorAccessorImpl.newInstance(DelegatingConstructorAccessorImpl.java:45)
  java.lang.reflect.Constructor.newInstance(Constructor.java:526)
  org.openqa.selenium.remote.ErrorHandler.createThrowable(ErrorHandler.java:204)
  org.openqa.selenium.remote.ErrorHandler.throwIfResponseFailed(ErrorHandler.java:156)
  org.openqa.selenium.remote.RemoteWebDriver.execute(RemoteWebDriver.java:599)
  org.openqa.selenium.remote.RemoteWebDriver.findElement(RemoteWebDriver.java:352)
  org.openqa.selenium.remote.RemoteWebDriver.findElementByXPath(RemoteWebDriver.java:449)
  org.openqa.selenium.By$ByXPath.findElement(By.java:357)
  org.openqa.selenium.remote.RemoteWebDriver.findElement(RemoteWebDriver.java:344)
  in.valtech.RoadScholar.pages.CheckOutStep2.<init>(CheckOutStep2.java:29)
  in.valtech.RoadScholar.test.CTY_TC_52.Step19_enterCity(CTY_TC_52.java:259)
  sun.reflect.NativeMethodAccessorImpl.invoke0(Native Method)
  sun.reflect.NativeMethodAccessorImpl.invoke(NativeMethodAccessorImpl.java:57)
  sun.reflect.DelegatingMethodAccessorImpl.invoke(DelegatingMethodAccessorImpl.java:43)
  java.lang.reflect.Method.invoke(Method.java:606)
  org.testng.internal.MethodInvocationHelper.invokeMethod(MethodInvocationHelper.java:84)
  org.testng.internal.Invoker.invokeMethod(Invoker.java:714)
  org.testng.internal.Invoker.invokeTestMethod(Invoker.java:901)
  org.testng.internal.Invoker.invokeTestMethods(Invoker.java:1231)
  org.testng.internal.TestMethodWorker.invokeTestMethods(TestMethodWorker.java:127)
  org.testng.internal.TestMethodWorker.run(TestMethodWorker.java:111)
  org.testng.TestRunner.privateRun(TestRunner.java:767)
  org.testng.TestRunner.run(TestRunner.java:617)
  org.testng.SuiteRunner.runTest(SuiteRunner.java:334)
  org.testng.SuiteRunner.runSequentially(SuiteRunner.java:329)
  org.testng.SuiteRunner.privateRun(SuiteRunner.java:291)
  org.testng.SuiteRunner.run(SuiteRunner.java:240)
  org.testng.SuiteRunnerWorker.runSuite(SuiteRunnerWorker.java:52)
  org.testng.SuiteRunnerWorker.run(SuiteRunnerWorker.java:86)
  org.testng.TestNG.runSuitesSequentially(TestNG.java:1224)
  org.testng.TestNG.runSuitesLocally(TestNG.java:1149)
  org.testng.TestNG.run(TestNG.java:1057)
  org.testng.TestNG.privateMain(TestNG.java:1364)
  org.testng.TestNG.main(TestNG.java:1333)
]]>
      </failure>

          </testcase>
            <testcase name="Step22_selectCountry1" time="30.014" classname="in.valtech.RoadScholar.test.CTY_TC_52">
                <failure type="org.openqa.selenium.NoSuchElementException"
                  message="no such element
  (Session info: chrome=53.0.2785.143)
  (Driver info: chromedriver=2.8.241075,platform=Windows NT 6.1 SP1 x86_64) (WARNING: The server did not provide any stacktrace information)
Command duration or timeout: 30.00 seconds
For documentation on this error, please visit: http://seleniumhq.org/exceptions/no_such_element.html
Build info: version: &apos;2.43.1&apos;, revision: &apos;5163bce&apos;, time: &apos;2014-09-10 16:27:33&apos;
System info: host: &apos;VDC01LDW0013&apos;, ip: &apos;192.168.155.35&apos;, os.name: &apos;Windows 7&apos;, os.arch: &apos;amd64&apos;, os.version: &apos;6.1&apos;, java.version: &apos;1.7.0_40&apos;
Session ID: d32913f409b47e31e06607caf9305e2f
Driver info: org.openqa.selenium.chrome.ChromeDriver
Capabilities [{platform=XP, acceptSslCerts=true, javascriptEnabled=true, browserName=chrome, chrome={userDataDir=C:\Users\RANI~1.KUM\AppData\Local\Temp\scoped_dir6516_16777}, rotatable=false, locationContextEnabled=true, version=53.0.2785.143, takesHeapSnapshot=true, cssSelectorsEnabled=true, databaseEnabled=false, handlesAlerts=true, browserConnectionEnabled=false, nativeEvents=true, webStorageEnabled=true, applicationCacheEnabled=false, takesScreenshot=true}]"
              >
<![CDATA[org.openqa.selenium.NoSuchElementException: no such element
  (Session info: chrome=53.0.2785.143)
  (Driver info: chromedriver=2.8.241075,platform=Windows NT 6.1 SP1 x86_64) (WARNING: The server did not provide any stacktrace information)
Command duration or timeout: 30.00 seconds
For documentation on this error, please visit: http://seleniumhq.org/exceptions/no_such_element.html
Build info: version: '2.43.1', revision: '5163bce', time: '2014-09-10 16:27:33'
System info: host: 'VDC01LDW0013', ip: '192.168.155.35', os.name: 'Windows 7', os.arch: 'amd64', os.version: '6.1', java.version: '1.7.0_40'
Session ID: d32913f409b47e31e06607caf9305e2f
Driver info: org.openqa.selenium.chrome.ChromeDriver
Capabilities [{platform=XP, acceptSslCerts=true, javascriptEnabled=true, browserName=chrome, chrome={userDataDir=C:\Users\RANI~1.KUM\AppData\Local\Temp\scoped_dir6516_16777}, rotatable=false, locationContextEnabled=true, version=53.0.2785.143, takesHeapSnapshot=true, cssSelectorsEnabled=true, databaseEnabled=false, handlesAlerts=true, browserConnectionEnabled=false, nativeEvents=true, webStorageEnabled=true, applicationCacheEnabled=false, takesScreenshot=true}]
  sun.reflect.NativeConstructorAccessorImpl.newInstance0(Native Method)
  sun.reflect.NativeConstructorAccessorImpl.newInstance(NativeConstructorAccessorImpl.java:57)
  sun.reflect.DelegatingConstructorAccessorImpl.newInstance(DelegatingConstructorAccessorImpl.java:45)
  java.lang.reflect.Constructor.newInstance(Constructor.java:526)
  org.openqa.selenium.remote.ErrorHandler.createThrowable(ErrorHandler.java:204)
  org.openqa.selenium.remote.ErrorHandler.throwIfResponseFailed(ErrorHandler.java:156)
  org.openqa.selenium.remote.RemoteWebDriver.execute(RemoteWebDriver.java:599)
  org.openqa.selenium.remote.RemoteWebDriver.findElement(RemoteWebDriver.java:352)
  org.openqa.selenium.remote.RemoteWebDriver.findElementByXPath(RemoteWebDriver.java:449)
  org.openqa.selenium.By$ByXPath.findElement(By.java:357)
  org.openqa.selenium.remote.RemoteWebDriver.findElement(RemoteWebDriver.java:344)
  in.valtech.RoadScholar.pages.CheckOutStep2.<init>(CheckOutStep2.java:29)
  in.valtech.RoadScholar.test.CTY_TC_52.Step22_selectCountry1(CTY_TC_52.java:298)
  sun.reflect.NativeMethodAccessorImpl.invoke0(Native Method)
  sun.reflect.NativeMethodAccessorImpl.invoke(NativeMethodAccessorImpl.java:57)
  sun.reflect.DelegatingMethodAccessorImpl.invoke(DelegatingMethodAccessorImpl.java:43)
  java.lang.reflect.Method.invoke(Method.java:606)
  org.testng.internal.MethodInvocationHelper.invokeMethod(MethodInvocationHelper.java:84)
  org.testng.internal.Invoker.invokeMethod(Invoker.java:714)
  org.testng.internal.Invoker.invokeTestMethod(Invoker.java:901)
  org.testng.internal.Invoker.invokeTestMethods(Invoker.java:1231)
  org.testng.internal.TestMethodWorker.invokeTestMethods(TestMethodWorker.java:127)
  org.testng.internal.TestMethodWorker.run(TestMethodWorker.java:111)
  org.testng.TestRunner.privateRun(TestRunner.java:767)
  org.testng.TestRunner.run(TestRunner.java:617)
  org.testng.SuiteRunner.runTest(SuiteRunner.java:334)
  org.testng.SuiteRunner.runSequentially(SuiteRunner.java:329)
  org.testng.SuiteRunner.privateRun(SuiteRunner.java:291)
  org.testng.SuiteRunner.run(SuiteRunner.java:240)
  org.testng.SuiteRunnerWorker.runSuite(SuiteRunnerWorker.java:52)
  org.testng.SuiteRunnerWorker.run(SuiteRunnerWorker.java:86)
  org.testng.TestNG.runSuitesSequentially(TestNG.java:1224)
  org.testng.TestNG.runSuitesLocally(TestNG.java:1149)
  org.testng.TestNG.run(TestNG.java:1057)
  org.testng.TestNG.privateMain(TestNG.java:1364)
  org.testng.TestNG.main(TestNG.java:1333)
]]>
      </failure>

          </testcase>
            <testcase name="Step18_enterValueAddress" time="30.047" classname="in.valtech.RoadScholar.test.CTY_TC_52">
                <failure type="org.openqa.selenium.NoSuchElementException"
                  message="no such element
  (Session info: chrome=53.0.2785.143)
  (Driver info: chromedriver=2.8.241075,platform=Windows NT 6.1 SP1 x86_64) (WARNING: The server did not provide any stacktrace information)
Command duration or timeout: 30.05 seconds
For documentation on this error, please visit: http://seleniumhq.org/exceptions/no_such_element.html
Build info: version: &apos;2.43.1&apos;, revision: &apos;5163bce&apos;, time: &apos;2014-09-10 16:27:33&apos;
System info: host: &apos;VDC01LDW0013&apos;, ip: &apos;192.168.155.35&apos;, os.name: &apos;Windows 7&apos;, os.arch: &apos;amd64&apos;, os.version: &apos;6.1&apos;, java.version: &apos;1.7.0_40&apos;
Session ID: d32913f409b47e31e06607caf9305e2f
Driver info: org.openqa.selenium.chrome.ChromeDriver
Capabilities [{platform=XP, acceptSslCerts=true, javascriptEnabled=true, browserName=chrome, chrome={userDataDir=C:\Users\RANI~1.KUM\AppData\Local\Temp\scoped_dir6516_16777}, rotatable=false, locationContextEnabled=true, version=53.0.2785.143, takesHeapSnapshot=true, cssSelectorsEnabled=true, databaseEnabled=false, handlesAlerts=true, browserConnectionEnabled=false, nativeEvents=true, webStorageEnabled=true, applicationCacheEnabled=false, takesScreenshot=true}]"
              >
<![CDATA[org.openqa.selenium.NoSuchElementException: no such element
  (Session info: chrome=53.0.2785.143)
  (Driver info: chromedriver=2.8.241075,platform=Windows NT 6.1 SP1 x86_64) (WARNING: The server did not provide any stacktrace information)
Command duration or timeout: 30.05 seconds
For documentation on this error, please visit: http://seleniumhq.org/exceptions/no_such_element.html
Build info: version: '2.43.1', revision: '5163bce', time: '2014-09-10 16:27:33'
System info: host: 'VDC01LDW0013', ip: '192.168.155.35', os.name: 'Windows 7', os.arch: 'amd64', os.version: '6.1', java.version: '1.7.0_40'
Session ID: d32913f409b47e31e06607caf9305e2f
Driver info: org.openqa.selenium.chrome.ChromeDriver
Capabilities [{platform=XP, acceptSslCerts=true, javascriptEnabled=true, browserName=chrome, chrome={userDataDir=C:\Users\RANI~1.KUM\AppData\Local\Temp\scoped_dir6516_16777}, rotatable=false, locationContextEnabled=true, version=53.0.2785.143, takesHeapSnapshot=true, cssSelectorsEnabled=true, databaseEnabled=false, handlesAlerts=true, browserConnectionEnabled=false, nativeEvents=true, webStorageEnabled=true, applicationCacheEnabled=false, takesScreenshot=true}]
  sun.reflect.NativeConstructorAccessorImpl.newInstance0(Native Method)
  sun.reflect.NativeConstructorAccessorImpl.newInstance(NativeConstructorAccessorImpl.java:57)
  sun.reflect.DelegatingConstructorAccessorImpl.newInstance(DelegatingConstructorAccessorImpl.java:45)
  java.lang.reflect.Constructor.newInstance(Constructor.java:526)
  org.openqa.selenium.remote.ErrorHandler.createThrowable(ErrorHandler.java:204)
  org.openqa.selenium.remote.ErrorHandler.throwIfResponseFailed(ErrorHandler.java:156)
  org.openqa.selenium.remote.RemoteWebDriver.execute(RemoteWebDriver.java:599)
  org.openqa.selenium.remote.RemoteWebDriver.findElement(RemoteWebDriver.java:352)
  org.openqa.selenium.remote.RemoteWebDriver.findElementByXPath(RemoteWebDriver.java:449)
  org.openqa.selenium.By$ByXPath.findElement(By.java:357)
  org.openqa.selenium.remote.RemoteWebDriver.findElement(RemoteWebDriver.java:344)
  in.valtech.RoadScholar.pages.CheckOutStep2.<init>(CheckOutStep2.java:29)
  in.valtech.RoadScholar.test.CTY_TC_52.Step18_enterValueAddress(CTY_TC_52.java:246)
  sun.reflect.NativeMethodAccessorImpl.invoke0(Native Method)
  sun.reflect.NativeMethodAccessorImpl.invoke(NativeMethodAccessorImpl.java:57)
  sun.reflect.DelegatingMethodAccessorImpl.invoke(DelegatingMethodAccessorImpl.java:43)
  java.lang.reflect.Method.invoke(Method.java:606)
  org.testng.internal.MethodInvocationHelper.invokeMethod(MethodInvocationHelper.java:84)
  org.testng.internal.Invoker.invokeMethod(Invoker.java:714)
  org.testng.internal.Invoker.invokeTestMethod(Invoker.java:901)
  org.testng.internal.Invoker.invokeTestMethods(Invoker.java:1231)
  org.testng.internal.TestMethodWorker.invokeTestMethods(TestMethodWorker.java:127)
  org.testng.internal.TestMethodWorker.run(TestMethodWorker.java:111)
  org.testng.TestRunner.privateRun(TestRunner.java:767)
  org.testng.TestRunner.run(TestRunner.java:617)
  org.testng.SuiteRunner.runTest(SuiteRunner.java:334)
  org.testng.SuiteRunner.runSequentially(SuiteRunner.java:329)
  org.testng.SuiteRunner.privateRun(SuiteRunner.java:291)
  org.testng.SuiteRunner.run(SuiteRunner.java:240)
  org.testng.SuiteRunnerWorker.runSuite(SuiteRunnerWorker.java:52)
  org.testng.SuiteRunnerWorker.run(SuiteRunnerWorker.java:86)
  org.testng.TestNG.runSuitesSequentially(TestNG.java:1224)
  org.testng.TestNG.runSuitesLocally(TestNG.java:1149)
  org.testng.TestNG.run(TestNG.java:1057)
  org.testng.TestNG.privateMain(TestNG.java:1364)
  org.testng.TestNG.main(TestNG.java:1333)
]]>
      </failure>

          </testcase>
            <testcase name="step26_clickOnViewTermsAndConditionLink" time="30.036" classname="in.valtech.RoadScholar.test.CTY_TC_52">
                <failure type="org.openqa.selenium.NoSuchElementException"
                  message="no such element
  (Session info: chrome=53.0.2785.143)
  (Driver info: chromedriver=2.8.241075,platform=Windows NT 6.1 SP1 x86_64) (WARNING: The server did not provide any stacktrace information)
Command duration or timeout: 30.04 seconds
For documentation on this error, please visit: http://seleniumhq.org/exceptions/no_such_element.html
Build info: version: &apos;2.43.1&apos;, revision: &apos;5163bce&apos;, time: &apos;2014-09-10 16:27:33&apos;
System info: host: &apos;VDC01LDW0013&apos;, ip: &apos;192.168.155.35&apos;, os.name: &apos;Windows 7&apos;, os.arch: &apos;amd64&apos;, os.version: &apos;6.1&apos;, java.version: &apos;1.7.0_40&apos;
Session ID: d32913f409b47e31e06607caf9305e2f
Driver info: org.openqa.selenium.chrome.ChromeDriver
Capabilities [{platform=XP, acceptSslCerts=true, javascriptEnabled=true, browserName=chrome, chrome={userDataDir=C:\Users\RANI~1.KUM\AppData\Local\Temp\scoped_dir6516_16777}, rotatable=false, locationContextEnabled=true, version=53.0.2785.143, takesHeapSnapshot=true, cssSelectorsEnabled=true, databaseEnabled=false, handlesAlerts=true, browserConnectionEnabled=false, nativeEvents=true, webStorageEnabled=true, applicationCacheEnabled=false, takesScreenshot=true}]"
              >
<![CDATA[org.openqa.selenium.NoSuchElementException: no such element
  (Session info: chrome=53.0.2785.143)
  (Driver info: chromedriver=2.8.241075,platform=Windows NT 6.1 SP1 x86_64) (WARNING: The server did not provide any stacktrace information)
Command duration or timeout: 30.04 seconds
For documentation on this error, please visit: http://seleniumhq.org/exceptions/no_such_element.html
Build info: version: '2.43.1', revision: '5163bce', time: '2014-09-10 16:27:33'
System info: host: 'VDC01LDW0013', ip: '192.168.155.35', os.name: 'Windows 7', os.arch: 'amd64', os.version: '6.1', java.version: '1.7.0_40'
Session ID: d32913f409b47e31e06607caf9305e2f
Driver info: org.openqa.selenium.chrome.ChromeDriver
Capabilities [{platform=XP, acceptSslCerts=true, javascriptEnabled=true, browserName=chrome, chrome={userDataDir=C:\Users\RANI~1.KUM\AppData\Local\Temp\scoped_dir6516_16777}, rotatable=false, locationContextEnabled=true, version=53.0.2785.143, takesHeapSnapshot=true, cssSelectorsEnabled=true, databaseEnabled=false, handlesAlerts=true, browserConnectionEnabled=false, nativeEvents=true, webStorageEnabled=true, applicationCacheEnabled=false, takesScreenshot=true}]
  sun.reflect.NativeConstructorAccessorImpl.newInstance0(Native Method)
  sun.reflect.NativeConstructorAccessorImpl.newInstance(NativeConstructorAccessorImpl.java:57)
  sun.reflect.DelegatingConstructorAccessorImpl.newInstance(DelegatingConstructorAccessorImpl.java:45)
  java.lang.reflect.Constructor.newInstance(Constructor.java:526)
  org.openqa.selenium.remote.ErrorHandler.createThrowable(ErrorHandler.java:204)
  org.openqa.selenium.remote.ErrorHandler.throwIfResponseFailed(ErrorHandler.java:156)
  org.openqa.selenium.remote.RemoteWebDriver.execute(RemoteWebDriver.java:599)
  org.openqa.selenium.remote.RemoteWebDriver.findElement(RemoteWebDriver.java:352)
  org.openqa.selenium.remote.RemoteWebDriver.findElementByXPath(RemoteWebDriver.java:449)
  org.openqa.selenium.By$ByXPath.findElement(By.java:357)
  org.openqa.selenium.remote.RemoteWebDriver.findElement(RemoteWebDriver.java:344)
  in.valtech.RoadScholar.pages.CheckOutStep3.<init>(CheckOutStep3.java:30)
  in.valtech.RoadScholar.test.CTY_TC_52.step26_clickOnViewTermsAndConditionLink(CTY_TC_52.java:348)
  sun.reflect.NativeMethodAccessorImpl.invoke0(Native Method)
  sun.reflect.NativeMethodAccessorImpl.invoke(NativeMethodAccessorImpl.java:57)
  sun.reflect.DelegatingMethodAccessorImpl.invoke(DelegatingMethodAccessorImpl.java:43)
  java.lang.reflect.Method.invoke(Method.java:606)
  org.testng.internal.MethodInvocationHelper.invokeMethod(MethodInvocationHelper.java:84)
  org.testng.internal.Invoker.invokeMethod(Invoker.java:714)
  org.testng.internal.Invoker.invokeTestMethod(Invoker.java:901)
  org.testng.internal.Invoker.invokeTestMethods(Invoker.java:1231)
  org.testng.internal.TestMethodWorker.invokeTestMethods(TestMethodWorker.java:127)
  org.testng.internal.TestMethodWorker.run(TestMethodWorker.java:111)
  org.testng.TestRunner.privateRun(TestRunner.java:767)
  org.testng.TestRunner.run(TestRunner.java:617)
  org.testng.SuiteRunner.runTest(SuiteRunner.java:334)
  org.testng.SuiteRunner.runSequentially(SuiteRunner.java:329)
  org.testng.SuiteRunner.privateRun(SuiteRunner.java:291)
  org.testng.SuiteRunner.run(SuiteRunner.java:240)
  org.testng.SuiteRunnerWorker.runSuite(SuiteRunnerWorker.java:52)
  org.testng.SuiteRunnerWorker.run(SuiteRunnerWorker.java:86)
  org.testng.TestNG.runSuitesSequentially(TestNG.java:1224)
  org.testng.TestNG.runSuitesLocally(TestNG.java:1149)
  org.testng.TestNG.run(TestNG.java:1057)
  org.testng.TestNG.privateMain(TestNG.java:1364)
  org.testng.TestNG.main(TestNG.java:1333)
]]>
      </failure>

          </testcase>
            <testcase name="Step09_clickOnDateAndPricesTab" time="5.009" classname="in.valtech.RoadScholar.test.CTY_TC_52">
                <failure type="java.lang.IllegalArgumentException"
                  message="Cannot find elements when the XPath expression is null."
              >
<![CDATA[java.lang.IllegalArgumentException: Cannot find elements when the XPath expression is null.
  org.openqa.selenium.By.xpath(By.java:112)
  in.valtech.RoadScholar.pages.TripDetailPage.<init>(TripDetailPage.java:59)
  in.valtech.RoadScholar.test.CTY_TC_52.Step09_clickOnDateAndPricesTab(CTY_TC_52.java:130)
  sun.reflect.NativeMethodAccessorImpl.invoke0(Native Method)
  sun.reflect.NativeMethodAccessorImpl.invoke(NativeMethodAccessorImpl.java:57)
  sun.reflect.DelegatingMethodAccessorImpl.invoke(DelegatingMethodAccessorImpl.java:43)
  java.lang.reflect.Method.invoke(Method.java:606)
  org.testng.internal.MethodInvocationHelper.invokeMethod(MethodInvocationHelper.java:84)
  org.testng.internal.Invoker.invokeMethod(Invoker.java:714)
  org.testng.internal.Invoker.invokeTestMethod(Invoker.java:901)
  org.testng.internal.Invoker.invokeTestMethods(Invoker.java:1231)
  org.testng.internal.TestMethodWorker.invokeTestMethods(TestMethodWorker.java:127)
  org.testng.internal.TestMethodWorker.run(TestMethodWorker.java:111)
  org.testng.TestRunner.privateRun(TestRunner.java:767)
  org.testng.TestRunner.run(TestRunner.java:617)
  org.testng.SuiteRunner.runTest(SuiteRunner.java:334)
  org.testng.SuiteRunner.runSequentially(SuiteRunner.java:329)
  org.testng.SuiteRunner.privateRun(SuiteRunner.java:291)
  org.testng.SuiteRunner.run(SuiteRunner.java:240)
  org.testng.SuiteRunnerWorker.runSuite(SuiteRunnerWorker.java:52)
  org.testng.SuiteRunnerWorker.run(SuiteRunnerWorker.java:86)
  org.testng.TestNG.runSuitesSequentially(TestNG.java:1224)
  org.testng.TestNG.runSuitesLocally(TestNG.java:1149)
  org.testng.TestNG.run(TestNG.java:1057)
  org.testng.TestNG.privateMain(TestNG.java:1364)
  org.testng.TestNG.main(TestNG.java:1333)
]]>
      </failure>

          </testcase>
            <testcase name="Step13_SelectDoubleRadioBtn" time="0.000" classname="in.valtech.RoadScholar.test.CTY_TC_52">
                <failure type="java.lang.IllegalArgumentException"
                  message="Cannot find elements when the XPath expression is null."
              >
<![CDATA[java.lang.IllegalArgumentException: Cannot find elements when the XPath expression is null.
  org.openqa.selenium.By.xpath(By.java:112)
  in.valtech.RoadScholar.pages.CheckOutStep1.<init>(CheckOutStep1.java:65)
  in.valtech.RoadScholar.test.CTY_TC_52.Step13_SelectDoubleRadioBtn(CTY_TC_52.java:182)
  sun.reflect.NativeMethodAccessorImpl.invoke0(Native Method)
  sun.reflect.NativeMethodAccessorImpl.invoke(NativeMethodAccessorImpl.java:57)
  sun.reflect.DelegatingMethodAccessorImpl.invoke(DelegatingMethodAccessorImpl.java:43)
  java.lang.reflect.Method.invoke(Method.java:606)
  org.testng.internal.MethodInvocationHelper.invokeMethod(MethodInvocationHelper.java:84)
  org.testng.internal.Invoker.invokeMethod(Invoker.java:714)
  org.testng.internal.Invoker.invokeTestMethod(Invoker.java:901)
  org.testng.internal.Invoker.invokeTestMethods(Invoker.java:1231)
  org.testng.internal.TestMethodWorker.invokeTestMethods(TestMethodWorker.java:127)
  org.testng.internal.TestMethodWorker.run(TestMethodWorker.java:111)
  org.testng.TestRunner.privateRun(TestRunner.java:767)
  org.testng.TestRunner.run(TestRunner.java:617)
  org.testng.SuiteRunner.runTest(SuiteRunner.java:334)
  org.testng.SuiteRunner.runSequentially(SuiteRunner.java:329)
  org.testng.SuiteRunner.privateRun(SuiteRunner.java:291)
  org.testng.SuiteRunner.run(SuiteRunner.java:240)
  org.testng.SuiteRunnerWorker.runSuite(SuiteRunnerWorker.java:52)
  org.testng.SuiteRunnerWorker.run(SuiteRunnerWorker.java:86)
  org.testng.TestNG.runSuitesSequentially(TestNG.java:1224)
  org.testng.TestNG.runSuitesLocally(TestNG.java:1149)
  org.testng.TestNG.run(TestNG.java:1057)
  org.testng.TestNG.privateMain(TestNG.java:1364)
  org.testng.TestNG.main(TestNG.java:1333)
]]>
      </failure>

          </testcase>
            <testcase name="Step16_EnterValueFirstName" time="30.033" classname="in.valtech.RoadScholar.test.CTY_TC_52">
                <failure type="org.openqa.selenium.NoSuchElementException"
                  message="no such element
  (Session info: chrome=53.0.2785.143)
  (Driver info: chromedriver=2.8.241075,platform=Windows NT 6.1 SP1 x86_64) (WARNING: The server did not provide any stacktrace information)
Command duration or timeout: 30.03 seconds
For documentation on this error, please visit: http://seleniumhq.org/exceptions/no_such_element.html
Build info: version: &apos;2.43.1&apos;, revision: &apos;5163bce&apos;, time: &apos;2014-09-10 16:27:33&apos;
System info: host: &apos;VDC01LDW0013&apos;, ip: &apos;192.168.155.35&apos;, os.name: &apos;Windows 7&apos;, os.arch: &apos;amd64&apos;, os.version: &apos;6.1&apos;, java.version: &apos;1.7.0_40&apos;
Session ID: d32913f409b47e31e06607caf9305e2f
Driver info: org.openqa.selenium.chrome.ChromeDriver
Capabilities [{platform=XP, acceptSslCerts=true, javascriptEnabled=true, browserName=chrome, chrome={userDataDir=C:\Users\RANI~1.KUM\AppData\Local\Temp\scoped_dir6516_16777}, rotatable=false, locationContextEnabled=true, version=53.0.2785.143, takesHeapSnapshot=true, cssSelectorsEnabled=true, databaseEnabled=false, handlesAlerts=true, browserConnectionEnabled=false, nativeEvents=true, webStorageEnabled=true, applicationCacheEnabled=false, takesScreenshot=true}]"
              >
<![CDATA[org.openqa.selenium.NoSuchElementException: no such element
  (Session info: chrome=53.0.2785.143)
  (Driver info: chromedriver=2.8.241075,platform=Windows NT 6.1 SP1 x86_64) (WARNING: The server did not provide any stacktrace information)
Command duration or timeout: 30.03 seconds
For documentation on this error, please visit: http://seleniumhq.org/exceptions/no_such_element.html
Build info: version: '2.43.1', revision: '5163bce', time: '2014-09-10 16:27:33'
System info: host: 'VDC01LDW0013', ip: '192.168.155.35', os.name: 'Windows 7', os.arch: 'amd64', os.version: '6.1', java.version: '1.7.0_40'
Session ID: d32913f409b47e31e06607caf9305e2f
Driver info: org.openqa.selenium.chrome.ChromeDriver
Capabilities [{platform=XP, acceptSslCerts=true, javascriptEnabled=true, browserName=chrome, chrome={userDataDir=C:\Users\RANI~1.KUM\AppData\Local\Temp\scoped_dir6516_16777}, rotatable=false, locationContextEnabled=true, version=53.0.2785.143, takesHeapSnapshot=true, cssSelectorsEnabled=true, databaseEnabled=false, handlesAlerts=true, browserConnectionEnabled=false, nativeEvents=true, webStorageEnabled=true, applicationCacheEnabled=false, takesScreenshot=true}]
  sun.reflect.NativeConstructorAccessorImpl.newInstance0(Native Method)
  sun.reflect.NativeConstructorAccessorImpl.newInstance(NativeConstructorAccessorImpl.java:57)
  sun.reflect.DelegatingConstructorAccessorImpl.newInstance(DelegatingConstructorAccessorImpl.java:45)
  java.lang.reflect.Constructor.newInstance(Constructor.java:526)
  org.openqa.selenium.remote.ErrorHandler.createThrowable(ErrorHandler.java:204)
  org.openqa.selenium.remote.ErrorHandler.throwIfResponseFailed(ErrorHandler.java:156)
  org.openqa.selenium.remote.RemoteWebDriver.execute(RemoteWebDriver.java:599)
  org.openqa.selenium.remote.RemoteWebDriver.findElement(RemoteWebDriver.java:352)
  org.openqa.selenium.remote.RemoteWebDriver.findElementByXPath(RemoteWebDriver.java:449)
  org.openqa.selenium.By$ByXPath.findElement(By.java:357)
  org.openqa.selenium.remote.RemoteWebDriver.findElement(RemoteWebDriver.java:344)
  in.valtech.RoadScholar.pages.CheckOutStep2.<init>(CheckOutStep2.java:29)
  in.valtech.RoadScholar.test.CTY_TC_52.Step16_EnterValueFirstName(CTY_TC_52.java:220)
  sun.reflect.NativeMethodAccessorImpl.invoke0(Native Method)
  sun.reflect.NativeMethodAccessorImpl.invoke(NativeMethodAccessorImpl.java:57)
  sun.reflect.DelegatingMethodAccessorImpl.invoke(DelegatingMethodAccessorImpl.java:43)
  java.lang.reflect.Method.invoke(Method.java:606)
  org.testng.internal.MethodInvocationHelper.invokeMethod(MethodInvocationHelper.java:84)
  org.testng.internal.Invoker.invokeMethod(Invoker.java:714)
  org.testng.internal.Invoker.invokeTestMethod(Invoker.java:901)
  org.testng.internal.Invoker.invokeTestMethods(Invoker.java:1231)
  org.testng.internal.TestMethodWorker.invokeTestMethods(TestMethodWorker.java:127)
  org.testng.internal.TestMethodWorker.run(TestMethodWorker.java:111)
  org.testng.TestRunner.privateRun(TestRunner.java:767)
  org.testng.TestRunner.run(TestRunner.java:617)
  org.testng.SuiteRunner.runTest(SuiteRunner.java:334)
  org.testng.SuiteRunner.runSequentially(SuiteRunner.java:329)
  org.testng.SuiteRunner.privateRun(SuiteRunner.java:291)
  org.testng.SuiteRunner.run(SuiteRunner.java:240)
  org.testng.SuiteRunnerWorker.runSuite(SuiteRunnerWorker.java:52)
  org.testng.SuiteRunnerWorker.run(SuiteRunnerWorker.java:86)
  org.testng.TestNG.runSuitesSequentially(TestNG.java:1224)
  org.testng.TestNG.runSuitesLocally(TestNG.java:1149)
  org.testng.TestNG.run(TestNG.java:1057)
  org.testng.TestNG.privateMain(TestNG.java:1364)
  org.testng.TestNG.main(TestNG.java:1333)
]]>
      </failure>

          </testcase>
            <testcase name="step31_clcickOnCompleteButton" time="30.053" classname="in.valtech.RoadScholar.test.CTY_TC_52">
                <failure type="org.openqa.selenium.NoSuchElementException"
                  message="no such element
  (Session info: chrome=53.0.2785.143)
  (Driver info: chromedriver=2.8.241075,platform=Windows NT 6.1 SP1 x86_64) (WARNING: The server did not provide any stacktrace information)
Command duration or timeout: 30.04 seconds
For documentation on this error, please visit: http://seleniumhq.org/exceptions/no_such_element.html
Build info: version: &apos;2.43.1&apos;, revision: &apos;5163bce&apos;, time: &apos;2014-09-10 16:27:33&apos;
System info: host: &apos;VDC01LDW0013&apos;, ip: &apos;192.168.155.35&apos;, os.name: &apos;Windows 7&apos;, os.arch: &apos;amd64&apos;, os.version: &apos;6.1&apos;, java.version: &apos;1.7.0_40&apos;
Session ID: d32913f409b47e31e06607caf9305e2f
Driver info: org.openqa.selenium.chrome.ChromeDriver
Capabilities [{platform=XP, acceptSslCerts=true, javascriptEnabled=true, browserName=chrome, chrome={userDataDir=C:\Users\RANI~1.KUM\AppData\Local\Temp\scoped_dir6516_16777}, rotatable=false, locationContextEnabled=true, version=53.0.2785.143, takesHeapSnapshot=true, cssSelectorsEnabled=true, databaseEnabled=false, handlesAlerts=true, browserConnectionEnabled=false, nativeEvents=true, webStorageEnabled=true, applicationCacheEnabled=false, takesScreenshot=true}]"
              >
<![CDATA[org.openqa.selenium.NoSuchElementException: no such element
  (Session info: chrome=53.0.2785.143)
  (Driver info: chromedriver=2.8.241075,platform=Windows NT 6.1 SP1 x86_64) (WARNING: The server did not provide any stacktrace information)
Command duration or timeout: 30.04 seconds
For documentation on this error, please visit: http://seleniumhq.org/exceptions/no_such_element.html
Build info: version: '2.43.1', revision: '5163bce', time: '2014-09-10 16:27:33'
System info: host: 'VDC01LDW0013', ip: '192.168.155.35', os.name: 'Windows 7', os.arch: 'amd64', os.version: '6.1', java.version: '1.7.0_40'
Session ID: d32913f409b47e31e06607caf9305e2f
Driver info: org.openqa.selenium.chrome.ChromeDriver
Capabilities [{platform=XP, acceptSslCerts=true, javascriptEnabled=true, browserName=chrome, chrome={userDataDir=C:\Users\RANI~1.KUM\AppData\Local\Temp\scoped_dir6516_16777}, rotatable=false, locationContextEnabled=true, version=53.0.2785.143, takesHeapSnapshot=true, cssSelectorsEnabled=true, databaseEnabled=false, handlesAlerts=true, browserConnectionEnabled=false, nativeEvents=true, webStorageEnabled=true, applicationCacheEnabled=false, takesScreenshot=true}]
  sun.reflect.GeneratedConstructorAccessor90.newInstance(Unknown Source)
  sun.reflect.DelegatingConstructorAccessorImpl.newInstance(DelegatingConstructorAccessorImpl.java:45)
  java.lang.reflect.Constructor.newInstance(Constructor.java:526)
  org.openqa.selenium.remote.ErrorHandler.createThrowable(ErrorHandler.java:204)
  org.openqa.selenium.remote.ErrorHandler.throwIfResponseFailed(ErrorHandler.java:156)
  org.openqa.selenium.remote.RemoteWebDriver.execute(RemoteWebDriver.java:599)
  org.openqa.selenium.remote.RemoteWebDriver.findElement(RemoteWebDriver.java:352)
  org.openqa.selenium.remote.RemoteWebDriver.findElementByXPath(RemoteWebDriver.java:449)
  org.openqa.selenium.By$ByXPath.findElement(By.java:357)
  org.openqa.selenium.remote.RemoteWebDriver.findElement(RemoteWebDriver.java:344)
  in.valtech.RoadScholar.pages.CheckOutStep3.<init>(CheckOutStep3.java:30)
  in.valtech.RoadScholar.test.CTY_TC_52.step31_clcickOnCompleteButton(CTY_TC_52.java:409)
  sun.reflect.NativeMethodAccessorImpl.invoke0(Native Method)
  sun.reflect.NativeMethodAccessorImpl.invoke(NativeMethodAccessorImpl.java:57)
  sun.reflect.DelegatingMethodAccessorImpl.invoke(DelegatingMethodAccessorImpl.java:43)
  java.lang.reflect.Method.invoke(Method.java:606)
  org.testng.internal.MethodInvocationHelper.invokeMethod(MethodInvocationHelper.java:84)
  org.testng.internal.Invoker.invokeMethod(Invoker.java:714)
  org.testng.internal.Invoker.invokeTestMethod(Invoker.java:901)
  org.testng.internal.Invoker.invokeTestMethods(Invoker.java:1231)
  org.testng.internal.TestMethodWorker.invokeTestMethods(TestMethodWorker.java:127)
  org.testng.internal.TestMethodWorker.run(TestMethodWorker.java:111)
  org.testng.TestRunner.privateRun(TestRunner.java:767)
  org.testng.TestRunner.run(TestRunner.java:617)
  org.testng.SuiteRunner.runTest(SuiteRunner.java:334)
  org.testng.SuiteRunner.runSequentially(SuiteRunner.java:329)
  org.testng.SuiteRunner.privateRun(SuiteRunner.java:291)
  org.testng.SuiteRunner.run(SuiteRunner.java:240)
  org.testng.SuiteRunnerWorker.runSuite(SuiteRunnerWorker.java:52)
  org.testng.SuiteRunnerWorker.run(SuiteRunnerWorker.java:86)
  org.testng.TestNG.runSuitesSequentially(TestNG.java:1224)
  org.testng.TestNG.runSuitesLocally(TestNG.java:1149)
  org.testng.TestNG.run(TestNG.java:1057)
  org.testng.TestNG.privateMain(TestNG.java:1364)
  org.testng.TestNG.main(TestNG.java:1333)
]]>
      </failure>

          </testcase>
  
  
            <testcase name="step46_verifyValueOfOrderNumber" time="40.022" classname="in.valtech.RoadScholar.test.CTY_TC_52" />
                <testcase name="step36_verifyProgramName" time="40.066" classname="in.valtech.RoadScholar.test.CTY_TC_52" />
                <testcase name="Step07_EnterTripIdIntoSearchField" time="5.137" classname="in.valtech.RoadScholar.test.CTY_TC_52" />
                <testcase name="step01_HOMEPAGE_URL" time="8.135" classname="in.valtech.RoadScholar.test.CTY_TC_52" />
                <testcase name="Step02_clickingOnCloseButton" time="10.132" classname="in.valtech.RoadScholar.test.CTY_TC_52" />
                <testcase name="Step05_Passwd" time="10.162" classname="in.valtech.RoadScholar.test.CTY_TC_52" />
                <testcase name="step38_verifyProgramDates" time="40.093" classname="in.valtech.RoadScholar.test.CTY_TC_52" />
                <testcase name="Step06_SignUpBtn" time="15.226" classname="in.valtech.RoadScholar.test.CTY_TC_52" />
                <testcase name="step34_verifyPeopleTravelling" time="40.067" classname="in.valtech.RoadScholar.test.CTY_TC_52" />
                <testcase name="step45_verifyLearnMoreLink" time="40.091" classname="in.valtech.RoadScholar.test.CTY_TC_52" />
                <testcase name="step37_verifyProgramNumber" time="40.069" classname="in.valtech.RoadScholar.test.CTY_TC_52" />
                <testcase name="step47_verifyValueOfOrderName" time="40.087" classname="in.valtech.RoadScholar.test.CTY_TC_52" />
                <testcase name="step39_verifyAccommodation" time="40.126" classname="in.valtech.RoadScholar.test.CTY_TC_52" />
                <testcase name="step43_verifyRemainingBalance" time="40.077" classname="in.valtech.RoadScholar.test.CTY_TC_52" />
                <testcase name="step35_verifyordernumber" time="40.079" classname="in.valtech.RoadScholar.test.CTY_TC_52" />
                <testcase name="step33_verifyDescription" time="40.074" classname="in.valtech.RoadScholar.test.CTY_TC_52" />
                <testcase name="step42_verifyWithAGift" time="35.048" classname="in.valtech.RoadScholar.test.CTY_TC_52" />
                <testcase name="step44_verifyCancellationPolicyLink" time="40.071" classname="in.valtech.RoadScholar.test.CTY_TC_52" />
                <testcase name="Step03_ClickOnSignInLink" time="10.112" classname="in.valtech.RoadScholar.test.CTY_TC_52" />
                <testcase name="Step04_Email" time="15.200" classname="in.valtech.RoadScholar.test.CTY_TC_52" />
                <testcase name="Step08_clickOnSearchButton" time="15.128" classname="in.valtech.RoadScholar.test.CTY_TC_52" />
                <testcase name="step41_verifyTotalPrice" time="40.076" classname="in.valtech.RoadScholar.test.CTY_TC_52" />
                <testcase name="step40_verifyActivityLevel" time="40.087" classname="in.valtech.RoadScholar.test.CTY_TC_52" />
                <testcase name="step32_verifyTitle" time="40.118" classname="in.valtech.RoadScholar.test.CTY_TC_52" />
      
</testsuite>
