<?xml version="1.0" encoding="utf-8" ?>
<!DOCTYPE html PUBLIC "-//W3C//DTD XHTML 1.0 Strict//EN"
        "http://www.w3.org/TR/xhtml1/DTD/xhtml1-strict.dtd">
<html xmlns="http://www.w3.org/1999/xhtml" xml:lang="" lang="">
<head>
  <title>Test Result Report - Checkout_ThankYou_CTY_TC_52_CTY_TC_52</title>
  <meta http-equiv="Content-Type" content="text/html;charset=utf-8" />
  <meta name="description" content="TestNG unit test results." />
  <link href="reportng.css" rel="stylesheet" type="text/css" />
    <script type="text/javascript" src="reportng.js"></script>
</head>
<body>
<h1>Checkout_ThankYou_CTY_TC_52_CTY_TC_52</h1>
<p>
  Test duration: 1293.018s
</p>



  <table class="resultsTable">
    <tr><th colspan="3" class="header failed">Failed Tests</th></tr>
          <tr>
        <td colspan="3" class="group">in.valtech.RoadScholar.test.CTY_TC_52</td>
      </tr>
            
<tr>
  <td class="method">
                  <span class="description" title="Step 23:enter text into all mandatory fields of pay by check pop up">step23_enterTextIntoAllMandatoryFields</span>
      </td>
  <td class="duration">
    30.054s
  </td>
  <td class="result">
        
    
            <div class="testOutput">
                        <br /><a href="D:\RS_Automation\RS_WorkSpace\Automation\Road Scholar/screenshots/step23_enterTextIntoAllMandatoryFields1477474571701.png" class="highslide" rel="highslide"> <img src="D:\RS_Automation\RS_WorkSpace\Automation\Road Scholar/screenshots/step23_enterTextIntoAllMandatoryFields1477474571701.png"  alt="Highslide JS" title="Click to enlarge" hight='100' width='100'/> </a><br/>
                                <a href="D:\RS_Automation\RS_WorkSpace\Automation\Road Scholar/screenshots/step23_enterTextIntoAllMandatoryFields1477474571701.png">step23_enterTextIntoAllMandatoryFields1477474571701 </a><br/>
                  </div>
    

        <a href="javascript:toggleElement('exception-0', 'block')" title="Click to expand/collapse"><b>org.openqa.selenium.NoSuchElementException: Unable to locate element: {&quot;method&quot;:&quot;tag name&quot;,&quot;selector&quot;:&quot;iframe&quot;}<br/>
Command duration or timeout: 30.04 seconds<br/>
For documentation on this error, please visit: http://seleniumhq.org/exceptions/no_such_element.html<br/>
Build info: version: &apos;2.43.1&apos;, revision: &apos;5163bce&apos;, time: &apos;2014-09-10 16:27:33&apos;<br/>
System info: host: &apos;VDC01LDW0013&apos;, ip: &apos;192.168.155.35&apos;, os.name: &apos;Windows 7&apos;, os.arch: &apos;amd64&apos;, os.version: &apos;6.1&apos;, java.version: &apos;1.7.0_40&apos;<br/>
Session ID: 82a8b9fa-fee1-4828-ac15-0438a2d31ba0<br/>
Driver info: org.openqa.selenium.firefox.FirefoxDriver<br/>
Capabilities [{platform=WINDOWS, databaseEnabled=true, cssSelectorsEnabled=true, javascriptEnabled=true, acceptSslCerts=true, handlesAlerts=true, browserName=firefox, webStorageEnabled=true, nativeEvents=true, rotatable=false, locationContextEnabled=true, applicationCacheEnabled=true, takesScreenshot=true, version=31.8.0}]</b></a><br />
    <div class="stackTrace" id="exception-0">
              sun.reflect.NativeConstructorAccessorImpl.newInstance0(Native Method)<br />
              sun.reflect.NativeConstructorAccessorImpl.newInstance(NativeConstructorAccessorImpl.java:57)<br />
              sun.reflect.DelegatingConstructorAccessorImpl.newInstance(DelegatingConstructorAccessorImpl.java:45)<br />
              java.lang.reflect.Constructor.newInstance(Constructor.java:526)<br />
              org.openqa.selenium.remote.ErrorHandler.createThrowable(ErrorHandler.java:204)<br />
              org.openqa.selenium.remote.ErrorHandler.throwIfResponseFailed(ErrorHandler.java:156)<br />
              org.openqa.selenium.remote.RemoteWebDriver.execute(RemoteWebDriver.java:599)<br />
              org.openqa.selenium.remote.RemoteWebDriver.findElement(RemoteWebDriver.java:352)<br />
              org.openqa.selenium.remote.RemoteWebDriver.findElementByTagName(RemoteWebDriver.java:417)<br />
              org.openqa.selenium.By$ByTagName.findElement(By.java:330)<br />
              org.openqa.selenium.remote.RemoteWebDriver.findElement(RemoteWebDriver.java:344)<br />
              in.valtech.RoadScholar.pages.CheckOutStep3.enterAllMandatoryFields(CheckOutStep3.java:861)<br />
              in.valtech.RoadScholar.test.CTY_TC_52.step23_enterTextIntoAllMandatoryFields(CTY_TC_52.java:313)<br />
              sun.reflect.NativeMethodAccessorImpl.invoke0(Native Method)<br />
              sun.reflect.NativeMethodAccessorImpl.invoke(NativeMethodAccessorImpl.java:57)<br />
              sun.reflect.DelegatingMethodAccessorImpl.invoke(DelegatingMethodAccessorImpl.java:43)<br />
              java.lang.reflect.Method.invoke(Method.java:606)<br />
              org.testng.internal.MethodInvocationHelper.invokeMethod(MethodInvocationHelper.java:84)<br />
              org.testng.internal.Invoker.invokeMethod(Invoker.java:714)<br />
              org.testng.internal.Invoker.invokeTestMethod(Invoker.java:901)<br />
              org.testng.internal.Invoker.invokeTestMethods(Invoker.java:1231)<br />
              org.testng.internal.TestMethodWorker.invokeTestMethods(TestMethodWorker.java:127)<br />
              org.testng.internal.TestMethodWorker.run(TestMethodWorker.java:111)<br />
              org.testng.TestRunner.privateRun(TestRunner.java:767)<br />
              org.testng.TestRunner.run(TestRunner.java:617)<br />
              org.testng.SuiteRunner.runTest(SuiteRunner.java:334)<br />
              org.testng.SuiteRunner.runSequentially(SuiteRunner.java:329)<br />
              org.testng.SuiteRunner.privateRun(SuiteRunner.java:291)<br />
              org.testng.SuiteRunner.run(SuiteRunner.java:240)<br />
              org.testng.SuiteRunnerWorker.runSuite(SuiteRunnerWorker.java:52)<br />
              org.testng.SuiteRunnerWorker.run(SuiteRunnerWorker.java:86)<br />
              org.testng.TestNG.runSuitesSequentially(TestNG.java:1224)<br />
              org.testng.TestNG.runSuitesLocally(TestNG.java:1149)<br />
              org.testng.TestNG.run(TestNG.java:1057)<br />
              org.testng.TestNG.privateMain(TestNG.java:1364)<br />
              org.testng.TestNG.main(TestNG.java:1333)<br />
                    <b>Caused by: </b> <a href="javascript:toggleElement('exception-1', 'block')" title="Click to expand/collapse">org.openqa.selenium.NoSuchElementException: Unable to locate element: {&quot;method&quot;:&quot;tag name&quot;,&quot;selector&quot;:&quot;iframe&quot;}<br/>
For documentation on this error, please visit: http://seleniumhq.org/exceptions/no_such_element.html<br/>
Build info: version: &apos;2.43.1&apos;, revision: &apos;5163bce&apos;, time: &apos;2014-09-10 16:27:33&apos;<br/>
System info: host: &apos;VDC01LDW0013&apos;, ip: &apos;192.168.155.35&apos;, os.name: &apos;Windows 7&apos;, os.arch: &apos;amd64&apos;, os.version: &apos;6.1&apos;, java.version: &apos;1.7.0_40&apos;<br/>
Driver info: driver.version: unknown</a><br />
        <div class="stackTrace" id="exception-1">
                      &lt;anonymous class&gt;.FirefoxDriver.prototype.findElementInternal_(file:///C:/Users/RANI~1.KUM/AppData/Local/Temp/anonymous8936212272640946826webdriver-profile/extensions/fxdriver@googlecode.com/components/driver-component.js:9618:133)<br />
                      &lt;anonymous class&gt;.fxdriver.Timer.prototype.setTimeout/&lt;.notify(file:///C:/Users/RANI~1.KUM/AppData/Local/Temp/anonymous8936212272640946826webdriver-profile/extensions/fxdriver@googlecode.com/components/driver-component.js:548:5)<br />
                  </div>
          </div>
      </td>
</tr>
<tr>
  <td class="method">
                  <span class="description" title="Step 41:verifies the value of program name of checkout thank you page ">step41_verifyValueOfProgramName</span>
      </td>
  <td class="duration">
    35.122s
  </td>
  <td class="result">
        
    
            <div class="testOutput">
                        <br /><a href="D:\RS_Automation\RS_WorkSpace\Automation\Road Scholar/screenshots/step41_verifyValueOfProgramName1477475299826.png" class="highslide" rel="highslide"> <img src="D:\RS_Automation\RS_WorkSpace\Automation\Road Scholar/screenshots/step41_verifyValueOfProgramName1477475299826.png"  alt="Highslide JS" title="Click to enlarge" hight='100' width='100'/> </a><br/>
                                <a href="D:\RS_Automation\RS_WorkSpace\Automation\Road Scholar/screenshots/step41_verifyValueOfProgramName1477475299826.png">step41_verifyValueOfProgramName1477475299826 </a><br/>
                  </div>
    

        <a href="javascript:toggleElement('exception-2', 'block')" title="Click to expand/collapse"><b>org.openqa.selenium.NoSuchElementException: Unable to locate element: {&quot;method&quot;:&quot;xpath&quot;,&quot;selector&quot;:&quot;(//div[@class=&apos;coc-content&apos;])[3]&quot;}<br/>
Command duration or timeout: 30.12 seconds<br/>
For documentation on this error, please visit: http://seleniumhq.org/exceptions/no_such_element.html<br/>
Build info: version: &apos;2.43.1&apos;, revision: &apos;5163bce&apos;, time: &apos;2014-09-10 16:27:33&apos;<br/>
System info: host: &apos;VDC01LDW0013&apos;, ip: &apos;192.168.155.35&apos;, os.name: &apos;Windows 7&apos;, os.arch: &apos;amd64&apos;, os.version: &apos;6.1&apos;, java.version: &apos;1.7.0_40&apos;<br/>
Session ID: 82a8b9fa-fee1-4828-ac15-0438a2d31ba0<br/>
Driver info: org.openqa.selenium.firefox.FirefoxDriver<br/>
Capabilities [{platform=WINDOWS, databaseEnabled=true, cssSelectorsEnabled=true, javascriptEnabled=true, acceptSslCerts=true, handlesAlerts=true, browserName=firefox, webStorageEnabled=true, nativeEvents=true, rotatable=false, locationContextEnabled=true, applicationCacheEnabled=true, takesScreenshot=true, version=31.8.0}]</b></a><br />
    <div class="stackTrace" id="exception-2">
              sun.reflect.GeneratedConstructorAccessor94.newInstance(Unknown Source)<br />
              sun.reflect.DelegatingConstructorAccessorImpl.newInstance(DelegatingConstructorAccessorImpl.java:45)<br />
              java.lang.reflect.Constructor.newInstance(Constructor.java:526)<br />
              org.openqa.selenium.remote.ErrorHandler.createThrowable(ErrorHandler.java:204)<br />
              org.openqa.selenium.remote.ErrorHandler.throwIfResponseFailed(ErrorHandler.java:156)<br />
              org.openqa.selenium.remote.RemoteWebDriver.execute(RemoteWebDriver.java:599)<br />
              org.openqa.selenium.remote.RemoteWebDriver.findElement(RemoteWebDriver.java:352)<br />
              org.openqa.selenium.remote.RemoteWebDriver.findElementByXPath(RemoteWebDriver.java:449)<br />
              org.openqa.selenium.By$ByXPath.findElement(By.java:357)<br />
              org.openqa.selenium.remote.RemoteWebDriver.findElement(RemoteWebDriver.java:344)<br />
              in.valtech.RoadScholar.pages.CheckOutThankYou.verifyValueProgramName(CheckOutThankYou.java:320)<br />
              in.valtech.RoadScholar.test.CTY_TC_52.step41_verifyValueOfProgramName(CTY_TC_52.java:532)<br />
              sun.reflect.NativeMethodAccessorImpl.invoke0(Native Method)<br />
              sun.reflect.NativeMethodAccessorImpl.invoke(NativeMethodAccessorImpl.java:57)<br />
              sun.reflect.DelegatingMethodAccessorImpl.invoke(DelegatingMethodAccessorImpl.java:43)<br />
              java.lang.reflect.Method.invoke(Method.java:606)<br />
              org.testng.internal.MethodInvocationHelper.invokeMethod(MethodInvocationHelper.java:84)<br />
              org.testng.internal.Invoker.invokeMethod(Invoker.java:714)<br />
              org.testng.internal.Invoker.invokeTestMethod(Invoker.java:901)<br />
              org.testng.internal.Invoker.invokeTestMethods(Invoker.java:1231)<br />
              org.testng.internal.TestMethodWorker.invokeTestMethods(TestMethodWorker.java:127)<br />
              org.testng.internal.TestMethodWorker.run(TestMethodWorker.java:111)<br />
              org.testng.TestRunner.privateRun(TestRunner.java:767)<br />
              org.testng.TestRunner.run(TestRunner.java:617)<br />
              org.testng.SuiteRunner.runTest(SuiteRunner.java:334)<br />
              org.testng.SuiteRunner.runSequentially(SuiteRunner.java:329)<br />
              org.testng.SuiteRunner.privateRun(SuiteRunner.java:291)<br />
              org.testng.SuiteRunner.run(SuiteRunner.java:240)<br />
              org.testng.SuiteRunnerWorker.runSuite(SuiteRunnerWorker.java:52)<br />
              org.testng.SuiteRunnerWorker.run(SuiteRunnerWorker.java:86)<br />
              org.testng.TestNG.runSuitesSequentially(TestNG.java:1224)<br />
              org.testng.TestNG.runSuitesLocally(TestNG.java:1149)<br />
              org.testng.TestNG.run(TestNG.java:1057)<br />
              org.testng.TestNG.privateMain(TestNG.java:1364)<br />
              org.testng.TestNG.main(TestNG.java:1333)<br />
                    <b>Caused by: </b> <a href="javascript:toggleElement('exception-3', 'block')" title="Click to expand/collapse">org.openqa.selenium.NoSuchElementException: Unable to locate element: {&quot;method&quot;:&quot;xpath&quot;,&quot;selector&quot;:&quot;(//div[@class=&apos;coc-content&apos;])[3]&quot;}<br/>
For documentation on this error, please visit: http://seleniumhq.org/exceptions/no_such_element.html<br/>
Build info: version: &apos;2.43.1&apos;, revision: &apos;5163bce&apos;, time: &apos;2014-09-10 16:27:33&apos;<br/>
System info: host: &apos;VDC01LDW0013&apos;, ip: &apos;192.168.155.35&apos;, os.name: &apos;Windows 7&apos;, os.arch: &apos;amd64&apos;, os.version: &apos;6.1&apos;, java.version: &apos;1.7.0_40&apos;<br/>
Driver info: driver.version: unknown</a><br />
        <div class="stackTrace" id="exception-3">
                      &lt;anonymous class&gt;.FirefoxDriver.prototype.findElementInternal_(file:///C:/Users/RANI~1.KUM/AppData/Local/Temp/anonymous8936212272640946826webdriver-profile/extensions/fxdriver@googlecode.com/components/driver-component.js:9618:133)<br />
                      &lt;anonymous class&gt;.fxdriver.Timer.prototype.setTimeout/&lt;.notify(file:///C:/Users/RANI~1.KUM/AppData/Local/Temp/anonymous8936212272640946826webdriver-profile/extensions/fxdriver@googlecode.com/components/driver-component.js:548:5)<br />
                  </div>
          </div>
      </td>
</tr>
<tr>
  <td class="method">
                  <span class="description" title="Step 42:verifies the value of program number of checkout thank you page ">step42_verifyValueOfProgramNumber</span>
      </td>
  <td class="duration">
    35.059s
  </td>
  <td class="result">
        
    
            <div class="testOutput">
                        <br /><a href="D:\RS_Automation\RS_WorkSpace\Automation\Road Scholar/screenshots/step42_verifyValueOfProgramNumber1477475335277.png" class="highslide" rel="highslide"> <img src="D:\RS_Automation\RS_WorkSpace\Automation\Road Scholar/screenshots/step42_verifyValueOfProgramNumber1477475335277.png"  alt="Highslide JS" title="Click to enlarge" hight='100' width='100'/> </a><br/>
                                <a href="D:\RS_Automation\RS_WorkSpace\Automation\Road Scholar/screenshots/step42_verifyValueOfProgramNumber1477475335277.png">step42_verifyValueOfProgramNumber1477475335277 </a><br/>
                  </div>
    

        <a href="javascript:toggleElement('exception-4', 'block')" title="Click to expand/collapse"><b>org.openqa.selenium.NoSuchElementException: Unable to locate element: {&quot;method&quot;:&quot;xpath&quot;,&quot;selector&quot;:&quot;(//div[@class=&apos;coc-content&apos;])[4]&quot;}<br/>
Command duration or timeout: 30.05 seconds<br/>
For documentation on this error, please visit: http://seleniumhq.org/exceptions/no_such_element.html<br/>
Build info: version: &apos;2.43.1&apos;, revision: &apos;5163bce&apos;, time: &apos;2014-09-10 16:27:33&apos;<br/>
System info: host: &apos;VDC01LDW0013&apos;, ip: &apos;192.168.155.35&apos;, os.name: &apos;Windows 7&apos;, os.arch: &apos;amd64&apos;, os.version: &apos;6.1&apos;, java.version: &apos;1.7.0_40&apos;<br/>
Session ID: 82a8b9fa-fee1-4828-ac15-0438a2d31ba0<br/>
Driver info: org.openqa.selenium.firefox.FirefoxDriver<br/>
Capabilities [{platform=WINDOWS, databaseEnabled=true, cssSelectorsEnabled=true, javascriptEnabled=true, acceptSslCerts=true, handlesAlerts=true, browserName=firefox, webStorageEnabled=true, nativeEvents=true, rotatable=false, locationContextEnabled=true, applicationCacheEnabled=true, takesScreenshot=true, version=31.8.0}]</b></a><br />
    <div class="stackTrace" id="exception-4">
              sun.reflect.GeneratedConstructorAccessor94.newInstance(Unknown Source)<br />
              sun.reflect.DelegatingConstructorAccessorImpl.newInstance(DelegatingConstructorAccessorImpl.java:45)<br />
              java.lang.reflect.Constructor.newInstance(Constructor.java:526)<br />
              org.openqa.selenium.remote.ErrorHandler.createThrowable(ErrorHandler.java:204)<br />
              org.openqa.selenium.remote.ErrorHandler.throwIfResponseFailed(ErrorHandler.java:156)<br />
              org.openqa.selenium.remote.RemoteWebDriver.execute(RemoteWebDriver.java:599)<br />
              org.openqa.selenium.remote.RemoteWebDriver.findElement(RemoteWebDriver.java:352)<br />
              org.openqa.selenium.remote.RemoteWebDriver.findElementByXPath(RemoteWebDriver.java:449)<br />
              org.openqa.selenium.By$ByXPath.findElement(By.java:357)<br />
              org.openqa.selenium.remote.RemoteWebDriver.findElement(RemoteWebDriver.java:344)<br />
              in.valtech.RoadScholar.pages.CheckOutThankYou.verifyValueProgramNumber(CheckOutThankYou.java:338)<br />
              in.valtech.RoadScholar.test.CTY_TC_52.step42_verifyValueOfProgramNumber(CTY_TC_52.java:544)<br />
              sun.reflect.NativeMethodAccessorImpl.invoke0(Native Method)<br />
              sun.reflect.NativeMethodAccessorImpl.invoke(NativeMethodAccessorImpl.java:57)<br />
              sun.reflect.DelegatingMethodAccessorImpl.invoke(DelegatingMethodAccessorImpl.java:43)<br />
              java.lang.reflect.Method.invoke(Method.java:606)<br />
              org.testng.internal.MethodInvocationHelper.invokeMethod(MethodInvocationHelper.java:84)<br />
              org.testng.internal.Invoker.invokeMethod(Invoker.java:714)<br />
              org.testng.internal.Invoker.invokeTestMethod(Invoker.java:901)<br />
              org.testng.internal.Invoker.invokeTestMethods(Invoker.java:1231)<br />
              org.testng.internal.TestMethodWorker.invokeTestMethods(TestMethodWorker.java:127)<br />
              org.testng.internal.TestMethodWorker.run(TestMethodWorker.java:111)<br />
              org.testng.TestRunner.privateRun(TestRunner.java:767)<br />
              org.testng.TestRunner.run(TestRunner.java:617)<br />
              org.testng.SuiteRunner.runTest(SuiteRunner.java:334)<br />
              org.testng.SuiteRunner.runSequentially(SuiteRunner.java:329)<br />
              org.testng.SuiteRunner.privateRun(SuiteRunner.java:291)<br />
              org.testng.SuiteRunner.run(SuiteRunner.java:240)<br />
              org.testng.SuiteRunnerWorker.runSuite(SuiteRunnerWorker.java:52)<br />
              org.testng.SuiteRunnerWorker.run(SuiteRunnerWorker.java:86)<br />
              org.testng.TestNG.runSuitesSequentially(TestNG.java:1224)<br />
              org.testng.TestNG.runSuitesLocally(TestNG.java:1149)<br />
              org.testng.TestNG.run(TestNG.java:1057)<br />
              org.testng.TestNG.privateMain(TestNG.java:1364)<br />
              org.testng.TestNG.main(TestNG.java:1333)<br />
                    <b>Caused by: </b> <a href="javascript:toggleElement('exception-5', 'block')" title="Click to expand/collapse">org.openqa.selenium.NoSuchElementException: Unable to locate element: {&quot;method&quot;:&quot;xpath&quot;,&quot;selector&quot;:&quot;(//div[@class=&apos;coc-content&apos;])[4]&quot;}<br/>
For documentation on this error, please visit: http://seleniumhq.org/exceptions/no_such_element.html<br/>
Build info: version: &apos;2.43.1&apos;, revision: &apos;5163bce&apos;, time: &apos;2014-09-10 16:27:33&apos;<br/>
System info: host: &apos;VDC01LDW0013&apos;, ip: &apos;192.168.155.35&apos;, os.name: &apos;Windows 7&apos;, os.arch: &apos;amd64&apos;, os.version: &apos;6.1&apos;, java.version: &apos;1.7.0_40&apos;<br/>
Driver info: driver.version: unknown</a><br />
        <div class="stackTrace" id="exception-5">
                      &lt;anonymous class&gt;.FirefoxDriver.prototype.findElementInternal_(file:///C:/Users/RANI~1.KUM/AppData/Local/Temp/anonymous8936212272640946826webdriver-profile/extensions/fxdriver@googlecode.com/components/driver-component.js:9618:133)<br />
                      &lt;anonymous class&gt;.fxdriver.Timer.prototype.setTimeout/&lt;.notify(file:///C:/Users/RANI~1.KUM/AppData/Local/Temp/anonymous8936212272640946826webdriver-profile/extensions/fxdriver@googlecode.com/components/driver-component.js:548:5)<br />
                  </div>
          </div>
      </td>
</tr>
<tr>
  <td class="method">
                  <span class="description" title="Step 43:verifies the value of program date of checkout thank you page ">step43_verifyValueOfProgramDate</span>
      </td>
  <td class="duration">
    35.116s
  </td>
  <td class="result">
        
    
            <div class="testOutput">
                        <br /><a href="D:\RS_Automation\RS_WorkSpace\Automation\Road Scholar/screenshots/step43_verifyValueOfProgramDate1477475370650.png" class="highslide" rel="highslide"> <img src="D:\RS_Automation\RS_WorkSpace\Automation\Road Scholar/screenshots/step43_verifyValueOfProgramDate1477475370650.png"  alt="Highslide JS" title="Click to enlarge" hight='100' width='100'/> </a><br/>
                                <a href="D:\RS_Automation\RS_WorkSpace\Automation\Road Scholar/screenshots/step43_verifyValueOfProgramDate1477475370650.png">step43_verifyValueOfProgramDate1477475370650 </a><br/>
                  </div>
    

        <a href="javascript:toggleElement('exception-6', 'block')" title="Click to expand/collapse"><b>org.openqa.selenium.NoSuchElementException: Unable to locate element: {&quot;method&quot;:&quot;xpath&quot;,&quot;selector&quot;:&quot;(//div[@class=&apos;coc-content&apos;])[5]&quot;}<br/>
Command duration or timeout: 30.11 seconds<br/>
For documentation on this error, please visit: http://seleniumhq.org/exceptions/no_such_element.html<br/>
Build info: version: &apos;2.43.1&apos;, revision: &apos;5163bce&apos;, time: &apos;2014-09-10 16:27:33&apos;<br/>
System info: host: &apos;VDC01LDW0013&apos;, ip: &apos;192.168.155.35&apos;, os.name: &apos;Windows 7&apos;, os.arch: &apos;amd64&apos;, os.version: &apos;6.1&apos;, java.version: &apos;1.7.0_40&apos;<br/>
Session ID: 82a8b9fa-fee1-4828-ac15-0438a2d31ba0<br/>
Driver info: org.openqa.selenium.firefox.FirefoxDriver<br/>
Capabilities [{platform=WINDOWS, databaseEnabled=true, cssSelectorsEnabled=true, javascriptEnabled=true, acceptSslCerts=true, handlesAlerts=true, browserName=firefox, webStorageEnabled=true, nativeEvents=true, rotatable=false, locationContextEnabled=true, applicationCacheEnabled=true, takesScreenshot=true, version=31.8.0}]</b></a><br />
    <div class="stackTrace" id="exception-6">
              sun.reflect.GeneratedConstructorAccessor94.newInstance(Unknown Source)<br />
              sun.reflect.DelegatingConstructorAccessorImpl.newInstance(DelegatingConstructorAccessorImpl.java:45)<br />
              java.lang.reflect.Constructor.newInstance(Constructor.java:526)<br />
              org.openqa.selenium.remote.ErrorHandler.createThrowable(ErrorHandler.java:204)<br />
              org.openqa.selenium.remote.ErrorHandler.throwIfResponseFailed(ErrorHandler.java:156)<br />
              org.openqa.selenium.remote.RemoteWebDriver.execute(RemoteWebDriver.java:599)<br />
              org.openqa.selenium.remote.RemoteWebDriver.findElement(RemoteWebDriver.java:352)<br />
              org.openqa.selenium.remote.RemoteWebDriver.findElementByXPath(RemoteWebDriver.java:449)<br />
              org.openqa.selenium.By$ByXPath.findElement(By.java:357)<br />
              org.openqa.selenium.remote.RemoteWebDriver.findElement(RemoteWebDriver.java:344)<br />
              in.valtech.RoadScholar.pages.CheckOutThankYou.verifyValueOfProgramDate(CheckOutThankYou.java:357)<br />
              in.valtech.RoadScholar.test.CTY_TC_52.step43_verifyValueOfProgramDate(CTY_TC_52.java:556)<br />
              sun.reflect.NativeMethodAccessorImpl.invoke0(Native Method)<br />
              sun.reflect.NativeMethodAccessorImpl.invoke(NativeMethodAccessorImpl.java:57)<br />
              sun.reflect.DelegatingMethodAccessorImpl.invoke(DelegatingMethodAccessorImpl.java:43)<br />
              java.lang.reflect.Method.invoke(Method.java:606)<br />
              org.testng.internal.MethodInvocationHelper.invokeMethod(MethodInvocationHelper.java:84)<br />
              org.testng.internal.Invoker.invokeMethod(Invoker.java:714)<br />
              org.testng.internal.Invoker.invokeTestMethod(Invoker.java:901)<br />
              org.testng.internal.Invoker.invokeTestMethods(Invoker.java:1231)<br />
              org.testng.internal.TestMethodWorker.invokeTestMethods(TestMethodWorker.java:127)<br />
              org.testng.internal.TestMethodWorker.run(TestMethodWorker.java:111)<br />
              org.testng.TestRunner.privateRun(TestRunner.java:767)<br />
              org.testng.TestRunner.run(TestRunner.java:617)<br />
              org.testng.SuiteRunner.runTest(SuiteRunner.java:334)<br />
              org.testng.SuiteRunner.runSequentially(SuiteRunner.java:329)<br />
              org.testng.SuiteRunner.privateRun(SuiteRunner.java:291)<br />
              org.testng.SuiteRunner.run(SuiteRunner.java:240)<br />
              org.testng.SuiteRunnerWorker.runSuite(SuiteRunnerWorker.java:52)<br />
              org.testng.SuiteRunnerWorker.run(SuiteRunnerWorker.java:86)<br />
              org.testng.TestNG.runSuitesSequentially(TestNG.java:1224)<br />
              org.testng.TestNG.runSuitesLocally(TestNG.java:1149)<br />
              org.testng.TestNG.run(TestNG.java:1057)<br />
              org.testng.TestNG.privateMain(TestNG.java:1364)<br />
              org.testng.TestNG.main(TestNG.java:1333)<br />
                    <b>Caused by: </b> <a href="javascript:toggleElement('exception-7', 'block')" title="Click to expand/collapse">org.openqa.selenium.NoSuchElementException: Unable to locate element: {&quot;method&quot;:&quot;xpath&quot;,&quot;selector&quot;:&quot;(//div[@class=&apos;coc-content&apos;])[5]&quot;}<br/>
For documentation on this error, please visit: http://seleniumhq.org/exceptions/no_such_element.html<br/>
Build info: version: &apos;2.43.1&apos;, revision: &apos;5163bce&apos;, time: &apos;2014-09-10 16:27:33&apos;<br/>
System info: host: &apos;VDC01LDW0013&apos;, ip: &apos;192.168.155.35&apos;, os.name: &apos;Windows 7&apos;, os.arch: &apos;amd64&apos;, os.version: &apos;6.1&apos;, java.version: &apos;1.7.0_40&apos;<br/>
Driver info: driver.version: unknown</a><br />
        <div class="stackTrace" id="exception-7">
                      &lt;anonymous class&gt;.FirefoxDriver.prototype.findElementInternal_(file:///C:/Users/RANI~1.KUM/AppData/Local/Temp/anonymous8936212272640946826webdriver-profile/extensions/fxdriver@googlecode.com/components/driver-component.js:9618:133)<br />
                      &lt;anonymous class&gt;.fxdriver.Timer.prototype.setTimeout/&lt;.notify(file:///C:/Users/RANI~1.KUM/AppData/Local/Temp/anonymous8936212272640946826webdriver-profile/extensions/fxdriver@googlecode.com/components/driver-component.js:548:5)<br />
                  </div>
          </div>
      </td>
</tr>
      </table>


  <table class="resultsTable">
    <tr><th colspan="3" class="header passed">Passed Tests</th></tr>
          <tr>
        <td colspan="3" class="group">in.valtech.RoadScholar.test.CTY_TC_52</td>
      </tr>
            
<tr>
  <td class="method">
                  <span class="description" title="Enter the trip id into search text field of home page">Step01_EnterTripIdIntoSearchField</span>
      </td>
  <td class="duration">
    5.373s
  </td>
  <td class="result">
        
    
            <div class="testOutput">
                        <p>Successfully entered trip id into search text field
                                <br /><a href="D:\RS_Automation\RS_WorkSpace\Automation\Road Scholar/screenshots/Step01_EnterTripIdIntoSearchField1477474157206.png" class="highslide" rel="highslide"> <img src="D:\RS_Automation\RS_WorkSpace\Automation\Road Scholar/screenshots/Step01_EnterTripIdIntoSearchField1477474157206.png"  alt="Highslide JS" title="Click to enlarge" hight='100' width='100'/> </a><br/>
                                <a href="D:\RS_Automation\RS_WorkSpace\Automation\Road Scholar/screenshots/Step01_EnterTripIdIntoSearchField1477474157206.png">Step01_EnterTripIdIntoSearchField1477474157206 </a><br/>
                  </div>
    

      </td>
</tr>
<tr>
  <td class="method">
                  <span class="description" title="click on search button">Step02_clickOnSearchButton</span>
      </td>
  <td class="duration">
    15.898s
  </td>
  <td class="result">
        
    
            <div class="testOutput">
                        <p>Successfully clicked on search button
                                <br /><a href="D:\RS_Automation\RS_WorkSpace\Automation\Road Scholar/screenshots/Step02_clickOnSearchButton1477474164914.png" class="highslide" rel="highslide"> <img src="D:\RS_Automation\RS_WorkSpace\Automation\Road Scholar/screenshots/Step02_clickOnSearchButton1477474164914.png"  alt="Highslide JS" title="Click to enlarge" hight='100' width='100'/> </a><br/>
                                <a href="D:\RS_Automation\RS_WorkSpace\Automation\Road Scholar/screenshots/Step02_clickOnSearchButton1477474164914.png">Step02_clickOnSearchButton1477474164914 </a><br/>
                  </div>
    

      </td>
</tr>
<tr>
  <td class="method">
                  <span class="description" title="Step 3: click on date and prices tab from trip detail page">Step03_clickOnDateAndPricesTab</span>
      </td>
  <td class="duration">
    15.223s
  </td>
  <td class="result">
        
    
            <div class="testOutput">
                        <p>Successfully clicked on date and prices tab from trip detail page
                                <br /><a href="D:\RS_Automation\RS_WorkSpace\Automation\Road Scholar/screenshots/Step03_clickOnDateAndPricesTab1477474181263.png" class="highslide" rel="highslide"> <img src="D:\RS_Automation\RS_WorkSpace\Automation\Road Scholar/screenshots/Step03_clickOnDateAndPricesTab1477474181263.png"  alt="Highslide JS" title="Click to enlarge" hight='100' width='100'/> </a><br/>
                                <a href="D:\RS_Automation\RS_WorkSpace\Automation\Road Scholar/screenshots/Step03_clickOnDateAndPricesTab1477474181263.png">Step03_clickOnDateAndPricesTab1477474181263 </a><br/>
                  </div>
    

      </td>
</tr>
<tr>
  <td class="method">
                  <span class="description" title="Step 4:  click on select date button from trip date and prices pages">Step04_clickOnSelectBtn</span>
      </td>
  <td class="duration">
    39.289s
  </td>
  <td class="result">
        
    
            <div class="testOutput">
                        <p>Successfully clicked on date and prices tab from trip detail page
                                <br /><a href="D:\RS_Automation\RS_WorkSpace\Automation\Road Scholar/screenshots/Step04_clickOnSelectBtn1477474196879.png" class="highslide" rel="highslide"> <img src="D:\RS_Automation\RS_WorkSpace\Automation\Road Scholar/screenshots/Step04_clickOnSelectBtn1477474196879.png"  alt="Highslide JS" title="Click to enlarge" hight='100' width='100'/> </a><br/>
                                <a href="D:\RS_Automation\RS_WorkSpace\Automation\Road Scholar/screenshots/Step04_clickOnSelectBtn1477474196879.png">Step04_clickOnSelectBtn1477474196879 </a><br/>
                  </div>
    

      </td>
</tr>
<tr>
  <td class="method">
                  <span class="description" title="Step 5: click on single person under number of people enrolling from your household section">Step05_click</span>
      </td>
  <td class="duration">
    5.123s
  </td>
  <td class="result">
        
    
            <div class="testOutput">
                        <p>Successfully selected single person under number of people enrolling from your household section 
                                <br /><a href="D:\RS_Automation\RS_WorkSpace\Automation\Road Scholar/screenshots/Step05_click1477474236482.png" class="highslide" rel="highslide"> <img src="D:\RS_Automation\RS_WorkSpace\Automation\Road Scholar/screenshots/Step05_click1477474236482.png"  alt="Highslide JS" title="Click to enlarge" hight='100' width='100'/> </a><br/>
                                <a href="D:\RS_Automation\RS_WorkSpace\Automation\Road Scholar/screenshots/Step05_click1477474236482.png">Step05_click1477474236482 </a><br/>
                  </div>
    

      </td>
</tr>
<tr>
  <td class="method">
                  <span class="description" title="Step 6: select no interface radio button ">Step06_selectNoInterfaceRadioBtn</span>
      </td>
  <td class="duration">
    5.203s
  </td>
  <td class="result">
        
    
            <div class="testOutput">
                        <p>Successfully selected no interface radio button
                                <br /><a href="D:\RS_Automation\RS_WorkSpace\Automation\Road Scholar/screenshots/Step06_selectNoInterfaceRadioBtn1477474241972.png" class="highslide" rel="highslide"> <img src="D:\RS_Automation\RS_WorkSpace\Automation\Road Scholar/screenshots/Step06_selectNoInterfaceRadioBtn1477474241972.png"  alt="Highslide JS" title="Click to enlarge" hight='100' width='100'/> </a><br/>
                                <a href="D:\RS_Automation\RS_WorkSpace\Automation\Road Scholar/screenshots/Step06_selectNoInterfaceRadioBtn1477474241972.png">Step06_selectNoInterfaceRadioBtn1477474241972 </a><br/>
                  </div>
    

      </td>
</tr>
<tr>
  <td class="method">
                  <span class="description" title="Step 7: select single radio button ">Step07_SelectDoubleRadioBtn</span>
      </td>
  <td class="duration">
    10.284s
  </td>
  <td class="result">
        
    
            <div class="testOutput">
                        <p>Successfully selected single radio button
                                <br /><a href="D:\RS_Automation\RS_WorkSpace\Automation\Road Scholar/screenshots/Step07_SelectDoubleRadioBtn1477474247536.png" class="highslide" rel="highslide"> <img src="D:\RS_Automation\RS_WorkSpace\Automation\Road Scholar/screenshots/Step07_SelectDoubleRadioBtn1477474247536.png"  alt="Highslide JS" title="Click to enlarge" hight='100' width='100'/> </a><br/>
                                <a href="D:\RS_Automation\RS_WorkSpace\Automation\Road Scholar/screenshots/Step07_SelectDoubleRadioBtn1477474247536.png">Step07_SelectDoubleRadioBtn1477474247536 </a><br/>
                  </div>
    

      </td>
</tr>
<tr>
  <td class="method">
                  <span class="description" title="Step 8: click on continue button">Step08_clickOnContinueBtn</span>
      </td>
  <td class="duration">
    10.199s
  </td>
  <td class="result">
        
    
            <div class="testOutput">
                        <p>Successfully clicked on continue button
                                <br /><a href="D:\RS_Automation\RS_WorkSpace\Automation\Road Scholar/screenshots/Step08_clickOnContinueBtn1477474258206.png" class="highslide" rel="highslide"> <img src="D:\RS_Automation\RS_WorkSpace\Automation\Road Scholar/screenshots/Step08_clickOnContinueBtn1477474258206.png"  alt="Highslide JS" title="Click to enlarge" hight='100' width='100'/> </a><br/>
                                <a href="D:\RS_Automation\RS_WorkSpace\Automation\Road Scholar/screenshots/Step08_clickOnContinueBtn1477474258206.png">Step08_clickOnContinueBtn1477474258206 </a><br/>
                  </div>
    

      </td>
</tr>
<tr>
  <td class="method">
                  <span class="description" title="Step 9:  Enter the text into the first name text field">Step09_EnterValueFirstName</span>
      </td>
  <td class="duration">
    37.051s
  </td>
  <td class="result">
        
    
            <div class="testOutput">
                        <p>Successfully entered text into first name text field
                                <br /><a href="D:\RS_Automation\RS_WorkSpace\Automation\Road Scholar/screenshots/Step09_EnterValueFirstName1477474268777.png" class="highslide" rel="highslide"> <img src="D:\RS_Automation\RS_WorkSpace\Automation\Road Scholar/screenshots/Step09_EnterValueFirstName1477474268777.png"  alt="Highslide JS" title="Click to enlarge" hight='100' width='100'/> </a><br/>
                                <a href="D:\RS_Automation\RS_WorkSpace\Automation\Road Scholar/screenshots/Step09_EnterValueFirstName1477474268777.png">Step09_EnterValueFirstName1477474268777 </a><br/>
                  </div>
    

      </td>
</tr>
<tr>
  <td class="method">
                  <span class="description" title="Step 10:  Enter the text into the last name text field">Step10_enterValueLastName</span>
      </td>
  <td class="duration">
    11.019s
  </td>
  <td class="result">
        
    
            <div class="testOutput">
                        <p>Successfully entered text into last name text field
                                <br /><a href="D:\RS_Automation\RS_WorkSpace\Automation\Road Scholar/screenshots/Step10_enterValueLastName1477474306165.png" class="highslide" rel="highslide"> <img src="D:\RS_Automation\RS_WorkSpace\Automation\Road Scholar/screenshots/Step10_enterValueLastName1477474306165.png"  alt="Highslide JS" title="Click to enlarge" hight='100' width='100'/> </a><br/>
                                <a href="D:\RS_Automation\RS_WorkSpace\Automation\Road Scholar/screenshots/Step10_enterValueLastName1477474306165.png">Step10_enterValueLastName1477474306165 </a><br/>
                  </div>
    

      </td>
</tr>
<tr>
  <td class="method">
                  <span class="description" title="Step 11:  Enter the text into the Address  text field">Step11_enterValueAddress</span>
      </td>
  <td class="duration">
    11.086s
  </td>
  <td class="result">
        
    
            <div class="testOutput">
                        <p>Successfully entered text into Address text field
                                <br /><a href="D:\RS_Automation\RS_WorkSpace\Automation\Road Scholar/screenshots/Step11_enterValueAddress1477474317525.png" class="highslide" rel="highslide"> <img src="D:\RS_Automation\RS_WorkSpace\Automation\Road Scholar/screenshots/Step11_enterValueAddress1477474317525.png"  alt="Highslide JS" title="Click to enlarge" hight='100' width='100'/> </a><br/>
                                <a href="D:\RS_Automation\RS_WorkSpace\Automation\Road Scholar/screenshots/Step11_enterValueAddress1477474317525.png">Step11_enterValueAddress1477474317525 </a><br/>
                  </div>
    

      </td>
</tr>
<tr>
  <td class="method">
                  <span class="description" title="Step 12:  Enter the text into the City text field">Step12_enterCity</span>
      </td>
  <td class="duration">
    11.012s
  </td>
  <td class="result">
        
    
            <div class="testOutput">
                        <p>Successfully entered text into City text field
                                <br /><a href="D:\RS_Automation\RS_WorkSpace\Automation\Road Scholar/screenshots/Step12_enterCity1477474328943.png" class="highslide" rel="highslide"> <img src="D:\RS_Automation\RS_WorkSpace\Automation\Road Scholar/screenshots/Step12_enterCity1477474328943.png"  alt="Highslide JS" title="Click to enlarge" hight='100' width='100'/> </a><br/>
                                <a href="D:\RS_Automation\RS_WorkSpace\Automation\Road Scholar/screenshots/Step12_enterCity1477474328943.png">Step12_enterCity1477474328943 </a><br/>
                  </div>
    

      </td>
</tr>
<tr>
  <td class="method">
                  <span class="description" title="Step 14:  Enter the text into the zip code text field">Step14_enterZipCode</span>
      </td>
  <td class="duration">
    10.717s
  </td>
  <td class="result">
        
    
            <div class="testOutput">
                        <p>Successfully entered text zip code field 
                                <br /><a href="D:\RS_Automation\RS_WorkSpace\Automation\Road Scholar/screenshots/Step14_enterZipCode1477474351721.png" class="highslide" rel="highslide"> <img src="D:\RS_Automation\RS_WorkSpace\Automation\Road Scholar/screenshots/Step14_enterZipCode1477474351721.png"  alt="Highslide JS" title="Click to enlarge" hight='100' width='100'/> </a><br/>
                                <a href="D:\RS_Automation\RS_WorkSpace\Automation\Road Scholar/screenshots/Step14_enterZipCode1477474351721.png">Step14_enterZipCode1477474351721 </a><br/>
                  </div>
    

      </td>
</tr>
<tr>
  <td class="method">
                  <span class="description" title="Step 16: select state drop down">Step16_selectStateDropDown</span>
      </td>
  <td class="duration">
    10.261s
  </td>
  <td class="result">
        
    
            <div class="testOutput">
                        <p>Successfully selected state drop down
                                <br /><a href="D:\RS_Automation\RS_WorkSpace\Automation\Road Scholar/screenshots/Step16_selectStateDropDown1477474373332.png" class="highslide" rel="highslide"> <img src="D:\RS_Automation\RS_WorkSpace\Automation\Road Scholar/screenshots/Step16_selectStateDropDown1477474373332.png"  alt="Highslide JS" title="Click to enlarge" hight='100' width='100'/> </a><br/>
                                <a href="D:\RS_Automation\RS_WorkSpace\Automation\Road Scholar/screenshots/Step16_selectStateDropDown1477474373332.png">Step16_selectStateDropDown1477474373332 </a><br/>
                  </div>
    

      </td>
</tr>
<tr>
  <td class="method">
                  <span class="description" title="Step 17:  Click on continue button">Step17_clickOnContinueBtn</span>
      </td>
  <td class="duration">
    15.206s
  </td>
  <td class="result">
        
    
            <div class="testOutput">
                        <p>Successfully clicked on continue button
                                <br /><a href="D:\RS_Automation\RS_WorkSpace\Automation\Road Scholar/screenshots/Step17_clickOnContinueBtn1477474383909.png" class="highslide" rel="highslide"> <img src="D:\RS_Automation\RS_WorkSpace\Automation\Road Scholar/screenshots/Step17_clickOnContinueBtn1477474383909.png"  alt="Highslide JS" title="Click to enlarge" hight='100' width='100'/> </a><br/>
                                <a href="D:\RS_Automation\RS_WorkSpace\Automation\Road Scholar/screenshots/Step17_clickOnContinueBtn1477474383909.png">Step17_clickOnContinueBtn1477474383909 </a><br/>
                  </div>
    

      </td>
</tr>
<tr>
  <td class="method">
                  <span class="description" title="Step 13:  Enter the text into the phone number text field">Step19_enterPhoneNumber</span>
      </td>
  <td class="duration">
    11.096s
  </td>
  <td class="result">
        
    
            <div class="testOutput">
                        <p>Successfully entered text into phone number text field
                                <br /><a href="D:\RS_Automation\RS_WorkSpace\Automation\Road Scholar/screenshots/Step19_enterPhoneNumber1477474340287.png" class="highslide" rel="highslide"> <img src="D:\RS_Automation\RS_WorkSpace\Automation\Road Scholar/screenshots/Step19_enterPhoneNumber1477474340287.png"  alt="Highslide JS" title="Click to enlarge" hight='100' width='100'/> </a><br/>
                                <a href="D:\RS_Automation\RS_WorkSpace\Automation\Road Scholar/screenshots/Step19_enterPhoneNumber1477474340287.png">Step19_enterPhoneNumber1477474340287 </a><br/>
                  </div>
    

      </td>
</tr>
<tr>
  <td class="method">
                  <span class="description" title="Step 15: select the country from drop down">Step21_selectCountry1</span>
      </td>
  <td class="duration">
    10.218s
  </td>
  <td class="result">
        
    
            <div class="testOutput">
                        <p>Successfully country selected from country drop down
                                <br /><a href="D:\RS_Automation\RS_WorkSpace\Automation\Road Scholar/screenshots/Step21_selectCountry11477474362799.png" class="highslide" rel="highslide"> <img src="D:\RS_Automation\RS_WorkSpace\Automation\Road Scholar/screenshots/Step21_selectCountry11477474362799.png"  alt="Highslide JS" title="Click to enlarge" hight='100' width='100'/> </a><br/>
                                <a href="D:\RS_Automation\RS_WorkSpace\Automation\Road Scholar/screenshots/Step21_selectCountry11477474362799.png">Step21_selectCountry11477474362799 </a><br/>
                  </div>
    

      </td>
</tr>
<tr>
  <td class="method">
                  <span class="description" title="Step 18: click on $10 Radio button under make a donation section">step18_clickOn$10RadioButton</span>
      </td>
  <td class="duration">
    30.123s
  </td>
  <td class="result">
        
    
            <div class="testOutput">
                        <p>Successfully clicked on $10 Radio button under make a donation section
                                <br /><a href="D:\RS_Automation\RS_WorkSpace\Automation\Road Scholar/screenshots/step18_clickOn$10RadioButton1477474399428.png" class="highslide" rel="highslide"> <img src="D:\RS_Automation\RS_WorkSpace\Automation\Road Scholar/screenshots/step18_clickOn$10RadioButton1477474399428.png"  alt="Highslide JS" title="Click to enlarge" hight='100' width='100'/> </a><br/>
                                <a href="D:\RS_Automation\RS_WorkSpace\Automation\Road Scholar/screenshots/step18_clickOn$10RadioButton1477474399428.png">step18_clickOn$10RadioButton1477474399428 </a><br/>
                  </div>
    

      </td>
</tr>
<tr>
  <td class="method">
                  <span class="description" title="Step 19: clicks on the View terms and condition link of chekout step3 page">step19_clickOn$10RadioButton</span>
      </td>
  <td class="duration">
    30.143s
  </td>
  <td class="result">
        
    
            <div class="testOutput">
                        <p>Successfully clicked on the View terms and condition link of chekout step3 page
                                <br /><a href="D:\RS_Automation\RS_WorkSpace\Automation\Road Scholar/screenshots/step19_clickOn$10RadioButton1477474429870.png" class="highslide" rel="highslide"> <img src="D:\RS_Automation\RS_WorkSpace\Automation\Road Scholar/screenshots/step19_clickOn$10RadioButton1477474429870.png"  alt="Highslide JS" title="Click to enlarge" hight='100' width='100'/> </a><br/>
                                <a href="D:\RS_Automation\RS_WorkSpace\Automation\Road Scholar/screenshots/step19_clickOn$10RadioButton1477474429870.png">step19_clickOn$10RadioButton1477474429870 </a><br/>
                  </div>
    

      </td>
</tr>
<tr>
  <td class="method">
                  <span class="description" title="Step 20: clicks on okay button from pop up">step20_clickOnOkayButton</span>
      </td>
  <td class="duration">
    35.144s
  </td>
  <td class="result">
        
    
            <div class="testOutput">
                        <p>Successfully clicked on the okay button
                                <br /><a href="D:\RS_Automation\RS_WorkSpace\Automation\Road Scholar/screenshots/step20_clickOnOkayButton1477474460329.png" class="highslide" rel="highslide"> <img src="D:\RS_Automation\RS_WorkSpace\Automation\Road Scholar/screenshots/step20_clickOnOkayButton1477474460329.png"  alt="Highslide JS" title="Click to enlarge" hight='100' width='100'/> </a><br/>
                                <a href="D:\RS_Automation\RS_WorkSpace\Automation\Road Scholar/screenshots/step20_clickOnOkayButton1477474460329.png">step20_clickOnOkayButton1477474460329 </a><br/>
                  </div>
    

      </td>
</tr>
<tr>
  <td class="method">
                  <span class="description" title="Step 21: clicks on i accept radio button under terms and condition section">step21_clickIAcceptButton</span>
      </td>
  <td class="duration">
    40.174s
  </td>
  <td class="result">
        
    
            <div class="testOutput">
                        <p>Successfully clicked on i accept button
                                <br /><a href="D:\RS_Automation\RS_WorkSpace\Automation\Road Scholar/screenshots/step21_clickIAcceptButton1477474495786.png" class="highslide" rel="highslide"> <img src="D:\RS_Automation\RS_WorkSpace\Automation\Road Scholar/screenshots/step21_clickIAcceptButton1477474495786.png"  alt="Highslide JS" title="Click to enlarge" hight='100' width='100'/> </a><br/>
                                <a href="D:\RS_Automation\RS_WorkSpace\Automation\Road Scholar/screenshots/step21_clickIAcceptButton1477474495786.png">step21_clickIAcceptButton1477474495786 </a><br/>
                  </div>
    

      </td>
</tr>
<tr>
  <td class="method">
                  <span class="description" title="Step 22: clicks on pay by check radio button">step22_clickPayByCheckRadioButton</span>
      </td>
  <td class="duration">
    35.046s
  </td>
  <td class="result">
        
    
            <div class="testOutput">
                        <p>Successfully clicked on pay by check radio button
                                <br /><a href="D:\RS_Automation\RS_WorkSpace\Automation\Road Scholar/screenshots/step22_clickPayByCheckRadioButton1477474536285.png" class="highslide" rel="highslide"> <img src="D:\RS_Automation\RS_WorkSpace\Automation\Road Scholar/screenshots/step22_clickPayByCheckRadioButton1477474536285.png"  alt="Highslide JS" title="Click to enlarge" hight='100' width='100'/> </a><br/>
                                <a href="D:\RS_Automation\RS_WorkSpace\Automation\Road Scholar/screenshots/step22_clickPayByCheckRadioButton1477474536285.png">step22_clickPayByCheckRadioButton1477474536285 </a><br/>
                  </div>
    

      </td>
</tr>
<tr>
  <td class="method">
                  <span class="description" title="Step 24: click on complete button of pay by check pop up">step24_clcickOnCompleteButton</span>
      </td>
  <td class="duration">
    55.155s
  </td>
  <td class="result">
        
    
            <div class="testOutput">
                        <p>Successfully clicked on complete button of pay by check pop up
                                <br /><a href="D:\RS_Automation\RS_WorkSpace\Automation\Road Scholar/screenshots/step24_clcickOnCompleteButton1477474602087.png" class="highslide" rel="highslide"> <img src="D:\RS_Automation\RS_WorkSpace\Automation\Road Scholar/screenshots/step24_clcickOnCompleteButton1477474602087.png"  alt="Highslide JS" title="Click to enlarge" hight='100' width='100'/> </a><br/>
                                <a href="D:\RS_Automation\RS_WorkSpace\Automation\Road Scholar/screenshots/step24_clcickOnCompleteButton1477474602087.png">step24_clcickOnCompleteButton1477474602087 </a><br/>
                  </div>
    

      </td>
</tr>
<tr>
  <td class="method">
                  <span class="description" title="Step 25:verify the title of checkout thank you page ">step25_verifyTitle</span>
      </td>
  <td class="duration">
    40.141s
  </td>
  <td class="result">
        
    
            <div class="testOutput">
                        <p>Successfully verified the title of checkout thank you page
                                <br /><a href="D:\RS_Automation\RS_WorkSpace\Automation\Road Scholar/screenshots/step25_verifyTitle1477474657627.png" class="highslide" rel="highslide"> <img src="D:\RS_Automation\RS_WorkSpace\Automation\Road Scholar/screenshots/step25_verifyTitle1477474657627.png"  alt="Highslide JS" title="Click to enlarge" hight='100' width='100'/> </a><br/>
                                <a href="D:\RS_Automation\RS_WorkSpace\Automation\Road Scholar/screenshots/step25_verifyTitle1477474657627.png">step25_verifyTitle1477474657627 </a><br/>
                  </div>
    

      </td>
</tr>
<tr>
  <td class="method">
                  <span class="description" title="Step 26:verify the description of checkout thank you page  ">step26_verifyDescription</span>
      </td>
  <td class="duration">
    40.152s
  </td>
  <td class="result">
        
    
            <div class="testOutput">
                        <p>Successfully verified the description of checkout thank you page
                                <br /><a href="D:\RS_Automation\RS_WorkSpace\Automation\Road Scholar/screenshots/step26_verifyDescription1477474698092.png" class="highslide" rel="highslide"> <img src="D:\RS_Automation\RS_WorkSpace\Automation\Road Scholar/screenshots/step26_verifyDescription1477474698092.png"  alt="Highslide JS" title="Click to enlarge" hight='100' width='100'/> </a><br/>
                                <a href="D:\RS_Automation\RS_WorkSpace\Automation\Road Scholar/screenshots/step26_verifyDescription1477474698092.png">step26_verifyDescription1477474698092 </a><br/>
                  </div>
    

      </td>
</tr>
<tr>
  <td class="method">
                  <span class="description" title="Step 27:verify the PeopleTravelling of checkout thank you page  ">step27_verifyPeopleTravelling</span>
      </td>
  <td class="duration">
    40.131s
  </td>
  <td class="result">
        
    
            <div class="testOutput">
                        <p>Successfully verified the PeopleTravelling of checkout thank you page
                                <br /><a href="D:\RS_Automation\RS_WorkSpace\Automation\Road Scholar/screenshots/step27_verifyPeopleTravelling1477474738542.png" class="highslide" rel="highslide"> <img src="D:\RS_Automation\RS_WorkSpace\Automation\Road Scholar/screenshots/step27_verifyPeopleTravelling1477474738542.png"  alt="Highslide JS" title="Click to enlarge" hight='100' width='100'/> </a><br/>
                                <a href="D:\RS_Automation\RS_WorkSpace\Automation\Road Scholar/screenshots/step27_verifyPeopleTravelling1477474738542.png">step27_verifyPeopleTravelling1477474738542 </a><br/>
                  </div>
    

      </td>
</tr>
<tr>
  <td class="method">
                  <span class="description" title="Step 28:verify the order number of checkout thank you page  ">step28_verifyordernumber</span>
      </td>
  <td class="duration">
    40.162s
  </td>
  <td class="result">
        
    
            <div class="testOutput">
                        <p>Successfully verified the order number of checkout thank you page 
                                <br /><a href="D:\RS_Automation\RS_WorkSpace\Automation\Road Scholar/screenshots/step28_verifyordernumber1477474778987.png" class="highslide" rel="highslide"> <img src="D:\RS_Automation\RS_WorkSpace\Automation\Road Scholar/screenshots/step28_verifyordernumber1477474778987.png"  alt="Highslide JS" title="Click to enlarge" hight='100' width='100'/> </a><br/>
                                <a href="D:\RS_Automation\RS_WorkSpace\Automation\Road Scholar/screenshots/step28_verifyordernumber1477474778987.png">step28_verifyordernumber1477474778987 </a><br/>
                  </div>
    

      </td>
</tr>
<tr>
  <td class="method">
                  <span class="description" title="Step 29:verify the program name of checkout thank you page  ">step29_verifyProgramName</span>
      </td>
  <td class="duration">
    40.091s
  </td>
  <td class="result">
        
    
            <div class="testOutput">
                        <p>Successfully verified the program name of checkout thank you page 
                                <br /><a href="D:\RS_Automation\RS_WorkSpace\Automation\Road Scholar/screenshots/step29_verifyProgramName1477474819454.png" class="highslide" rel="highslide"> <img src="D:\RS_Automation\RS_WorkSpace\Automation\Road Scholar/screenshots/step29_verifyProgramName1477474819454.png"  alt="Highslide JS" title="Click to enlarge" hight='100' width='100'/> </a><br/>
                                <a href="D:\RS_Automation\RS_WorkSpace\Automation\Road Scholar/screenshots/step29_verifyProgramName1477474819454.png">step29_verifyProgramName1477474819454 </a><br/>
                  </div>
    

      </td>
</tr>
<tr>
  <td class="method">
                  <span class="description" title="Step 30:verify the program number of checkout thank you page  ">step30_verifyProgramNumber</span>
      </td>
  <td class="duration">
    40.148s
  </td>
  <td class="result">
        
    
            <div class="testOutput">
                        <p>Successfully verified the program number of checkout thank you page 
                                <br /><a href="D:\RS_Automation\RS_WorkSpace\Automation\Road Scholar/screenshots/step30_verifyProgramNumber1477474859859.png" class="highslide" rel="highslide"> <img src="D:\RS_Automation\RS_WorkSpace\Automation\Road Scholar/screenshots/step30_verifyProgramNumber1477474859859.png"  alt="Highslide JS" title="Click to enlarge" hight='100' width='100'/> </a><br/>
                                <a href="D:\RS_Automation\RS_WorkSpace\Automation\Road Scholar/screenshots/step30_verifyProgramNumber1477474859859.png">step30_verifyProgramNumber1477474859859 </a><br/>
                  </div>
    

      </td>
</tr>
<tr>
  <td class="method">
                  <span class="description" title="Step 31:verify the program dates of checkout thank you page  ">step31_verifyProgramDates</span>
      </td>
  <td class="duration">
    40.154s
  </td>
  <td class="result">
        
    
            <div class="testOutput">
                        <p>Successfully verified the program date of checkout thank you page 
                                <br /><a href="D:\RS_Automation\RS_WorkSpace\Automation\Road Scholar/screenshots/step31_verifyProgramDates1477474900391.png" class="highslide" rel="highslide"> <img src="D:\RS_Automation\RS_WorkSpace\Automation\Road Scholar/screenshots/step31_verifyProgramDates1477474900391.png"  alt="Highslide JS" title="Click to enlarge" hight='100' width='100'/> </a><br/>
                                <a href="D:\RS_Automation\RS_WorkSpace\Automation\Road Scholar/screenshots/step31_verifyProgramDates1477474900391.png">step31_verifyProgramDates1477474900391 </a><br/>
                  </div>
    

      </td>
</tr>
<tr>
  <td class="method">
                  <span class="description" title="Step 32:verify the accommodation of checkout thank you page  ">step32_verifyAccommodation</span>
      </td>
  <td class="duration">
    40.125s
  </td>
  <td class="result">
        
    
            <div class="testOutput">
                        <p>Successfully verified the accommodation date of checkout thank you page 
                                <br /><a href="D:\RS_Automation\RS_WorkSpace\Automation\Road Scholar/screenshots/step32_verifyAccommodation1477474940858.png" class="highslide" rel="highslide"> <img src="D:\RS_Automation\RS_WorkSpace\Automation\Road Scholar/screenshots/step32_verifyAccommodation1477474940858.png"  alt="Highslide JS" title="Click to enlarge" hight='100' width='100'/> </a><br/>
                                <a href="D:\RS_Automation\RS_WorkSpace\Automation\Road Scholar/screenshots/step32_verifyAccommodation1477474940858.png">step32_verifyAccommodation1477474940858 </a><br/>
                  </div>
    

      </td>
</tr>
<tr>
  <td class="method">
                  <span class="description" title="Step 33:verify the activity level of checkout thank you page  ">step33_verifyActivityLevel</span>
      </td>
  <td class="duration">
    40.131s
  </td>
  <td class="result">
        
    
            <div class="testOutput">
                        <p>Successfully verified the activity level of checkout thank you page 
                                <br /><a href="D:\RS_Automation\RS_WorkSpace\Automation\Road Scholar/screenshots/step33_verifyActivityLevel1477474981292.png" class="highslide" rel="highslide"> <img src="D:\RS_Automation\RS_WorkSpace\Automation\Road Scholar/screenshots/step33_verifyActivityLevel1477474981292.png"  alt="Highslide JS" title="Click to enlarge" hight='100' width='100'/> </a><br/>
                                <a href="D:\RS_Automation\RS_WorkSpace\Automation\Road Scholar/screenshots/step33_verifyActivityLevel1477474981292.png">step33_verifyActivityLevel1477474981292 </a><br/>
                  </div>
    

      </td>
</tr>
<tr>
  <td class="method">
                  <span class="description" title="Step 34:verify the total price of checkout thank you page  ">step34_verifyTotalPrice</span>
      </td>
  <td class="duration">
    40.120s
  </td>
  <td class="result">
        
    
            <div class="testOutput">
                        <p>Successfully verified the total price of checkout thank you page 
                                <br /><a href="D:\RS_Automation\RS_WorkSpace\Automation\Road Scholar/screenshots/step34_verifyTotalPrice1477475021738.png" class="highslide" rel="highslide"> <img src="D:\RS_Automation\RS_WorkSpace\Automation\Road Scholar/screenshots/step34_verifyTotalPrice1477475021738.png"  alt="Highslide JS" title="Click to enlarge" hight='100' width='100'/> </a><br/>
                                <a href="D:\RS_Automation\RS_WorkSpace\Automation\Road Scholar/screenshots/step34_verifyTotalPrice1477475021738.png">step34_verifyTotalPrice1477475021738 </a><br/>
                  </div>
    

      </td>
</tr>
<tr>
  <td class="method">
                  <span class="description" title="Step 35:verify the with a gift section of checkout thank you page  ">step35_verifyWithAGift</span>
      </td>
  <td class="duration">
    35.120s
  </td>
  <td class="result">
        
    
            <div class="testOutput">
                        <p>Successfully verified the with a gift section of checkout thank you page 
                                <br /><a href="D:\RS_Automation\RS_WorkSpace\Automation\Road Scholar/screenshots/step35_verifyWithAGift1477475062152.png" class="highslide" rel="highslide"> <img src="D:\RS_Automation\RS_WorkSpace\Automation\Road Scholar/screenshots/step35_verifyWithAGift1477475062152.png"  alt="Highslide JS" title="Click to enlarge" hight='100' width='100'/> </a><br/>
                                <a href="D:\RS_Automation\RS_WorkSpace\Automation\Road Scholar/screenshots/step35_verifyWithAGift1477475062152.png">step35_verifyWithAGift1477475062152 </a><br/>
                  </div>
    

      </td>
</tr>
<tr>
  <td class="method">
                  <span class="description" title="Step 36:verifies the remaining balance of checkout thank you page ">step36_verifyRemainingBalance</span>
      </td>
  <td class="duration">
    40.132s
  </td>
  <td class="result">
        
    
            <div class="testOutput">
                        <p>Successfully verified the remaining balance of checkout thank you page 
                                <br /><a href="D:\RS_Automation\RS_WorkSpace\Automation\Road Scholar/screenshots/step36_verifyRemainingBalance1477475097569.png" class="highslide" rel="highslide"> <img src="D:\RS_Automation\RS_WorkSpace\Automation\Road Scholar/screenshots/step36_verifyRemainingBalance1477475097569.png"  alt="Highslide JS" title="Click to enlarge" hight='100' width='100'/> </a><br/>
                                <a href="D:\RS_Automation\RS_WorkSpace\Automation\Road Scholar/screenshots/step36_verifyRemainingBalance1477475097569.png">step36_verifyRemainingBalance1477475097569 </a><br/>
                  </div>
    

      </td>
</tr>
<tr>
  <td class="method">
                  <span class="description" title="Step 37:verifies the cancellation policy link of checkout thank you page ">step37_verifyCancellationPolicyLink</span>
      </td>
  <td class="duration">
    40.122s
  </td>
  <td class="result">
        
    
            <div class="testOutput">
                        <p>Successfully verified the cancellation policy link of checkout thank you page 
                                <br /><a href="D:\RS_Automation\RS_WorkSpace\Automation\Road Scholar/screenshots/step37_verifyCancellationPolicyLink1477475138014.png" class="highslide" rel="highslide"> <img src="D:\RS_Automation\RS_WorkSpace\Automation\Road Scholar/screenshots/step37_verifyCancellationPolicyLink1477475138014.png"  alt="Highslide JS" title="Click to enlarge" hight='100' width='100'/> </a><br/>
                                <a href="D:\RS_Automation\RS_WorkSpace\Automation\Road Scholar/screenshots/step37_verifyCancellationPolicyLink1477475138014.png">step37_verifyCancellationPolicyLink1477475138014 </a><br/>
                  </div>
    

      </td>
</tr>
<tr>
  <td class="method">
                  <span class="description" title="Step 38:verifies the learn more link of checkout thank you page ">step38_verifyLearnMoreLink</span>
      </td>
  <td class="duration">
    40.117s
  </td>
  <td class="result">
        
    
            <div class="testOutput">
                        <p>Successfully verified the learn more link of checkout thank you page 
                                <br /><a href="D:\RS_Automation\RS_WorkSpace\Automation\Road Scholar/screenshots/step38_verifyLearnMoreLink1477475178485.png" class="highslide" rel="highslide"> <img src="D:\RS_Automation\RS_WorkSpace\Automation\Road Scholar/screenshots/step38_verifyLearnMoreLink1477475178485.png"  alt="Highslide JS" title="Click to enlarge" hight='100' width='100'/> </a><br/>
                                <a href="D:\RS_Automation\RS_WorkSpace\Automation\Road Scholar/screenshots/step38_verifyLearnMoreLink1477475178485.png">step38_verifyLearnMoreLink1477475178485 </a><br/>
                  </div>
    

      </td>
</tr>
<tr>
  <td class="method">
                  <span class="description" title="Step 39:verifies the value of order number of checkout thank you page ">step39_verifyValueOfOrderNumber</span>
      </td>
  <td class="duration">
    40.143s
  </td>
  <td class="result">
        
    
            <div class="testOutput">
                        <p>Successfully verified the value of order number of checkout thank you page 
                                <br /><a href="D:\RS_Automation\RS_WorkSpace\Automation\Road Scholar/screenshots/step39_verifyValueOfOrderNumber1477475218910.png" class="highslide" rel="highslide"> <img src="D:\RS_Automation\RS_WorkSpace\Automation\Road Scholar/screenshots/step39_verifyValueOfOrderNumber1477475218910.png"  alt="Highslide JS" title="Click to enlarge" hight='100' width='100'/> </a><br/>
                                <a href="D:\RS_Automation\RS_WorkSpace\Automation\Road Scholar/screenshots/step39_verifyValueOfOrderNumber1477475218910.png">step39_verifyValueOfOrderNumber1477475218910 </a><br/>
                  </div>
    

      </td>
</tr>
<tr>
  <td class="method">
                  <span class="description" title="Step 40:verifies the value of order name of checkout thank you page ">step40_verifyValueOfOrderName</span>
      </td>
  <td class="duration">
    40.156s
  </td>
  <td class="result">
        
    
            <div class="testOutput">
                        <p>Successfully verified the value of order name of checkout thank you page 
                                <br /><a href="D:\RS_Automation\RS_WorkSpace\Automation\Road Scholar/screenshots/step40_verifyValueOfOrderName1477475259360.png" class="highslide" rel="highslide"> <img src="D:\RS_Automation\RS_WorkSpace\Automation\Road Scholar/screenshots/step40_verifyValueOfOrderName1477475259360.png"  alt="Highslide JS" title="Click to enlarge" hight='100' width='100'/> </a><br/>
                                <a href="D:\RS_Automation\RS_WorkSpace\Automation\Road Scholar/screenshots/step40_verifyValueOfOrderName1477475259360.png">step40_verifyValueOfOrderName1477475259360 </a><br/>
                  </div>
    

      </td>
</tr>
          <tr>
        <td colspan="3" class="group">in.valtech.RoadScholar.test.HOP_TC_05</td>
      </tr>
            
<tr>
  <td class="method">
                  <span class="description" title="Precondition::  Open browser,Navigate to the RS URL">Step01_HOMEPAGE_URL</span>
      </td>
  <td class="duration">
    18.270s
  </td>
  <td class="result">
        
    
            <div class="testOutput">
                        Page Title:Home
                                <p>Successfully navigated to application URL
                                <br /><a href="D:\RS_Automation\RS_WorkSpace\Automation\Road Scholar/screenshots/Step01_HOMEPAGE_URL1477474094662.png" class="highslide" rel="highslide"> <img src="D:\RS_Automation\RS_WorkSpace\Automation\Road Scholar/screenshots/Step01_HOMEPAGE_URL1477474094662.png"  alt="Highslide JS" title="Click to enlarge" hight='100' width='100'/> </a><br/>
                                <a href="D:\RS_Automation\RS_WorkSpace\Automation\Road Scholar/screenshots/Step01_HOMEPAGE_URL1477474094662.png">Step01_HOMEPAGE_URL1477474094662 </a><br/>
                  </div>
    

      </td>
</tr>
<tr>
  <td class="method">
                  <span class="description" title=" Close the modal">Step02_ClickonCloseModal</span>
      </td>
  <td class="duration">
    5.134s
  </td>
  <td class="result">
        
    
            <div class="testOutput">
                        <p>Successfully closed the modal 
                                <br /><a href="D:\RS_Automation\RS_WorkSpace\Automation\Road Scholar/screenshots/Step02_ClickonCloseModal1477474115158.png" class="highslide" rel="highslide"> <img src="D:\RS_Automation\RS_WorkSpace\Automation\Road Scholar/screenshots/Step02_ClickonCloseModal1477474115158.png"  alt="Highslide JS" title="Click to enlarge" hight='100' width='100'/> </a><br/>
                                <a href="D:\RS_Automation\RS_WorkSpace\Automation\Road Scholar/screenshots/Step02_ClickonCloseModal1477474115158.png">Step02_ClickonCloseModal1477474115158 </a><br/>
                  </div>
    

      </td>
</tr>
<tr>
  <td class="method">
                  <span class="description" title="Click on Sign in from header">Step03_clickOnSignINHeader</span>
      </td>
  <td class="duration">
    5.151s
  </td>
  <td class="result">
        
    
            <div class="testOutput">
                        <p>Successfully Clicked on Sign in from headers 
                                <br /><a href="D:\RS_Automation\RS_WorkSpace\Automation\Road Scholar/screenshots/Step03_clickOnSignINHeader1477474122810.png" class="highslide" rel="highslide"> <img src="D:\RS_Automation\RS_WorkSpace\Automation\Road Scholar/screenshots/Step03_clickOnSignINHeader1477474122810.png"  alt="Highslide JS" title="Click to enlarge" hight='100' width='100'/> </a><br/>
                                <a href="D:\RS_Automation\RS_WorkSpace\Automation\Road Scholar/screenshots/Step03_clickOnSignINHeader1477474122810.png">Step03_clickOnSignINHeader1477474122810 </a><br/>
                  </div>
    

      </td>
</tr>
<tr>
  <td class="method">
                  <span class="description" title="Step 3: Enter email address">Step04_EnterEmailAddress</span>
      </td>
  <td class="duration">
    10.783s
  </td>
  <td class="result">
        
    
            <div class="testOutput">
                        <p>Successfully Entered email address
                                <br /><a href="D:\RS_Automation\RS_WorkSpace\Automation\Road Scholar/screenshots/Step04_EnterEmailAddress1477474128104.png" class="highslide" rel="highslide"> <img src="D:\RS_Automation\RS_WorkSpace\Automation\Road Scholar/screenshots/Step04_EnterEmailAddress1477474128104.png"  alt="Highslide JS" title="Click to enlarge" hight='100' width='100'/> </a><br/>
                                <a href="D:\RS_Automation\RS_WorkSpace\Automation\Road Scholar/screenshots/Step04_EnterEmailAddress1477474128104.png">Step04_EnterEmailAddress1477474128104 </a><br/>
                  </div>
    

      </td>
</tr>
<tr>
  <td class="method">
                  <span class="description" title="Step 4: Enter password">Step05_EnterPassword</span>
      </td>
  <td class="duration">
    5.298s
  </td>
  <td class="result">
        
    
            <div class="testOutput">
                        <p>Successfully Entered password
                                <br /><a href="D:\RS_Automation\RS_WorkSpace\Automation\Road Scholar/screenshots/Step05_EnterPassword1477474139044.png" class="highslide" rel="highslide"> <img src="D:\RS_Automation\RS_WorkSpace\Automation\Road Scholar/screenshots/Step05_EnterPassword1477474139044.png"  alt="Highslide JS" title="Click to enlarge" hight='100' width='100'/> </a><br/>
                                <a href="D:\RS_Automation\RS_WorkSpace\Automation\Road Scholar/screenshots/Step05_EnterPassword1477474139044.png">Step05_EnterPassword1477474139044 </a><br/>
                  </div>
    

      </td>
</tr>
<tr>
  <td class="method">
                  <span class="description" title="Step 4: Click on SignIn Btn">Step06_ClickOnSignInButton</span>
      </td>
  <td class="duration">
    10.214s
  </td>
  <td class="result">
        
    
            <div class="testOutput">
                        <p>Successfully Clicked on SignIn Btn
                                <br /><a href="D:\RS_Automation\RS_WorkSpace\Automation\Road Scholar/screenshots/Step06_ClickOnSignInButton1477474144531.png" class="highslide" rel="highslide"> <img src="D:\RS_Automation\RS_WorkSpace\Automation\Road Scholar/screenshots/Step06_ClickOnSignInButton1477474144531.png"  alt="Highslide JS" title="Click to enlarge" hight='100' width='100'/> </a><br/>
                                <a href="D:\RS_Automation\RS_WorkSpace\Automation\Road Scholar/screenshots/Step06_ClickOnSignInButton1477474144531.png">Step06_ClickOnSignInButton1477474144531 </a><br/>
                  </div>
    

      </td>
</tr>
      </table>
  
</body>
</html>
