<?xml version="1.0" encoding="UTF-8"?>
<testsuite name="Home Page_YES_HOP_TC_04"
           tests="12"
           failures="1"
           errors="0"
           skipped="0"
           time="75.955">
  <properties />
            <testcase name="step12_VerifyLogedInUser" time="15.141" classname="in.valtech.RoadScholar.test.HOP_TC_04">
                <failure type="java.lang.AssertionError"
                  message="expected [ repqdrtc] but found [repqdrtc]"
              >
<![CDATA[java.lang.AssertionError: expected [ repqdrtc] but found [repqdrtc]
  org.testng.Assert.fail(Assert.java:94)
  org.testng.Assert.failNotEquals(Assert.java:494)
  org.testng.Assert.assertEquals(Assert.java:123)
  org.testng.Assert.assertEquals(Assert.java:176)
  org.testng.Assert.assertEquals(Assert.java:186)
  in.valtech.RoadScholar.pages.HomePage.verifyLogedInUser(HomePage.java:735)
  in.valtech.RoadScholar.test.HOP_TC_04.step12_VerifyLogedInUser(HOP_TC_04.java:139)
  sun.reflect.NativeMethodAccessorImpl.invoke0(Native Method)
  sun.reflect.NativeMethodAccessorImpl.invoke(NativeMethodAccessorImpl.java:57)
  sun.reflect.DelegatingMethodAccessorImpl.invoke(DelegatingMethodAccessorImpl.java:43)
  java.lang.reflect.Method.invoke(Method.java:606)
  org.testng.internal.MethodInvocationHelper.invokeMethod(MethodInvocationHelper.java:84)
  org.testng.internal.Invoker.invokeMethod(Invoker.java:714)
  org.testng.internal.Invoker.invokeTestMethod(Invoker.java:901)
  org.testng.internal.Invoker.invokeTestMethods(Invoker.java:1231)
  org.testng.internal.TestMethodWorker.invokeTestMethods(TestMethodWorker.java:127)
  org.testng.internal.TestMethodWorker.run(TestMethodWorker.java:111)
  org.testng.TestRunner.privateRun(TestRunner.java:767)
  org.testng.TestRunner.run(TestRunner.java:617)
  org.testng.SuiteRunner.runTest(SuiteRunner.java:334)
  org.testng.SuiteRunner.runSequentially(SuiteRunner.java:329)
  org.testng.SuiteRunner.privateRun(SuiteRunner.java:291)
  org.testng.SuiteRunner.run(SuiteRunner.java:240)
  org.testng.SuiteRunnerWorker.runSuite(SuiteRunnerWorker.java:52)
  org.testng.SuiteRunnerWorker.run(SuiteRunnerWorker.java:86)
  org.testng.TestNG.runSuitesSequentially(TestNG.java:1224)
  org.testng.TestNG.runSuitesLocally(TestNG.java:1149)
  org.testng.TestNG.run(TestNG.java:1057)
  org.testng.TestNG.privateMain(TestNG.java:1364)
  org.testng.TestNG.main(TestNG.java:1333)
]]>
      </failure>

          </testcase>
  
  
            <testcase name="step09_EnterValueIntoConfirmPasswordTextBox" time="2.173" classname="in.valtech.RoadScholar.test.HOP_TC_04" />
                <testcase name="step10_ClickOnCreateButton" time="10.143" classname="in.valtech.RoadScholar.test.HOP_TC_04" />
                <testcase name="step08_EnterValueIntoPasswordTextBox" time="2.203" classname="in.valtech.RoadScholar.test.HOP_TC_04" />
                <testcase name="step11_ClickOnThankyoucloseButton" time="18.265" classname="in.valtech.RoadScholar.test.HOP_TC_04" />
                <testcase name="step02_Close_PopUp" time="5.088" classname="in.valtech.RoadScholar.test.HOP_TC_04" />
                <testcase name="step05_EnterValueIntoFirstNameTextBox" time="2.171" classname="in.valtech.RoadScholar.test.HOP_TC_04" />
                <testcase name="step04_ClickOnStartHereLink" time="2.775" classname="in.valtech.RoadScholar.test.HOP_TC_04" />
                <testcase name="step07_EnterValueIntoEmailTextBox" time="2.174" classname="in.valtech.RoadScholar.test.HOP_TC_04" />
                <testcase name="step06_EnterValueIntoLastNameTextBox" time="2.152" classname="in.valtech.RoadScholar.test.HOP_TC_04" />
                <testcase name="step01_HOMEPAGE_URL" time="8.585" classname="in.valtech.RoadScholar.test.HOP_TC_04" />
                <testcase name="step03_ClickOnMyAccountLink" time="5.085" classname="in.valtech.RoadScholar.test.HOP_TC_04" />
      
</testsuite>
